Using pre-set license
Built from '2022.3/staging' branch; Version is '2022.3.21f1 (bf09ca542b87) revision 12519882'; Using compiler version '192829333'; Build Type 'Release'
OS: 'Windows 11  (10.0.22631) 64bit Professional' Language: 'ru' Physical Memory: 15773 MB
BatchMode: 1, IsHumanControllingUs: 0, StartBugReporterOnCrash: 0, Is64bit: 1, IsPro: 1

COMMAND LINE ARGUMENTS:
C:\Unity\Editor\2022.3.21f1\Editor\Unity.exe
-adb2
-batchMode
-noUpm
-name
AssetImportWorker23
-projectPath
C:/Users/Andrei/Desktop/Unity_Projects/Ludum56/SlimeAdventure
-logFile
Logs/AssetImportWorker23.log
-srvPort
49226
Successfully changed project path to: C:/Users/Andrei/Desktop/Unity_Projects/Ludum56/SlimeAdventure
C:/Users/Andrei/Desktop/Unity_Projects/Ludum56/SlimeAdventure
[UnityMemory] Configuration Parameters - Can be set up in boot.config
    "memorysetup-bucket-allocator-granularity=16"
    "memorysetup-bucket-allocator-bucket-count=8"
    "memorysetup-bucket-allocator-block-size=33554432"
    "memorysetup-bucket-allocator-block-count=8"
    "memorysetup-main-allocator-block-size=16777216"
    "memorysetup-thread-allocator-block-size=16777216"
    "memorysetup-gfx-main-allocator-block-size=16777216"
    "memorysetup-gfx-thread-allocator-block-size=16777216"
    "memorysetup-cache-allocator-block-size=4194304"
    "memorysetup-typetree-allocator-block-size=2097152"
    "memorysetup-profiler-bucket-allocator-granularity=16"
    "memorysetup-profiler-bucket-allocator-bucket-count=8"
    "memorysetup-profiler-bucket-allocator-block-size=33554432"
    "memorysetup-profiler-bucket-allocator-block-count=8"
    "memorysetup-profiler-allocator-block-size=16777216"
    "memorysetup-profiler-editor-allocator-block-size=1048576"
    "memorysetup-temp-allocator-size-main=16777216"
    "memorysetup-job-temp-allocator-block-size=2097152"
    "memorysetup-job-temp-allocator-block-size-background=1048576"
    "memorysetup-job-temp-allocator-reduction-small-platforms=262144"
    "memorysetup-allocator-temp-initial-block-size-main=262144"
    "memorysetup-allocator-temp-initial-block-size-worker=262144"
    "memorysetup-temp-allocator-size-background-worker=32768"
    "memorysetup-temp-allocator-size-job-worker=262144"
    "memorysetup-temp-allocator-size-preload-manager=33554432"
    "memorysetup-temp-allocator-size-nav-mesh-worker=65536"
    "memorysetup-temp-allocator-size-audio-worker=65536"
    "memorysetup-temp-allocator-size-cloud-worker=32768"
    "memorysetup-temp-allocator-size-gi-baking-worker=262144"
    "memorysetup-temp-allocator-size-gfx=262144"
Player connection [26464] Host "[IP] 192.168.0.252 [Port] 0 [Flags] 2 [Guid] 1110108037 [EditorId] 1110108037 [Version] 1048832 [Id] WindowsEditor(7,DESKTOP-EQJJ33K) [Debug] 1 [PackageName] WindowsEditor [ProjectName] Editor" joined multi-casting on [225.0.0.222:54997]...

Player connection [26464] Host "[IP] 192.168.0.252 [Port] 0 [Flags] 2 [Guid] 1110108037 [EditorId] 1110108037 [Version] 1048832 [Id] WindowsEditor(7,DESKTOP-EQJJ33K) [Debug] 1 [PackageName] WindowsEditor [ProjectName] Editor" joined alternative multi-casting on [225.0.0.222:34997]...

[Physics::Module] Initialized MultithreadedJobDispatcher with 15 workers.
Refreshing native plugins compatible for Editor in 23.25 ms, found 2 plugins.
Preloading 0 native plugins for Editor in 0.00 ms.
Initialize engine version: 2022.3.21f1 (bf09ca542b87)
[Subsystems] Discovering subsystems at path C:/Unity/Editor/2022.3.21f1/Editor/Data/Resources/UnitySubsystems
[Subsystems] Discovering subsystems at path C:/Users/Andrei/Desktop/Unity_Projects/Ludum56/SlimeAdventure/Assets
GfxDevice: creating device client; threaded=0; jobified=0
Direct3D:
    Version:  Direct3D 11.0 [level 11.1]
    Renderer: AMD Radeon (TM) Graphics (ID=0x15e7)
    Vendor:   ATI
    VRAM:     7886 MB
    Driver:   31.0.12046.24001
Initialize mono
Mono path[0] = 'C:/Unity/Editor/2022.3.21f1/Editor/Data/Managed'
Mono path[1] = 'C:/Unity/Editor/2022.3.21f1/Editor/Data/MonoBleedingEdge/lib/mono/unityjit-win32'
Mono config path = 'C:/Unity/Editor/2022.3.21f1/Editor/Data/MonoBleedingEdge/etc'
Using monoOptions --debugger-agent=transport=dt_socket,embedding=1,server=y,suspend=n,address=127.0.0.1:56028
Begin MonoManager ReloadAssembly
Registering precompiled unity dll's ...
Register platform support module: C:/Unity/Editor/2022.3.21f1/Editor/Data/PlaybackEngines/WindowsStandaloneSupport/UnityEditor.WindowsStandalone.Extensions.dll
Registered in 0.007023 seconds.
- Loaded All Assemblies, in  0.470 seconds
Native extension for WindowsStandalone target not found
Mono: successfully reloaded assembly
- Finished resetting the current domain, in  0.365 seconds
Domain Reload Profiling: 834ms
	BeginReloadAssembly (149ms)
		ExecutionOrderSort (0ms)
		DisableScriptedObjects (0ms)
		BackupInstance (0ms)
		ReleaseScriptingObjects (0ms)
		CreateAndSetChildDomain (1ms)
	RebuildCommonClasses (47ms)
	RebuildNativeTypeToScriptingClass (16ms)
	initialDomainReloadingComplete (81ms)
	LoadAllAssembliesAndSetupDomain (175ms)
		LoadAssemblies (145ms)
		RebuildTransferFunctionScriptingTraits (0ms)
		AnalyzeDomain (173ms)
			TypeCache.Refresh (172ms)
				TypeCache.ScanAssembly (156ms)
			ScanForSourceGeneratedMonoScriptInfo (0ms)
			ResolveRequiredComponents (1ms)
	FinalizeReload (366ms)
		ReleaseScriptCaches (0ms)
		RebuildScriptCaches (0ms)
		SetupLoadedEditorAssemblies (285ms)
			LogAssemblyErrors (0ms)
			InitializePlatformSupportModulesInManaged (14ms)
			SetLoadedEditorAssemblies (9ms)
			RefreshPlugins (0ms)
			BeforeProcessingInitializeOnLoad (3ms)
			ProcessInitializeOnLoadAttributes (193ms)
			ProcessInitializeOnLoadMethodAttributes (65ms)
			AfterProcessingInitializeOnLoad (0ms)
			EditorAssembliesLoaded (0ms)
		ExecutionOrderSort2 (0ms)
		AwakeInstancesAfterBackupRestoration (0ms)
========================================================================
Worker process is ready to serve import requests
Begin MonoManager ReloadAssembly
Symbol file LoadedFromMemory is not a mono symbol file
- Loaded All Assemblies, in  0.878 seconds
Refreshing native plugins compatible for Editor in 12.36 ms, found 2 plugins.
Native extension for WindowsStandalone target not found
Package Manager log level set to [2]
[Package Manager] Server::EnsureServerProcessIsRunning -- launch failed, reason: Unity was launched with the -noUpm command-line argument
[Package Manager] UpmClient::Send -- Unable to send message (not connected to UPM process).
[Package Manager] Cannot connect to Unity Package Manager local server
Mono: successfully reloaded assembly
- Finished resetting the current domain, in  0.996 seconds
Domain Reload Profiling: 1871ms
	BeginReloadAssembly (219ms)
		ExecutionOrderSort (0ms)
		DisableScriptedObjects (8ms)
		BackupInstance (0ms)
		ReleaseScriptingObjects (0ms)
		CreateAndSetChildDomain (36ms)
	RebuildCommonClasses (42ms)
	RebuildNativeTypeToScriptingClass (13ms)
	initialDomainReloadingComplete (54ms)
	LoadAllAssembliesAndSetupDomain (546ms)
		LoadAssemblies (428ms)
		RebuildTransferFunctionScriptingTraits (0ms)
		AnalyzeDomain (246ms)
			TypeCache.Refresh (211ms)
				TypeCache.ScanAssembly (185ms)
			ScanForSourceGeneratedMonoScriptInfo (29ms)
			ResolveRequiredComponents (4ms)
	FinalizeReload (997ms)
		ReleaseScriptCaches (0ms)
		RebuildScriptCaches (0ms)
		SetupLoadedEditorAssemblies (757ms)
			LogAssemblyErrors (0ms)
			InitializePlatformSupportModulesInManaged (8ms)
			SetLoadedEditorAssemblies (7ms)
			RefreshPlugins (0ms)
			BeforeProcessingInitializeOnLoad (104ms)
			ProcessInitializeOnLoadAttributes (424ms)
			ProcessInitializeOnLoadMethodAttributes (204ms)
			AfterProcessingInitializeOnLoad (10ms)
			EditorAssembliesLoaded (0ms)
		ExecutionOrderSort2 (0ms)
		AwakeInstancesAfterBackupRestoration (8ms)
Launched and connected shader compiler UnityShaderCompiler.exe after 0.07 seconds
Refreshing native plugins compatible for Editor in 15.28 ms, found 2 plugins.
Preloading 0 native plugins for Editor in 0.00 ms.
Unloading 2552 Unused Serialized files (Serialized files now loaded: 0)
Unloading 67 unused Assets / (73.4 KB). Loaded Objects now: 2988.
Memory consumption went from 112.5 MB to 112.4 MB.
Total: 9.795600 ms (FindLiveObjects: 0.297100 ms CreateObjectMapping: 0.129500 ms MarkObjects: 9.188500 ms  DeleteObjects: 0.178900 ms)

AssetImportParameters requested are different than current active one (requested -> active):
  custom:video-decoder-webm-vp8: 9c59270c3fd7afecdb556c50c9e8de78 -> 
  custom:SearchIndexIgnoredProperties: e643bd26f0fe6173181afceb89e7c659 -> 
  custom:container-demuxer-ogg: 62fdf1f143b41e24485cea50d1cbac27 -> 
  custom:AudioImporter_EditorPlatform: d09bf68614088b80899f8185d706f6e7 -> 
  custom:video-codec-MediaFoundation-h265: 746d11721c4dcdbdad8f713fa42b33f4 -> 
  custom:video-decoder-ogg-theora: a1e56fd34408186e4bbccfd4996cb3dc -> 
  custom:framework-win-MediaFoundation: 216162199b28c13a410421893ffa2e32 -> 
  custom:video-encoder-webm-vp8: eb34c28f22e8b96e1ab97ce403110664 -> 
  custom:audio-decoder-ogg-vorbis: bf7c407c2cedff20999df2af8eb42d56 -> 
  custom:CustomObjectIndexerAttribute: 9a22284fe3817be447336de3de66b15e -> 
  custom:container-demuxer-webm: 4f35f7cbe854078d1ac9338744f61a02 -> 
  custom:audio-encoder-webm-vorbis: bf7c407c2cedff20999df2af8eb42d56 -> 
  custom:container-muxer-webm: aa71ff27fc2769a1b78a27578f13a17b -> 
========================================================================
Received Import Request.
  Time since last request: 363939.254874 seconds.
  path: Assets/karsiori/Pixel Potion Pack - Animated/Sprites/Round Potion/MAGENTA/Sprites/Round Potion - MAGENTA - 0002.png
  artifactKey: Guid(f915415f01262134081488f6dddaecb7) Importer(815301076,1909f56bfc062723c751e8b465ee728b)
Start importing Assets/karsiori/Pixel Potion Pack - Animated/Sprites/Round Potion/MAGENTA/Sprites/Round Potion - MAGENTA - 0002.png using Guid(f915415f01262134081488f6dddaecb7) Importer(815301076,1909f56bfc062723c751e8b465ee728b)  -> (artifact id: '4d7e0dbdd0590b3543fd656511c9e955') in 0.213066 seconds
Number of updated asset objects reloaded before import = 0
Number of asset objects unloaded after import = 3
========================================================================
Received Prepare
Begin MonoManager ReloadAssembly
Symbol file LoadedFromMemory is not a mono symbol file
- Loaded All Assemblies, in  0.686 seconds
Refreshing native plugins compatible for Editor in 14.16 ms, found 2 plugins.
Native extension for WindowsStandalone target not found
[Package Manager] Server::EnsureServerProcessIsRunning -- launch failed, reason: Unity was launched with the -noUpm command-line argument
[Package Manager] UpmClient::Send -- Unable to send message (not connected to UPM process).
[Package Manager] Cannot connect to Unity Package Manager local server
Mono: successfully reloaded assembly
- Finished resetting the current domain, in  1.696 seconds
Domain Reload Profiling: 2379ms
	BeginReloadAssembly (250ms)
		ExecutionOrderSort (0ms)
		DisableScriptedObjects (11ms)
		BackupInstance (0ms)
		ReleaseScriptingObjects (0ms)
		CreateAndSetChildDomain (63ms)
	RebuildCommonClasses (60ms)
	RebuildNativeTypeToScriptingClass (23ms)
	initialDomainReloadingComplete (39ms)
	LoadAllAssembliesAndSetupDomain (311ms)
		LoadAssemblies (409ms)
		RebuildTransferFunctionScriptingTraits (0ms)
		AnalyzeDomain (17ms)
			TypeCache.Refresh (7ms)
				TypeCache.ScanAssembly (0ms)
			ScanForSourceGeneratedMonoScriptInfo (0ms)
			ResolveRequiredComponents (7ms)
	FinalizeReload (1697ms)
		ReleaseScriptCaches (0ms)
		RebuildScriptCaches (0ms)
		SetupLoadedEditorAssemblies (939ms)
			LogAssemblyErrors (0ms)
			InitializePlatformSupportModulesInManaged (9ms)
			SetLoadedEditorAssemblies (8ms)
			RefreshPlugins (0ms)
			BeforeProcessingInitializeOnLoad (119ms)
			ProcessInitializeOnLoadAttributes (511ms)
			ProcessInitializeOnLoadMethodAttributes (281ms)
			AfterProcessingInitializeOnLoad (10ms)
			EditorAssembliesLoaded (1ms)
		ExecutionOrderSort2 (0ms)
		AwakeInstancesAfterBackupRestoration (14ms)
Refreshing native plugins compatible for Editor in 16.18 ms, found 2 plugins.
Preloading 0 native plugins for Editor in 0.00 ms.
Unloading 2543 Unused Serialized files (Serialized files now loaded: 0)
Unloading 56 unused Assets / (47.1 KB). Loaded Objects now: 2998.
Memory consumption went from 116.8 MB to 116.7 MB.
Total: 13.457700 ms (FindLiveObjects: 0.416200 ms CreateObjectMapping: 0.106200 ms MarkObjects: 12.772000 ms  DeleteObjects: 0.160100 ms)

Prepare: number of updated asset objects reloaded= 0
AssetImportParameters requested are different than current active one (requested -> active):
  custom:video-decoder-webm-vp8: 9c59270c3fd7afecdb556c50c9e8de78 -> 
  custom:SearchIndexIgnoredProperties: e643bd26f0fe6173181afceb89e7c659 -> 
  custom:container-demuxer-ogg: 62fdf1f143b41e24485cea50d1cbac27 -> 
  custom:AudioImporter_EditorPlatform: d09bf68614088b80899f8185d706f6e7 -> 
  custom:video-codec-MediaFoundation-h265: 746d11721c4dcdbdad8f713fa42b33f4 -> 
  custom:video-decoder-ogg-theora: a1e56fd34408186e4bbccfd4996cb3dc -> 
  custom:framework-win-MediaFoundation: 216162199b28c13a410421893ffa2e32 -> 
  custom:video-encoder-webm-vp8: eb34c28f22e8b96e1ab97ce403110664 -> 
  custom:audio-decoder-ogg-vorbis: bf7c407c2cedff20999df2af8eb42d56 -> 
  custom:CustomObjectIndexerAttribute: 9a22284fe3817be447336de3de66b15e -> 
  custom:container-demuxer-webm: 4f35f7cbe854078d1ac9338744f61a02 -> 
  custom:audio-encoder-webm-vorbis: bf7c407c2cedff20999df2af8eb42d56 -> 
  custom:container-muxer-webm: aa71ff27fc2769a1b78a27578f13a17b -> 
========================================================================
Received Prepare
Begin MonoManager ReloadAssembly
Symbol file LoadedFromMemory is not a mono symbol file
- Loaded All Assemblies, in  0.621 seconds
Refreshing native plugins compatible for Editor in 19.01 ms, found 2 plugins.
Native extension for WindowsStandalone target not found
[Package Manager] Server::EnsureServerProcessIsRunning -- launch failed, reason: Unity was launched with the -noUpm command-line argument
[Package Manager] UpmClient::Send -- Unable to send message (not connected to UPM process).
[Package Manager] Cannot connect to Unity Package Manager local server
Mono: successfully reloaded assembly
- Finished resetting the current domain, in  1.614 seconds
Domain Reload Profiling: 2231ms
	BeginReloadAssembly (219ms)
		ExecutionOrderSort (0ms)
		DisableScriptedObjects (8ms)
		BackupInstance (0ms)
		ReleaseScriptingObjects (0ms)
		CreateAndSetChildDomain (55ms)
	RebuildCommonClasses (40ms)
	RebuildNativeTypeToScriptingClass (17ms)
	initialDomainReloadingComplete (50ms)
	LoadAllAssembliesAndSetupDomain (291ms)
		LoadAssemblies (389ms)
		RebuildTransferFunctionScriptingTraits (0ms)
		AnalyzeDomain (12ms)
			TypeCache.Refresh (7ms)
				TypeCache.ScanAssembly (0ms)
			ScanForSourceGeneratedMonoScriptInfo (0ms)
			ResolveRequiredComponents (4ms)
	FinalizeReload (1614ms)
		ReleaseScriptCaches (0ms)
		RebuildScriptCaches (0ms)
		SetupLoadedEditorAssemblies (942ms)
			LogAssemblyErrors (0ms)
			InitializePlatformSupportModulesInManaged (9ms)
			SetLoadedEditorAssemblies (7ms)
			RefreshPlugins (0ms)
			BeforeProcessingInitializeOnLoad (105ms)
			ProcessInitializeOnLoadAttributes (509ms)
			ProcessInitializeOnLoadMethodAttributes (300ms)
			AfterProcessingInitializeOnLoad (11ms)
			EditorAssembliesLoaded (1ms)
		ExecutionOrderSort2 (0ms)
		AwakeInstancesAfterBackupRestoration (11ms)
Refreshing native plugins compatible for Editor in 11.42 ms, found 2 plugins.
Preloading 0 native plugins for Editor in 0.00 ms.
Unloading 2544 Unused Serialized files (Serialized files now loaded: 0)
Unloading 56 unused Assets / (47.1 KB). Loaded Objects now: 3001.
Memory consumption went from 118.9 MB to 118.9 MB.
Total: 8.435000 ms (FindLiveObjects: 0.255600 ms CreateObjectMapping: 0.097400 ms MarkObjects: 7.977700 ms  DeleteObjects: 0.103100 ms)

Prepare: number of updated asset objects reloaded= 0
AssetImportParameters requested are different than current active one (requested -> active):
  custom:video-decoder-webm-vp8: 9c59270c3fd7afecdb556c50c9e8de78 -> 
  custom:SearchIndexIgnoredProperties: e643bd26f0fe6173181afceb89e7c659 -> 
  custom:container-demuxer-ogg: 62fdf1f143b41e24485cea50d1cbac27 -> 
  custom:AudioImporter_EditorPlatform: d09bf68614088b80899f8185d706f6e7 -> 
  custom:video-codec-MediaFoundation-h265: 746d11721c4dcdbdad8f713fa42b33f4 -> 
  custom:video-decoder-ogg-theora: a1e56fd34408186e4bbccfd4996cb3dc -> 
  custom:framework-win-MediaFoundation: 216162199b28c13a410421893ffa2e32 -> 
  custom:video-encoder-webm-vp8: eb34c28f22e8b96e1ab97ce403110664 -> 
  custom:audio-decoder-ogg-vorbis: bf7c407c2cedff20999df2af8eb42d56 -> 
  custom:CustomObjectIndexerAttribute: 9a22284fe3817be447336de3de66b15e -> 
  custom:container-demuxer-webm: 4f35f7cbe854078d1ac9338744f61a02 -> 
  custom:audio-encoder-webm-vorbis: bf7c407c2cedff20999df2af8eb42d56 -> 
  custom:container-muxer-webm: aa71ff27fc2769a1b78a27578f13a17b -> 
========================================================================
Received Import Request.
  Time since last request: 421.350339 seconds.
  path: Assets/karsiori/Sprites/GEM 3/GEM 3 - DARK BLUE - Spritesheet.png
  artifactKey: Guid(9787ee44c789e9344b0775d8b48e8a48) Importer(815301076,1909f56bfc062723c751e8b465ee728b)
Start importing Assets/karsiori/Sprites/GEM 3/GEM 3 - DARK BLUE - Spritesheet.png using Guid(9787ee44c789e9344b0775d8b48e8a48) Importer(815301076,1909f56bfc062723c751e8b465ee728b)  -> (artifact id: '780c14591a96586a686814b94b0752c3') in 0.190203 seconds
Number of updated asset objects reloaded before import = 0
Number of asset objects unloaded after import = 3
========================================================================
Received Import Request.
  Time since last request: 0.000203 seconds.
  path: Assets/karsiori/Sprites/GEM 3/GEM 3 - RED - Spritesheet.png
  artifactKey: Guid(0967cbfd2f3f8ac4087a31fb471df8c7) Importer(815301076,1909f56bfc062723c751e8b465ee728b)
Start importing Assets/karsiori/Sprites/GEM 3/GEM 3 - RED - Spritesheet.png using Guid(0967cbfd2f3f8ac4087a31fb471df8c7) Importer(815301076,1909f56bfc062723c751e8b465ee728b)  -> (artifact id: '418ceffda5d3045e5d44bcaadd6e9583') in 0.036876 seconds
Number of updated asset objects reloaded before import = 0
Number of asset objects unloaded after import = 3
========================================================================
Received Import Request.
  Time since last request: 0.000039 seconds.
  path: Assets/karsiori/Sprites/GEM 3/GEM 3 - PURPLE - Spritesheet.png
  artifactKey: Guid(ceb2ed185490d8548b40d584df3b69ad) Importer(815301076,1909f56bfc062723c751e8b465ee728b)
Start importing Assets/karsiori/Sprites/GEM 3/GEM 3 - PURPLE - Spritesheet.png using Guid(ceb2ed185490d8548b40d584df3b69ad) Importer(815301076,1909f56bfc062723c751e8b465ee728b)  -> (artifact id: '0b0c81ce4c5030b3ebffb291952ca72e') in 0.027974 seconds
Number of updated asset objects reloaded before import = 0
Number of asset objects unloaded after import = 3
========================================================================
Received Import Request.
  Time since last request: 0.000049 seconds.
  path: Assets/karsiori/Sprites/GEM 3/GEM 3 - TURQUOISE - Spritesheet.png
  artifactKey: Guid(2eff51a60be65b8438267cf11253f9ed) Importer(815301076,1909f56bfc062723c751e8b465ee728b)
Start importing Assets/karsiori/Sprites/GEM 3/GEM 3 - TURQUOISE - Spritesheet.png using Guid(2eff51a60be65b8438267cf11253f9ed) Importer(815301076,1909f56bfc062723c751e8b465ee728b)  -> (artifact id: '4991551ab5f98f087bac88deeed913aa') in 0.023994 seconds
Number of updated asset objects reloaded before import = 0
Number of asset objects unloaded after import = 3
========================================================================
Received Import Request.
  Time since last request: 0.643765 seconds.
  path: Assets/karsiori/Sprites/GEM 3/GOLD/GEM 3 - GOLD - 0001.png
  artifactKey: Guid(2b9b0e74b093a0d43bc5a53acec3c516) Importer(815301076,1909f56bfc062723c751e8b465ee728b)
Start importing Assets/karsiori/Sprites/GEM 3/GOLD/GEM 3 - GOLD - 0001.png using Guid(2b9b0e74b093a0d43bc5a53acec3c516) Importer(815301076,1909f56bfc062723c751e8b465ee728b)  -> (artifact id: '6302b546e957890ecad877d011b73c5a') in 0.023930 seconds
Number of updated asset objects reloaded before import = 0
Number of asset objects unloaded after import = 3
========================================================================
Received Import Request.
  Time since last request: 0.004063 seconds.
  path: Assets/karsiori/Sprites/GEM 3/GOLD/GEM 3 - GOLD - 0005.png
  artifactKey: Guid(90c40538ce4cd0b4d898d43f009652f1) Importer(815301076,1909f56bfc062723c751e8b465ee728b)
Start importing Assets/karsiori/Sprites/GEM 3/GOLD/GEM 3 - GOLD - 0005.png using Guid(90c40538ce4cd0b4d898d43f009652f1) Importer(815301076,1909f56bfc062723c751e8b465ee728b)  -> (artifact id: '00772cbab1358b442f89f3b21bea77a6') in 0.030538 seconds
Number of updated asset objects reloaded before import = 0
Number of asset objects unloaded after import = 3
========================================================================
Received Import Request.
  Time since last request: 0.000063 seconds.
  path: Assets/karsiori/Sprites/GEM 3/GOLD/GEM 3 - GOLD - 0009.png
  artifactKey: Guid(0bb33d37e62bd8743b81c0429aabccb3) Importer(815301076,1909f56bfc062723c751e8b465ee728b)
Start importing Assets/karsiori/Sprites/GEM 3/GOLD/GEM 3 - GOLD - 0009.png using Guid(0bb33d37e62bd8743b81c0429aabccb3) Importer(815301076,1909f56bfc062723c751e8b465ee728b)  -> (artifact id: '40b31742852ba95027762af02bd0d9ac') in 0.030153 seconds
Number of updated asset objects reloaded before import = 0
Number of asset objects unloaded after import = 3
========================================================================
Received Import Request.
  Time since last request: 0.000034 seconds.
  path: Assets/karsiori/Sprites/GEM 3/GOLD/GEM 3 - GOLD - 0002.png
  artifactKey: Guid(2e5c4d4c0e545924289f4fa4ecd5e388) Importer(815301076,1909f56bfc062723c751e8b465ee728b)
Start importing Assets/karsiori/Sprites/GEM 3/GOLD/GEM 3 - GOLD - 0002.png using Guid(2e5c4d4c0e545924289f4fa4ecd5e388) Importer(815301076,1909f56bfc062723c751e8b465ee728b)  -> (artifact id: 'bf137314159632ae3e657e8e60e64c41') in 0.023940 seconds
Number of updated asset objects reloaded before import = 0
Number of asset objects unloaded after import = 3
========================================================================
Received Import Request.
  Time since last request: 0.000061 seconds.
  path: Assets/karsiori/Sprites/GEM 3/GOLD/GEM 3 - GOLD - 0010.png
  artifactKey: Guid(b67414a80487d1a49a2631b035dcfcc4) Importer(815301076,1909f56bfc062723c751e8b465ee728b)
Start importing Assets/karsiori/Sprites/GEM 3/GOLD/GEM 3 - GOLD - 0010.png using Guid(b67414a80487d1a49a2631b035dcfcc4) Importer(815301076,1909f56bfc062723c751e8b465ee728b)  -> (artifact id: '59d5ea3679c32d2a18c35a4c5b0551bd') in 0.024229 seconds
Number of updated asset objects reloaded before import = 0
Number of asset objects unloaded after import = 3
========================================================================
Received Import Request.
  Time since last request: 14.056961 seconds.
  path: Assets/karsiori/Sprites/GEM 3/LIGHT GREEN/GEM 3 - LIGHT GREEN - 0002.png
  artifactKey: Guid(061f88f4134a94f45a9311cda0b6fffa) Importer(815301076,1909f56bfc062723c751e8b465ee728b)
Start importing Assets/karsiori/Sprites/GEM 3/LIGHT GREEN/GEM 3 - LIGHT GREEN - 0002.png using Guid(061f88f4134a94f45a9311cda0b6fffa) Importer(815301076,1909f56bfc062723c751e8b465ee728b)  -> (artifact id: '4b9573cf07211ecc6a94fad8bc29a2c6') in 0.034272 seconds
Number of updated asset objects reloaded before import = 0
Number of asset objects unloaded after import = 3
========================================================================
Received Import Request.
  Time since last request: 0.000031 seconds.
  path: Assets/karsiori/Sprites/GEM 3/LIGHT GREEN/GEM 3 - LIGHT GREEN - 0009.png
  artifactKey: Guid(29e296b85923f6f4bb8d815d398548eb) Importer(815301076,1909f56bfc062723c751e8b465ee728b)
Start importing Assets/karsiori/Sprites/GEM 3/LIGHT GREEN/GEM 3 - LIGHT GREEN - 0009.png using Guid(29e296b85923f6f4bb8d815d398548eb) Importer(815301076,1909f56bfc062723c751e8b465ee728b)  -> (artifact id: 'dcef76c5fb5a93c8ee4fced9be7c4232') in 0.025052 seconds
Number of updated asset objects reloaded before import = 0
Number of asset objects unloaded after import = 3
========================================================================
Received Import Request.
  Time since last request: 0.000031 seconds.
  path: Assets/karsiori/Sprites/GEM 3/LIGHT GREEN/GEM 3 - LIGHT GREEN - 0007.png
  artifactKey: Guid(5cbfd1122529e164f84b56929c08ef5a) Importer(815301076,1909f56bfc062723c751e8b465ee728b)
Start importing Assets/karsiori/Sprites/GEM 3/LIGHT GREEN/GEM 3 - LIGHT GREEN - 0007.png using Guid(5cbfd1122529e164f84b56929c08ef5a) Importer(815301076,1909f56bfc062723c751e8b465ee728b)  -> (artifact id: 'e0945fd9ec1529dd43fb5d3c2691473f') in 0.038021 seconds
Number of updated asset objects reloaded before import = 0
Number of asset objects unloaded after import = 3
========================================================================
Received Import Request.
  Time since last request: 0.000046 seconds.
  path: Assets/karsiori/Sprites/GEM 3/LIGHT GREEN/GEM 3 - LIGHT GREEN - 0005.png
  artifactKey: Guid(0682624a9140e1f4eb562412b691d93d) Importer(815301076,1909f56bfc062723c751e8b465ee728b)
Start importing Assets/karsiori/Sprites/GEM 3/LIGHT GREEN/GEM 3 - LIGHT GREEN - 0005.png using Guid(0682624a9140e1f4eb562412b691d93d) Importer(815301076,1909f56bfc062723c751e8b465ee728b)  -> (artifact id: '29f7943e015fba8c0abf3268a32e5085') in 0.028533 seconds
Number of updated asset objects reloaded before import = 0
Number of asset objects unloaded after import = 3
========================================================================
Received Import Request.
  Time since last request: 4.763348 seconds.
  path: Assets/karsiori/Sprites/GEM 1/GEM 1 - GOLD - Spritesheet.png
  artifactKey: Guid(5e1f4801a8d2fe34295abd16260e6283) Importer(815301076,1909f56bfc062723c751e8b465ee728b)
Start importing Assets/karsiori/Sprites/GEM 1/GEM 1 - GOLD - Spritesheet.png using Guid(5e1f4801a8d2fe34295abd16260e6283) Importer(815301076,1909f56bfc062723c751e8b465ee728b)  -> (artifact id: 'd7b10d7824c7d288b71d3b4e30171333') in 0.033091 seconds
Number of updated asset objects reloaded before import = 0
Number of asset objects unloaded after import = 3
========================================================================
Received Import Request.
  Time since last request: 0.000033 seconds.
  path: Assets/karsiori/Sprites/GEM 1/GEM 1 - RED - Spritesheet.png
  artifactKey: Guid(36e34db6cc264964d8a09c698e841f23) Importer(815301076,1909f56bfc062723c751e8b465ee728b)
Start importing Assets/karsiori/Sprites/GEM 1/GEM 1 - RED - Spritesheet.png using Guid(36e34db6cc264964d8a09c698e841f23) Importer(815301076,1909f56bfc062723c751e8b465ee728b)  -> (artifact id: '31b5a8195330f2ed4b164e98305621bc') in 0.024009 seconds
Number of updated asset objects reloaded before import = 0
Number of asset objects unloaded after import = 3
========================================================================
Received Import Request.
  Time since last request: 1.234133 seconds.
  path: Assets/karsiori/Sprites/GEM 1/BLUE/GEM 1 - BLUE - 0002.png
  artifactKey: Guid(29ba8773d4dff534cbd735db1bf9f567) Importer(815301076,1909f56bfc062723c751e8b465ee728b)
Start importing Assets/karsiori/Sprites/GEM 1/BLUE/GEM 1 - BLUE - 0002.png using Guid(29ba8773d4dff534cbd735db1bf9f567) Importer(815301076,1909f56bfc062723c751e8b465ee728b)  -> (artifact id: 'db83d688c3d2a1a42498426a3a6f872b') in 0.027803 seconds
Number of updated asset objects reloaded before import = 0
Number of asset objects unloaded after import = 3
========================================================================
Received Import Request.
  Time since last request: 0.000036 seconds.
  path: Assets/karsiori/Sprites/GEM 1/BLUE/GEM 1 - BLUE - 0006.png
  artifactKey: Guid(5f54a0d8635d2af40aee60347362667f) Importer(815301076,1909f56bfc062723c751e8b465ee728b)
Start importing Assets/karsiori/Sprites/GEM 1/BLUE/GEM 1 - BLUE - 0006.png using Guid(5f54a0d8635d2af40aee60347362667f) Importer(815301076,1909f56bfc062723c751e8b465ee728b)  -> (artifact id: 'd8c628823f805814c70d63e8bd072ed3') in 0.025016 seconds
Number of updated asset objects reloaded before import = 0
Number of asset objects unloaded after import = 3
========================================================================
Received Import Request.
  Time since last request: 2.999055 seconds.
  path: Assets/karsiori/Sprites/GEM 7/GEM 7 - GOLD - Spritesheet.png
  artifactKey: Guid(d2f0596bc49e59843a398d0464f7245f) Importer(815301076,1909f56bfc062723c751e8b465ee728b)
Start importing Assets/karsiori/Sprites/GEM 7/GEM 7 - GOLD - Spritesheet.png using Guid(d2f0596bc49e59843a398d0464f7245f) Importer(815301076,1909f56bfc062723c751e8b465ee728b)  -> (artifact id: '92e4b6c18bb34e060aab1bef3a99918e') in 0.033858 seconds
Number of updated asset objects reloaded before import = 0
Number of asset objects unloaded after import = 3
========================================================================
Received Import Request.
  Time since last request: 0.000037 seconds.
  path: Assets/karsiori/Sprites/GEM 7/GEM 7 - PURPLE - Spritesheet.png
  artifactKey: Guid(69043bef29add4e4cbc5010b72869847) Importer(815301076,1909f56bfc062723c751e8b465ee728b)
Start importing Assets/karsiori/Sprites/GEM 7/GEM 7 - PURPLE - Spritesheet.png using Guid(69043bef29add4e4cbc5010b72869847) Importer(815301076,1909f56bfc062723c751e8b465ee728b)  -> (artifact id: '3854a64edcfa1ea026dc3e1d5f335ae2') in 0.028935 seconds
Number of updated asset objects reloaded before import = 0
Number of asset objects unloaded after import = 3
========================================================================
Received Import Request.
  Time since last request: 0.558506 seconds.
  path: Assets/karsiori/Sprites/GEM 7/LILAC/GEM 7 - LILAC - 0002.png
  artifactKey: Guid(3cb6c7bf8939d6d478adcbf249febdbc) Importer(815301076,1909f56bfc062723c751e8b465ee728b)
Start importing Assets/karsiori/Sprites/GEM 7/LILAC/GEM 7 - LILAC - 0002.png using Guid(3cb6c7bf8939d6d478adcbf249febdbc) Importer(815301076,1909f56bfc062723c751e8b465ee728b)  -> (artifact id: '372b22f4e8d438428e91d78fbe538d1c') in 0.028344 seconds
Number of updated asset objects reloaded before import = 0
Number of asset objects unloaded after import = 3
========================================================================
Received Import Request.
  Time since last request: 0.000035 seconds.
  path: Assets/karsiori/Sprites/GEM 7/LILAC/GEM 7 - LILAC - 0013.png
  artifactKey: Guid(4ba181d1eaf999943855bf62e2336fc5) Importer(815301076,1909f56bfc062723c751e8b465ee728b)
Start importing Assets/karsiori/Sprites/GEM 7/LILAC/GEM 7 - LILAC - 0013.png using Guid(4ba181d1eaf999943855bf62e2336fc5) Importer(815301076,1909f56bfc062723c751e8b465ee728b)  -> (artifact id: 'dd179e0214df04431066ee5b61cdd1a5') in 0.028771 seconds
Number of updated asset objects reloaded before import = 0
Number of asset objects unloaded after import = 3
========================================================================
Received Import Request.
  Time since last request: 0.000363 seconds.
  path: Assets/karsiori/Sprites/GEM 7/LILAC/GEM 7 - LILAC - 0014.png
  artifactKey: Guid(18d2e429fef5e4a45b34cbe1dc816554) Importer(815301076,1909f56bfc062723c751e8b465ee728b)
Start importing Assets/karsiori/Sprites/GEM 7/LILAC/GEM 7 - LILAC - 0014.png using Guid(18d2e429fef5e4a45b34cbe1dc816554) Importer(815301076,1909f56bfc062723c751e8b465ee728b)  -> (artifact id: 'f766938cb38609c7f339ef7fe589b2c9') in 0.039234 seconds
Number of updated asset objects reloaded before import = 0
Number of asset objects unloaded after import = 3
========================================================================
Received Import Request.
  Time since last request: 2.326239 seconds.
  path: Assets/karsiori/Sprites/GEM 7/PURPLE/GEM 7 - PURPLE - 0002.png
  artifactKey: Guid(8744a317c4d7ca5429f261179ba82d93) Importer(815301076,1909f56bfc062723c751e8b465ee728b)
Start importing Assets/karsiori/Sprites/GEM 7/PURPLE/GEM 7 - PURPLE - 0002.png using Guid(8744a317c4d7ca5429f261179ba82d93) Importer(815301076,1909f56bfc062723c751e8b465ee728b)  -> (artifact id: '34f8ee5938f596a81f61c27776b59c59') in 0.029062 seconds
Number of updated asset objects reloaded before import = 0
Number of asset objects unloaded after import = 3
========================================================================
Received Import Request.
  Time since last request: 0.000050 seconds.
  path: Assets/karsiori/Sprites/GEM 7/PURPLE/GEM 7 - PURPLE - 0012.png
  artifactKey: Guid(f1b8d3c57ea2c8a459c571242f0538f1) Importer(815301076,1909f56bfc062723c751e8b465ee728b)
Start importing Assets/karsiori/Sprites/GEM 7/PURPLE/GEM 7 - PURPLE - 0012.png using Guid(f1b8d3c57ea2c8a459c571242f0538f1) Importer(815301076,1909f56bfc062723c751e8b465ee728b)  -> (artifact id: '0779f70c3be4001d11a961ca205c0fca') in 0.028325 seconds
Number of updated asset objects reloaded before import = 0
Number of asset objects unloaded after import = 3
========================================================================
Received Import Request.
  Time since last request: 0.000032 seconds.
  path: Assets/karsiori/Sprites/GEM 7/PURPLE/GEM 7 - PURPLE - 0014.png
  artifactKey: Guid(0cf0cccf12d3ae847b01bae45e3e85bd) Importer(815301076,1909f56bfc062723c751e8b465ee728b)
Start importing Assets/karsiori/Sprites/GEM 7/PURPLE/GEM 7 - PURPLE - 0014.png using Guid(0cf0cccf12d3ae847b01bae45e3e85bd) Importer(815301076,1909f56bfc062723c751e8b465ee728b)  -> (artifact id: 'f24327e417d25b4f2a9b9f8ad4c1b04d') in 0.026642 seconds
Number of updated asset objects reloaded before import = 0
Number of asset objects unloaded after import = 3
========================================================================
Received Import Request.
  Time since last request: 2.851974 seconds.
  path: Assets/karsiori/Sprites/GEM 8/GEM 8 - GOLD - Spritesheet.png
  artifactKey: Guid(4dd180ce24fe092499963e5ed00c1aa7) Importer(815301076,1909f56bfc062723c751e8b465ee728b)
Start importing Assets/karsiori/Sprites/GEM 8/GEM 8 - GOLD - Spritesheet.png using Guid(4dd180ce24fe092499963e5ed00c1aa7) Importer(815301076,1909f56bfc062723c751e8b465ee728b)  -> (artifact id: 'e59ffeeca091ee86e17dfef54a8664ee') in 0.030921 seconds
Number of updated asset objects reloaded before import = 0
Number of asset objects unloaded after import = 3
========================================================================
Received Import Request.
  Time since last request: 0.000070 seconds.
  path: Assets/karsiori/Sprites/GEM 8/GEM 8 - TURQUOISE - Spritesheet.png
  artifactKey: Guid(8b11d211efafb0f43909ae1994062848) Importer(815301076,1909f56bfc062723c751e8b465ee728b)
Start importing Assets/karsiori/Sprites/GEM 8/GEM 8 - TURQUOISE - Spritesheet.png using Guid(8b11d211efafb0f43909ae1994062848) Importer(815301076,1909f56bfc062723c751e8b465ee728b)  -> (artifact id: '73af64a7afdd8367b6fbd167edcb8528') in 0.025421 seconds
Number of updated asset objects reloaded before import = 0
Number of asset objects unloaded after import = 3
========================================================================
Received Import Request.
  Time since last request: 0.628497 seconds.
  path: Assets/karsiori/Sprites/GEM 8/LIGHT GREEN/GEM 8 - LIGHT GREEN - 0002.png
  artifactKey: Guid(0fa01a4c76a97b24b919cd165ae036a3) Importer(815301076,1909f56bfc062723c751e8b465ee728b)
Start importing Assets/karsiori/Sprites/GEM 8/LIGHT GREEN/GEM 8 - LIGHT GREEN - 0002.png using Guid(0fa01a4c76a97b24b919cd165ae036a3) Importer(815301076,1909f56bfc062723c751e8b465ee728b)  -> (artifact id: '48b320453af854e42b8e2ee59b61e0fd') in 0.056935 seconds
Number of updated asset objects reloaded before import = 0
Number of asset objects unloaded after import = 3
========================================================================
Received Import Request.
  Time since last request: 0.000041 seconds.
  path: Assets/karsiori/Sprites/GEM 8/LIGHT GREEN/GEM 8 - LIGHT GREEN - 0008.png
  artifactKey: Guid(7878a0d848f3cb542b1a411aba805150) Importer(815301076,1909f56bfc062723c751e8b465ee728b)
Start importing Assets/karsiori/Sprites/GEM 8/LIGHT GREEN/GEM 8 - LIGHT GREEN - 0008.png using Guid(7878a0d848f3cb542b1a411aba805150) Importer(815301076,1909f56bfc062723c751e8b465ee728b)  -> (artifact id: '720b9ffde96e4bd49b27c737528c5701') in 0.030283 seconds
Number of updated asset objects reloaded before import = 0
Number of asset objects unloaded after import = 3
========================================================================
Received Import Request.
  Time since last request: 2.200349 seconds.
  path: Assets/karsiori/Sprites/GEM 8/RED/GEM 8 - RED - 0002.png
  artifactKey: Guid(b20f14e731fd2bd41a8704ceda5f5b7a) Importer(815301076,1909f56bfc062723c751e8b465ee728b)
Start importing Assets/karsiori/Sprites/GEM 8/RED/GEM 8 - RED - 0002.png using Guid(b20f14e731fd2bd41a8704ceda5f5b7a) Importer(815301076,1909f56bfc062723c751e8b465ee728b)  -> (artifact id: 'ecd43e91a714393bfd4f3d65fbcc2e59') in 0.048699 seconds
Number of updated asset objects reloaded before import = 0
Number of asset objects unloaded after import = 3
========================================================================
Received Import Request.
  Time since last request: 0.000031 seconds.
  path: Assets/karsiori/Sprites/GEM 8/RED/GEM 8 - RED - 0008.png
  artifactKey: Guid(c98e1583008ceb042bfec01c77b1ddd0) Importer(815301076,1909f56bfc062723c751e8b465ee728b)
Start importing Assets/karsiori/Sprites/GEM 8/RED/GEM 8 - RED - 0008.png using Guid(c98e1583008ceb042bfec01c77b1ddd0) Importer(815301076,1909f56bfc062723c751e8b465ee728b)  -> (artifact id: '895b7ae96a2cf682ecec46618042f534') in 0.025353 seconds
Number of updated asset objects reloaded before import = 0
Number of asset objects unloaded after import = 3
========================================================================
Received Import Request.
  Time since last request: 1.762757 seconds.
  path: Assets/karsiori/Sprites/GEM 8/TURQUOISE/GEM 8 - TURQUOISE - 0002.png
  artifactKey: Guid(0b46bb7ebff6a92429d91080272437ae) Importer(815301076,1909f56bfc062723c751e8b465ee728b)
Start importing Assets/karsiori/Sprites/GEM 8/TURQUOISE/GEM 8 - TURQUOISE - 0002.png using Guid(0b46bb7ebff6a92429d91080272437ae) Importer(815301076,1909f56bfc062723c751e8b465ee728b)  -> (artifact id: '62625398fc607c643de89e92749110e9') in 0.035190 seconds
Number of updated asset objects reloaded before import = 0
Number of asset objects unloaded after import = 3
========================================================================
Received Import Request.
  Time since last request: 0.000031 seconds.
  path: Assets/karsiori/Sprites/GEM 8/TURQUOISE/GEM 8 - TURQUOISE - 0006.png
  artifactKey: Guid(9ab9c79490f7bf84486c026add7f36f7) Importer(815301076,1909f56bfc062723c751e8b465ee728b)
Start importing Assets/karsiori/Sprites/GEM 8/TURQUOISE/GEM 8 - TURQUOISE - 0006.png using Guid(9ab9c79490f7bf84486c026add7f36f7) Importer(815301076,1909f56bfc062723c751e8b465ee728b)  -> (artifact id: 'e2885142dc59c05b5bf9e1f27b60c6cf') in 0.019058 seconds
Number of updated asset objects reloaded before import = 0
Number of asset objects unloaded after import = 3
========================================================================
Received Import Request.
  Time since last request: 3.067431 seconds.
  path: Assets/karsiori/Sprites/GEM 9/GEM 9 - GOLD - Spritesheet.png
  artifactKey: Guid(cb1326f927558fb438e765c40f62c6cd) Importer(815301076,1909f56bfc062723c751e8b465ee728b)
Start importing Assets/karsiori/Sprites/GEM 9/GEM 9 - GOLD - Spritesheet.png using Guid(cb1326f927558fb438e765c40f62c6cd) Importer(815301076,1909f56bfc062723c751e8b465ee728b)  -> (artifact id: '16637f7a6a0d22d0b63157f9d339da55') in 0.030314 seconds
Number of updated asset objects reloaded before import = 0
Number of asset objects unloaded after import = 3
========================================================================
Received Import Request.
  Time since last request: 1.039883 seconds.
  path: Assets/karsiori/Sprites/GEM 9/LILAC/GEM 9 - LILAC - 0002.png
  artifactKey: Guid(43b0e7ed13fcce3469722bcce2a23c72) Importer(815301076,1909f56bfc062723c751e8b465ee728b)
Start importing Assets/karsiori/Sprites/GEM 9/LILAC/GEM 9 - LILAC - 0002.png using Guid(43b0e7ed13fcce3469722bcce2a23c72) Importer(815301076,1909f56bfc062723c751e8b465ee728b)  -> (artifact id: '04bb8fd5efa041e99ca9c5fb19835d5d') in 0.030734 seconds
Number of updated asset objects reloaded before import = 0
Number of asset objects unloaded after import = 3
========================================================================
Received Import Request.
  Time since last request: 0.000034 seconds.
  path: Assets/karsiori/Sprites/GEM 9/LILAC/GEM 9 - LILAC - 0008.png
  artifactKey: Guid(8a68d219b013b2d41a7ef1c0054bb9ba) Importer(815301076,1909f56bfc062723c751e8b465ee728b)
Start importing Assets/karsiori/Sprites/GEM 9/LILAC/GEM 9 - LILAC - 0008.png using Guid(8a68d219b013b2d41a7ef1c0054bb9ba) Importer(815301076,1909f56bfc062723c751e8b465ee728b)  -> (artifact id: 'b2cd052939e39ed65fd581b591a4d0a3') in 0.029224 seconds
Number of updated asset objects reloaded before import = 0
Number of asset objects unloaded after import = 3
========================================================================
Received Import Request.
  Time since last request: 7.414552 seconds.
  path: Assets/karsiori/Sprites/GEM 7/GOLD/GEM 7 - GOLD - 0002.png
  artifactKey: Guid(f464533e0dc6f5a46ad23ea4017b1381) Importer(815301076,1909f56bfc062723c751e8b465ee728b)
Start importing Assets/karsiori/Sprites/GEM 7/GOLD/GEM 7 - GOLD - 0002.png using Guid(f464533e0dc6f5a46ad23ea4017b1381) Importer(815301076,1909f56bfc062723c751e8b465ee728b)  -> (artifact id: '3a12e36b225f9255990d7accb6adbacb') in 0.027678 seconds
Number of updated asset objects reloaded before import = 0
Number of asset objects unloaded after import = 3
========================================================================
Received Import Request.
  Time since last request: 0.000029 seconds.
  path: Assets/karsiori/Sprites/GEM 7/GOLD/GEM 7 - GOLD - 0010.png
  artifactKey: Guid(38206a3a1b69c5a45be0ab9b74265213) Importer(815301076,1909f56bfc062723c751e8b465ee728b)
Start importing Assets/karsiori/Sprites/GEM 7/GOLD/GEM 7 - GOLD - 0010.png using Guid(38206a3a1b69c5a45be0ab9b74265213) Importer(815301076,1909f56bfc062723c751e8b465ee728b)  -> (artifact id: '4871f5133b0c04dc651bc3ac2947ee2b') in 0.025964 seconds
Number of updated asset objects reloaded before import = 0
Number of asset objects unloaded after import = 3
========================================================================
Received Import Request.
  Time since last request: 0.000035 seconds.
  path: Assets/karsiori/Sprites/GEM 7/GOLD/GEM 7 - GOLD - 0006.png
  artifactKey: Guid(1912c2a82e497884481c9d2829ed192f) Importer(815301076,1909f56bfc062723c751e8b465ee728b)
Start importing Assets/karsiori/Sprites/GEM 7/GOLD/GEM 7 - GOLD - 0006.png using Guid(1912c2a82e497884481c9d2829ed192f) Importer(815301076,1909f56bfc062723c751e8b465ee728b)  -> (artifact id: 'afd69013273c3a0537845a39b38e267c') in 0.033982 seconds
Number of updated asset objects reloaded before import = 0
Number of asset objects unloaded after import = 3
========================================================================
Received Import Request.
  Time since last request: 15.484133 seconds.
  path: Assets/karsiori/Sprites/GEM 8/GOLD/GEM 8 - GOLD - 0002.png
  artifactKey: Guid(8566d2518113cdc478e757d25ff24f85) Importer(815301076,1909f56bfc062723c751e8b465ee728b)
Start importing Assets/karsiori/Sprites/GEM 8/GOLD/GEM 8 - GOLD - 0002.png using Guid(8566d2518113cdc478e757d25ff24f85) Importer(815301076,1909f56bfc062723c751e8b465ee728b)  -> (artifact id: 'd64051f14f7639525c57e255f0243d62') in 0.027443 seconds
Number of updated asset objects reloaded before import = 0
Number of asset objects unloaded after import = 3
========================================================================
Received Import Request.
  Time since last request: 0.000033 seconds.
  path: Assets/karsiori/Sprites/GEM 8/GOLD/GEM 8 - GOLD - 0007.png
  artifactKey: Guid(ea2e6cedb14e67d4c9c06ff1cf3b42d9) Importer(815301076,1909f56bfc062723c751e8b465ee728b)
Start importing Assets/karsiori/Sprites/GEM 8/GOLD/GEM 8 - GOLD - 0007.png using Guid(ea2e6cedb14e67d4c9c06ff1cf3b42d9) Importer(815301076,1909f56bfc062723c751e8b465ee728b)  -> (artifact id: '3800ef1acc163c2ee7eb6181eeb3feb2') in 0.027151 seconds
Number of updated asset objects reloaded before import = 0
Number of asset objects unloaded after import = 3
========================================================================
Received Import Request.
  Time since last request: 14.900302 seconds.
  path: Assets/karsiori/Sprites/GEM 9/GOLD/GEM 9 - GOLD - 0002.png
  artifactKey: Guid(c49ebf5f0e20ac14ea3983b7859d2569) Importer(815301076,1909f56bfc062723c751e8b465ee728b)
Start importing Assets/karsiori/Sprites/GEM 9/GOLD/GEM 9 - GOLD - 0002.png using Guid(c49ebf5f0e20ac14ea3983b7859d2569) Importer(815301076,1909f56bfc062723c751e8b465ee728b)  -> (artifact id: '52aa9e2cfeabe813ae7555a5ce9439f2') in 0.052580 seconds
Number of updated asset objects reloaded before import = 0
Number of asset objects unloaded after import = 3
========================================================================
Received Import Request.
  Time since last request: 0.000517 seconds.
  path: Assets/karsiori/Sprites/GEM 9/GOLD/GEM 9 - GOLD - 0006.png
  artifactKey: Guid(1934d69f6c5e5ba4e9eb1fd50c7960f3) Importer(815301076,1909f56bfc062723c751e8b465ee728b)
Start importing Assets/karsiori/Sprites/GEM 9/GOLD/GEM 9 - GOLD - 0006.png using Guid(1934d69f6c5e5ba4e9eb1fd50c7960f3) Importer(815301076,1909f56bfc062723c751e8b465ee728b)  -> (artifact id: 'cba195bce55ef2585f99a79614b8c94d') in 0.034181 seconds
Number of updated asset objects reloaded before import = 0
Number of asset objects unloaded after import = 3
========================================================================
Received Prepare
Begin MonoManager ReloadAssembly
Symbol file LoadedFromMemory is not a mono symbol file
- Loaded All Assemblies, in  0.725 seconds
Refreshing native plugins compatible for Editor in 19.93 ms, found 2 plugins.
Native extension for WindowsStandalone target not found
[Package Manager] Server::EnsureServerProcessIsRunning -- launch failed, reason: Unity was launched with the -noUpm command-line argument
[Package Manager] UpmClient::Send -- Unable to send message (not connected to UPM process).
[Package Manager] Cannot connect to Unity Package Manager local server
Mono: successfully reloaded assembly
- Finished resetting the current domain, in  1.649 seconds
Domain Reload Profiling: 2371ms
	BeginReloadAssembly (222ms)
		ExecutionOrderSort (0ms)
		DisableScriptedObjects (10ms)
		BackupInstance (0ms)
		ReleaseScriptingObjects (0ms)
		CreateAndSetChildDomain (58ms)
	RebuildCommonClasses (51ms)
	RebuildNativeTypeToScriptingClass (21ms)
	initialDomainReloadingComplete (51ms)
	LoadAllAssembliesAndSetupDomain (375ms)
		LoadAssemblies (474ms)
		RebuildTransferFunctionScriptingTraits (0ms)
		AnalyzeDomain (18ms)
			TypeCache.Refresh (8ms)
				TypeCache.ScanAssembly (0ms)
			ScanForSourceGeneratedMonoScriptInfo (0ms)
			ResolveRequiredComponents (8ms)
	FinalizeReload (1650ms)
		ReleaseScriptCaches (0ms)
		RebuildScriptCaches (0ms)
		SetupLoadedEditorAssemblies (999ms)
			LogAssemblyErrors (0ms)
			InitializePlatformSupportModulesInManaged (11ms)
			SetLoadedEditorAssemblies (7ms)
			RefreshPlugins (0ms)
			BeforeProcessingInitializeOnLoad (122ms)
			ProcessInitializeOnLoadAttributes (551ms)
			ProcessInitializeOnLoadMethodAttributes (298ms)
			AfterProcessingInitializeOnLoad (10ms)
			EditorAssembliesLoaded (0ms)
		ExecutionOrderSort2 (0ms)
		AwakeInstancesAfterBackupRestoration (13ms)
Refreshing native plugins compatible for Editor in 15.74 ms, found 2 plugins.
Preloading 0 native plugins for Editor in 0.00 ms.
Unloading 2543 Unused Serialized files (Serialized files now loaded: 0)
Unloading 56 unused Assets / (47.1 KB). Loaded Objects now: 3027.
Memory consumption went from 120.8 MB to 120.7 MB.
Total: 13.573100 ms (FindLiveObjects: 0.361500 ms CreateObjectMapping: 0.117200 ms MarkObjects: 12.911400 ms  DeleteObjects: 0.181100 ms)

Prepare: number of updated asset objects reloaded= 0
AssetImportParameters requested are different than current active one (requested -> active):
  custom:video-decoder-webm-vp8: 9c59270c3fd7afecdb556c50c9e8de78 -> 
  custom:SearchIndexIgnoredProperties: e643bd26f0fe6173181afceb89e7c659 -> 
  custom:container-demuxer-ogg: 62fdf1f143b41e24485cea50d1cbac27 -> 
  custom:AudioImporter_EditorPlatform: d09bf68614088b80899f8185d706f6e7 -> 
  custom:video-codec-MediaFoundation-h265: 746d11721c4dcdbdad8f713fa42b33f4 -> 
  custom:video-decoder-ogg-theora: a1e56fd34408186e4bbccfd4996cb3dc -> 
  custom:framework-win-MediaFoundation: 216162199b28c13a410421893ffa2e32 -> 
  custom:video-encoder-webm-vp8: eb34c28f22e8b96e1ab97ce403110664 -> 
  custom:audio-decoder-ogg-vorbis: bf7c407c2cedff20999df2af8eb42d56 -> 
  custom:CustomObjectIndexerAttribute: 9a22284fe3817be447336de3de66b15e -> 
  custom:container-demuxer-webm: 4f35f7cbe854078d1ac9338744f61a02 -> 
  custom:audio-encoder-webm-vorbis: bf7c407c2cedff20999df2af8eb42d56 -> 
  custom:container-muxer-webm: aa71ff27fc2769a1b78a27578f13a17b -> 
========================================================================
Received Import Request.
  Time since last request: 21.717520 seconds.
  path: Assets/karsiori/Sprites/GEM 7/LIGHT GREEN/GEM 7 - LIGHT GREEN - 0002.png
  artifactKey: Guid(581ba7d71fe20204d9b77ccd397a6899) Importer(815301076,1909f56bfc062723c751e8b465ee728b)
Start importing Assets/karsiori/Sprites/GEM 7/LIGHT GREEN/GEM 7 - LIGHT GREEN - 0002.png using Guid(581ba7d71fe20204d9b77ccd397a6899) Importer(815301076,1909f56bfc062723c751e8b465ee728b)  -> (artifact id: 'bfd13fc8b7cd09d7bc04354feb1647dc') in 0.096418 seconds
Number of updated asset objects reloaded before import = 0
Number of asset objects unloaded after import = 3
========================================================================
Received Import Request.
  Time since last request: 0.000030 seconds.
  path: Assets/karsiori/Sprites/GEM 7/LIGHT GREEN/GEM 7 - LIGHT GREEN - 0006.png
  artifactKey: Guid(20e050e8e67ab4c4e95f5fb67fdf1b16) Importer(815301076,1909f56bfc062723c751e8b465ee728b)
Start importing Assets/karsiori/Sprites/GEM 7/LIGHT GREEN/GEM 7 - LIGHT GREEN - 0006.png using Guid(20e050e8e67ab4c4e95f5fb67fdf1b16) Importer(815301076,1909f56bfc062723c751e8b465ee728b)  -> (artifact id: 'c862822976e34cc19b9882b846a958d5') in 0.020121 seconds
Number of updated asset objects reloaded before import = 0
Number of asset objects unloaded after import = 3
========================================================================
Received Import Request.
  Time since last request: 0.000039 seconds.
  path: Assets/karsiori/Sprites/GEM 7/LIGHT GREEN/GEM 7 - LIGHT GREEN - 0011.png
  artifactKey: Guid(a7e9652b8857d494c83edf1e9aa4848e) Importer(815301076,1909f56bfc062723c751e8b465ee728b)
Start importing Assets/karsiori/Sprites/GEM 7/LIGHT GREEN/GEM 7 - LIGHT GREEN - 0011.png using Guid(a7e9652b8857d494c83edf1e9aa4848e) Importer(815301076,1909f56bfc062723c751e8b465ee728b)  -> (artifact id: 'ea84dcaccb897c0de1f6459f339cf19a') in 0.027840 seconds
Number of updated asset objects reloaded before import = 0
Number of asset objects unloaded after import = 3
========================================================================
Received Import Request.
  Time since last request: 0.000023 seconds.
  path: Assets/karsiori/Sprites/GEM 7/LIGHT GREEN/GEM 7 - LIGHT GREEN - 0008.png
  artifactKey: Guid(8c97060d71e15b84eac89a91db2c3eb2) Importer(815301076,1909f56bfc062723c751e8b465ee728b)
Start importing Assets/karsiori/Sprites/GEM 7/LIGHT GREEN/GEM 7 - LIGHT GREEN - 0008.png using Guid(8c97060d71e15b84eac89a91db2c3eb2) Importer(815301076,1909f56bfc062723c751e8b465ee728b)  -> (artifact id: '0921d5fec316567ce851b7618ea717c0') in 0.017134 seconds
Number of updated asset objects reloaded before import = 0
Number of asset objects unloaded after import = 3
========================================================================
Received Import Request.
  Time since last request: 2.889450 seconds.
  path: Assets/karsiori/Sprites/GEM 7/DARK BLUE/GEM 7 - DARK BLUE - 0002.png
  artifactKey: Guid(e69bb53ab6bccd148b49d8f1002d2d1a) Importer(815301076,1909f56bfc062723c751e8b465ee728b)
Start importing Assets/karsiori/Sprites/GEM 7/DARK BLUE/GEM 7 - DARK BLUE - 0002.png using Guid(e69bb53ab6bccd148b49d8f1002d2d1a) Importer(815301076,1909f56bfc062723c751e8b465ee728b)  -> (artifact id: 'c945d3b1017119ad9adce507d469e519') in 0.028108 seconds
Number of updated asset objects reloaded before import = 0
Number of asset objects unloaded after import = 3
========================================================================
Received Import Request.
  Time since last request: 0.000022 seconds.
  path: Assets/karsiori/Sprites/GEM 7/DARK BLUE/GEM 7 - DARK BLUE - 0014.png
  artifactKey: Guid(9804361694af0a74d8191390b1dab76a) Importer(815301076,1909f56bfc062723c751e8b465ee728b)
Start importing Assets/karsiori/Sprites/GEM 7/DARK BLUE/GEM 7 - DARK BLUE - 0014.png using Guid(9804361694af0a74d8191390b1dab76a) Importer(815301076,1909f56bfc062723c751e8b465ee728b)  -> (artifact id: '6758ff8ba26212590a52791a55ef5224') in 0.035822 seconds
Number of updated asset objects reloaded before import = 0
Number of asset objects unloaded after import = 3
========================================================================
Received Import Request.
  Time since last request: 0.000035 seconds.
  path: Assets/karsiori/Sprites/GEM 7/DARK BLUE/GEM 7 - DARK BLUE - 0008.png
  artifactKey: Guid(5e0d3ab82d22e124887a3bb3e84ae33f) Importer(815301076,1909f56bfc062723c751e8b465ee728b)
Start importing Assets/karsiori/Sprites/GEM 7/DARK BLUE/GEM 7 - DARK BLUE - 0008.png using Guid(5e0d3ab82d22e124887a3bb3e84ae33f) Importer(815301076,1909f56bfc062723c751e8b465ee728b)  -> (artifact id: 'ed4364b48060f1cd77f3065c5e4f3429') in 0.025535 seconds
Number of updated asset objects reloaded before import = 0
Number of asset objects unloaded after import = 3
========================================================================
Received Import Request.
  Time since last request: 2.014253 seconds.
  path: Assets/karsiori/Sprites/GEM 10/GEM CLUSTER 10 - GOLD - Spritesheet.png
  artifactKey: Guid(58dcfffe460154349a4ec1691b4aa104) Importer(815301076,1909f56bfc062723c751e8b465ee728b)
Start importing Assets/karsiori/Sprites/GEM 10/GEM CLUSTER 10 - GOLD - Spritesheet.png using Guid(58dcfffe460154349a4ec1691b4aa104) Importer(815301076,1909f56bfc062723c751e8b465ee728b)  -> (artifact id: 'dee0479ef1722de8b48b21a1d835095f') in 0.025459 seconds
Number of updated asset objects reloaded before import = 0
Number of asset objects unloaded after import = 3
========================================================================
Received Import Request.
  Time since last request: 0.000020 seconds.
  path: Assets/karsiori/Sprites/GEM 10/GEM CLUSTER 10 - TURQUOISE - Spritesheet.png
  artifactKey: Guid(148d585bda78be348bb30db7858bc610) Importer(815301076,1909f56bfc062723c751e8b465ee728b)
Start importing Assets/karsiori/Sprites/GEM 10/GEM CLUSTER 10 - TURQUOISE - Spritesheet.png using Guid(148d585bda78be348bb30db7858bc610) Importer(815301076,1909f56bfc062723c751e8b465ee728b)  -> (artifact id: '171c9b6b05eac2c5a0dd83e45ec24db2') in 0.032049 seconds
Number of updated asset objects reloaded before import = 0
Number of asset objects unloaded after import = 3
========================================================================
Received Import Request.
  Time since last request: 0.959980 seconds.
  path: Assets/karsiori/Sprites/GEM 10/GOLD/GEM CLUSTER 10 - GOLD - 0002.png
  artifactKey: Guid(27050cbaf241a9346b90787e7ae79613) Importer(815301076,1909f56bfc062723c751e8b465ee728b)
Start importing Assets/karsiori/Sprites/GEM 10/GOLD/GEM CLUSTER 10 - GOLD - 0002.png using Guid(27050cbaf241a9346b90787e7ae79613) Importer(815301076,1909f56bfc062723c751e8b465ee728b)  -> (artifact id: 'd2f735512490a9c13693c455b5e545dd') in 0.023981 seconds
Number of updated asset objects reloaded before import = 0
Number of asset objects unloaded after import = 3
========================================================================
Received Import Request.
  Time since last request: 0.000019 seconds.
  path: Assets/karsiori/Sprites/GEM 10/GOLD/GEM CLUSTER 10 - GOLD - 0026.png
  artifactKey: Guid(08842c1c6e3360d46b009ec3a959cc1d) Importer(815301076,1909f56bfc062723c751e8b465ee728b)
Start importing Assets/karsiori/Sprites/GEM 10/GOLD/GEM CLUSTER 10 - GOLD - 0026.png using Guid(08842c1c6e3360d46b009ec3a959cc1d) Importer(815301076,1909f56bfc062723c751e8b465ee728b)  -> (artifact id: '4a460b977014ecf5cd55a4d14a6b83dc') in 0.023712 seconds
Number of updated asset objects reloaded before import = 0
Number of asset objects unloaded after import = 3
========================================================================
Received Import Request.
  Time since last request: 0.000024 seconds.
  path: Assets/karsiori/Sprites/GEM 10/GOLD/GEM CLUSTER 10 - GOLD - 0013.png
  artifactKey: Guid(ee03dba603983c74cbf948fe6ab8afe8) Importer(815301076,1909f56bfc062723c751e8b465ee728b)
Start importing Assets/karsiori/Sprites/GEM 10/GOLD/GEM CLUSTER 10 - GOLD - 0013.png using Guid(ee03dba603983c74cbf948fe6ab8afe8) Importer(815301076,1909f56bfc062723c751e8b465ee728b)  -> (artifact id: '9bf6ae802d2a2ceb8c1fc61a0c66bf73') in 0.018429 seconds
Number of updated asset objects reloaded before import = 0
Number of asset objects unloaded after import = 3
========================================================================
Received Import Request.
  Time since last request: 0.000024 seconds.
  path: Assets/karsiori/Sprites/GEM 10/GOLD/GEM CLUSTER 10 - GOLD - 0065.png
  artifactKey: Guid(632db15abe666fc43bad65e3f791dfc1) Importer(815301076,1909f56bfc062723c751e8b465ee728b)
Start importing Assets/karsiori/Sprites/GEM 10/GOLD/GEM CLUSTER 10 - GOLD - 0065.png using Guid(632db15abe666fc43bad65e3f791dfc1) Importer(815301076,1909f56bfc062723c751e8b465ee728b)  -> (artifact id: 'f6730f5e83d209b0be3f1b7fa9f036c7') in 0.020119 seconds
Number of updated asset objects reloaded before import = 0
Number of asset objects unloaded after import = 3
========================================================================
Received Import Request.
  Time since last request: 0.000021 seconds.
  path: Assets/karsiori/Sprites/GEM 10/GOLD/GEM CLUSTER 10 - GOLD - 0022.png
  artifactKey: Guid(9bf9c2354ccb0a9428039967c062b334) Importer(815301076,1909f56bfc062723c751e8b465ee728b)
Start importing Assets/karsiori/Sprites/GEM 10/GOLD/GEM CLUSTER 10 - GOLD - 0022.png using Guid(9bf9c2354ccb0a9428039967c062b334) Importer(815301076,1909f56bfc062723c751e8b465ee728b)  -> (artifact id: 'a92d261fe96297b8f983108d6cdf22b3') in 0.019941 seconds
Number of updated asset objects reloaded before import = 0
Number of asset objects unloaded after import = 3
========================================================================
Received Import Request.
  Time since last request: 0.000022 seconds.
  path: Assets/karsiori/Sprites/GEM 10/GOLD/GEM CLUSTER 10 - GOLD - 0045.png
  artifactKey: Guid(ba6a0b222c8a3c448b9821ed21f04f31) Importer(815301076,1909f56bfc062723c751e8b465ee728b)
Start importing Assets/karsiori/Sprites/GEM 10/GOLD/GEM CLUSTER 10 - GOLD - 0045.png using Guid(ba6a0b222c8a3c448b9821ed21f04f31) Importer(815301076,1909f56bfc062723c751e8b465ee728b)  -> (artifact id: '605dac3ad3a3c5aa59e9dcccfeae6fd8') in 0.022329 seconds
Number of updated asset objects reloaded before import = 0
Number of asset objects unloaded after import = 3
========================================================================
Received Import Request.
  Time since last request: 0.000035 seconds.
  path: Assets/karsiori/Sprites/GEM 10/GOLD/GEM CLUSTER 10 - GOLD - 0073.png
  artifactKey: Guid(8dd99b30c6a12a141bf018949ef1e5af) Importer(815301076,1909f56bfc062723c751e8b465ee728b)
Start importing Assets/karsiori/Sprites/GEM 10/GOLD/GEM CLUSTER 10 - GOLD - 0073.png using Guid(8dd99b30c6a12a141bf018949ef1e5af) Importer(815301076,1909f56bfc062723c751e8b465ee728b)  -> (artifact id: '9929cea61dc9cc1f8a3d2cdd3a84953b') in 0.019193 seconds
Number of updated asset objects reloaded before import = 0
Number of asset objects unloaded after import = 3
========================================================================
Received Import Request.
  Time since last request: 0.000023 seconds.
  path: Assets/karsiori/Sprites/GEM 10/GOLD/GEM CLUSTER 10 - GOLD - 0055.png
  artifactKey: Guid(29f1dd929166e074dbba7b043e0d6159) Importer(815301076,1909f56bfc062723c751e8b465ee728b)
Start importing Assets/karsiori/Sprites/GEM 10/GOLD/GEM CLUSTER 10 - GOLD - 0055.png using Guid(29f1dd929166e074dbba7b043e0d6159) Importer(815301076,1909f56bfc062723c751e8b465ee728b)  -> (artifact id: 'e44715d3c1d474d18eab057357bb8aa0') in 0.016976 seconds
Number of updated asset objects reloaded before import = 0
Number of asset objects unloaded after import = 3
========================================================================
Received Import Request.
  Time since last request: 0.000037 seconds.
  path: Assets/karsiori/Sprites/GEM 10/GOLD/GEM CLUSTER 10 - GOLD - 0072.png
  artifactKey: Guid(9f6a85ee40f814846884fc0b750182b2) Importer(815301076,1909f56bfc062723c751e8b465ee728b)
Start importing Assets/karsiori/Sprites/GEM 10/GOLD/GEM CLUSTER 10 - GOLD - 0072.png using Guid(9f6a85ee40f814846884fc0b750182b2) Importer(815301076,1909f56bfc062723c751e8b465ee728b)  -> (artifact id: '5774f2826a8b3a4a7b83cff3329dcef0') in 0.021043 seconds
Number of updated asset objects reloaded before import = 0
Number of asset objects unloaded after import = 3
========================================================================
Received Import Request.
  Time since last request: 0.000197 seconds.
  path: Assets/karsiori/Sprites/GEM 10/GOLD/GEM CLUSTER 10 - GOLD - 0061.png
  artifactKey: Guid(00058a6daa8186448864697f3b921567) Importer(815301076,1909f56bfc062723c751e8b465ee728b)
Start importing Assets/karsiori/Sprites/GEM 10/GOLD/GEM CLUSTER 10 - GOLD - 0061.png using Guid(00058a6daa8186448864697f3b921567) Importer(815301076,1909f56bfc062723c751e8b465ee728b)  -> (artifact id: '2e00e19a718cc54235f893725a4b8fb8') in 0.020754 seconds
Number of updated asset objects reloaded before import = 0
Number of asset objects unloaded after import = 3
========================================================================
Received Import Request.
  Time since last request: 0.000023 seconds.
  path: Assets/karsiori/Sprites/GEM 10/GOLD/GEM CLUSTER 10 - GOLD - 0032.png
  artifactKey: Guid(85936b1ba6272f4458c465e4b1e97b40) Importer(815301076,1909f56bfc062723c751e8b465ee728b)
Start importing Assets/karsiori/Sprites/GEM 10/GOLD/GEM CLUSTER 10 - GOLD - 0032.png using Guid(85936b1ba6272f4458c465e4b1e97b40) Importer(815301076,1909f56bfc062723c751e8b465ee728b)  -> (artifact id: '4a9e8f7cd7326459b8e773f995d058bc') in 0.018735 seconds
Number of updated asset objects reloaded before import = 0
Number of asset objects unloaded after import = 3
========================================================================
Received Import Request.
  Time since last request: 0.000037 seconds.
  path: Assets/karsiori/Sprites/GEM 10/GOLD/GEM CLUSTER 10 - GOLD - 0058.png
  artifactKey: Guid(2c7500fd10a365140a76c6ff918db2a3) Importer(815301076,1909f56bfc062723c751e8b465ee728b)
Start importing Assets/karsiori/Sprites/GEM 10/GOLD/GEM CLUSTER 10 - GOLD - 0058.png using Guid(2c7500fd10a365140a76c6ff918db2a3) Importer(815301076,1909f56bfc062723c751e8b465ee728b)  -> (artifact id: 'b76f7af8c682146d94b96f6a85c65529') in 0.018273 seconds
Number of updated asset objects reloaded before import = 0
Number of asset objects unloaded after import = 3
========================================================================
Received Import Request.
  Time since last request: 0.000022 seconds.
  path: Assets/karsiori/Sprites/GEM 10/GOLD/GEM CLUSTER 10 - GOLD - 0033.png
  artifactKey: Guid(2cd8e8f57eef42349b1d0785408a87b8) Importer(815301076,1909f56bfc062723c751e8b465ee728b)
Start importing Assets/karsiori/Sprites/GEM 10/GOLD/GEM CLUSTER 10 - GOLD - 0033.png using Guid(2cd8e8f57eef42349b1d0785408a87b8) Importer(815301076,1909f56bfc062723c751e8b465ee728b)  -> (artifact id: 'c0aee0b0cb3c392b0a5a9efc5aec1830') in 0.018139 seconds
Number of updated asset objects reloaded before import = 0
Number of asset objects unloaded after import = 3
========================================================================
Received Import Request.
  Time since last request: 0.000024 seconds.
  path: Assets/karsiori/Sprites/GEM 10/GOLD/GEM CLUSTER 10 - GOLD - 0053.png
  artifactKey: Guid(fff4ef618b884624f9e28cdf70848821) Importer(815301076,1909f56bfc062723c751e8b465ee728b)
Start importing Assets/karsiori/Sprites/GEM 10/GOLD/GEM CLUSTER 10 - GOLD - 0053.png using Guid(fff4ef618b884624f9e28cdf70848821) Importer(815301076,1909f56bfc062723c751e8b465ee728b)  -> (artifact id: 'fa6d8f5ed0862ccb985525675985bffd') in 0.017142 seconds
Number of updated asset objects reloaded before import = 0
Number of asset objects unloaded after import = 3
========================================================================
Received Import Request.
  Time since last request: 0.000053 seconds.
  path: Assets/karsiori/Sprites/GEM 10/GOLD/GEM CLUSTER 10 - GOLD - 0056.png
  artifactKey: Guid(619eb26cfa14cd94e8609b52c3d615ec) Importer(815301076,1909f56bfc062723c751e8b465ee728b)
Start importing Assets/karsiori/Sprites/GEM 10/GOLD/GEM CLUSTER 10 - GOLD - 0056.png using Guid(619eb26cfa14cd94e8609b52c3d615ec) Importer(815301076,1909f56bfc062723c751e8b465ee728b)  -> (artifact id: '6802a13935e7c89f6db6d36d22e86073') in 0.018544 seconds
Number of updated asset objects reloaded before import = 0
Number of asset objects unloaded after import = 3
========================================================================
Received Import Request.
  Time since last request: 0.000022 seconds.
  path: Assets/karsiori/Sprites/GEM 10/GOLD/GEM CLUSTER 10 - GOLD - 0014.png
  artifactKey: Guid(41553e1f8bd266645bd74f8381e2957d) Importer(815301076,1909f56bfc062723c751e8b465ee728b)
Start importing Assets/karsiori/Sprites/GEM 10/GOLD/GEM CLUSTER 10 - GOLD - 0014.png using Guid(41553e1f8bd266645bd74f8381e2957d) Importer(815301076,1909f56bfc062723c751e8b465ee728b)  -> (artifact id: 'ae49aa17dc37a5e4242f021accc8ee56') in 0.020177 seconds
Number of updated asset objects reloaded before import = 0
Number of asset objects unloaded after import = 3
========================================================================
Received Prepare
Begin MonoManager ReloadAssembly
Symbol file LoadedFromMemory is not a mono symbol file
- Loaded All Assemblies, in  0.753 seconds
Refreshing native plugins compatible for Editor in 18.26 ms, found 2 plugins.
Native extension for WindowsStandalone target not found
[Package Manager] Server::EnsureServerProcessIsRunning -- launch failed, reason: Unity was launched with the -noUpm command-line argument
[Package Manager] UpmClient::Send -- Unable to send message (not connected to UPM process).
[Package Manager] Cannot connect to Unity Package Manager local server
Mono: successfully reloaded assembly
- Finished resetting the current domain, in  1.652 seconds
Domain Reload Profiling: 2399ms
	BeginReloadAssembly (244ms)
		ExecutionOrderSort (0ms)
		DisableScriptedObjects (10ms)
		BackupInstance (0ms)
		ReleaseScriptingObjects (0ms)
		CreateAndSetChildDomain (55ms)
	RebuildCommonClasses (48ms)
	RebuildNativeTypeToScriptingClass (20ms)
	initialDomainReloadingComplete (51ms)
	LoadAllAssembliesAndSetupDomain (381ms)
		LoadAssemblies (503ms)
		RebuildTransferFunctionScriptingTraits (0ms)
		AnalyzeDomain (21ms)
			TypeCache.Refresh (11ms)
				TypeCache.ScanAssembly (0ms)
			ScanForSourceGeneratedMonoScriptInfo (0ms)
			ResolveRequiredComponents (8ms)
	FinalizeReload (1653ms)
		ReleaseScriptCaches (0ms)
		RebuildScriptCaches (0ms)
		SetupLoadedEditorAssemblies (956ms)
			LogAssemblyErrors (0ms)
			InitializePlatformSupportModulesInManaged (10ms)
			SetLoadedEditorAssemblies (7ms)
			RefreshPlugins (0ms)
			BeforeProcessingInitializeOnLoad (121ms)
			ProcessInitializeOnLoadAttributes (526ms)
			ProcessInitializeOnLoadMethodAttributes (282ms)
			AfterProcessingInitializeOnLoad (9ms)
			EditorAssembliesLoaded (1ms)
		ExecutionOrderSort2 (0ms)
		AwakeInstancesAfterBackupRestoration (15ms)
Refreshing native plugins compatible for Editor in 14.88 ms, found 2 plugins.
Preloading 0 native plugins for Editor in 0.00 ms.
Unloading 2543 Unused Serialized files (Serialized files now loaded: 0)
Unloading 56 unused Assets / (47.1 KB). Loaded Objects now: 3033.
Memory consumption went from 122.7 MB to 122.7 MB.
Total: 13.763400 ms (FindLiveObjects: 0.459700 ms CreateObjectMapping: 0.244700 ms MarkObjects: 12.933000 ms  DeleteObjects: 0.124600 ms)

Prepare: number of updated asset objects reloaded= 0
AssetImportParameters requested are different than current active one (requested -> active):
  custom:video-decoder-webm-vp8: 9c59270c3fd7afecdb556c50c9e8de78 -> 
  custom:SearchIndexIgnoredProperties: e643bd26f0fe6173181afceb89e7c659 -> 
  custom:container-demuxer-ogg: 62fdf1f143b41e24485cea50d1cbac27 -> 
  custom:AudioImporter_EditorPlatform: d09bf68614088b80899f8185d706f6e7 -> 
  custom:video-codec-MediaFoundation-h265: 746d11721c4dcdbdad8f713fa42b33f4 -> 
  custom:video-decoder-ogg-theora: a1e56fd34408186e4bbccfd4996cb3dc -> 
  custom:framework-win-MediaFoundation: 216162199b28c13a410421893ffa2e32 -> 
  custom:video-encoder-webm-vp8: eb34c28f22e8b96e1ab97ce403110664 -> 
  custom:audio-decoder-ogg-vorbis: bf7c407c2cedff20999df2af8eb42d56 -> 
  custom:CustomObjectIndexerAttribute: 9a22284fe3817be447336de3de66b15e -> 
  custom:container-demuxer-webm: 4f35f7cbe854078d1ac9338744f61a02 -> 
  custom:audio-encoder-webm-vorbis: bf7c407c2cedff20999df2af8eb42d56 -> 
  custom:container-muxer-webm: aa71ff27fc2769a1b78a27578f13a17b -> 
========================================================================
Received Import Request.
  Time since last request: 85.526363 seconds.
  path: Assets/karsiori/Sprites/GEM 1/GOLD/GEM 1 - GOLD - 0001.png
  artifactKey: Guid(00b9b7bacf387aa4b8ba7c169314680f) Importer(815301076,1909f56bfc062723c751e8b465ee728b)
Start importing Assets/karsiori/Sprites/GEM 1/GOLD/GEM 1 - GOLD - 0001.png using Guid(00b9b7bacf387aa4b8ba7c169314680f) Importer(815301076,1909f56bfc062723c751e8b465ee728b)  -> (artifact id: '1ec9b991674aa9903e8ef471a98172c3') in 0.124930 seconds
Number of updated asset objects reloaded before import = 0
Number of asset objects unloaded after import = 3
========================================================================
Received Import Request.
  Time since last request: 0.000033 seconds.
  path: Assets/karsiori/Sprites/GEM 1/GOLD/GEM 1 - GOLD - 0006.png
  artifactKey: Guid(36a26c3e59df7fe459e91c5dd97c815d) Importer(815301076,1909f56bfc062723c751e8b465ee728b)
Start importing Assets/karsiori/Sprites/GEM 1/GOLD/GEM 1 - GOLD - 0006.png using Guid(36a26c3e59df7fe459e91c5dd97c815d) Importer(815301076,1909f56bfc062723c751e8b465ee728b)  -> (artifact id: '3c8cd1cabb89253e96810bff995e33e1') in 0.030420 seconds
Number of updated asset objects reloaded before import = 0
Number of asset objects unloaded after import = 3
========================================================================
Received Import Request.
  Time since last request: 0.000023 seconds.
  path: Assets/karsiori/Sprites/GEM 1/GOLD/GEM 1 - GOLD - 0010.png
  artifactKey: Guid(5767fe4c5c8bfdf4e9c5781cfd73cbc8) Importer(815301076,1909f56bfc062723c751e8b465ee728b)
Start importing Assets/karsiori/Sprites/GEM 1/GOLD/GEM 1 - GOLD - 0010.png using Guid(5767fe4c5c8bfdf4e9c5781cfd73cbc8) Importer(815301076,1909f56bfc062723c751e8b465ee728b)  -> (artifact id: '4b73ab6a5c601a8e2385bd15f3d7fa60') in 0.025874 seconds
Number of updated asset objects reloaded before import = 0
Number of asset objects unloaded after import = 3
========================================================================
Received Import Request.
  Time since last request: 0.000029 seconds.
  path: Assets/karsiori/Sprites/GEM 1/GOLD/GEM 1 - GOLD - 0008.png
  artifactKey: Guid(f141d5a4715a9e247ba463c7ee8f4ce4) Importer(815301076,1909f56bfc062723c751e8b465ee728b)
Start importing Assets/karsiori/Sprites/GEM 1/GOLD/GEM 1 - GOLD - 0008.png using Guid(f141d5a4715a9e247ba463c7ee8f4ce4) Importer(815301076,1909f56bfc062723c751e8b465ee728b)  -> (artifact id: '708c1689d1c29366cfcd135c19b9ae50') in 0.025500 seconds
Number of updated asset objects reloaded before import = 0
Number of asset objects unloaded after import = 3
========================================================================
Received Import Request.
  Time since last request: 0.000028 seconds.
  path: Assets/karsiori/Sprites/GEM 1/GOLD/GEM 1 - GOLD - 0009.png
  artifactKey: Guid(d1e0fc949f3fcdf4e9662f10eb8feb2e) Importer(815301076,1909f56bfc062723c751e8b465ee728b)
Start importing Assets/karsiori/Sprites/GEM 1/GOLD/GEM 1 - GOLD - 0009.png using Guid(d1e0fc949f3fcdf4e9662f10eb8feb2e) Importer(815301076,1909f56bfc062723c751e8b465ee728b)  -> (artifact id: 'cb7acc523d050d203a04342848d459d6') in 0.017461 seconds
Number of updated asset objects reloaded before import = 0
Number of asset objects unloaded after import = 3
========================================================================
Received Import Request.
  Time since last request: 0.000058 seconds.
  path: Assets/karsiori/Sprites/GEM 1/GOLD/GEM 1 - GOLD - 0005.png
  artifactKey: Guid(9dd405a43c0ed4849ba82c15ec67ba32) Importer(815301076,1909f56bfc062723c751e8b465ee728b)
Start importing Assets/karsiori/Sprites/GEM 1/GOLD/GEM 1 - GOLD - 0005.png using Guid(9dd405a43c0ed4849ba82c15ec67ba32) Importer(815301076,1909f56bfc062723c751e8b465ee728b)  -> (artifact id: 'f13902e1eb472c9d95664db815d627df') in 0.028052 seconds
Number of updated asset objects reloaded before import = 0
Number of asset objects unloaded after import = 3
========================================================================
Received Prepare
Begin MonoManager ReloadAssembly
Symbol file LoadedFromMemory is not a mono symbol file
- Loaded All Assemblies, in  1.023 seconds
Refreshing native plugins compatible for Editor in 18.99 ms, found 2 plugins.
Native extension for WindowsStandalone target not found
[Package Manager] Server::EnsureServerProcessIsRunning -- launch failed, reason: Unity was launched with the -noUpm command-line argument
[Package Manager] UpmClient::Send -- Unable to send message (not connected to UPM process).
[Package Manager] Cannot connect to Unity Package Manager local server
Mono: successfully reloaded assembly
- Finished resetting the current domain, in  2.276 seconds
Domain Reload Profiling: 3290ms
	BeginReloadAssembly (336ms)
		ExecutionOrderSort (0ms)
		DisableScriptedObjects (13ms)
		BackupInstance (0ms)
		ReleaseScriptingObjects (0ms)
		CreateAndSetChildDomain (81ms)
	RebuildCommonClasses (75ms)
	RebuildNativeTypeToScriptingClass (24ms)
	initialDomainReloadingComplete (86ms)
	LoadAllAssembliesAndSetupDomain (492ms)
		LoadAssemblies (661ms)
		RebuildTransferFunctionScriptingTraits (0ms)
		AnalyzeDomain (17ms)
			TypeCache.Refresh (9ms)
				TypeCache.ScanAssembly (0ms)
			ScanForSourceGeneratedMonoScriptInfo (0ms)
			ResolveRequiredComponents (6ms)
	FinalizeReload (2277ms)
		ReleaseScriptCaches (0ms)
		RebuildScriptCaches (0ms)
		SetupLoadedEditorAssemblies (1313ms)
			LogAssemblyErrors (0ms)
			InitializePlatformSupportModulesInManaged (15ms)
			SetLoadedEditorAssemblies (10ms)
			RefreshPlugins (0ms)
			BeforeProcessingInitializeOnLoad (170ms)
			ProcessInitializeOnLoadAttributes (730ms)
			ProcessInitializeOnLoadMethodAttributes (376ms)
			AfterProcessingInitializeOnLoad (13ms)
			EditorAssembliesLoaded (1ms)
		ExecutionOrderSort2 (0ms)
		AwakeInstancesAfterBackupRestoration (18ms)
Refreshing native plugins compatible for Editor in 20.40 ms, found 2 plugins.
Preloading 0 native plugins for Editor in 0.00 ms.
Unloading 2543 Unused Serialized files (Serialized files now loaded: 0)
Unloading 56 unused Assets / (47.1 KB). Loaded Objects now: 3036.
Memory consumption went from 124.8 MB to 124.7 MB.
Total: 15.942900 ms (FindLiveObjects: 0.508800 ms CreateObjectMapping: 0.183500 ms MarkObjects: 15.020800 ms  DeleteObjects: 0.227900 ms)

Prepare: number of updated asset objects reloaded= 0
AssetImportParameters requested are different than current active one (requested -> active):
  custom:video-decoder-webm-vp8: 9c59270c3fd7afecdb556c50c9e8de78 -> 
  custom:SearchIndexIgnoredProperties: e643bd26f0fe6173181afceb89e7c659 -> 
  custom:container-demuxer-ogg: 62fdf1f143b41e24485cea50d1cbac27 -> 
  custom:AudioImporter_EditorPlatform: d09bf68614088b80899f8185d706f6e7 -> 
  custom:video-codec-MediaFoundation-h265: 746d11721c4dcdbdad8f713fa42b33f4 -> 
  custom:video-decoder-ogg-theora: a1e56fd34408186e4bbccfd4996cb3dc -> 
  custom:framework-win-MediaFoundation: 216162199b28c13a410421893ffa2e32 -> 
  custom:video-encoder-webm-vp8: eb34c28f22e8b96e1ab97ce403110664 -> 
  custom:audio-decoder-ogg-vorbis: bf7c407c2cedff20999df2af8eb42d56 -> 
  custom:CustomObjectIndexerAttribute: 9a22284fe3817be447336de3de66b15e -> 
  custom:container-demuxer-webm: 4f35f7cbe854078d1ac9338744f61a02 -> 
  custom:audio-encoder-webm-vorbis: bf7c407c2cedff20999df2af8eb42d56 -> 
  custom:container-muxer-webm: aa71ff27fc2769a1b78a27578f13a17b -> 
========================================================================
Received Prepare
Begin MonoManager ReloadAssembly
Symbol file LoadedFromMemory is not a mono symbol file
- Loaded All Assemblies, in  0.925 seconds
Refreshing native plugins compatible for Editor in 23.67 ms, found 2 plugins.
Native extension for WindowsStandalone target not found
[Package Manager] Server::EnsureServerProcessIsRunning -- launch failed, reason: Unity was launched with the -noUpm command-line argument
[Package Manager] UpmClient::Send -- Unable to send message (not connected to UPM process).
[Package Manager] Cannot connect to Unity Package Manager local server
Mono: successfully reloaded assembly
- Finished resetting the current domain, in  2.204 seconds
Domain Reload Profiling: 3124ms
	BeginReloadAssembly (311ms)
		ExecutionOrderSort (0ms)
		DisableScriptedObjects (12ms)
		BackupInstance (0ms)
		ReleaseScriptingObjects (0ms)
		CreateAndSetChildDomain (70ms)
	RebuildCommonClasses (69ms)
	RebuildNativeTypeToScriptingClass (22ms)
	initialDomainReloadingComplete (52ms)
	LoadAllAssembliesAndSetupDomain (466ms)
		LoadAssemblies (629ms)
		RebuildTransferFunctionScriptingTraits (0ms)
		AnalyzeDomain (18ms)
			TypeCache.Refresh (9ms)
				TypeCache.ScanAssembly (0ms)
			ScanForSourceGeneratedMonoScriptInfo (0ms)
			ResolveRequiredComponents (7ms)
	FinalizeReload (2205ms)
		ReleaseScriptCaches (0ms)
		RebuildScriptCaches (0ms)
		SetupLoadedEditorAssemblies (1314ms)
			LogAssemblyErrors (0ms)
			InitializePlatformSupportModulesInManaged (12ms)
			SetLoadedEditorAssemblies (11ms)
			RefreshPlugins (0ms)
			BeforeProcessingInitializeOnLoad (158ms)
			ProcessInitializeOnLoadAttributes (717ms)
			ProcessInitializeOnLoadMethodAttributes (404ms)
			AfterProcessingInitializeOnLoad (10ms)
			EditorAssembliesLoaded (1ms)
		ExecutionOrderSort2 (0ms)
		AwakeInstancesAfterBackupRestoration (19ms)
Refreshing native plugins compatible for Editor in 21.65 ms, found 2 plugins.
Preloading 0 native plugins for Editor in 0.00 ms.
Unloading 2544 Unused Serialized files (Serialized files now loaded: 0)
Unloading 56 unused Assets / (47.1 KB). Loaded Objects now: 3039.
Memory consumption went from 127.0 MB to 126.9 MB.
Total: 16.882500 ms (FindLiveObjects: 0.844200 ms CreateObjectMapping: 0.211100 ms MarkObjects: 15.633500 ms  DeleteObjects: 0.190500 ms)

Prepare: number of updated asset objects reloaded= 0
AssetImportParameters requested are different than current active one (requested -> active):
  custom:video-decoder-webm-vp8: 9c59270c3fd7afecdb556c50c9e8de78 -> 
  custom:SearchIndexIgnoredProperties: e643bd26f0fe6173181afceb89e7c659 -> 
  custom:container-demuxer-ogg: 62fdf1f143b41e24485cea50d1cbac27 -> 
  custom:AudioImporter_EditorPlatform: d09bf68614088b80899f8185d706f6e7 -> 
  custom:video-codec-MediaFoundation-h265: 746d11721c4dcdbdad8f713fa42b33f4 -> 
  custom:video-decoder-ogg-theora: a1e56fd34408186e4bbccfd4996cb3dc -> 
  custom:framework-win-MediaFoundation: 216162199b28c13a410421893ffa2e32 -> 
  custom:video-encoder-webm-vp8: eb34c28f22e8b96e1ab97ce403110664 -> 
  custom:audio-decoder-ogg-vorbis: bf7c407c2cedff20999df2af8eb42d56 -> 
  custom:CustomObjectIndexerAttribute: 9a22284fe3817be447336de3de66b15e -> 
  custom:container-demuxer-webm: 4f35f7cbe854078d1ac9338744f61a02 -> 
  custom:audio-encoder-webm-vorbis: bf7c407c2cedff20999df2af8eb42d56 -> 
  custom:container-muxer-webm: aa71ff27fc2769a1b78a27578f13a17b -> 
Editor requested this worker to shutdown with reason: Scaling down because of idle timeout
TcpMessagingSession - receive error: operation aborted. errorcode: 995, details:  /   -       .
AssetImportWorker is now disconnected from the server
Process exiting
Exiting without the bug reporter. Application will terminate with return code 0