Using pre-set license
Built from '2022.3/staging' branch; Version is '2022.3.21f1 (bf09ca542b87) revision 12519882'; Using compiler version '192829333'; Build Type 'Release'
OS: 'Windows 11  (10.0.22631) 64bit Professional' Language: 'ru' Physical Memory: 15773 MB
BatchMode: 1, IsHumanControllingUs: 0, StartBugReporterOnCrash: 0, Is64bit: 1, IsPro: 1

COMMAND LINE ARGUMENTS:
C:\Unity\Editor\2022.3.21f1\Editor\Unity.exe
-adb2
-batchMode
-noUpm
-name
AssetImportWorker21
-projectPath
C:/Users/Andrei/Desktop/Unity_Projects/Ludum56/SlimeAdventure
-logFile
Logs/AssetImportWorker21.log
-srvPort
58831
Successfully changed project path to: C:/Users/Andrei/Desktop/Unity_Projects/Ludum56/SlimeAdventure
C:/Users/Andrei/Desktop/Unity_Projects/Ludum56/SlimeAdventure
[UnityMemory] Configuration Parameters - Can be set up in boot.config
    "memorysetup-bucket-allocator-granularity=16"
    "memorysetup-bucket-allocator-bucket-count=8"
    "memorysetup-bucket-allocator-block-size=33554432"
    "memorysetup-bucket-allocator-block-count=8"
    "memorysetup-main-allocator-block-size=16777216"
    "memorysetup-thread-allocator-block-size=16777216"
    "memorysetup-gfx-main-allocator-block-size=16777216"
    "memorysetup-gfx-thread-allocator-block-size=16777216"
    "memorysetup-cache-allocator-block-size=4194304"
    "memorysetup-typetree-allocator-block-size=2097152"
    "memorysetup-profiler-bucket-allocator-granularity=16"
    "memorysetup-profiler-bucket-allocator-bucket-count=8"
    "memorysetup-profiler-bucket-allocator-block-size=33554432"
    "memorysetup-profiler-bucket-allocator-block-count=8"
    "memorysetup-profiler-allocator-block-size=16777216"
    "memorysetup-profiler-editor-allocator-block-size=1048576"
    "memorysetup-temp-allocator-size-main=16777216"
    "memorysetup-job-temp-allocator-block-size=2097152"
    "memorysetup-job-temp-allocator-block-size-background=1048576"
    "memorysetup-job-temp-allocator-reduction-small-platforms=262144"
    "memorysetup-allocator-temp-initial-block-size-main=262144"
    "memorysetup-allocator-temp-initial-block-size-worker=262144"
    "memorysetup-temp-allocator-size-background-worker=32768"
    "memorysetup-temp-allocator-size-job-worker=262144"
    "memorysetup-temp-allocator-size-preload-manager=33554432"
    "memorysetup-temp-allocator-size-nav-mesh-worker=65536"
    "memorysetup-temp-allocator-size-audio-worker=65536"
    "memorysetup-temp-allocator-size-cloud-worker=32768"
    "memorysetup-temp-allocator-size-gi-baking-worker=262144"
    "memorysetup-temp-allocator-size-gfx=262144"
Player connection [26948] Host "[IP] 192.168.100.45 [Port] 0 [Flags] 2 [Guid] 2129345892 [EditorId] 2129345892 [Version] 1048832 [Id] WindowsEditor(7,DESKTOP-EQJJ33K) [Debug] 1 [PackageName] WindowsEditor [ProjectName] Editor" joined multi-casting on [225.0.0.222:54997]...

Player connection [26948] Host "[IP] 192.168.100.45 [Port] 0 [Flags] 2 [Guid] 2129345892 [EditorId] 2129345892 [Version] 1048832 [Id] WindowsEditor(7,DESKTOP-EQJJ33K) [Debug] 1 [PackageName] WindowsEditor [ProjectName] Editor" joined alternative multi-casting on [225.0.0.222:34997]...

[Physics::Module] Initialized MultithreadedJobDispatcher with 15 workers.
Refreshing native plugins compatible for Editor in 20.36 ms, found 2 plugins.
Preloading 0 native plugins for Editor in 0.00 ms.
Initialize engine version: 2022.3.21f1 (bf09ca542b87)
[Subsystems] Discovering subsystems at path C:/Unity/Editor/2022.3.21f1/Editor/Data/Resources/UnitySubsystems
[Subsystems] Discovering subsystems at path C:/Users/Andrei/Desktop/Unity_Projects/Ludum56/SlimeAdventure/Assets
GfxDevice: creating device client; threaded=0; jobified=0
Direct3D:
    Version:  Direct3D 11.0 [level 11.1]
    Renderer: AMD Radeon (TM) Graphics (ID=0x15e7)
    Vendor:   ATI
    VRAM:     7886 MB
    Driver:   31.0.12046.24001
Initialize mono
Mono path[0] = 'C:/Unity/Editor/2022.3.21f1/Editor/Data/Managed'
Mono path[1] = 'C:/Unity/Editor/2022.3.21f1/Editor/Data/MonoBleedingEdge/lib/mono/unityjit-win32'
Mono config path = 'C:/Unity/Editor/2022.3.21f1/Editor/Data/MonoBleedingEdge/etc'
Using monoOptions --debugger-agent=transport=dt_socket,embedding=1,server=y,suspend=n,address=127.0.0.1:56832
Begin MonoManager ReloadAssembly
Registering precompiled unity dll's ...
Register platform support module: C:/Unity/Editor/2022.3.21f1/Editor/Data/PlaybackEngines/WindowsStandaloneSupport/UnityEditor.WindowsStandalone.Extensions.dll
Registered in 0.007282 seconds.
- Loaded All Assemblies, in  0.495 seconds
Native extension for WindowsStandalone target not found
Mono: successfully reloaded assembly
- Finished resetting the current domain, in  0.411 seconds
Domain Reload Profiling: 905ms
	BeginReloadAssembly (175ms)
		ExecutionOrderSort (0ms)
		DisableScriptedObjects (0ms)
		BackupInstance (0ms)
		ReleaseScriptingObjects (0ms)
		CreateAndSetChildDomain (1ms)
	RebuildCommonClasses (43ms)
	RebuildNativeTypeToScriptingClass (13ms)
	initialDomainReloadingComplete (79ms)
	LoadAllAssembliesAndSetupDomain (183ms)
		LoadAssemblies (172ms)
		RebuildTransferFunctionScriptingTraits (0ms)
		AnalyzeDomain (181ms)
			TypeCache.Refresh (179ms)
				TypeCache.ScanAssembly (162ms)
			ScanForSourceGeneratedMonoScriptInfo (1ms)
			ResolveRequiredComponents (1ms)
	FinalizeReload (412ms)
		ReleaseScriptCaches (0ms)
		RebuildScriptCaches (0ms)
		SetupLoadedEditorAssemblies (309ms)
			LogAssemblyErrors (0ms)
			InitializePlatformSupportModulesInManaged (12ms)
			SetLoadedEditorAssemblies (12ms)
			RefreshPlugins (0ms)
			BeforeProcessingInitializeOnLoad (4ms)
			ProcessInitializeOnLoadAttributes (212ms)
			ProcessInitializeOnLoadMethodAttributes (69ms)
			AfterProcessingInitializeOnLoad (0ms)
			EditorAssembliesLoaded (0ms)
		ExecutionOrderSort2 (0ms)
		AwakeInstancesAfterBackupRestoration (0ms)
========================================================================
Worker process is ready to serve import requests
Begin MonoManager ReloadAssembly
Symbol file LoadedFromMemory is not a mono symbol file
- Loaded All Assemblies, in  0.909 seconds
Refreshing native plugins compatible for Editor in 13.15 ms, found 2 plugins.
Native extension for WindowsStandalone target not found
Package Manager log level set to [2]
[Package Manager] Server::EnsureServerProcessIsRunning -- launch failed, reason: Unity was launched with the -noUpm command-line argument
[Package Manager] UpmClient::Send -- Unable to send message (not connected to UPM process).
[Package Manager] Cannot connect to Unity Package Manager local server
Mono: successfully reloaded assembly
- Finished resetting the current domain, in  1.024 seconds
Domain Reload Profiling: 1929ms
	BeginReloadAssembly (236ms)
		ExecutionOrderSort (0ms)
		DisableScriptedObjects (7ms)
		BackupInstance (0ms)
		ReleaseScriptingObjects (0ms)
		CreateAndSetChildDomain (39ms)
	RebuildCommonClasses (43ms)
	RebuildNativeTypeToScriptingClass (16ms)
	initialDomainReloadingComplete (66ms)
	LoadAllAssembliesAndSetupDomain (544ms)
		LoadAssemblies (449ms)
		RebuildTransferFunctionScriptingTraits (0ms)
		AnalyzeDomain (232ms)
			TypeCache.Refresh (192ms)
				TypeCache.ScanAssembly (165ms)
			ScanForSourceGeneratedMonoScriptInfo (33ms)
			ResolveRequiredComponents (5ms)
	FinalizeReload (1025ms)
		ReleaseScriptCaches (0ms)
		RebuildScriptCaches (0ms)
		SetupLoadedEditorAssemblies (797ms)
			LogAssemblyErrors (0ms)
			InitializePlatformSupportModulesInManaged (8ms)
			SetLoadedEditorAssemblies (6ms)
			RefreshPlugins (0ms)
			BeforeProcessingInitializeOnLoad (85ms)
			ProcessInitializeOnLoadAttributes (471ms)
			ProcessInitializeOnLoadMethodAttributes (220ms)
			AfterProcessingInitializeOnLoad (8ms)
			EditorAssembliesLoaded (0ms)
		ExecutionOrderSort2 (0ms)
		AwakeInstancesAfterBackupRestoration (9ms)
Launched and connected shader compiler UnityShaderCompiler.exe after 0.11 seconds
Refreshing native plugins compatible for Editor in 12.93 ms, found 2 plugins.
Preloading 0 native plugins for Editor in 0.00 ms.
Unloading 2550 Unused Serialized files (Serialized files now loaded: 0)
Unloading 67 unused Assets / (72.9 KB). Loaded Objects now: 2986.
Memory consumption went from 111.9 MB to 111.9 MB.
Total: 9.955700 ms (FindLiveObjects: 0.452500 ms CreateObjectMapping: 0.158100 ms MarkObjects: 9.110700 ms  DeleteObjects: 0.232900 ms)

AssetImportParameters requested are different than current active one (requested -> active):
  custom:video-decoder-webm-vp8: 9c59270c3fd7afecdb556c50c9e8de78 -> 
  custom:SearchIndexIgnoredProperties: e643bd26f0fe6173181afceb89e7c659 -> 
  custom:container-demuxer-ogg: 62fdf1f143b41e24485cea50d1cbac27 -> 
  custom:AudioImporter_EditorPlatform: d09bf68614088b80899f8185d706f6e7 -> 
  custom:video-codec-MediaFoundation-h265: 746d11721c4dcdbdad8f713fa42b33f4 -> 
  custom:video-decoder-ogg-theora: a1e56fd34408186e4bbccfd4996cb3dc -> 
  custom:framework-win-MediaFoundation: 216162199b28c13a410421893ffa2e32 -> 
  custom:video-encoder-webm-vp8: eb34c28f22e8b96e1ab97ce403110664 -> 
  custom:audio-decoder-ogg-vorbis: bf7c407c2cedff20999df2af8eb42d56 -> 
  custom:CustomObjectIndexerAttribute: 9a22284fe3817be447336de3de66b15e -> 
  custom:container-demuxer-webm: 4f35f7cbe854078d1ac9338744f61a02 -> 
  custom:audio-encoder-webm-vorbis: bf7c407c2cedff20999df2af8eb42d56 -> 
  custom:container-muxer-webm: aa71ff27fc2769a1b78a27578f13a17b -> 
========================================================================
Received Import Request.
  Time since last request: 276311.921828 seconds.
  path: Assets/BayatGames/Free Platform Game Assets/Water Animation/2.5D View/png/2x
  artifactKey: Guid(7f39f85784b51a947971e04b1da08dbc) Importer(815301076,1909f56bfc062723c751e8b465ee728b)
Start importing Assets/BayatGames/Free Platform Game Assets/Water Animation/2.5D View/png/2x using Guid(7f39f85784b51a947971e04b1da08dbc) Importer(815301076,1909f56bfc062723c751e8b465ee728b)  -> (artifact id: 'd05831cff660579a9e02c3de3cf0f2f4') in 0.003511 seconds
Number of updated asset objects reloaded before import = 0
Number of asset objects unloaded after import = 0
========================================================================
Received Import Request.
  Time since last request: 20.359955 seconds.
  path: Assets/BayatGames/Free Platform Game Assets/Backgrounds/New Background ( Update 1.9 )
  artifactKey: Guid(e13d7f7d20e552d42a804d51055ef51c) Importer(815301076,1909f56bfc062723c751e8b465ee728b)
Start importing Assets/BayatGames/Free Platform Game Assets/Backgrounds/New Background ( Update 1.9 ) using Guid(e13d7f7d20e552d42a804d51055ef51c) Importer(815301076,1909f56bfc062723c751e8b465ee728b)  -> (artifact id: '435c4af8077ef45ffcb5fd525c0e56f9') in 0.000673 seconds
Number of updated asset objects reloaded before import = 0
Number of asset objects unloaded after import = 0
========================================================================
Received Import Request.
  Time since last request: 0.744876 seconds.
  path: Assets/BayatGames/Free Platform Game Assets/Backgrounds/New Background ( Update 1.9 )/png
  artifactKey: Guid(e4650a51e5b87d345aeaf8c4558cf2a0) Importer(815301076,1909f56bfc062723c751e8b465ee728b)
Start importing Assets/BayatGames/Free Platform Game Assets/Backgrounds/New Background ( Update 1.9 )/png using Guid(e4650a51e5b87d345aeaf8c4558cf2a0) Importer(815301076,1909f56bfc062723c751e8b465ee728b)  -> (artifact id: '7b209a00f5266326b5c7eca34d32c2ef') in 0.000634 seconds
Number of updated asset objects reloaded before import = 0
Number of asset objects unloaded after import = 0
========================================================================
Received Import Request.
  Time since last request: 0.950646 seconds.
  path: Assets/BayatGames/Free Platform Game Assets/Backgrounds/New Background ( Update 1.9 )/png/1920x1080
  artifactKey: Guid(2986e2c26b953d047bbcca15275f2da5) Importer(815301076,1909f56bfc062723c751e8b465ee728b)
Start importing Assets/BayatGames/Free Platform Game Assets/Backgrounds/New Background ( Update 1.9 )/png/1920x1080 using Guid(2986e2c26b953d047bbcca15275f2da5) Importer(815301076,1909f56bfc062723c751e8b465ee728b)  -> (artifact id: '3b39c47bed2bb3128cc3387214d6538d') in 0.000637 seconds
Number of updated asset objects reloaded before import = 0
Number of asset objects unloaded after import = 0
========================================================================
Received Import Request.
  Time since last request: 1.525078 seconds.
  path: Assets/BayatGames/Free Platform Game Assets/Backgrounds/New Background ( Update 1.9 )/png/1920x1080/background
  artifactKey: Guid(8923112665f59a84cb1f6ee07cebff1a) Importer(815301076,1909f56bfc062723c751e8b465ee728b)
Start importing Assets/BayatGames/Free Platform Game Assets/Backgrounds/New Background ( Update 1.9 )/png/1920x1080/background using Guid(8923112665f59a84cb1f6ee07cebff1a) Importer(815301076,1909f56bfc062723c751e8b465ee728b)  -> (artifact id: '6f6671131472d8a26d3cedecaaff785e') in 0.000707 seconds
Number of updated asset objects reloaded before import = 0
Number of asset objects unloaded after import = 0
========================================================================
Received Import Request.
  Time since last request: 0.064351 seconds.
  path: Assets/BayatGames/Free Platform Game Assets/Backgrounds/New Background ( Update 1.9 )/png/1920x1080/background/NewBackgraound 1920x1080.png
  artifactKey: Guid(f7663f2a818355d43a78a0b104c72971) Importer(815301076,1909f56bfc062723c751e8b465ee728b)
Start importing Assets/BayatGames/Free Platform Game Assets/Backgrounds/New Background ( Update 1.9 )/png/1920x1080/background/NewBackgraound 1920x1080.png using Guid(f7663f2a818355d43a78a0b104c72971) Importer(815301076,1909f56bfc062723c751e8b465ee728b)  -> (artifact id: '63a22a3cafc8137f6014d19194d242da') in 0.138875 seconds
Number of updated asset objects reloaded before import = 0
Number of asset objects unloaded after import = 3
========================================================================
Received Import Request.
  Time since last request: 6.215956 seconds.
  path: Assets/BayatGames/Free Platform Game Assets/Backgrounds/New Background ( Update 1.9 )/png/1920x1080/all
  artifactKey: Guid(5aa071ceb2d29784092f173dcd64d3e3) Importer(815301076,1909f56bfc062723c751e8b465ee728b)
Start importing Assets/BayatGames/Free Platform Game Assets/Backgrounds/New Background ( Update 1.9 )/png/1920x1080/all using Guid(5aa071ceb2d29784092f173dcd64d3e3) Importer(815301076,1909f56bfc062723c751e8b465ee728b)  -> (artifact id: '0c72005fe855a4a7be2c8f14f418a736') in 0.000706 seconds
Number of updated asset objects reloaded before import = 0
Number of asset objects unloaded after import = 0
========================================================================
Received Import Request.
  Time since last request: 0.076964 seconds.
  path: Assets/BayatGames/Free Platform Game Assets/Backgrounds/New Background ( Update 1.9 )/png/1920x1080/all/Back.png
  artifactKey: Guid(1dc19f755c895704a8d9d5119f1ae43f) Importer(815301076,1909f56bfc062723c751e8b465ee728b)
Start importing Assets/BayatGames/Free Platform Game Assets/Backgrounds/New Background ( Update 1.9 )/png/1920x1080/all/Back.png using Guid(1dc19f755c895704a8d9d5119f1ae43f) Importer(815301076,1909f56bfc062723c751e8b465ee728b)  -> (artifact id: 'b6422736e9fecd867db60b01819b5dcf') in 0.063955 seconds
Number of updated asset objects reloaded before import = 0
Number of asset objects unloaded after import = 3
========================================================================
Received Import Request.
  Time since last request: 5.357558 seconds.
  path: Assets/BayatGames/Free Platform Game Assets/Backgrounds/Background/png/2048x1536
  artifactKey: Guid(70adca9458902ca42a555ce516141296) Importer(815301076,1909f56bfc062723c751e8b465ee728b)
Start importing Assets/BayatGames/Free Platform Game Assets/Backgrounds/Background/png/2048x1536 using Guid(70adca9458902ca42a555ce516141296) Importer(815301076,1909f56bfc062723c751e8b465ee728b)  -> (artifact id: '070473a449a6b8e907ae7ed841f078d1') in 0.000610 seconds
Number of updated asset objects reloaded before import = 0
Number of asset objects unloaded after import = 0
========================================================================
Received Import Request.
  Time since last request: 0.621946 seconds.
  path: Assets/BayatGames/Free Platform Game Assets/Backgrounds/Background/png/2048x1536/Background
  artifactKey: Guid(82cae7844dfcb8d409d3b406ec7da607) Importer(815301076,1909f56bfc062723c751e8b465ee728b)
Start importing Assets/BayatGames/Free Platform Game Assets/Backgrounds/Background/png/2048x1536/Background using Guid(82cae7844dfcb8d409d3b406ec7da607) Importer(815301076,1909f56bfc062723c751e8b465ee728b)  -> (artifact id: '2f32e967829ad160df76fee8a603d5b8') in 0.000546 seconds
Number of updated asset objects reloaded before import = 0
Number of asset objects unloaded after import = 0
========================================================================
Received Import Request.
  Time since last request: 0.086770 seconds.
  path: Assets/BayatGames/Free Platform Game Assets/Backgrounds/Background/png/2048x1536/Background/Background.png
  artifactKey: Guid(f222fb00e3182624888826a2fc58db96) Importer(815301076,1909f56bfc062723c751e8b465ee728b)
Start importing Assets/BayatGames/Free Platform Game Assets/Backgrounds/Background/png/2048x1536/Background/Background.png using Guid(f222fb00e3182624888826a2fc58db96) Importer(815301076,1909f56bfc062723c751e8b465ee728b)  -> (artifact id: '57eba3bb1d2312b695ce5101d216063f') in 0.024222 seconds
Number of updated asset objects reloaded before import = 0
Number of asset objects unloaded after import = 3
========================================================================
Received Prepare
Begin MonoManager ReloadAssembly
Symbol file LoadedFromMemory is not a mono symbol file
- Loaded All Assemblies, in  0.705 seconds
Refreshing native plugins compatible for Editor in 18.04 ms, found 2 plugins.
Native extension for WindowsStandalone target not found
[Package Manager] Server::EnsureServerProcessIsRunning -- launch failed, reason: Unity was launched with the -noUpm command-line argument
[Package Manager] UpmClient::Send -- Unable to send message (not connected to UPM process).
[Package Manager] Cannot connect to Unity Package Manager local server
Mono: successfully reloaded assembly
- Finished resetting the current domain, in  1.623 seconds
Domain Reload Profiling: 2324ms
	BeginReloadAssembly (236ms)
		ExecutionOrderSort (0ms)
		DisableScriptedObjects (8ms)
		BackupInstance (0ms)
		ReleaseScriptingObjects (0ms)
		CreateAndSetChildDomain (60ms)
	RebuildCommonClasses (55ms)
	RebuildNativeTypeToScriptingClass (18ms)
	initialDomainReloadingComplete (55ms)
	LoadAllAssembliesAndSetupDomain (337ms)
		LoadAssemblies (447ms)
		RebuildTransferFunctionScriptingTraits (0ms)
		AnalyzeDomain (16ms)
			TypeCache.Refresh (8ms)
				TypeCache.ScanAssembly (0ms)
			ScanForSourceGeneratedMonoScriptInfo (0ms)
			ResolveRequiredComponents (7ms)
	FinalizeReload (1624ms)
		ReleaseScriptCaches (0ms)
		RebuildScriptCaches (0ms)
		SetupLoadedEditorAssemblies (943ms)
			LogAssemblyErrors (0ms)
			InitializePlatformSupportModulesInManaged (8ms)
			SetLoadedEditorAssemblies (7ms)
			RefreshPlugins (0ms)
			BeforeProcessingInitializeOnLoad (106ms)
			ProcessInitializeOnLoadAttributes (528ms)
			ProcessInitializeOnLoadMethodAttributes (282ms)
			AfterProcessingInitializeOnLoad (12ms)
			EditorAssembliesLoaded (1ms)
		ExecutionOrderSort2 (0ms)
		AwakeInstancesAfterBackupRestoration (14ms)
Refreshing native plugins compatible for Editor in 15.87 ms, found 2 plugins.
Preloading 0 native plugins for Editor in 0.00 ms.
Unloading 2543 Unused Serialized files (Serialized files now loaded: 0)
Unloading 56 unused Assets / (47.0 KB). Loaded Objects now: 2997.
Memory consumption went from 116.7 MB to 116.7 MB.
Total: 13.867600 ms (FindLiveObjects: 0.761600 ms CreateObjectMapping: 0.224400 ms MarkObjects: 12.666900 ms  DeleteObjects: 0.213200 ms)

Prepare: number of updated asset objects reloaded= 0
AssetImportParameters requested are different than current active one (requested -> active):
  custom:video-decoder-webm-vp8: 9c59270c3fd7afecdb556c50c9e8de78 -> 
  custom:SearchIndexIgnoredProperties: e643bd26f0fe6173181afceb89e7c659 -> 
  custom:container-demuxer-ogg: 62fdf1f143b41e24485cea50d1cbac27 -> 
  custom:AudioImporter_EditorPlatform: d09bf68614088b80899f8185d706f6e7 -> 
  custom:video-codec-MediaFoundation-h265: 746d11721c4dcdbdad8f713fa42b33f4 -> 
  custom:video-decoder-ogg-theora: a1e56fd34408186e4bbccfd4996cb3dc -> 
  custom:framework-win-MediaFoundation: 216162199b28c13a410421893ffa2e32 -> 
  custom:video-encoder-webm-vp8: eb34c28f22e8b96e1ab97ce403110664 -> 
  custom:audio-decoder-ogg-vorbis: bf7c407c2cedff20999df2af8eb42d56 -> 
  custom:CustomObjectIndexerAttribute: 9a22284fe3817be447336de3de66b15e -> 
  custom:container-demuxer-webm: 4f35f7cbe854078d1ac9338744f61a02 -> 
  custom:audio-encoder-webm-vorbis: bf7c407c2cedff20999df2af8eb42d56 -> 
  custom:container-muxer-webm: aa71ff27fc2769a1b78a27578f13a17b -> 
========================================================================
Received Import Request.
  Time since last request: 1024.574529 seconds.
  path: Assets/Warped Caves/Artwork
  artifactKey: Guid(b938a8bf4e83049c399e141cb70dbeb4) Importer(815301076,1909f56bfc062723c751e8b465ee728b)
Start importing Assets/Warped Caves/Artwork using Guid(b938a8bf4e83049c399e141cb70dbeb4) Importer(815301076,1909f56bfc062723c751e8b465ee728b)  -> (artifact id: 'ceae8d79c707fbf5811da9b3d1a33d53') in 0.001972 seconds
Number of updated asset objects reloaded before import = 0
Number of asset objects unloaded after import = 0
========================================================================
Received Import Request.
  Time since last request: 0.657458 seconds.
  path: Assets/Warped Caves/Artwork/Sprites
  artifactKey: Guid(246d35eb3ae0a4a1dbb289c2b7543cda) Importer(815301076,1909f56bfc062723c751e8b465ee728b)
Start importing Assets/Warped Caves/Artwork/Sprites using Guid(246d35eb3ae0a4a1dbb289c2b7543cda) Importer(815301076,1909f56bfc062723c751e8b465ee728b)  -> (artifact id: '02ce5672b4e4def004a71d634f46b461') in 0.000489 seconds
Number of updated asset objects reloaded before import = 0
Number of asset objects unloaded after import = 0
========================================================================
Received Import Request.
  Time since last request: 0.598579 seconds.
  path: Assets/Warped Caves/Artwork/Sprites/Fx
  artifactKey: Guid(494528a1b3894449db1e40a654ee8541) Importer(815301076,1909f56bfc062723c751e8b465ee728b)
Start importing Assets/Warped Caves/Artwork/Sprites/Fx using Guid(494528a1b3894449db1e40a654ee8541) Importer(815301076,1909f56bfc062723c751e8b465ee728b)  -> (artifact id: 'ebe1076cdf46e42af9cc8aac62a72172') in 0.000553 seconds
Number of updated asset objects reloaded before import = 0
Number of asset objects unloaded after import = 0
========================================================================
Received Import Request.
  Time since last request: 0.545285 seconds.
  path: Assets/Warped Caves/Artwork/Sprites/Fx/enemy-death/enemy-death-1.png
  artifactKey: Guid(844343837d99f4d15a6c8c2474e89b5b) Importer(815301076,1909f56bfc062723c751e8b465ee728b)
Start importing Assets/Warped Caves/Artwork/Sprites/Fx/enemy-death/enemy-death-1.png using Guid(844343837d99f4d15a6c8c2474e89b5b) Importer(815301076,1909f56bfc062723c751e8b465ee728b)  -> (artifact id: '071e28f4962c57c0006c9dce707d3539') in 0.075464 seconds
Number of updated asset objects reloaded before import = 0
Number of asset objects unloaded after import = 3
========================================================================
Received Import Request.
  Time since last request: 0.000018 seconds.
  path: Assets/Warped Caves/Artwork/Sprites/Fx/enemy-death
  artifactKey: Guid(ea9869ad332ab4beeb188a7bbc8f889a) Importer(815301076,1909f56bfc062723c751e8b465ee728b)
Start importing Assets/Warped Caves/Artwork/Sprites/Fx/enemy-death using Guid(ea9869ad332ab4beeb188a7bbc8f889a) Importer(815301076,1909f56bfc062723c751e8b465ee728b)  -> (artifact id: '48817825a8439c249087b76a9adf5421') in 0.000597 seconds
Number of updated asset objects reloaded before import = 0
Number of asset objects unloaded after import = 0
========================================================================
Received Import Request.
  Time since last request: 0.000032 seconds.
  path: Assets/Warped Caves/Artwork/Sprites/Fx/enemy-death/enemy-death-3.png
  artifactKey: Guid(a8c868134c2fd4c9cb9570398ae1dd1b) Importer(815301076,1909f56bfc062723c751e8b465ee728b)
Start importing Assets/Warped Caves/Artwork/Sprites/Fx/enemy-death/enemy-death-3.png using Guid(a8c868134c2fd4c9cb9570398ae1dd1b) Importer(815301076,1909f56bfc062723c751e8b465ee728b)  -> (artifact id: 'dceba611d2940ee01ebda4a45617550c') in 0.015298 seconds
Number of updated asset objects reloaded before import = 0
Number of asset objects unloaded after import = 3
========================================================================
Received Import Request.
  Time since last request: 0.000022 seconds.
  path: Assets/Warped Caves/Artwork/Sprites/Fx/enemy-death/enemy-death-4.png
  artifactKey: Guid(c63f5401fba1e49b7be21669f365e8e4) Importer(815301076,1909f56bfc062723c751e8b465ee728b)
Start importing Assets/Warped Caves/Artwork/Sprites/Fx/enemy-death/enemy-death-4.png using Guid(c63f5401fba1e49b7be21669f365e8e4) Importer(815301076,1909f56bfc062723c751e8b465ee728b)  -> (artifact id: '0df0f19a8e45d15bbf866d5beffa5ccf') in 0.015475 seconds
Number of updated asset objects reloaded before import = 0
Number of asset objects unloaded after import = 3
========================================================================
Received Import Request.
  Time since last request: 60165.127014 seconds.
  path: Assets/Platformer Assets/PNG/Items/coinGold.png
  artifactKey: Guid(f62da2471062bb24e8191df26fffc7fb) Importer(815301076,1909f56bfc062723c751e8b465ee728b)
Start importing Assets/Platformer Assets/PNG/Items/coinGold.png using Guid(f62da2471062bb24e8191df26fffc7fb) Importer(815301076,1909f56bfc062723c751e8b465ee728b)  -> (artifact id: '08e817a642b4d48799044e50cf4a3230') in 0.075706 seconds
Number of updated asset objects reloaded before import = 0
Number of asset objects unloaded after import = 3
========================================================================
Received Import Request.
  Time since last request: 0.306618 seconds.
  path: Assets/Platformer Assets/PNG/Items/flagBlue2.png
  artifactKey: Guid(c25e6e45662d80c49a9247700dfbe4f0) Importer(815301076,1909f56bfc062723c751e8b465ee728b)
Start importing Assets/Platformer Assets/PNG/Items/flagBlue2.png using Guid(c25e6e45662d80c49a9247700dfbe4f0) Importer(815301076,1909f56bfc062723c751e8b465ee728b)  -> (artifact id: 'c7d4839efd151afe0c96acc8be25f832') in 0.023089 seconds
Number of updated asset objects reloaded before import = 0
Number of asset objects unloaded after import = 3
========================================================================
Received Import Request.
  Time since last request: 0.000018 seconds.
  path: Assets/Platformer Assets/PNG/Items/flagGreen1.png
  artifactKey: Guid(a1749bc0358201a449e1d7dec1b1e8ef) Importer(815301076,1909f56bfc062723c751e8b465ee728b)
Start importing Assets/Platformer Assets/PNG/Items/flagGreen1.png using Guid(a1749bc0358201a449e1d7dec1b1e8ef) Importer(815301076,1909f56bfc062723c751e8b465ee728b)  -> (artifact id: '639b4b52c2be622ee7efd0e6181ab7e5') in 0.021628 seconds
Number of updated asset objects reloaded before import = 0
Number of asset objects unloaded after import = 3
========================================================================
Received Import Request.
  Time since last request: 0.000022 seconds.
  path: Assets/Platformer Assets/PNG/Items/flagRed2.png
  artifactKey: Guid(e38e92af6315f5344a4239420a734abb) Importer(815301076,1909f56bfc062723c751e8b465ee728b)
Start importing Assets/Platformer Assets/PNG/Items/flagRed2.png using Guid(e38e92af6315f5344a4239420a734abb) Importer(815301076,1909f56bfc062723c751e8b465ee728b)  -> (artifact id: '5e52e97dd84817fd7ff8fc739982581f') in 0.014982 seconds
Number of updated asset objects reloaded before import = 0
Number of asset objects unloaded after import = 3
========================================================================
Received Import Request.
  Time since last request: 0.000023 seconds.
  path: Assets/Platformer Assets/PNG/Items/flagRed1.png
  artifactKey: Guid(88429d0a0f1085b4c8e46080c9f85278) Importer(815301076,1909f56bfc062723c751e8b465ee728b)
Start importing Assets/Platformer Assets/PNG/Items/flagRed1.png using Guid(88429d0a0f1085b4c8e46080c9f85278) Importer(815301076,1909f56bfc062723c751e8b465ee728b)  -> (artifact id: '4e24be68de0b674ffc014b8060349aff') in 0.014250 seconds
Number of updated asset objects reloaded before import = 0
Number of asset objects unloaded after import = 3
========================================================================
Received Import Request.
  Time since last request: 0.010625 seconds.
  path: Assets/Platformer Assets/PNG/Items/flagGreen2.png
  artifactKey: Guid(fd92a64721cfb304d8ba226b22316d90) Importer(815301076,1909f56bfc062723c751e8b465ee728b)
Start importing Assets/Platformer Assets/PNG/Items/flagGreen2.png using Guid(fd92a64721cfb304d8ba226b22316d90) Importer(815301076,1909f56bfc062723c751e8b465ee728b)  -> (artifact id: '9858ae88fa5fcd5278269e10c1fc5c93') in 0.018470 seconds
Number of updated asset objects reloaded before import = 0
Number of asset objects unloaded after import = 3
========================================================================
Received Import Request.
  Time since last request: 0.000019 seconds.
  path: Assets/Platformer Assets/PNG/Items/gemGreen.png
  artifactKey: Guid(51e1173f77c611d4f97fd8e4aef70873) Importer(815301076,1909f56bfc062723c751e8b465ee728b)
Start importing Assets/Platformer Assets/PNG/Items/gemGreen.png using Guid(51e1173f77c611d4f97fd8e4aef70873) Importer(815301076,1909f56bfc062723c751e8b465ee728b)  -> (artifact id: '4c6c1872ffa0ed8e585a8b6bfb7caf25') in 0.015268 seconds
Number of updated asset objects reloaded before import = 0
Number of asset objects unloaded after import = 3
========================================================================
Received Import Request.
  Time since last request: 0.000025 seconds.
  path: Assets/Platformer Assets/PNG/Items/gemYellow.png
  artifactKey: Guid(336969edc4d095343b85f329cbf11094) Importer(815301076,1909f56bfc062723c751e8b465ee728b)
Start importing Assets/Platformer Assets/PNG/Items/gemYellow.png using Guid(336969edc4d095343b85f329cbf11094) Importer(815301076,1909f56bfc062723c751e8b465ee728b)  -> (artifact id: '9882dd2831e1816e144138c470a8ae99') in 0.015287 seconds
Number of updated asset objects reloaded before import = 0
Number of asset objects unloaded after import = 3
========================================================================
Received Import Request.
  Time since last request: 0.000031 seconds.
  path: Assets/Platformer Assets/PNG/Items/keyGreen.png
  artifactKey: Guid(2236f9df7c5dedf43ad08dab56108c29) Importer(815301076,1909f56bfc062723c751e8b465ee728b)
Start importing Assets/Platformer Assets/PNG/Items/keyGreen.png using Guid(2236f9df7c5dedf43ad08dab56108c29) Importer(815301076,1909f56bfc062723c751e8b465ee728b)  -> (artifact id: '9650a45cd8eaa31d212e619604517a60') in 0.015615 seconds
Number of updated asset objects reloaded before import = 0
Number of asset objects unloaded after import = 3
========================================================================
Received Import Request.
  Time since last request: 0.005896 seconds.
  path: Assets/Platformer Assets/PNG/Items/star.png
  artifactKey: Guid(ba578c9f13e70ed4b9ebe451021227f3) Importer(815301076,1909f56bfc062723c751e8b465ee728b)
Start importing Assets/Platformer Assets/PNG/Items/star.png using Guid(ba578c9f13e70ed4b9ebe451021227f3) Importer(815301076,1909f56bfc062723c751e8b465ee728b)  -> (artifact id: 'e03d5eceaeafad710bb6ea99db68c172') in 0.018553 seconds
Number of updated asset objects reloaded before import = 0
Number of asset objects unloaded after import = 3
========================================================================
Received Import Request.
  Time since last request: 0.000037 seconds.
  path: Assets/Platformer Assets/PNG/Items/flagBlue1.png
  artifactKey: Guid(de8ea73c660f8cd43b4a7cbc1898a1ad) Importer(815301076,1909f56bfc062723c751e8b465ee728b)
Start importing Assets/Platformer Assets/PNG/Items/flagBlue1.png using Guid(de8ea73c660f8cd43b4a7cbc1898a1ad) Importer(815301076,1909f56bfc062723c751e8b465ee728b)  -> (artifact id: '8c7e08ebcf3dc450eda5382c0c4afea5') in 0.020391 seconds
Number of updated asset objects reloaded before import = 0
Number of asset objects unloaded after import = 3
========================================================================
Received Import Request.
  Time since last request: 0.000021 seconds.
  path: Assets/Platformer Assets/PNG/Items/keyBlue.png
  artifactKey: Guid(8928cb42372dd1c45b319a1039697b78) Importer(815301076,1909f56bfc062723c751e8b465ee728b)
Start importing Assets/Platformer Assets/PNG/Items/keyBlue.png using Guid(8928cb42372dd1c45b319a1039697b78) Importer(815301076,1909f56bfc062723c751e8b465ee728b)  -> (artifact id: '5556cb8c18954324454e641dcedd53bd') in 0.019250 seconds
Number of updated asset objects reloaded before import = 0
Number of asset objects unloaded after import = 3
========================================================================
Received Import Request.
  Time since last request: 3.683190 seconds.
  path: Assets/Platformer Assets/PNG/Particles/brickGrey.png
  artifactKey: Guid(f7bab56b98cd8894c992f4f5c821e8d7) Importer(815301076,1909f56bfc062723c751e8b465ee728b)
Start importing Assets/Platformer Assets/PNG/Particles/brickGrey.png using Guid(f7bab56b98cd8894c992f4f5c821e8d7) Importer(815301076,1909f56bfc062723c751e8b465ee728b)  -> (artifact id: '58d769752339912edb17819149be8c56') in 0.016975 seconds
Number of updated asset objects reloaded before import = 0
Number of asset objects unloaded after import = 3
========================================================================
Received Import Request.
  Time since last request: 0.000022 seconds.
  path: Assets/Platformer Assets/PNG/Particles
  artifactKey: Guid(18be4d913b218234394cab133bc9b854) Importer(815301076,1909f56bfc062723c751e8b465ee728b)
Start importing Assets/Platformer Assets/PNG/Particles using Guid(18be4d913b218234394cab133bc9b854) Importer(815301076,1909f56bfc062723c751e8b465ee728b)  -> (artifact id: 'e6d84c8a1b92a7c73456341d47ec1bfa') in 0.000524 seconds
Number of updated asset objects reloaded before import = 0
Number of asset objects unloaded after import = 0
========================================================================
Received Import Request.
  Time since last request: 4.659910 seconds.
  path: Assets/Platformer Assets/PNG/Tiles/bombWhite.png
  artifactKey: Guid(01303106c971b894eb78f8e16bc57ca1) Importer(815301076,1909f56bfc062723c751e8b465ee728b)
Start importing Assets/Platformer Assets/PNG/Tiles/bombWhite.png using Guid(01303106c971b894eb78f8e16bc57ca1) Importer(815301076,1909f56bfc062723c751e8b465ee728b)  -> (artifact id: '6e171f143213e917092622abd1e50513') in 0.013446 seconds
Number of updated asset objects reloaded before import = 0
Number of asset objects unloaded after import = 3
========================================================================
Received Import Request.
  Time since last request: 0.000020 seconds.
  path: Assets/Platformer Assets/PNG/Tiles/boxCoin_boxed.png
  artifactKey: Guid(d3abd06c5e9a9ba49aecc668e273b3c4) Importer(815301076,1909f56bfc062723c751e8b465ee728b)
Start importing Assets/Platformer Assets/PNG/Tiles/boxCoin_boxed.png using Guid(d3abd06c5e9a9ba49aecc668e273b3c4) Importer(815301076,1909f56bfc062723c751e8b465ee728b)  -> (artifact id: '7fb7abf3ae4611e2ae43982926aaec03') in 0.014645 seconds
Number of updated asset objects reloaded before import = 0
Number of asset objects unloaded after import = 3
========================================================================
Received Import Request.
  Time since last request: 0.000021 seconds.
  path: Assets/Platformer Assets/PNG/Tiles/boxCrate.png
  artifactKey: Guid(35b83581b3b6e2a479f3cf773a2c784d) Importer(815301076,1909f56bfc062723c751e8b465ee728b)
Start importing Assets/Platformer Assets/PNG/Tiles/boxCrate.png using Guid(35b83581b3b6e2a479f3cf773a2c784d) Importer(815301076,1909f56bfc062723c751e8b465ee728b)  -> (artifact id: '242562320291b2e92d16a3783a2db038') in 0.016533 seconds
Number of updated asset objects reloaded before import = 0
Number of asset objects unloaded after import = 3
========================================================================
Received Import Request.
  Time since last request: 0.000020 seconds.
  path: Assets/Platformer Assets/PNG/Tiles/boxExplosive.png
  artifactKey: Guid(d9e0ce5c5289e7b4d808260465e87597) Importer(815301076,1909f56bfc062723c751e8b465ee728b)
Start importing Assets/Platformer Assets/PNG/Tiles/boxExplosive.png using Guid(d9e0ce5c5289e7b4d808260465e87597) Importer(815301076,1909f56bfc062723c751e8b465ee728b)  -> (artifact id: '9b0691e8ac2964acceb27bcab4e9d61d') in 0.014663 seconds
Number of updated asset objects reloaded before import = 0
Number of asset objects unloaded after import = 3
========================================================================
Received Import Request.
  Time since last request: 0.000018 seconds.
  path: Assets/Platformer Assets/PNG/Tiles/boxExplosive_used.png
  artifactKey: Guid(cdd0c107ce54b604089a7148ddad6685) Importer(815301076,1909f56bfc062723c751e8b465ee728b)
Start importing Assets/Platformer Assets/PNG/Tiles/boxExplosive_used.png using Guid(cdd0c107ce54b604089a7148ddad6685) Importer(815301076,1909f56bfc062723c751e8b465ee728b)  -> (artifact id: 'ee707d1e706c58c45332679746eb17c5') in 0.012348 seconds
Number of updated asset objects reloaded before import = 0
Number of asset objects unloaded after import = 3
========================================================================
Received Import Request.
  Time since last request: 0.000016 seconds.
  path: Assets/Platformer Assets/PNG/Tiles/boxItem_disabled_boxed.png
  artifactKey: Guid(385737cff0cad564fa5c339d5792345c) Importer(815301076,1909f56bfc062723c751e8b465ee728b)
Start importing Assets/Platformer Assets/PNG/Tiles/boxItem_disabled_boxed.png using Guid(385737cff0cad564fa5c339d5792345c) Importer(815301076,1909f56bfc062723c751e8b465ee728b)  -> (artifact id: '8300566f81472e82ff63ff4285a24917') in 0.012792 seconds
Number of updated asset objects reloaded before import = 0
Number of asset objects unloaded after import = 3
========================================================================
Received Import Request.
  Time since last request: 0.000015 seconds.
  path: Assets/Platformer Assets/PNG/Tiles/boxCrate_double.png
  artifactKey: Guid(7a4f90bdee12951409fcf68cc0f43160) Importer(815301076,1909f56bfc062723c751e8b465ee728b)
Start importing Assets/Platformer Assets/PNG/Tiles/boxCrate_double.png using Guid(7a4f90bdee12951409fcf68cc0f43160) Importer(815301076,1909f56bfc062723c751e8b465ee728b)  -> (artifact id: '3d799ebbfb02825569c36ebca11bb432') in 0.017800 seconds
Number of updated asset objects reloaded before import = 0
Number of asset objects unloaded after import = 3
========================================================================
Received Import Request.
  Time since last request: 0.000017 seconds.
  path: Assets/Platformer Assets/PNG/Tiles/bush.png
  artifactKey: Guid(fb587ccb8aeafa542899a377e98786c5) Importer(815301076,1909f56bfc062723c751e8b465ee728b)
Start importing Assets/Platformer Assets/PNG/Tiles/bush.png using Guid(fb587ccb8aeafa542899a377e98786c5) Importer(815301076,1909f56bfc062723c751e8b465ee728b)  -> (artifact id: '3cf1eb45925e4a08ce1dc304ed5ec2d6') in 0.013370 seconds
Number of updated asset objects reloaded before import = 0
Number of asset objects unloaded after import = 3
========================================================================
Received Import Request.
  Time since last request: 0.000018 seconds.
  path: Assets/Platformer Assets/PNG/Tiles/chain.png
  artifactKey: Guid(becf6d97dd1f2044ea61e7623c521ba0) Importer(815301076,1909f56bfc062723c751e8b465ee728b)
Start importing Assets/Platformer Assets/PNG/Tiles/chain.png using Guid(becf6d97dd1f2044ea61e7623c521ba0) Importer(815301076,1909f56bfc062723c751e8b465ee728b)  -> (artifact id: '452c1a0b896b0ccb266111b21d18286b') in 0.014318 seconds
Number of updated asset objects reloaded before import = 0
Number of asset objects unloaded after import = 3
========================================================================
Received Import Request.
  Time since last request: 0.000017 seconds.
  path: Assets/Platformer Assets/PNG/Tiles/doorOpen_mid.png
  artifactKey: Guid(c0b8dc9d3ed4e1646a7fcda1e71ec82e) Importer(815301076,1909f56bfc062723c751e8b465ee728b)
Start importing Assets/Platformer Assets/PNG/Tiles/doorOpen_mid.png using Guid(c0b8dc9d3ed4e1646a7fcda1e71ec82e) Importer(815301076,1909f56bfc062723c751e8b465ee728b)  -> (artifact id: 'ac540067cefebca639fd6489286fa8dc') in 0.013230 seconds
Number of updated asset objects reloaded before import = 0
Number of asset objects unloaded after import = 3
========================================================================
Received Import Request.
  Time since last request: 0.000021 seconds.
  path: Assets/Platformer Assets/PNG/Tiles/fence.png
  artifactKey: Guid(faa6bdf76fa77714884349016254a6fb) Importer(815301076,1909f56bfc062723c751e8b465ee728b)
Start importing Assets/Platformer Assets/PNG/Tiles/fence.png using Guid(faa6bdf76fa77714884349016254a6fb) Importer(815301076,1909f56bfc062723c751e8b465ee728b)  -> (artifact id: '3c77aaff45fb5314d95affa7fa5e579d') in 0.012407 seconds
Number of updated asset objects reloaded before import = 0
Number of asset objects unloaded after import = 3
========================================================================
Received Import Request.
  Time since last request: 0.000016 seconds.
  path: Assets/Platformer Assets/PNG/Tiles/ladderMid.png
  artifactKey: Guid(164b14c108ecec945a32102e2be6c7e1) Importer(815301076,1909f56bfc062723c751e8b465ee728b)
Start importing Assets/Platformer Assets/PNG/Tiles/ladderMid.png using Guid(164b14c108ecec945a32102e2be6c7e1) Importer(815301076,1909f56bfc062723c751e8b465ee728b)  -> (artifact id: '22f31a99521b0a2398f43f1dc313dcf7') in 0.013718 seconds
Number of updated asset objects reloaded before import = 0
Number of asset objects unloaded after import = 3
========================================================================
Received Import Request.
  Time since last request: 0.000018 seconds.
  path: Assets/Platformer Assets/PNG/Tiles/lava.png
  artifactKey: Guid(0720e44718921504db39edfdebd9e59e) Importer(815301076,1909f56bfc062723c751e8b465ee728b)
Start importing Assets/Platformer Assets/PNG/Tiles/lava.png using Guid(0720e44718921504db39edfdebd9e59e) Importer(815301076,1909f56bfc062723c751e8b465ee728b)  -> (artifact id: '9580a7a22e4d22d4917dcb63f62201db') in 0.013324 seconds
Number of updated asset objects reloaded before import = 0
Number of asset objects unloaded after import = 3
========================================================================
Received Import Request.
  Time since last request: 0.000022 seconds.
  path: Assets/Platformer Assets/PNG/Tiles/lavaTop_low.png
  artifactKey: Guid(4df0e3feab6fff94f99a723bfbd50721) Importer(815301076,1909f56bfc062723c751e8b465ee728b)
Start importing Assets/Platformer Assets/PNG/Tiles/lavaTop_low.png using Guid(4df0e3feab6fff94f99a723bfbd50721) Importer(815301076,1909f56bfc062723c751e8b465ee728b)  -> (artifact id: '37b7ba4edb9117c3089080297dedd90a') in 0.019359 seconds
Number of updated asset objects reloaded before import = 0
Number of asset objects unloaded after import = 3
========================================================================
Received Import Request.
  Time since last request: 0.000033 seconds.
  path: Assets/Platformer Assets/PNG/Tiles/lockBlue.png
  artifactKey: Guid(877b8ae16eccd41448b40d5a7331ac89) Importer(815301076,1909f56bfc062723c751e8b465ee728b)
Start importing Assets/Platformer Assets/PNG/Tiles/lockBlue.png using Guid(877b8ae16eccd41448b40d5a7331ac89) Importer(815301076,1909f56bfc062723c751e8b465ee728b)  -> (artifact id: '50359c133af17d60f70c43272714405e') in 0.015465 seconds
Number of updated asset objects reloaded before import = 0
Number of asset objects unloaded after import = 3
========================================================================
Received Import Request.
  Time since last request: 0.000020 seconds.
  path: Assets/Platformer Assets/PNG/Tiles/lockGreen.png
  artifactKey: Guid(09c1f8466149d5f41b332c93d51d369e) Importer(815301076,1909f56bfc062723c751e8b465ee728b)
Start importing Assets/Platformer Assets/PNG/Tiles/lockGreen.png using Guid(09c1f8466149d5f41b332c93d51d369e) Importer(815301076,1909f56bfc062723c751e8b465ee728b)  -> (artifact id: '695a1e85e9a464687a40ea6f7dfb97f5') in 0.012623 seconds
Number of updated asset objects reloaded before import = 0
Number of asset objects unloaded after import = 3
========================================================================
Received Import Request.
  Time since last request: 0.000016 seconds.
  path: Assets/Platformer Assets/PNG/Tiles/mushroomBrown.png
  artifactKey: Guid(a3a6ae381fe0de940921d1b7b77a167c) Importer(815301076,1909f56bfc062723c751e8b465ee728b)
Start importing Assets/Platformer Assets/PNG/Tiles/mushroomBrown.png using Guid(a3a6ae381fe0de940921d1b7b77a167c) Importer(815301076,1909f56bfc062723c751e8b465ee728b)  -> (artifact id: 'e54b73d73653c0e3c14115b17b846205') in 0.012250 seconds
Number of updated asset objects reloaded before import = 0
Number of asset objects unloaded after import = 3
========================================================================
Received Import Request.
  Time since last request: 0.000020 seconds.
  path: Assets/Platformer Assets/PNG/Tiles/mushroomRed.png
  artifactKey: Guid(387da7850b2546b4288f4a7b5ed2ef52) Importer(815301076,1909f56bfc062723c751e8b465ee728b)
Start importing Assets/Platformer Assets/PNG/Tiles/mushroomRed.png using Guid(387da7850b2546b4288f4a7b5ed2ef52) Importer(815301076,1909f56bfc062723c751e8b465ee728b)  -> (artifact id: 'd36111feb6722b3dfceffe9164b3b57a') in 0.013825 seconds
Number of updated asset objects reloaded before import = 0
Number of asset objects unloaded after import = 3
========================================================================
Received Import Request.
  Time since last request: 0.000015 seconds.
  path: Assets/Platformer Assets/PNG/Tiles/signExit.png
  artifactKey: Guid(ad0c452e9806384428764744286232a0) Importer(815301076,1909f56bfc062723c751e8b465ee728b)
Start importing Assets/Platformer Assets/PNG/Tiles/signExit.png using Guid(ad0c452e9806384428764744286232a0) Importer(815301076,1909f56bfc062723c751e8b465ee728b)  -> (artifact id: 'a87a2c5f7e401200bbf7628e7a37dbfa') in 0.016366 seconds
Number of updated asset objects reloaded before import = 0
Number of asset objects unloaded after import = 3
========================================================================
Received Import Request.
  Time since last request: 0.000022 seconds.
  path: Assets/Platformer Assets/PNG/Tiles/doorClosed_top.png
  artifactKey: Guid(fe42f799567e60d42bf30b0a38c93d79) Importer(815301076,1909f56bfc062723c751e8b465ee728b)
Start importing Assets/Platformer Assets/PNG/Tiles/doorClosed_top.png using Guid(fe42f799567e60d42bf30b0a38c93d79) Importer(815301076,1909f56bfc062723c751e8b465ee728b)  -> (artifact id: '6b26bf342c50de872cb1151bc8b3f9e3') in 0.023979 seconds
Number of updated asset objects reloaded before import = 0
Number of asset objects unloaded after import = 3
========================================================================
Received Import Request.
  Time since last request: 0.000022 seconds.
  path: Assets/Platformer Assets/PNG/Tiles/fenceBroken.png
  artifactKey: Guid(8a1dd57cc0614ac41b82700f0e4d63d8) Importer(815301076,1909f56bfc062723c751e8b465ee728b)
Start importing Assets/Platformer Assets/PNG/Tiles/fenceBroken.png using Guid(8a1dd57cc0614ac41b82700f0e4d63d8) Importer(815301076,1909f56bfc062723c751e8b465ee728b)  -> (artifact id: '4c1b13b58b1894b15a40f69827d8d0c0') in 0.018245 seconds
Number of updated asset objects reloaded before import = 0
Number of asset objects unloaded after import = 3
========================================================================
Received Import Request.
  Time since last request: 0.000017 seconds.
  path: Assets/Platformer Assets/PNG/Tiles/brickBrown.png
  artifactKey: Guid(cdfbca5de7a179a43ab05fc63b567ba8) Importer(815301076,1909f56bfc062723c751e8b465ee728b)
Start importing Assets/Platformer Assets/PNG/Tiles/brickBrown.png using Guid(cdfbca5de7a179a43ab05fc63b567ba8) Importer(815301076,1909f56bfc062723c751e8b465ee728b)  -> (artifact id: 'fc5c45ebd5ee616691e46663b0aa565d') in 0.016033 seconds
Number of updated asset objects reloaded before import = 0
Number of asset objects unloaded after import = 3
========================================================================
Received Import Request.
  Time since last request: 0.000031 seconds.
  path: Assets/Platformer Assets/PNG/Tiles/sign.png
  artifactKey: Guid(9188226f64a3312419843a4a9de76ac9) Importer(815301076,1909f56bfc062723c751e8b465ee728b)
Start importing Assets/Platformer Assets/PNG/Tiles/sign.png using Guid(9188226f64a3312419843a4a9de76ac9) Importer(815301076,1909f56bfc062723c751e8b465ee728b)  -> (artifact id: 'c89d57579252cc43db5cee490918460d') in 0.018942 seconds
Number of updated asset objects reloaded before import = 0
Number of asset objects unloaded after import = 3
========================================================================
Received Import Request.
  Time since last request: 0.402264 seconds.
  path: Assets/Platformer Assets/PNG/Tiles/signRight.png
  artifactKey: Guid(5f0545c8676c0fa499d160d8b15a9eaf) Importer(815301076,1909f56bfc062723c751e8b465ee728b)
Start importing Assets/Platformer Assets/PNG/Tiles/signRight.png using Guid(5f0545c8676c0fa499d160d8b15a9eaf) Importer(815301076,1909f56bfc062723c751e8b465ee728b)  -> (artifact id: '30ca41a5f909078097492d63f0dd9d26') in 0.029962 seconds
Number of updated asset objects reloaded before import = 0
Number of asset objects unloaded after import = 3
========================================================================
Received Import Request.
  Time since last request: 0.000022 seconds.
  path: Assets/Platformer Assets/PNG/Tiles/spikes.png
  artifactKey: Guid(26e6b2daf97d9fc449c03f5026d1f436) Importer(815301076,1909f56bfc062723c751e8b465ee728b)
Start importing Assets/Platformer Assets/PNG/Tiles/spikes.png using Guid(26e6b2daf97d9fc449c03f5026d1f436) Importer(815301076,1909f56bfc062723c751e8b465ee728b)  -> (artifact id: '69f50a943ce3778b2628693798ec6ad1') in 0.015659 seconds
Number of updated asset objects reloaded before import = 0
Number of asset objects unloaded after import = 3
========================================================================
Received Import Request.
  Time since last request: 0.000021 seconds.
  path: Assets/Platformer Assets/PNG/Tiles/switchGreen.png
  artifactKey: Guid(90c497c8f9ef4d447834002b6dd8535f) Importer(815301076,1909f56bfc062723c751e8b465ee728b)
Start importing Assets/Platformer Assets/PNG/Tiles/switchGreen.png using Guid(90c497c8f9ef4d447834002b6dd8535f) Importer(815301076,1909f56bfc062723c751e8b465ee728b)  -> (artifact id: '035969a605e488fa1e5090cb9a543101') in 0.016226 seconds
Number of updated asset objects reloaded before import = 0
Number of asset objects unloaded after import = 3
========================================================================
Received Import Request.
  Time since last request: 0.000023 seconds.
  path: Assets/Platformer Assets/PNG/Tiles/switchRed.png
  artifactKey: Guid(09efab2d8932e4e42890475078f49d82) Importer(815301076,1909f56bfc062723c751e8b465ee728b)
Start importing Assets/Platformer Assets/PNG/Tiles/switchRed.png using Guid(09efab2d8932e4e42890475078f49d82) Importer(815301076,1909f56bfc062723c751e8b465ee728b)  -> (artifact id: '8d0e53f59fbd93a5241b047ebe6aee9e') in 0.025589 seconds
Number of updated asset objects reloaded before import = 0
Number of asset objects unloaded after import = 3
========================================================================
Received Import Request.
  Time since last request: 0.000042 seconds.
  path: Assets/Platformer Assets/PNG/Tiles/switchBlue.png
  artifactKey: Guid(7c957010ebbd5674b815e032e6198759) Importer(815301076,1909f56bfc062723c751e8b465ee728b)
Start importing Assets/Platformer Assets/PNG/Tiles/switchBlue.png using Guid(7c957010ebbd5674b815e032e6198759) Importer(815301076,1909f56bfc062723c751e8b465ee728b)  -> (artifact id: '209a61924841fca4f37079f8298d77f3') in 0.018373 seconds
Number of updated asset objects reloaded before import = 0
Number of asset objects unloaded after import = 3
========================================================================
Received Import Request.
  Time since last request: 0.000017 seconds.
  path: Assets/Platformer Assets/PNG/Tiles/spring.png
  artifactKey: Guid(3a6629039ca37c64a9666fb4fadcb4de) Importer(815301076,1909f56bfc062723c751e8b465ee728b)
Start importing Assets/Platformer Assets/PNG/Tiles/spring.png using Guid(3a6629039ca37c64a9666fb4fadcb4de) Importer(815301076,1909f56bfc062723c751e8b465ee728b)  -> (artifact id: '37664f8d91ad0b9cb6602e60e42673dc') in 0.017545 seconds
Number of updated asset objects reloaded before import = 0
Number of asset objects unloaded after import = 3
========================================================================
Received Import Request.
  Time since last request: 0.369008 seconds.
  path: Assets/Platformer Assets/PNG/Tiles/switchYellow_pressed.png
  artifactKey: Guid(54c5d5307d042d447900c099734ac170) Importer(815301076,1909f56bfc062723c751e8b465ee728b)
Start importing Assets/Platformer Assets/PNG/Tiles/switchYellow_pressed.png using Guid(54c5d5307d042d447900c099734ac170) Importer(815301076,1909f56bfc062723c751e8b465ee728b)  -> (artifact id: '87eaa01ea0ea66b6fc4856d8906c2a02') in 0.014929 seconds
Number of updated asset objects reloaded before import = 0
Number of asset objects unloaded after import = 3
========================================================================
Received Import Request.
  Time since last request: 0.000018 seconds.
  path: Assets/Platformer Assets/PNG/Tiles/torch2.png
  artifactKey: Guid(dd0f6e96e80182e46bffbe18c67cd155) Importer(815301076,1909f56bfc062723c751e8b465ee728b)
Start importing Assets/Platformer Assets/PNG/Tiles/torch2.png using Guid(dd0f6e96e80182e46bffbe18c67cd155) Importer(815301076,1909f56bfc062723c751e8b465ee728b)  -> (artifact id: 'd4dad8b03ff05bece4ad572b1d1e8a1e') in 0.014111 seconds
Number of updated asset objects reloaded before import = 0
Number of asset objects unloaded after import = 3
========================================================================
Received Import Request.
  Time since last request: 0.000028 seconds.
  path: Assets/Platformer Assets/PNG/Tiles/waterTop_high.png
  artifactKey: Guid(748cedcb2b4e4714b81da304f04a7843) Importer(815301076,1909f56bfc062723c751e8b465ee728b)
Start importing Assets/Platformer Assets/PNG/Tiles/waterTop_high.png using Guid(748cedcb2b4e4714b81da304f04a7843) Importer(815301076,1909f56bfc062723c751e8b465ee728b)  -> (artifact id: 'c31a9e96a146a9fecc6a1fb1caf0eaa8') in 0.013842 seconds
Number of updated asset objects reloaded before import = 0
Number of asset objects unloaded after import = 3
========================================================================
Received Import Request.
  Time since last request: 0.000017 seconds.
  path: Assets/Platformer Assets/PNG/Tiles/weightAttached.png
  artifactKey: Guid(45757637d6cad094cb5d8357bfddbe11) Importer(815301076,1909f56bfc062723c751e8b465ee728b)
Start importing Assets/Platformer Assets/PNG/Tiles/weightAttached.png using Guid(45757637d6cad094cb5d8357bfddbe11) Importer(815301076,1909f56bfc062723c751e8b465ee728b)  -> (artifact id: '2cc9963e1d58a5bb1403ed18554f1a2f') in 0.022257 seconds
Number of updated asset objects reloaded before import = 0
Number of asset objects unloaded after import = 3
========================================================================
Received Import Request.
  Time since last request: 0.000018 seconds.
  path: Assets/Platformer Assets/PNG/Tiles/window.png
  artifactKey: Guid(b212fe2b740ed834c9188dd9bcca52c7) Importer(815301076,1909f56bfc062723c751e8b465ee728b)
Start importing Assets/Platformer Assets/PNG/Tiles/window.png using Guid(b212fe2b740ed834c9188dd9bcca52c7) Importer(815301076,1909f56bfc062723c751e8b465ee728b)  -> (artifact id: '4b9690e265c744bf03174564942076c9') in 0.022758 seconds
Number of updated asset objects reloaded before import = 0
Number of asset objects unloaded after import = 3
========================================================================
Received Import Request.
  Time since last request: 0.000022 seconds.
  path: Assets/Platformer Assets/PNG/Tiles/torchOff.png
  artifactKey: Guid(1410780306e9c78499aec6d070c1dcdc) Importer(815301076,1909f56bfc062723c751e8b465ee728b)
Start importing Assets/Platformer Assets/PNG/Tiles/torchOff.png using Guid(1410780306e9c78499aec6d070c1dcdc) Importer(815301076,1909f56bfc062723c751e8b465ee728b)  -> (artifact id: '75a5b7141d51c7af5a4d1f1d7f12d1e6') in 0.024779 seconds
Number of updated asset objects reloaded before import = 0
Number of asset objects unloaded after import = 3
========================================================================
Received Import Request.
  Time since last request: 383.205744 seconds.
  path: Assets/BayatGames/Free Platform Game Assets/Tiles/2D Tiles ( Update 1.9 )/Autumn/128x128/GrassLeft.png
  artifactKey: Guid(d1736567c2c2dd3429ca987e6cd63763) Importer(815301076,1909f56bfc062723c751e8b465ee728b)
Start importing Assets/BayatGames/Free Platform Game Assets/Tiles/2D Tiles ( Update 1.9 )/Autumn/128x128/GrassLeft.png using Guid(d1736567c2c2dd3429ca987e6cd63763) Importer(815301076,1909f56bfc062723c751e8b465ee728b)  -> (artifact id: 'fadaca9898f525aa955c6c6627a871c8') in 0.027443 seconds
Number of updated asset objects reloaded before import = 0
Number of asset objects unloaded after import = 3
========================================================================
Received Import Request.
  Time since last request: 0.000019 seconds.
  path: Assets/BayatGames/Free Platform Game Assets/Tiles/2.5D Tiles/Winter ( Update 1.9 )/128x128/GrassMid.png
  artifactKey: Guid(e45ba45b7c0d73342b87665619ea142a) Importer(815301076,1909f56bfc062723c751e8b465ee728b)
Start importing Assets/BayatGames/Free Platform Game Assets/Tiles/2.5D Tiles/Winter ( Update 1.9 )/128x128/GrassMid.png using Guid(e45ba45b7c0d73342b87665619ea142a) Importer(815301076,1909f56bfc062723c751e8b465ee728b)  -> (artifact id: 'f9f1b6d9f2b983447e1c2f434002b1a4') in 0.011069 seconds
Number of updated asset objects reloaded before import = 0
Number of asset objects unloaded after import = 3
========================================================================
Received Import Request.
  Time since last request: 0.002339 seconds.
  path: Assets/BayatGames/Free Platform Game Assets/Tiles/2D Tiles ( Update 1.9 )/Autumn/512x512/GrassMid.png
  artifactKey: Guid(35d04c51a6d9b184996f383e51d1e04c) Importer(815301076,1909f56bfc062723c751e8b465ee728b)
Start importing Assets/BayatGames/Free Platform Game Assets/Tiles/2D Tiles ( Update 1.9 )/Autumn/512x512/GrassMid.png using Guid(35d04c51a6d9b184996f383e51d1e04c) Importer(815301076,1909f56bfc062723c751e8b465ee728b)  -> (artifact id: '0c9dc8cb31fc2ff6f099a23a706dad52') in 0.013328 seconds
Number of updated asset objects reloaded before import = 0
Number of asset objects unloaded after import = 3
========================================================================
Received Import Request.
  Time since last request: 0.000019 seconds.
  path: Assets/BayatGames/Free Platform Game Assets/Tiles/2D Tiles ( Update 1.9 )/Spring/512x512/GrassMid.png
  artifactKey: Guid(d51dc24fb76e034449203ada02df7950) Importer(815301076,1909f56bfc062723c751e8b465ee728b)
Start importing Assets/BayatGames/Free Platform Game Assets/Tiles/2D Tiles ( Update 1.9 )/Spring/512x512/GrassMid.png using Guid(d51dc24fb76e034449203ada02df7950) Importer(815301076,1909f56bfc062723c751e8b465ee728b)  -> (artifact id: 'c5a22066fe9609e810dd16c9d3284dc1') in 0.012460 seconds
Number of updated asset objects reloaded before import = 0
Number of asset objects unloaded after import = 3
========================================================================
Received Import Request.
  Time since last request: 0.000039 seconds.
  path: Assets/BayatGames/Free Platform Game Assets/Tiles/2D Tiles ( Update 1.9 )/Autumn/256x256/GrassMid.png
  artifactKey: Guid(4e78236c1a8223e48862222a09aedd8d) Importer(815301076,1909f56bfc062723c751e8b465ee728b)
Start importing Assets/BayatGames/Free Platform Game Assets/Tiles/2D Tiles ( Update 1.9 )/Autumn/256x256/GrassMid.png using Guid(4e78236c1a8223e48862222a09aedd8d) Importer(815301076,1909f56bfc062723c751e8b465ee728b)  -> (artifact id: 'e6a6d98e0d6e463cfcf063715759fafc') in 0.014648 seconds
Number of updated asset objects reloaded before import = 0
Number of asset objects unloaded after import = 3
========================================================================
Received Import Request.
  Time since last request: 0.305528 seconds.
  path: Assets/BayatGames/Free Platform Game Assets/Tiles/2D Tiles ( Update 1.9 )/Winter/512x512/GrassMid.png
  artifactKey: Guid(97f55587e72b8b449bc47bdb9cbd0e7b) Importer(815301076,1909f56bfc062723c751e8b465ee728b)
Start importing Assets/BayatGames/Free Platform Game Assets/Tiles/2D Tiles ( Update 1.9 )/Winter/512x512/GrassMid.png using Guid(97f55587e72b8b449bc47bdb9cbd0e7b) Importer(815301076,1909f56bfc062723c751e8b465ee728b)  -> (artifact id: '9563871b9b06158937d966007578647c') in 0.015253 seconds
Number of updated asset objects reloaded before import = 0
Number of asset objects unloaded after import = 3
========================================================================
Received Import Request.
  Time since last request: 0.000028 seconds.
  path: Assets/BayatGames/Free Platform Game Assets/Tiles/2D Tiles ( Update 1.9 )/Autumn/128x128/GrassMid.png
  artifactKey: Guid(81a811ecc61d9c14d93f7dbdeee253da) Importer(815301076,1909f56bfc062723c751e8b465ee728b)
Start importing Assets/BayatGames/Free Platform Game Assets/Tiles/2D Tiles ( Update 1.9 )/Autumn/128x128/GrassMid.png using Guid(81a811ecc61d9c14d93f7dbdeee253da) Importer(815301076,1909f56bfc062723c751e8b465ee728b)  -> (artifact id: 'c27ee47c8c333eca2c50ff38f8dfeb58') in 0.015353 seconds
Number of updated asset objects reloaded before import = 0
Number of asset objects unloaded after import = 3
========================================================================
Received Import Request.
  Time since last request: 3.041319 seconds.
  path: Assets/BayatGames/Free Platform Game Assets/Tiles/2D Tiles ( Update 1.9 )/Spring/128x128/GrassRight.png
  artifactKey: Guid(6647a81827a514d4bb1e39c9bb566d9f) Importer(815301076,1909f56bfc062723c751e8b465ee728b)
Start importing Assets/BayatGames/Free Platform Game Assets/Tiles/2D Tiles ( Update 1.9 )/Spring/128x128/GrassRight.png using Guid(6647a81827a514d4bb1e39c9bb566d9f) Importer(815301076,1909f56bfc062723c751e8b465ee728b)  -> (artifact id: '602c7d8f2848c172e331cc4f10ecb9ab') in 0.013420 seconds
Number of updated asset objects reloaded before import = 0
Number of asset objects unloaded after import = 3
========================================================================
Received Import Request.
  Time since last request: 0.189802 seconds.
  path: Assets/BayatGames/Free Platform Game Assets/Tiles/2D Tiles ( Update 1.9 )/Winter/512x512/GrassRight.png
  artifactKey: Guid(3d9067b7e2c201c4e808a188babb47f2) Importer(815301076,1909f56bfc062723c751e8b465ee728b)
Start importing Assets/BayatGames/Free Platform Game Assets/Tiles/2D Tiles ( Update 1.9 )/Winter/512x512/GrassRight.png using Guid(3d9067b7e2c201c4e808a188babb47f2) Importer(815301076,1909f56bfc062723c751e8b465ee728b)  -> (artifact id: '15a3094c90c2a8c3e990ed736f2ca24d') in 0.012817 seconds
Number of updated asset objects reloaded before import = 0
Number of asset objects unloaded after import = 3
========================================================================
Received Import Request.
  Time since last request: 0.001417 seconds.
  path: Assets/BayatGames/Free Platform Game Assets/Tiles/2D Tiles ( Update 1.9 )/Winter/256x256/GrassRight.png
  artifactKey: Guid(807d944831593ac48ac12bef59130538) Importer(815301076,1909f56bfc062723c751e8b465ee728b)
Start importing Assets/BayatGames/Free Platform Game Assets/Tiles/2D Tiles ( Update 1.9 )/Winter/256x256/GrassRight.png using Guid(807d944831593ac48ac12bef59130538) Importer(815301076,1909f56bfc062723c751e8b465ee728b)  -> (artifact id: '92ea3f2f3bce86eb3e87345f8dc48c13') in 0.019028 seconds
Number of updated asset objects reloaded before import = 0
Number of asset objects unloaded after import = 3
========================================================================
Received Import Request.
  Time since last request: 1.267167 seconds.
  path: Assets/BayatGames/Free Platform Game Assets/Tiles/2D Tiles ( Update 1.9 )/Spring/512x512/GrassRight.png
  artifactKey: Guid(2ad8cca6891ea674ebe8fe6194017093) Importer(815301076,1909f56bfc062723c751e8b465ee728b)
Start importing Assets/BayatGames/Free Platform Game Assets/Tiles/2D Tiles ( Update 1.9 )/Spring/512x512/GrassRight.png using Guid(2ad8cca6891ea674ebe8fe6194017093) Importer(815301076,1909f56bfc062723c751e8b465ee728b)  -> (artifact id: '85035d02a4df4ce1aa9e8b5ec5aa8336') in 0.012665 seconds
Number of updated asset objects reloaded before import = 0
Number of asset objects unloaded after import = 3
========================================================================
Received Import Request.
  Time since last request: 0.000019 seconds.
  path: Assets/BayatGames/Free Platform Game Assets/Tiles/2D Tiles ( Update 1.9 )/Winter/128x128/GrassRight.png
  artifactKey: Guid(cb04c576440da8048a313fe3e4a5bf82) Importer(815301076,1909f56bfc062723c751e8b465ee728b)
Start importing Assets/BayatGames/Free Platform Game Assets/Tiles/2D Tiles ( Update 1.9 )/Winter/128x128/GrassRight.png using Guid(cb04c576440da8048a313fe3e4a5bf82) Importer(815301076,1909f56bfc062723c751e8b465ee728b)  -> (artifact id: '095d3f5bd9d7729a6b5dd59682c3b5e6') in 0.010974 seconds
Number of updated asset objects reloaded before import = 0
Number of asset objects unloaded after import = 3
========================================================================
Received Import Request.
  Time since last request: 0.000028 seconds.
  path: Assets/BayatGames/Free Platform Game Assets/Tiles/2.5D Tiles/Winter ( Update 1.9 )/128x128/GrassRight.png
  artifactKey: Guid(2ab95e895b3b5b2478d970022e1a562e) Importer(815301076,1909f56bfc062723c751e8b465ee728b)
Start importing Assets/BayatGames/Free Platform Game Assets/Tiles/2.5D Tiles/Winter ( Update 1.9 )/128x128/GrassRight.png using Guid(2ab95e895b3b5b2478d970022e1a562e) Importer(815301076,1909f56bfc062723c751e8b465ee728b)  -> (artifact id: '67b366925d22546b591a90fc8ae2767c') in 0.011835 seconds
Number of updated asset objects reloaded before import = 0
Number of asset objects unloaded after import = 3
========================================================================
Received Import Request.
  Time since last request: 46.880012 seconds.
  path: Assets/BayatGames/Free Platform Game Assets/Tiles/2D Tiles ( Update 1.9 )/Autumn/256x256/GrassCliffLeft.png
  artifactKey: Guid(b0fabf9bb2d1c5c4ab33252072ce8919) Importer(815301076,1909f56bfc062723c751e8b465ee728b)
Start importing Assets/BayatGames/Free Platform Game Assets/Tiles/2D Tiles ( Update 1.9 )/Autumn/256x256/GrassCliffLeft.png using Guid(b0fabf9bb2d1c5c4ab33252072ce8919) Importer(815301076,1909f56bfc062723c751e8b465ee728b)  -> (artifact id: '3b96fa332a166f47ee8e7b3f738da86d') in 0.011224 seconds
Number of updated asset objects reloaded before import = 0
Number of asset objects unloaded after import = 3
========================================================================
Received Import Request.
  Time since last request: 0.003616 seconds.
  path: Assets/BayatGames/Free Platform Game Assets/Tiles/2D Tiles ( Update 1.9 )/Autumn/256x256/GrassColumn.png
  artifactKey: Guid(4c563e929510fb542b59840d133aa24d) Importer(815301076,1909f56bfc062723c751e8b465ee728b)
Start importing Assets/BayatGames/Free Platform Game Assets/Tiles/2D Tiles ( Update 1.9 )/Autumn/256x256/GrassColumn.png using Guid(4c563e929510fb542b59840d133aa24d) Importer(815301076,1909f56bfc062723c751e8b465ee728b)  -> (artifact id: '213c9aef928ce557c0a13d4e26c3977c') in 0.020296 seconds
Number of updated asset objects reloaded before import = 0
Number of asset objects unloaded after import = 3
========================================================================
Received Import Request.
  Time since last request: 0.007322 seconds.
  path: Assets/BayatGames/Free Platform Game Assets/Tiles/2D Tiles ( Update 1.9 )/Autumn/256x256/GrassHillRight.png
  artifactKey: Guid(152b2b65b59347340bb65094f8e846a6) Importer(815301076,1909f56bfc062723c751e8b465ee728b)
Start importing Assets/BayatGames/Free Platform Game Assets/Tiles/2D Tiles ( Update 1.9 )/Autumn/256x256/GrassHillRight.png using Guid(152b2b65b59347340bb65094f8e846a6) Importer(815301076,1909f56bfc062723c751e8b465ee728b)  -> (artifact id: '82bac6ccca1a4cb62fc7a23f687ecfe9') in 0.014111 seconds
Number of updated asset objects reloaded before import = 0
Number of asset objects unloaded after import = 3
========================================================================
Received Import Request.
  Time since last request: 0.000017 seconds.
  path: Assets/BayatGames/Free Platform Game Assets/Tiles/2D Tiles ( Update 1.9 )/Autumn/256x256/GrassHillRight2.png
  artifactKey: Guid(244d59731ee2a984ebb854f847d30cab) Importer(815301076,1909f56bfc062723c751e8b465ee728b)
Start importing Assets/BayatGames/Free Platform Game Assets/Tiles/2D Tiles ( Update 1.9 )/Autumn/256x256/GrassHillRight2.png using Guid(244d59731ee2a984ebb854f847d30cab) Importer(815301076,1909f56bfc062723c751e8b465ee728b)  -> (artifact id: '2add127c394d4dd1cad951be743b6dfe') in 0.015873 seconds
Number of updated asset objects reloaded before import = 0
Number of asset objects unloaded after import = 3
========================================================================
Received Import Request.
  Time since last request: 0.000021 seconds.
  path: Assets/BayatGames/Free Platform Game Assets/Tiles/2D Tiles ( Update 1.9 )/Autumn/256x256/GrassJoinHillLeft.png
  artifactKey: Guid(2490eadba64dad743bbd12698078ed3e) Importer(815301076,1909f56bfc062723c751e8b465ee728b)
Start importing Assets/BayatGames/Free Platform Game Assets/Tiles/2D Tiles ( Update 1.9 )/Autumn/256x256/GrassJoinHillLeft.png using Guid(2490eadba64dad743bbd12698078ed3e) Importer(815301076,1909f56bfc062723c751e8b465ee728b)  -> (artifact id: 'b54aab08a02e16e914d8b97797c243c3') in 0.014872 seconds
Number of updated asset objects reloaded before import = 0
Number of asset objects unloaded after import = 3
========================================================================
Received Import Request.
  Time since last request: 0.000018 seconds.
  path: Assets/BayatGames/Free Platform Game Assets/Tiles/2D Tiles ( Update 1.9 )/Autumn/256x256/GrassJoinHillLeft2.png
  artifactKey: Guid(a38077da8ace4b8448295159bdbfa350) Importer(815301076,1909f56bfc062723c751e8b465ee728b)
Start importing Assets/BayatGames/Free Platform Game Assets/Tiles/2D Tiles ( Update 1.9 )/Autumn/256x256/GrassJoinHillLeft2.png using Guid(a38077da8ace4b8448295159bdbfa350) Importer(815301076,1909f56bfc062723c751e8b465ee728b)  -> (artifact id: 'f05ba635ce4e7e18bfa5f997502e0b1f') in 0.012240 seconds
Number of updated asset objects reloaded before import = 0
Number of asset objects unloaded after import = 3
========================================================================
Received Import Request.
  Time since last request: 0.000016 seconds.
  path: Assets/BayatGames/Free Platform Game Assets/Tiles/2D Tiles ( Update 1.9 )/Autumn/256x256/GrassHillLeft2 DownShadow.png
  artifactKey: Guid(b18cc5ea85fc62740aea736cbf271b00) Importer(815301076,1909f56bfc062723c751e8b465ee728b)
Start importing Assets/BayatGames/Free Platform Game Assets/Tiles/2D Tiles ( Update 1.9 )/Autumn/256x256/GrassHillLeft2 DownShadow.png using Guid(b18cc5ea85fc62740aea736cbf271b00) Importer(815301076,1909f56bfc062723c751e8b465ee728b)  -> (artifact id: '5e60d626eb25e2ffa51ede82b1e7fa5d') in 0.013388 seconds
Number of updated asset objects reloaded before import = 0
Number of asset objects unloaded after import = 3
========================================================================
Received Import Request.
  Time since last request: 0.000020 seconds.
  path: Assets/BayatGames/Free Platform Game Assets/Tiles/2D Tiles ( Update 1.9 )/Autumn/256x256/GrassJoinHillRight2&Left2.png
  artifactKey: Guid(b3877fb12bc2b2741b4e74a6f9540378) Importer(815301076,1909f56bfc062723c751e8b465ee728b)
Start importing Assets/BayatGames/Free Platform Game Assets/Tiles/2D Tiles ( Update 1.9 )/Autumn/256x256/GrassJoinHillRight2&Left2.png using Guid(b3877fb12bc2b2741b4e74a6f9540378) Importer(815301076,1909f56bfc062723c751e8b465ee728b)  -> (artifact id: '06ff3e6ba3d44b3a9383ba8737b9d310') in 0.018140 seconds
Number of updated asset objects reloaded before import = 0
Number of asset objects unloaded after import = 3
========================================================================
Received Import Request.
  Time since last request: 0.000019 seconds.
  path: Assets/BayatGames/Free Platform Game Assets/Tiles/2D Tiles ( Update 1.9 )/Autumn/256x256/GrassJoinHillRight2&Left2 DownShadow.png
  artifactKey: Guid(78af1c8a65976ce47935d6b852c4f37b) Importer(815301076,1909f56bfc062723c751e8b465ee728b)
Start importing Assets/BayatGames/Free Platform Game Assets/Tiles/2D Tiles ( Update 1.9 )/Autumn/256x256/GrassJoinHillRight2&Left2 DownShadow.png using Guid(78af1c8a65976ce47935d6b852c4f37b) Importer(815301076,1909f56bfc062723c751e8b465ee728b)  -> (artifact id: '70db5e22492fe83530d0a26558c0653c') in 0.018409 seconds
Number of updated asset objects reloaded before import = 0
Number of asset objects unloaded after import = 3
========================================================================
Received Import Request.
  Time since last request: 4.147172 seconds.
  path: Assets/BayatGames/Free Platform Game Assets/Tiles/2D Tiles ( Update 1.9 )/Spring/256x256/GrassCliffLeft.png
  artifactKey: Guid(10f272208848a494e8ca07ca6444b9b6) Importer(815301076,1909f56bfc062723c751e8b465ee728b)
Start importing Assets/BayatGames/Free Platform Game Assets/Tiles/2D Tiles ( Update 1.9 )/Spring/256x256/GrassCliffLeft.png using Guid(10f272208848a494e8ca07ca6444b9b6) Importer(815301076,1909f56bfc062723c751e8b465ee728b)  -> (artifact id: '641f7582627a5604eb60e2ebb3dd98f6') in 0.012431 seconds
Number of updated asset objects reloaded before import = 0
Number of asset objects unloaded after import = 3
========================================================================
Received Import Request.
  Time since last request: 0.008209 seconds.
  path: Assets/BayatGames/Free Platform Game Assets/Tiles/2D Tiles ( Update 1.9 )/Spring/256x256/GrassHillLeft.png
  artifactKey: Guid(1728b528a1d879141b698788b6fd05ef) Importer(815301076,1909f56bfc062723c751e8b465ee728b)
Start importing Assets/BayatGames/Free Platform Game Assets/Tiles/2D Tiles ( Update 1.9 )/Spring/256x256/GrassHillLeft.png using Guid(1728b528a1d879141b698788b6fd05ef) Importer(815301076,1909f56bfc062723c751e8b465ee728b)  -> (artifact id: '60fad1306c981efcebbdd120b7e57272') in 0.010671 seconds
Number of updated asset objects reloaded before import = 0
Number of asset objects unloaded after import = 3
========================================================================
Received Import Request.
  Time since last request: 0.012291 seconds.
  path: Assets/BayatGames/Free Platform Game Assets/Tiles/2D Tiles ( Update 1.9 )/Spring/256x256/GrassHillLeft2 DownShadow.png
  artifactKey: Guid(5b1fdc387a8505c4eaf48dd0d9872643) Importer(815301076,1909f56bfc062723c751e8b465ee728b)
Start importing Assets/BayatGames/Free Platform Game Assets/Tiles/2D Tiles ( Update 1.9 )/Spring/256x256/GrassHillLeft2 DownShadow.png using Guid(5b1fdc387a8505c4eaf48dd0d9872643) Importer(815301076,1909f56bfc062723c751e8b465ee728b)  -> (artifact id: '624801f2623ae50260f76e4fea392bd6') in 0.012684 seconds
Number of updated asset objects reloaded before import = 0
Number of asset objects unloaded after import = 3
========================================================================
Received Import Request.
  Time since last request: 0.004945 seconds.
  path: Assets/BayatGames/Free Platform Game Assets/Tiles/2D Tiles ( Update 1.9 )/Spring/256x256/GrassHillRight2 DownShadow.png
  artifactKey: Guid(dabe91581cff3fc4d8b2185a6476ef4f) Importer(815301076,1909f56bfc062723c751e8b465ee728b)
Start importing Assets/BayatGames/Free Platform Game Assets/Tiles/2D Tiles ( Update 1.9 )/Spring/256x256/GrassHillRight2 DownShadow.png using Guid(dabe91581cff3fc4d8b2185a6476ef4f) Importer(815301076,1909f56bfc062723c751e8b465ee728b)  -> (artifact id: '3d2533598985e109a5d50107ab174032') in 0.014811 seconds
Number of updated asset objects reloaded before import = 0
Number of asset objects unloaded after import = 3
========================================================================
Received Import Request.
  Time since last request: 0.002155 seconds.
  path: Assets/BayatGames/Free Platform Game Assets/Tiles/2D Tiles ( Update 1.9 )/Spring/256x256/GrassJoinHillLeft2 DownShadow.png
  artifactKey: Guid(59c87abf501fa4647ae33e5dc7c36c94) Importer(815301076,1909f56bfc062723c751e8b465ee728b)
Start importing Assets/BayatGames/Free Platform Game Assets/Tiles/2D Tiles ( Update 1.9 )/Spring/256x256/GrassJoinHillLeft2 DownShadow.png using Guid(59c87abf501fa4647ae33e5dc7c36c94) Importer(815301076,1909f56bfc062723c751e8b465ee728b)  -> (artifact id: 'c8c4765f3a1ec3ffd91bbbd4f43a2517') in 0.011270 seconds
Number of updated asset objects reloaded before import = 0
Number of asset objects unloaded after import = 3
========================================================================
Received Import Request.
  Time since last request: 0.005343 seconds.
  path: Assets/BayatGames/Free Platform Game Assets/Tiles/2D Tiles ( Update 1.9 )/Spring/256x256/GrassJoinHillRight2.png
  artifactKey: Guid(788a42c5674b6114ebaeb435f455bef7) Importer(815301076,1909f56bfc062723c751e8b465ee728b)
Start importing Assets/BayatGames/Free Platform Game Assets/Tiles/2D Tiles ( Update 1.9 )/Spring/256x256/GrassJoinHillRight2.png using Guid(788a42c5674b6114ebaeb435f455bef7) Importer(815301076,1909f56bfc062723c751e8b465ee728b)  -> (artifact id: '2c4f846c977f955b731f42cc1faa32fb') in 0.012803 seconds
Number of updated asset objects reloaded before import = 0
Number of asset objects unloaded after import = 3
========================================================================
Received Import Request.
  Time since last request: 0.003040 seconds.
  path: Assets/BayatGames/Free Platform Game Assets/Tiles/2D Tiles ( Update 1.9 )/Spring/256x256/GrassJoinHillRight2&Left2 DownShadow.png
  artifactKey: Guid(e0889321147b6ef4b81402f1942265c6) Importer(815301076,1909f56bfc062723c751e8b465ee728b)
Start importing Assets/BayatGames/Free Platform Game Assets/Tiles/2D Tiles ( Update 1.9 )/Spring/256x256/GrassJoinHillRight2&Left2 DownShadow.png using Guid(e0889321147b6ef4b81402f1942265c6) Importer(815301076,1909f56bfc062723c751e8b465ee728b)  -> (artifact id: '95b426050d01c5e37cc99860f4fa5ea9') in 0.013858 seconds
Number of updated asset objects reloaded before import = 0
Number of asset objects unloaded after import = 3
========================================================================
Received Import Request.
  Time since last request: 20.034277 seconds.
  path: Assets/BayatGames/Free Platform Game Assets/Tiles/2D Tiles ( Update 1.9 )/Spring/512x512/GrassCliffLeft.png
  artifactKey: Guid(b76c72f7cbd8c1e42a03ffb36f953d2a) Importer(815301076,1909f56bfc062723c751e8b465ee728b)
Start importing Assets/BayatGames/Free Platform Game Assets/Tiles/2D Tiles ( Update 1.9 )/Spring/512x512/GrassCliffLeft.png using Guid(b76c72f7cbd8c1e42a03ffb36f953d2a) Importer(815301076,1909f56bfc062723c751e8b465ee728b)  -> (artifact id: 'fac599bc3585450c2d028479282518c7') in 0.011383 seconds
Number of updated asset objects reloaded before import = 0
Number of asset objects unloaded after import = 3
========================================================================
Received Import Request.
  Time since last request: 0.003844 seconds.
  path: Assets/BayatGames/Free Platform Game Assets/Tiles/2D Tiles ( Update 1.9 )/Spring/512x512/GrassColumn.png
  artifactKey: Guid(902865741f3950e40b38146c23352bca) Importer(815301076,1909f56bfc062723c751e8b465ee728b)
Start importing Assets/BayatGames/Free Platform Game Assets/Tiles/2D Tiles ( Update 1.9 )/Spring/512x512/GrassColumn.png using Guid(902865741f3950e40b38146c23352bca) Importer(815301076,1909f56bfc062723c751e8b465ee728b)  -> (artifact id: '7bf2e9b4066e7022c9d44f48ba0933c6') in 0.011097 seconds
Number of updated asset objects reloaded before import = 0
Number of asset objects unloaded after import = 3
========================================================================
Received Import Request.
  Time since last request: 0.012305 seconds.
  path: Assets/BayatGames/Free Platform Game Assets/Tiles/2D Tiles ( Update 1.9 )/Spring/512x512/GrassHillLeft2.png
  artifactKey: Guid(090374c41fd51184e99c95d0acd9fcf9) Importer(815301076,1909f56bfc062723c751e8b465ee728b)
Start importing Assets/BayatGames/Free Platform Game Assets/Tiles/2D Tiles ( Update 1.9 )/Spring/512x512/GrassHillLeft2.png using Guid(090374c41fd51184e99c95d0acd9fcf9) Importer(815301076,1909f56bfc062723c751e8b465ee728b)  -> (artifact id: '8bf7be8751f051b88c640993a4dff624') in 0.011443 seconds
Number of updated asset objects reloaded before import = 0
Number of asset objects unloaded after import = 3
========================================================================
Received Import Request.
  Time since last request: 0.004915 seconds.
  path: Assets/BayatGames/Free Platform Game Assets/Tiles/2D Tiles ( Update 1.9 )/Spring/512x512/GrassHillRight2.png
  artifactKey: Guid(33e1c8f6c8dc7334ba153cf996998b74) Importer(815301076,1909f56bfc062723c751e8b465ee728b)
Start importing Assets/BayatGames/Free Platform Game Assets/Tiles/2D Tiles ( Update 1.9 )/Spring/512x512/GrassHillRight2.png using Guid(33e1c8f6c8dc7334ba153cf996998b74) Importer(815301076,1909f56bfc062723c751e8b465ee728b)  -> (artifact id: '942f8ef96ba7059cdeb67daa28ad0b60') in 0.013258 seconds
Number of updated asset objects reloaded before import = 0
Number of asset objects unloaded after import = 3
========================================================================
Received Import Request.
  Time since last request: 0.002346 seconds.
  path: Assets/BayatGames/Free Platform Game Assets/Tiles/2D Tiles ( Update 1.9 )/Spring/512x512/GrassJoinHillLeft&Right.png
  artifactKey: Guid(2472304f5d64aa34c871ad70e2a3cc68) Importer(815301076,1909f56bfc062723c751e8b465ee728b)
Start importing Assets/BayatGames/Free Platform Game Assets/Tiles/2D Tiles ( Update 1.9 )/Spring/512x512/GrassJoinHillLeft&Right.png using Guid(2472304f5d64aa34c871ad70e2a3cc68) Importer(815301076,1909f56bfc062723c751e8b465ee728b)  -> (artifact id: '2b2f17692695fbf212712806d3dcd7f3') in 0.013058 seconds
Number of updated asset objects reloaded before import = 0
Number of asset objects unloaded after import = 3
========================================================================
Received Import Request.
  Time since last request: 0.003380 seconds.
  path: Assets/BayatGames/Free Platform Game Assets/Tiles/2D Tiles ( Update 1.9 )/Spring/512x512/GrassJoinHillRight.png
  artifactKey: Guid(4cfa5cc8e05c17f49b9925c6f6b03e52) Importer(815301076,1909f56bfc062723c751e8b465ee728b)
Start importing Assets/BayatGames/Free Platform Game Assets/Tiles/2D Tiles ( Update 1.9 )/Spring/512x512/GrassJoinHillRight.png using Guid(4cfa5cc8e05c17f49b9925c6f6b03e52) Importer(815301076,1909f56bfc062723c751e8b465ee728b)  -> (artifact id: '63c5337cd78737d57a74ebd3584bb156') in 0.012456 seconds
Number of updated asset objects reloaded before import = 0
Number of asset objects unloaded after import = 3
========================================================================
Received Import Request.
  Time since last request: 0.004250 seconds.
  path: Assets/BayatGames/Free Platform Game Assets/Tiles/2D Tiles ( Update 1.9 )/Spring/512x512/GrassJoinHillRight2&Left2.png
  artifactKey: Guid(25aef3dec09b9b441a6d96d3b26f00b6) Importer(815301076,1909f56bfc062723c751e8b465ee728b)
Start importing Assets/BayatGames/Free Platform Game Assets/Tiles/2D Tiles ( Update 1.9 )/Spring/512x512/GrassJoinHillRight2&Left2.png using Guid(25aef3dec09b9b441a6d96d3b26f00b6) Importer(815301076,1909f56bfc062723c751e8b465ee728b)  -> (artifact id: 'd34040ed4ab399628d776a08d6a51e8a') in 0.015733 seconds
Number of updated asset objects reloaded before import = 0
Number of asset objects unloaded after import = 3
Editor requested this worker to shutdown with reason: Scaling down because of idle timeout
TcpMessagingSession - receive error: operation aborted. errorcode: 995, details:  /   -       .
AssetImportWorker is now disconnected from the server
Process exiting
Exiting without the bug reporter. Application will terminate with return code 0