Using pre-set license
Built from '2022.3/staging' branch; Version is '2022.3.21f1 (bf09ca542b87) revision 12519882'; Using compiler version '192829333'; Build Type 'Release'
OS: 'Windows 10  (10.0.19045) 64bit Professional' Language: 'ru' Physical Memory: 16084 MB
BatchMode: 1, IsHumanControllingUs: 0, StartBugReporterOnCrash: 0, Is64bit: 1, IsPro: 1

COMMAND LINE ARGUMENTS:
C:\Program Files\Unity\Hub\Editor\2022.3.21f1\Editor\Unity.exe
-adb2
-batchMode
-noUpm
-name
AssetImportWorker2
-projectPath
C:/Users/sqrd/Desktop/Ludum56/SlimeAdventure
-logFile
Logs/AssetImportWorker2.log
-srvPort
57828
Successfully changed project path to: C:/Users/sqrd/Desktop/Ludum56/SlimeAdventure
C:/Users/sqrd/Desktop/Ludum56/SlimeAdventure
[UnityMemory] Configuration Parameters - Can be set up in boot.config
    "memorysetup-bucket-allocator-granularity=16"
    "memorysetup-bucket-allocator-bucket-count=8"
    "memorysetup-bucket-allocator-block-size=33554432"
    "memorysetup-bucket-allocator-block-count=8"
    "memorysetup-main-allocator-block-size=16777216"
    "memorysetup-thread-allocator-block-size=16777216"
    "memorysetup-gfx-main-allocator-block-size=16777216"
    "memorysetup-gfx-thread-allocator-block-size=16777216"
    "memorysetup-cache-allocator-block-size=4194304"
    "memorysetup-typetree-allocator-block-size=2097152"
    "memorysetup-profiler-bucket-allocator-granularity=16"
    "memorysetup-profiler-bucket-allocator-bucket-count=8"
    "memorysetup-profiler-bucket-allocator-block-size=33554432"
    "memorysetup-profiler-bucket-allocator-block-count=8"
    "memorysetup-profiler-allocator-block-size=16777216"
    "memorysetup-profiler-editor-allocator-block-size=1048576"
    "memorysetup-temp-allocator-size-main=16777216"
    "memorysetup-job-temp-allocator-block-size=2097152"
    "memorysetup-job-temp-allocator-block-size-background=1048576"
    "memorysetup-job-temp-allocator-reduction-small-platforms=262144"
    "memorysetup-allocator-temp-initial-block-size-main=262144"
    "memorysetup-allocator-temp-initial-block-size-worker=262144"
    "memorysetup-temp-allocator-size-background-worker=32768"
    "memorysetup-temp-allocator-size-job-worker=262144"
    "memorysetup-temp-allocator-size-preload-manager=33554432"
    "memorysetup-temp-allocator-size-nav-mesh-worker=65536"
    "memorysetup-temp-allocator-size-audio-worker=65536"
    "memorysetup-temp-allocator-size-cloud-worker=32768"
    "memorysetup-temp-allocator-size-gi-baking-worker=262144"
    "memorysetup-temp-allocator-size-gfx=262144"
Player connection [11808] Host "[IP] 192.168.194.193 [Port] 0 [Flags] 2 [Guid] 2733244944 [EditorId] 2733244944 [Version] 1048832 [Id] WindowsEditor(7,DESKTOP-IEF1DPH) [Debug] 1 [PackageName] WindowsEditor [ProjectName] Editor" joined multi-casting on [225.0.0.222:54997]...

Player connection [11808] Host "[IP] 192.168.194.193 [Port] 0 [Flags] 2 [Guid] 2733244944 [EditorId] 2733244944 [Version] 1048832 [Id] WindowsEditor(7,DESKTOP-IEF1DPH) [Debug] 1 [PackageName] WindowsEditor [ProjectName] Editor" joined alternative multi-casting on [225.0.0.222:34997]...

[Physics::Module] Initialized MultithreadedJobDispatcher with 19 workers.
Refreshing native plugins compatible for Editor in 16.78 ms, found 2 plugins.
Preloading 0 native plugins for Editor in 0.00 ms.
Initialize engine version: 2022.3.21f1 (bf09ca542b87)
[Subsystems] Discovering subsystems at path C:/Program Files/Unity/Hub/Editor/2022.3.21f1/Editor/Data/Resources/UnitySubsystems
[Subsystems] Discovering subsystems at path C:/Users/sqrd/Desktop/Ludum56/SlimeAdventure/Assets
GfxDevice: creating device client; threaded=0; jobified=0
Direct3D:
    Version:  Direct3D 11.0 [level 11.1]
    Renderer: NVIDIA GeForce GTX 1650 with Max-Q Design (ID=0x1f9d)
    Vendor:   NVIDIA
    VRAM:     3937 MB
    Driver:   32.0.15.6081
Initialize mono
Mono path[0] = 'C:/Program Files/Unity/Hub/Editor/2022.3.21f1/Editor/Data/Managed'
Mono path[1] = 'C:/Program Files/Unity/Hub/Editor/2022.3.21f1/Editor/Data/MonoBleedingEdge/lib/mono/unityjit-win32'
Mono config path = 'C:/Program Files/Unity/Hub/Editor/2022.3.21f1/Editor/Data/MonoBleedingEdge/etc'
Using monoOptions --debugger-agent=transport=dt_socket,embedding=1,server=y,suspend=n,address=127.0.0.1:56172
Begin MonoManager ReloadAssembly
Registering precompiled unity dll's ...
Register platform support module: C:/Program Files/Unity/Hub/Editor/2022.3.21f1/Editor/Data/PlaybackEngines/WindowsStandaloneSupport/UnityEditor.WindowsStandalone.Extensions.dll
Registered in 0.008392 seconds.
- Loaded All Assemblies, in  0.327 seconds
Native extension for WindowsStandalone target not found
Mono: successfully reloaded assembly
- Finished resetting the current domain, in  0.296 seconds
Domain Reload Profiling: 622ms
	BeginReloadAssembly (93ms)
		ExecutionOrderSort (0ms)
		DisableScriptedObjects (0ms)
		BackupInstance (0ms)
		ReleaseScriptingObjects (0ms)
		CreateAndSetChildDomain (0ms)
	RebuildCommonClasses (32ms)
	RebuildNativeTypeToScriptingClass (11ms)
	initialDomainReloadingComplete (61ms)
	LoadAllAssembliesAndSetupDomain (129ms)
		LoadAssemblies (92ms)
		RebuildTransferFunctionScriptingTraits (0ms)
		AnalyzeDomain (127ms)
			TypeCache.Refresh (125ms)
				TypeCache.ScanAssembly (113ms)
			ScanForSourceGeneratedMonoScriptInfo (0ms)
			ResolveRequiredComponents (0ms)
	FinalizeReload (297ms)
		ReleaseScriptCaches (0ms)
		RebuildScriptCaches (0ms)
		SetupLoadedEditorAssemblies (236ms)
			LogAssemblyErrors (0ms)
			InitializePlatformSupportModulesInManaged (10ms)
			SetLoadedEditorAssemblies (7ms)
			RefreshPlugins (0ms)
			BeforeProcessingInitializeOnLoad (2ms)
			ProcessInitializeOnLoadAttributes (159ms)
			ProcessInitializeOnLoadMethodAttributes (58ms)
			AfterProcessingInitializeOnLoad (0ms)
			EditorAssembliesLoaded (0ms)
		ExecutionOrderSort2 (0ms)
		AwakeInstancesAfterBackupRestoration (0ms)
========================================================================
Worker process is ready to serve import requests
Begin MonoManager ReloadAssembly
Symbol file LoadedFromMemory is not a mono symbol file
- Loaded All Assemblies, in  0.619 seconds
Refreshing native plugins compatible for Editor in 8.47 ms, found 2 plugins.
Native extension for WindowsStandalone target not found
Package Manager log level set to [2]
[Package Manager] Server::EnsureServerProcessIsRunning -- launch failed, reason: Unity was launched with the -noUpm command-line argument
[Package Manager] UpmClient::Send -- Unable to send message (not connected to UPM process).
[Package Manager] Cannot connect to Unity Package Manager local server
Mono: successfully reloaded assembly
- Finished resetting the current domain, in  0.671 seconds
Domain Reload Profiling: 1287ms
	BeginReloadAssembly (140ms)
		ExecutionOrderSort (0ms)
		DisableScriptedObjects (6ms)
		BackupInstance (0ms)
		ReleaseScriptingObjects (0ms)
		CreateAndSetChildDomain (19ms)
	RebuildCommonClasses (32ms)
	RebuildNativeTypeToScriptingClass (11ms)
	initialDomainReloadingComplete (43ms)
	LoadAllAssembliesAndSetupDomain (389ms)
		LoadAssemblies (326ms)
		RebuildTransferFunctionScriptingTraits (0ms)
		AnalyzeDomain (145ms)
			TypeCache.Refresh (123ms)
				TypeCache.ScanAssembly (106ms)
			ScanForSourceGeneratedMonoScriptInfo (18ms)
			ResolveRequiredComponents (3ms)
	FinalizeReload (672ms)
		ReleaseScriptCaches (0ms)
		RebuildScriptCaches (0ms)
		SetupLoadedEditorAssemblies (526ms)
			LogAssemblyErrors (0ms)
			InitializePlatformSupportModulesInManaged (6ms)
			SetLoadedEditorAssemblies (4ms)
			RefreshPlugins (0ms)
			BeforeProcessingInitializeOnLoad (62ms)
			ProcessInitializeOnLoadAttributes (296ms)
			ProcessInitializeOnLoadMethodAttributes (150ms)
			AfterProcessingInitializeOnLoad (7ms)
			EditorAssembliesLoaded (0ms)
		ExecutionOrderSort2 (0ms)
		AwakeInstancesAfterBackupRestoration (7ms)
Launched and connected shader compiler UnityShaderCompiler.exe after 0.04 seconds
Refreshing native plugins compatible for Editor in 5.02 ms, found 2 plugins.
Preloading 0 native plugins for Editor in 0.00 ms.
Unloading 2550 Unused Serialized files (Serialized files now loaded: 0)
Unloading 67 unused Assets / (73.4 KB). Loaded Objects now: 2986.
Memory consumption went from 109.8 MB to 109.7 MB.
Total: 4.977700 ms (FindLiveObjects: 0.131200 ms CreateObjectMapping: 0.080600 ms MarkObjects: 4.656200 ms  DeleteObjects: 0.109100 ms)

AssetImportParameters requested are different than current active one (requested -> active):
  custom:video-decoder-webm-vp8: 9c59270c3fd7afecdb556c50c9e8de78 -> 
  custom:SearchIndexIgnoredProperties: e643bd26f0fe6173181afceb89e7c659 -> 
  custom:container-demuxer-ogg: 62fdf1f143b41e24485cea50d1cbac27 -> 
  custom:AudioImporter_EditorPlatform: d09bf68614088b80899f8185d706f6e7 -> 
  custom:video-decoder-ogg-theora: a1e56fd34408186e4bbccfd4996cb3dc -> 
  custom:framework-win-MediaFoundation: 216162199b28c13a410421893ffa2e32 -> 
  custom:video-encoder-webm-vp8: eb34c28f22e8b96e1ab97ce403110664 -> 
  custom:audio-decoder-ogg-vorbis: bf7c407c2cedff20999df2af8eb42d56 -> 
  custom:CustomObjectIndexerAttribute: 9a22284fe3817be447336de3de66b15e -> 
  custom:container-demuxer-webm: 4f35f7cbe854078d1ac9338744f61a02 -> 
  custom:audio-encoder-webm-vorbis: bf7c407c2cedff20999df2af8eb42d56 -> 
  custom:container-muxer-webm: aa71ff27fc2769a1b78a27578f13a17b -> 
========================================================================
Received Import Request.
  Time since last request: 311132.503374 seconds.
  path: Assets/Custom Assets
  artifactKey: Guid(16c6e9c7926523d438198ba99cc9e1a6) Importer(815301076,1909f56bfc062723c751e8b465ee728b)
Start importing Assets/Custom Assets using Guid(16c6e9c7926523d438198ba99cc9e1a6) Importer(815301076,1909f56bfc062723c751e8b465ee728b)  -> (artifact id: '1b4f890107ec372b5d446665ea0199b5') in 0.002928 seconds
Number of updated asset objects reloaded before import = 0
Number of asset objects unloaded after import = 0
========================================================================
Received Import Request.
  Time since last request: 0.205282 seconds.
  path: Assets/Custom Assets/edit.png
  artifactKey: Guid(ecc189c62aa76e84082cd3f1aa84a339) Importer(815301076,1909f56bfc062723c751e8b465ee728b)
Start importing Assets/Custom Assets/edit.png using Guid(ecc189c62aa76e84082cd3f1aa84a339) Importer(815301076,1909f56bfc062723c751e8b465ee728b)  -> (artifact id: '6457d1e785ed636db334f9b7ea28a199') in 0.099519 seconds
Number of updated asset objects reloaded before import = 0
Number of asset objects unloaded after import = 3
========================================================================
Received Import Request.
  Time since last request: 5.009117 seconds.
  path: Assets/JACrandomitempack
  artifactKey: Guid(f7c8134e79c071941957485a937b05f8) Importer(815301076,1909f56bfc062723c751e8b465ee728b)
Start importing Assets/JACrandomitempack using Guid(f7c8134e79c071941957485a937b05f8) Importer(815301076,1909f56bfc062723c751e8b465ee728b)  -> (artifact id: '0a83c20488ab09231ec76db31aab37b3') in 0.000789 seconds
Number of updated asset objects reloaded before import = 0
Number of asset objects unloaded after import = 0
========================================================================
Received Import Request.
  Time since last request: 0.085502 seconds.
  path: Assets/JACrandomitempack/blueAppleCustom.png
  artifactKey: Guid(445af21e7b599f74bb0061ee46dcb536) Importer(815301076,1909f56bfc062723c751e8b465ee728b)
Start importing Assets/JACrandomitempack/blueAppleCustom.png using Guid(445af21e7b599f74bb0061ee46dcb536) Importer(815301076,1909f56bfc062723c751e8b465ee728b)  -> (artifact id: 'e6bd3c53dcba4167a4066696fd739caa') in 0.017665 seconds
Number of updated asset objects reloaded before import = 0
Number of asset objects unloaded after import = 3
========================================================================
Received Import Request.
  Time since last request: 0.000021 seconds.
  path: Assets/JACrandomitempack/JACrandomitempack (2).png
  artifactKey: Guid(6ff37df8ea968b449bb6478975745590) Importer(815301076,1909f56bfc062723c751e8b465ee728b)
Start importing Assets/JACrandomitempack/JACrandomitempack (2).png using Guid(6ff37df8ea968b449bb6478975745590) Importer(815301076,1909f56bfc062723c751e8b465ee728b)  -> (artifact id: 'e7f66bac50ffb1c3a8a567f013642da4') in 0.013870 seconds
Number of updated asset objects reloaded before import = 0
Number of asset objects unloaded after import = 3
========================================================================
Received Import Request.
  Time since last request: 0.000029 seconds.
  path: Assets/JACrandomitempack/JACrandomitempack (6).png
  artifactKey: Guid(4d1b3efa3aaffb4448cd43a53a22a661) Importer(815301076,1909f56bfc062723c751e8b465ee728b)
Start importing Assets/JACrandomitempack/JACrandomitempack (6).png using Guid(4d1b3efa3aaffb4448cd43a53a22a661) Importer(815301076,1909f56bfc062723c751e8b465ee728b)  -> (artifact id: '6c588576897dc6e1f2917711a04e30db') in 0.015258 seconds
Number of updated asset objects reloaded before import = 0
Number of asset objects unloaded after import = 3
========================================================================
Received Import Request.
  Time since last request: 0.002119 seconds.
  path: Assets/JACrandomitempack/JACrandomitempack (9).png
  artifactKey: Guid(1fcfacc409d74af4c8c6467252b83cad) Importer(815301076,1909f56bfc062723c751e8b465ee728b)
Start importing Assets/JACrandomitempack/JACrandomitempack (9).png using Guid(1fcfacc409d74af4c8c6467252b83cad) Importer(815301076,1909f56bfc062723c751e8b465ee728b)  -> (artifact id: '026c5e45e777f8e8b29cbc7a15dc8470') in 0.016386 seconds
Number of updated asset objects reloaded before import = 0
Number of asset objects unloaded after import = 3
========================================================================
Received Import Request.
  Time since last request: 0.000016 seconds.
  path: Assets/JACrandomitempack/JACrandomitempack (11).png
  artifactKey: Guid(3107a2f9c1165ba439c2f6b51e04075c) Importer(815301076,1909f56bfc062723c751e8b465ee728b)
Start importing Assets/JACrandomitempack/JACrandomitempack (11).png using Guid(3107a2f9c1165ba439c2f6b51e04075c) Importer(815301076,1909f56bfc062723c751e8b465ee728b)  -> (artifact id: 'e734474d03b1c6545da50c125204792c') in 0.014715 seconds
Number of updated asset objects reloaded before import = 0
Number of asset objects unloaded after import = 3
========================================================================
Received Import Request.
  Time since last request: 0.007880 seconds.
  path: Assets/JACrandomitempack/JACrandomitempack (16).png
  artifactKey: Guid(3e6e7ec0bb7491e4eb1a253e3331091a) Importer(815301076,1909f56bfc062723c751e8b465ee728b)
Start importing Assets/JACrandomitempack/JACrandomitempack (16).png using Guid(3e6e7ec0bb7491e4eb1a253e3331091a) Importer(815301076,1909f56bfc062723c751e8b465ee728b)  -> (artifact id: 'fa41a50c86f9198dc4bc1e4f52d57add') in 0.016847 seconds
Number of updated asset objects reloaded before import = 0
Number of asset objects unloaded after import = 3
========================================================================
Received Import Request.
  Time since last request: 0.000016 seconds.
  path: Assets/JACrandomitempack/JACrandomitempack (10).png
  artifactKey: Guid(b8bc77514c8f6ed4ca88c710f7662ecd) Importer(815301076,1909f56bfc062723c751e8b465ee728b)
Start importing Assets/JACrandomitempack/JACrandomitempack (10).png using Guid(b8bc77514c8f6ed4ca88c710f7662ecd) Importer(815301076,1909f56bfc062723c751e8b465ee728b)  -> (artifact id: '77691f62d4e79d256f3696e02d0489ac') in 0.016186 seconds
Number of updated asset objects reloaded before import = 0
Number of asset objects unloaded after import = 3
========================================================================
Received Import Request.
  Time since last request: 0.000016 seconds.
  path: Assets/JACrandomitempack/JACrandomitempack (23).png
  artifactKey: Guid(0bb67cf5ed9853c40968960be87bf5a3) Importer(815301076,1909f56bfc062723c751e8b465ee728b)
Start importing Assets/JACrandomitempack/JACrandomitempack (23).png using Guid(0bb67cf5ed9853c40968960be87bf5a3) Importer(815301076,1909f56bfc062723c751e8b465ee728b)  -> (artifact id: '6d0ca878b6597318f931e04cdc87effc') in 0.015868 seconds
Number of updated asset objects reloaded before import = 0
Number of asset objects unloaded after import = 3
========================================================================
Received Import Request.
  Time since last request: 0.000022 seconds.
  path: Assets/JACrandomitempack/JACrandomitempack (26).png
  artifactKey: Guid(f91b09de0b2047f45b0f623753fe1a69) Importer(815301076,1909f56bfc062723c751e8b465ee728b)
Start importing Assets/JACrandomitempack/JACrandomitempack (26).png using Guid(f91b09de0b2047f45b0f623753fe1a69) Importer(815301076,1909f56bfc062723c751e8b465ee728b)  -> (artifact id: '77edf80f4a2cd5601f401f71f752f1cb') in 0.015930 seconds
Number of updated asset objects reloaded before import = 0
Number of asset objects unloaded after import = 3
========================================================================
Received Import Request.
  Time since last request: 0.000018 seconds.
  path: Assets/JACrandomitempack/JACrandomitempack (29).png
  artifactKey: Guid(18fb30e6536c16349a35c41d2dd4404d) Importer(815301076,1909f56bfc062723c751e8b465ee728b)
Start importing Assets/JACrandomitempack/JACrandomitempack (29).png using Guid(18fb30e6536c16349a35c41d2dd4404d) Importer(815301076,1909f56bfc062723c751e8b465ee728b)  -> (artifact id: '08f412cdef236e34178ef0373f722ee3') in 0.016392 seconds
Number of updated asset objects reloaded before import = 0
Number of asset objects unloaded after import = 3
========================================================================
Received Import Request.
  Time since last request: 0.000018 seconds.
  path: Assets/JACrandomitempack/JACrandomitempack (31).png
  artifactKey: Guid(1c9789c43d86a284181723ea9f56bdf6) Importer(815301076,1909f56bfc062723c751e8b465ee728b)
Start importing Assets/JACrandomitempack/JACrandomitempack (31).png using Guid(1c9789c43d86a284181723ea9f56bdf6) Importer(815301076,1909f56bfc062723c751e8b465ee728b)  -> (artifact id: 'c739405936b34a5caa44a71464cef001') in 0.016462 seconds
Number of updated asset objects reloaded before import = 0
Number of asset objects unloaded after import = 3
========================================================================
Received Import Request.
  Time since last request: 0.000016 seconds.
  path: Assets/JACrandomitempack/JACrandomitempack (32).png
  artifactKey: Guid(20ab7fe6caf04164e9209444a74391a9) Importer(815301076,1909f56bfc062723c751e8b465ee728b)
Start importing Assets/JACrandomitempack/JACrandomitempack (32).png using Guid(20ab7fe6caf04164e9209444a74391a9) Importer(815301076,1909f56bfc062723c751e8b465ee728b)  -> (artifact id: 'e4dd478ef33899e33a625a271856486a') in 0.017008 seconds
Number of updated asset objects reloaded before import = 0
Number of asset objects unloaded after import = 3
========================================================================
Received Import Request.
  Time since last request: 0.000017 seconds.
  path: Assets/JACrandomitempack/JACrandomitempack (36).png
  artifactKey: Guid(7fe91d0f102271343a04e0d725fb3904) Importer(815301076,1909f56bfc062723c751e8b465ee728b)
Start importing Assets/JACrandomitempack/JACrandomitempack (36).png using Guid(7fe91d0f102271343a04e0d725fb3904) Importer(815301076,1909f56bfc062723c751e8b465ee728b)  -> (artifact id: '3c6b7d74ab4a15eec640a5e59bb00eb6') in 0.015157 seconds
Number of updated asset objects reloaded before import = 0
Number of asset objects unloaded after import = 3
========================================================================
Received Import Request.
  Time since last request: 0.000016 seconds.
  path: Assets/JACrandomitempack/JACrandomitempack (40).png
  artifactKey: Guid(ad8c5d5ad9855f94fa790766ca26f2bf) Importer(815301076,1909f56bfc062723c751e8b465ee728b)
Start importing Assets/JACrandomitempack/JACrandomitempack (40).png using Guid(ad8c5d5ad9855f94fa790766ca26f2bf) Importer(815301076,1909f56bfc062723c751e8b465ee728b)  -> (artifact id: '92db855dc80dd565aa0d3fa5b23fdb49') in 0.013306 seconds
Number of updated asset objects reloaded before import = 0
Number of asset objects unloaded after import = 3
========================================================================
Received Import Request.
  Time since last request: 0.000017 seconds.
  path: Assets/JACrandomitempack/JACrandomitempack (41).png
  artifactKey: Guid(87089f8e839777548a0d41cfd3cd6302) Importer(815301076,1909f56bfc062723c751e8b465ee728b)
Start importing Assets/JACrandomitempack/JACrandomitempack (41).png using Guid(87089f8e839777548a0d41cfd3cd6302) Importer(815301076,1909f56bfc062723c751e8b465ee728b)  -> (artifact id: '3d442609c80ed54528f1bf98f87b9978') in 0.014622 seconds
Number of updated asset objects reloaded before import = 0
Number of asset objects unloaded after import = 3
========================================================================
Received Import Request.
  Time since last request: 0.000016 seconds.
  path: Assets/JACrandomitempack/JACrandomitempack (45).png
  artifactKey: Guid(a3d7e4249276915439a84618056ba72d) Importer(815301076,1909f56bfc062723c751e8b465ee728b)
Start importing Assets/JACrandomitempack/JACrandomitempack (45).png using Guid(a3d7e4249276915439a84618056ba72d) Importer(815301076,1909f56bfc062723c751e8b465ee728b)  -> (artifact id: '8d0f35f874c79047e9365135c7aae6c6') in 0.013766 seconds
Number of updated asset objects reloaded before import = 0
Number of asset objects unloaded after import = 3
========================================================================
Received Import Request.
  Time since last request: 0.000025 seconds.
  path: Assets/JACrandomitempack/JACrandomitempack (46).png
  artifactKey: Guid(e59c7f1d6775d3244aaac4b2780abe62) Importer(815301076,1909f56bfc062723c751e8b465ee728b)
Start importing Assets/JACrandomitempack/JACrandomitempack (46).png using Guid(e59c7f1d6775d3244aaac4b2780abe62) Importer(815301076,1909f56bfc062723c751e8b465ee728b)  -> (artifact id: '3d9d4cc3aac489c862fa21e40832bf97') in 0.013982 seconds
Number of updated asset objects reloaded before import = 0
Number of asset objects unloaded after import = 3
========================================================================
Received Import Request.
  Time since last request: 0.000019 seconds.
  path: Assets/JACrandomitempack/JACrandomitempack (49).png
  artifactKey: Guid(3baf5aa2b8a53f84a90d993789635797) Importer(815301076,1909f56bfc062723c751e8b465ee728b)
Start importing Assets/JACrandomitempack/JACrandomitempack (49).png using Guid(3baf5aa2b8a53f84a90d993789635797) Importer(815301076,1909f56bfc062723c751e8b465ee728b)  -> (artifact id: '63a7e164d9c31d1f898b25b38c709933') in 0.014330 seconds
Number of updated asset objects reloaded before import = 0
Number of asset objects unloaded after import = 3
========================================================================
Received Import Request.
  Time since last request: 0.000018 seconds.
  path: Assets/JACrandomitempack/JACrandomitempack (52).png
  artifactKey: Guid(e13d96018e9c69e43872fa42dfac0868) Importer(815301076,1909f56bfc062723c751e8b465ee728b)
Start importing Assets/JACrandomitempack/JACrandomitempack (52).png using Guid(e13d96018e9c69e43872fa42dfac0868) Importer(815301076,1909f56bfc062723c751e8b465ee728b)  -> (artifact id: '6c2e45f609f0ccc35d93196637c9f92c') in 0.015023 seconds
Number of updated asset objects reloaded before import = 0
Number of asset objects unloaded after import = 3
========================================================================
Received Import Request.
  Time since last request: 6.737949 seconds.
  path: Assets/Knight Files/Effect & FireBalls/dashwind_02.png
  artifactKey: Guid(8bd3f967242f3e242a60feeb90c7b410) Importer(815301076,1909f56bfc062723c751e8b465ee728b)
Start importing Assets/Knight Files/Effect & FireBalls/dashwind_02.png using Guid(8bd3f967242f3e242a60feeb90c7b410) Importer(815301076,1909f56bfc062723c751e8b465ee728b)  -> (artifact id: '918ac4b6741576aca30fd0b37f53935d') in 0.019783 seconds
Number of updated asset objects reloaded before import = 0
Number of asset objects unloaded after import = 3
========================================================================
Received Import Request.
  Time since last request: 0.000025 seconds.
  path: Assets/Knight Files/Effect & FireBalls/explosion_04.png
  artifactKey: Guid(296ac19e2147e67408eed4611d3f93f4) Importer(815301076,1909f56bfc062723c751e8b465ee728b)
Start importing Assets/Knight Files/Effect & FireBalls/explosion_04.png using Guid(296ac19e2147e67408eed4611d3f93f4) Importer(815301076,1909f56bfc062723c751e8b465ee728b)  -> (artifact id: '710bdae69cf2c6dc9eb342c079868b59') in 0.020579 seconds
Number of updated asset objects reloaded before import = 0
Number of asset objects unloaded after import = 3
========================================================================
Received Import Request.
  Time since last request: 0.000018 seconds.
  path: Assets/Knight Files/Effect & FireBalls/fireball_03.png
  artifactKey: Guid(f2700661ee7c30b4aa6e91848f4d4a30) Importer(815301076,1909f56bfc062723c751e8b465ee728b)
Start importing Assets/Knight Files/Effect & FireBalls/fireball_03.png using Guid(f2700661ee7c30b4aa6e91848f4d4a30) Importer(815301076,1909f56bfc062723c751e8b465ee728b)  -> (artifact id: 'd1a786a68df2c63e657dd6630904d2e2') in 0.042490 seconds
Number of updated asset objects reloaded before import = 0
Number of asset objects unloaded after import = 3
========================================================================
Received Import Request.
  Time since last request: 0.000015 seconds.
  path: Assets/Knight Files/Effect & FireBalls/particlel.png
  artifactKey: Guid(6dec5c53ddfb4414b95f16b2cdde7280) Importer(815301076,1909f56bfc062723c751e8b465ee728b)
Start importing Assets/Knight Files/Effect & FireBalls/particlel.png using Guid(6dec5c53ddfb4414b95f16b2cdde7280) Importer(815301076,1909f56bfc062723c751e8b465ee728b)  -> (artifact id: '2715792122f477aa9f4508284c3aef91') in 0.029880 seconds
Number of updated asset objects reloaded before import = 0
Number of asset objects unloaded after import = 3
Editor requested this worker to shutdown with reason: Scaling down because of idle timeout
TcpMessagingSession - receive error: operation aborted. errorcode: 995, details: ќпераци€ ввода/вывода была прервана из-за завершени€ потока команд или по запросу приложени€.
AssetImportWorker is now disconnected from the server
Process exiting
Exiting without the bug reporter. Application will terminate with return code 0