Using pre-set license
Built from '2022.3/staging' branch; Version is '2022.3.21f1 (bf09ca542b87) revision 12519882'; Using compiler version '192829333'; Build Type 'Release'
OS: 'Windows 11  (10.0.22631) 64bit Professional' Language: 'ru' Physical Memory: 15773 MB
BatchMode: 1, IsHumanControllingUs: 0, StartBugReporterOnCrash: 0, Is64bit: 1, IsPro: 1

COMMAND LINE ARGUMENTS:
C:\Unity\Editor\2022.3.21f1\Editor\Unity.exe
-adb2
-batchMode
-noUpm
-name
AssetImportWorker26
-projectPath
C:/Users/Andrei/Desktop/Unity_Projects/Ludum56/SlimeAdventure
-logFile
Logs/AssetImportWorker26.log
-srvPort
49226
Successfully changed project path to: C:/Users/Andrei/Desktop/Unity_Projects/Ludum56/SlimeAdventure
C:/Users/Andrei/Desktop/Unity_Projects/Ludum56/SlimeAdventure
[UnityMemory] Configuration Parameters - Can be set up in boot.config
    "memorysetup-bucket-allocator-granularity=16"
    "memorysetup-bucket-allocator-bucket-count=8"
    "memorysetup-bucket-allocator-block-size=33554432"
    "memorysetup-bucket-allocator-block-count=8"
    "memorysetup-main-allocator-block-size=16777216"
    "memorysetup-thread-allocator-block-size=16777216"
    "memorysetup-gfx-main-allocator-block-size=16777216"
    "memorysetup-gfx-thread-allocator-block-size=16777216"
    "memorysetup-cache-allocator-block-size=4194304"
    "memorysetup-typetree-allocator-block-size=2097152"
    "memorysetup-profiler-bucket-allocator-granularity=16"
    "memorysetup-profiler-bucket-allocator-bucket-count=8"
    "memorysetup-profiler-bucket-allocator-block-size=33554432"
    "memorysetup-profiler-bucket-allocator-block-count=8"
    "memorysetup-profiler-allocator-block-size=16777216"
    "memorysetup-profiler-editor-allocator-block-size=1048576"
    "memorysetup-temp-allocator-size-main=16777216"
    "memorysetup-job-temp-allocator-block-size=2097152"
    "memorysetup-job-temp-allocator-block-size-background=1048576"
    "memorysetup-job-temp-allocator-reduction-small-platforms=262144"
    "memorysetup-allocator-temp-initial-block-size-main=262144"
    "memorysetup-allocator-temp-initial-block-size-worker=262144"
    "memorysetup-temp-allocator-size-background-worker=32768"
    "memorysetup-temp-allocator-size-job-worker=262144"
    "memorysetup-temp-allocator-size-preload-manager=33554432"
    "memorysetup-temp-allocator-size-nav-mesh-worker=65536"
    "memorysetup-temp-allocator-size-audio-worker=65536"
    "memorysetup-temp-allocator-size-cloud-worker=32768"
    "memorysetup-temp-allocator-size-gi-baking-worker=262144"
    "memorysetup-temp-allocator-size-gfx=262144"
Player connection [29304] Host "[IP] 192.168.0.252 [Port] 0 [Flags] 2 [Guid] 3839634872 [EditorId] 3839634872 [Version] 1048832 [Id] WindowsEditor(7,DESKTOP-EQJJ33K) [Debug] 1 [PackageName] WindowsEditor [ProjectName] Editor" joined multi-casting on [225.0.0.222:54997]...

Player connection [29304] Host "[IP] 192.168.0.252 [Port] 0 [Flags] 2 [Guid] 3839634872 [EditorId] 3839634872 [Version] 1048832 [Id] WindowsEditor(7,DESKTOP-EQJJ33K) [Debug] 1 [PackageName] WindowsEditor [ProjectName] Editor" joined alternative multi-casting on [225.0.0.222:34997]...

[Physics::Module] Initialized MultithreadedJobDispatcher with 15 workers.
Refreshing native plugins compatible for Editor in 24.42 ms, found 2 plugins.
Preloading 0 native plugins for Editor in 0.00 ms.
Initialize engine version: 2022.3.21f1 (bf09ca542b87)
[Subsystems] Discovering subsystems at path C:/Unity/Editor/2022.3.21f1/Editor/Data/Resources/UnitySubsystems
[Subsystems] Discovering subsystems at path C:/Users/Andrei/Desktop/Unity_Projects/Ludum56/SlimeAdventure/Assets
GfxDevice: creating device client; threaded=0; jobified=0
Direct3D:
    Version:  Direct3D 11.0 [level 11.1]
    Renderer: AMD Radeon (TM) Graphics (ID=0x15e7)
    Vendor:   ATI
    VRAM:     7886 MB
    Driver:   31.0.12046.24001
Initialize mono
Mono path[0] = 'C:/Unity/Editor/2022.3.21f1/Editor/Data/Managed'
Mono path[1] = 'C:/Unity/Editor/2022.3.21f1/Editor/Data/MonoBleedingEdge/lib/mono/unityjit-win32'
Mono config path = 'C:/Unity/Editor/2022.3.21f1/Editor/Data/MonoBleedingEdge/etc'
Using monoOptions --debugger-agent=transport=dt_socket,embedding=1,server=y,suspend=n,address=127.0.0.1:56784
Begin MonoManager ReloadAssembly
Registering precompiled unity dll's ...
Register platform support module: C:/Unity/Editor/2022.3.21f1/Editor/Data/PlaybackEngines/WindowsStandaloneSupport/UnityEditor.WindowsStandalone.Extensions.dll
Registered in 0.010243 seconds.
- Loaded All Assemblies, in  0.589 seconds
Native extension for WindowsStandalone target not found
Mono: successfully reloaded assembly
- Finished resetting the current domain, in  0.416 seconds
Domain Reload Profiling: 1004ms
	BeginReloadAssembly (192ms)
		ExecutionOrderSort (0ms)
		DisableScriptedObjects (0ms)
		BackupInstance (0ms)
		ReleaseScriptingObjects (0ms)
		CreateAndSetChildDomain (1ms)
	RebuildCommonClasses (68ms)
	RebuildNativeTypeToScriptingClass (18ms)
	initialDomainReloadingComplete (106ms)
	LoadAllAssembliesAndSetupDomain (203ms)
		LoadAssemblies (190ms)
		RebuildTransferFunctionScriptingTraits (0ms)
		AnalyzeDomain (200ms)
			TypeCache.Refresh (198ms)
				TypeCache.ScanAssembly (178ms)
			ScanForSourceGeneratedMonoScriptInfo (1ms)
			ResolveRequiredComponents (1ms)
	FinalizeReload (417ms)
		ReleaseScriptCaches (0ms)
		RebuildScriptCaches (0ms)
		SetupLoadedEditorAssemblies (337ms)
			LogAssemblyErrors (0ms)
			InitializePlatformSupportModulesInManaged (11ms)
			SetLoadedEditorAssemblies (11ms)
			RefreshPlugins (0ms)
			BeforeProcessingInitializeOnLoad (3ms)
			ProcessInitializeOnLoadAttributes (240ms)
			ProcessInitializeOnLoadMethodAttributes (71ms)
			AfterProcessingInitializeOnLoad (0ms)
			EditorAssembliesLoaded (0ms)
		ExecutionOrderSort2 (0ms)
		AwakeInstancesAfterBackupRestoration (0ms)
========================================================================
Worker process is ready to serve import requests
Begin MonoManager ReloadAssembly
Symbol file LoadedFromMemory is not a mono symbol file
- Loaded All Assemblies, in  0.930 seconds
Refreshing native plugins compatible for Editor in 13.27 ms, found 2 plugins.
Native extension for WindowsStandalone target not found
Package Manager log level set to [2]
[Package Manager] Server::EnsureServerProcessIsRunning -- launch failed, reason: Unity was launched with the -noUpm command-line argument
[Package Manager] UpmClient::Send -- Unable to send message (not connected to UPM process).
[Package Manager] Cannot connect to Unity Package Manager local server
Mono: successfully reloaded assembly
- Finished resetting the current domain, in  1.099 seconds
Domain Reload Profiling: 2025ms
	BeginReloadAssembly (208ms)
		ExecutionOrderSort (0ms)
		DisableScriptedObjects (8ms)
		BackupInstance (0ms)
		ReleaseScriptingObjects (0ms)
		CreateAndSetChildDomain (29ms)
	RebuildCommonClasses (48ms)
	RebuildNativeTypeToScriptingClass (14ms)
	initialDomainReloadingComplete (70ms)
	LoadAllAssembliesAndSetupDomain (585ms)
		LoadAssemblies (481ms)
		RebuildTransferFunctionScriptingTraits (0ms)
		AnalyzeDomain (225ms)
			TypeCache.Refresh (196ms)
				TypeCache.ScanAssembly (174ms)
			ScanForSourceGeneratedMonoScriptInfo (23ms)
			ResolveRequiredComponents (4ms)
	FinalizeReload (1099ms)
		ReleaseScriptCaches (0ms)
		RebuildScriptCaches (0ms)
		SetupLoadedEditorAssemblies (882ms)
			LogAssemblyErrors (0ms)
			InitializePlatformSupportModulesInManaged (11ms)
			SetLoadedEditorAssemblies (9ms)
			RefreshPlugins (0ms)
			BeforeProcessingInitializeOnLoad (97ms)
			ProcessInitializeOnLoadAttributes (482ms)
			ProcessInitializeOnLoadMethodAttributes (274ms)
			AfterProcessingInitializeOnLoad (8ms)
			EditorAssembliesLoaded (0ms)
		ExecutionOrderSort2 (0ms)
		AwakeInstancesAfterBackupRestoration (8ms)
Launched and connected shader compiler UnityShaderCompiler.exe after 0.09 seconds
Refreshing native plugins compatible for Editor in 11.76 ms, found 2 plugins.
Preloading 0 native plugins for Editor in 0.00 ms.
Unloading 2552 Unused Serialized files (Serialized files now loaded: 0)
Unloading 67 unused Assets / (72.9 KB). Loaded Objects now: 2988.
Memory consumption went from 112.7 MB to 112.6 MB.
Total: 9.792800 ms (FindLiveObjects: 0.252100 ms CreateObjectMapping: 0.098500 ms MarkObjects: 9.205200 ms  DeleteObjects: 0.233900 ms)

AssetImportParameters requested are different than current active one (requested -> active):
  custom:video-decoder-webm-vp8: 9c59270c3fd7afecdb556c50c9e8de78 -> 
  custom:SearchIndexIgnoredProperties: e643bd26f0fe6173181afceb89e7c659 -> 
  custom:container-demuxer-ogg: 62fdf1f143b41e24485cea50d1cbac27 -> 
  custom:AudioImporter_EditorPlatform: d09bf68614088b80899f8185d706f6e7 -> 
  custom:video-codec-MediaFoundation-h265: 746d11721c4dcdbdad8f713fa42b33f4 -> 
  custom:video-decoder-ogg-theora: a1e56fd34408186e4bbccfd4996cb3dc -> 
  custom:framework-win-MediaFoundation: 216162199b28c13a410421893ffa2e32 -> 
  custom:video-encoder-webm-vp8: eb34c28f22e8b96e1ab97ce403110664 -> 
  custom:audio-decoder-ogg-vorbis: bf7c407c2cedff20999df2af8eb42d56 -> 
  custom:CustomObjectIndexerAttribute: 9a22284fe3817be447336de3de66b15e -> 
  custom:container-demuxer-webm: 4f35f7cbe854078d1ac9338744f61a02 -> 
  custom:audio-encoder-webm-vorbis: bf7c407c2cedff20999df2af8eb42d56 -> 
  custom:container-muxer-webm: aa71ff27fc2769a1b78a27578f13a17b -> 
========================================================================
Received Import Request.
  Time since last request: 364375.951863 seconds.
  path: Assets/karsiori/Sprites/GEM 3/LIGHT GREEN/GEM 3 - LIGHT GREEN - 0003.png
  artifactKey: Guid(550730d80742df649aab35199338273c) Importer(815301076,1909f56bfc062723c751e8b465ee728b)
Start importing Assets/karsiori/Sprites/GEM 3/LIGHT GREEN/GEM 3 - LIGHT GREEN - 0003.png using Guid(550730d80742df649aab35199338273c) Importer(815301076,1909f56bfc062723c751e8b465ee728b)  -> (artifact id: 'c0728f25c4f01a87aa0b6be2afe8057a') in 0.191237 seconds
Number of updated asset objects reloaded before import = 0
Number of asset objects unloaded after import = 3
========================================================================
Received Import Request.
  Time since last request: 4.698729 seconds.
  path: Assets/karsiori/Sprites/GEM 1/GEM 1 - LIGHT GREEN - Spritesheet.png
  artifactKey: Guid(8fe34b2848af34b41b0a47c2d2fdc12e) Importer(815301076,1909f56bfc062723c751e8b465ee728b)
Start importing Assets/karsiori/Sprites/GEM 1/GEM 1 - LIGHT GREEN - Spritesheet.png using Guid(8fe34b2848af34b41b0a47c2d2fdc12e) Importer(815301076,1909f56bfc062723c751e8b465ee728b)  -> (artifact id: '29a18102b2e8202a56305df8e2250d85') in 0.031532 seconds
Number of updated asset objects reloaded before import = 0
Number of asset objects unloaded after import = 3
========================================================================
Received Import Request.
  Time since last request: 0.000031 seconds.
  path: Assets/karsiori/Sprites/GEM 1/GEM 1 - TURQUOISE - Spritesheet.png
  artifactKey: Guid(94253f9ee0c057447bcb5edb1f71cbad) Importer(815301076,1909f56bfc062723c751e8b465ee728b)
Start importing Assets/karsiori/Sprites/GEM 1/GEM 1 - TURQUOISE - Spritesheet.png using Guid(94253f9ee0c057447bcb5edb1f71cbad) Importer(815301076,1909f56bfc062723c751e8b465ee728b)  -> (artifact id: 'b71ea62b7aca44b5fad9f93d4d113378') in 0.024720 seconds
Number of updated asset objects reloaded before import = 0
Number of asset objects unloaded after import = 3
========================================================================
Received Import Request.
  Time since last request: 1.234605 seconds.
  path: Assets/karsiori/Sprites/GEM 1/BLUE/GEM 1 - BLUE - 0003.png
  artifactKey: Guid(a2530467e6c85d349922a2c931092c62) Importer(815301076,1909f56bfc062723c751e8b465ee728b)
Start importing Assets/karsiori/Sprites/GEM 1/BLUE/GEM 1 - BLUE - 0003.png using Guid(a2530467e6c85d349922a2c931092c62) Importer(815301076,1909f56bfc062723c751e8b465ee728b)  -> (artifact id: '71119222b3a5c0b885a453a60f9ec4a5') in 0.026719 seconds
Number of updated asset objects reloaded before import = 0
Number of asset objects unloaded after import = 3
========================================================================
Received Import Request.
  Time since last request: 0.000048 seconds.
  path: Assets/karsiori/Sprites/GEM 1/BLUE/GEM 1 - BLUE - 0008.png
  artifactKey: Guid(f447053eae123a945a5bb9f995eaf8ec) Importer(815301076,1909f56bfc062723c751e8b465ee728b)
Start importing Assets/karsiori/Sprites/GEM 1/BLUE/GEM 1 - BLUE - 0008.png using Guid(f447053eae123a945a5bb9f995eaf8ec) Importer(815301076,1909f56bfc062723c751e8b465ee728b)  -> (artifact id: '5fb18319e71647a8e17252f9588dc527') in 0.025056 seconds
Number of updated asset objects reloaded before import = 0
Number of asset objects unloaded after import = 3
========================================================================
Received Import Request.
  Time since last request: 0.000058 seconds.
  path: Assets/karsiori/Sprites/GEM 1/BLUE/GEM 1 - BLUE - 0005.png
  artifactKey: Guid(a93e2db7cf732194296de38a83758a8a) Importer(815301076,1909f56bfc062723c751e8b465ee728b)
Start importing Assets/karsiori/Sprites/GEM 1/BLUE/GEM 1 - BLUE - 0005.png using Guid(a93e2db7cf732194296de38a83758a8a) Importer(815301076,1909f56bfc062723c751e8b465ee728b)  -> (artifact id: '904fd0d0becccfce0a127e2eeb0496a2') in 0.022551 seconds
Number of updated asset objects reloaded before import = 0
Number of asset objects unloaded after import = 3
========================================================================
Received Import Request.
  Time since last request: 2.976048 seconds.
  path: Assets/karsiori/Sprites/GEM 7/GEM 7 - LIGHT GREEN - Spritesheet.png
  artifactKey: Guid(68c5cb7652c192045a6018da4f67bfb5) Importer(815301076,1909f56bfc062723c751e8b465ee728b)
Start importing Assets/karsiori/Sprites/GEM 7/GEM 7 - LIGHT GREEN - Spritesheet.png using Guid(68c5cb7652c192045a6018da4f67bfb5) Importer(815301076,1909f56bfc062723c751e8b465ee728b)  -> (artifact id: '3c948e8b0143a6353039d6f5245d6369') in 0.034787 seconds
Number of updated asset objects reloaded before import = 0
Number of asset objects unloaded after import = 3
========================================================================
Received Import Request.
  Time since last request: 0.588757 seconds.
  path: Assets/karsiori/Sprites/GEM 7/LILAC/GEM 7 - LILAC - 0003.png
  artifactKey: Guid(fd8e0320ba6f5a54fb33c892f9e0032c) Importer(815301076,1909f56bfc062723c751e8b465ee728b)
Start importing Assets/karsiori/Sprites/GEM 7/LILAC/GEM 7 - LILAC - 0003.png using Guid(fd8e0320ba6f5a54fb33c892f9e0032c) Importer(815301076,1909f56bfc062723c751e8b465ee728b)  -> (artifact id: '3adf158b14772710bba2bf34be2ec993') in 0.027888 seconds
Number of updated asset objects reloaded before import = 0
Number of asset objects unloaded after import = 3
========================================================================
Received Import Request.
  Time since last request: 0.000024 seconds.
  path: Assets/karsiori/Sprites/GEM 7/LILAC/GEM 7 - LILAC - 0009.png
  artifactKey: Guid(3342d51541e34da4d989fa8dd9708be3) Importer(815301076,1909f56bfc062723c751e8b465ee728b)
Start importing Assets/karsiori/Sprites/GEM 7/LILAC/GEM 7 - LILAC - 0009.png using Guid(3342d51541e34da4d989fa8dd9708be3) Importer(815301076,1909f56bfc062723c751e8b465ee728b)  -> (artifact id: '2b108a0aebfd39a0ed8ad41e30a8e495') in 0.029816 seconds
Number of updated asset objects reloaded before import = 0
Number of asset objects unloaded after import = 3
========================================================================
Received Import Request.
  Time since last request: 0.000401 seconds.
  path: Assets/karsiori/Sprites/GEM 7/LILAC/GEM 7 - LILAC - 0007.png
  artifactKey: Guid(d16932e91436e6e4b8b12d6ee7c7fcf3) Importer(815301076,1909f56bfc062723c751e8b465ee728b)
Start importing Assets/karsiori/Sprites/GEM 7/LILAC/GEM 7 - LILAC - 0007.png using Guid(d16932e91436e6e4b8b12d6ee7c7fcf3) Importer(815301076,1909f56bfc062723c751e8b465ee728b)  -> (artifact id: 'ae3a142e64b0e200ee67caa4fc113ea0') in 0.037059 seconds
Number of updated asset objects reloaded before import = 0
Number of asset objects unloaded after import = 3
========================================================================
Received Import Request.
  Time since last request: 2.327730 seconds.
  path: Assets/karsiori/Sprites/GEM 7/PURPLE/GEM 7 - PURPLE - 0003.png
  artifactKey: Guid(614ddc45b68572b4ea71dedee084357d) Importer(815301076,1909f56bfc062723c751e8b465ee728b)
Start importing Assets/karsiori/Sprites/GEM 7/PURPLE/GEM 7 - PURPLE - 0003.png using Guid(614ddc45b68572b4ea71dedee084357d) Importer(815301076,1909f56bfc062723c751e8b465ee728b)  -> (artifact id: 'bb627fbcab49ed73751d33098a66a216') in 0.028227 seconds
Number of updated asset objects reloaded before import = 0
Number of asset objects unloaded after import = 3
========================================================================
Received Import Request.
  Time since last request: 0.000036 seconds.
  path: Assets/karsiori/Sprites/GEM 7/PURPLE/GEM 7 - PURPLE - 0010.png
  artifactKey: Guid(efec9a4dfa1094740888744152212754) Importer(815301076,1909f56bfc062723c751e8b465ee728b)
Start importing Assets/karsiori/Sprites/GEM 7/PURPLE/GEM 7 - PURPLE - 0010.png using Guid(efec9a4dfa1094740888744152212754) Importer(815301076,1909f56bfc062723c751e8b465ee728b)  -> (artifact id: 'b0332068f9e931cdaaf6d0852a3f686b') in 0.029764 seconds
Number of updated asset objects reloaded before import = 0
Number of asset objects unloaded after import = 3
========================================================================
Received Import Request.
  Time since last request: 0.000034 seconds.
  path: Assets/karsiori/Sprites/GEM 7/PURPLE/GEM 7 - PURPLE - 0015.png
  artifactKey: Guid(5554256ad6f6adc4e89744c55b1122b0) Importer(815301076,1909f56bfc062723c751e8b465ee728b)
Start importing Assets/karsiori/Sprites/GEM 7/PURPLE/GEM 7 - PURPLE - 0015.png using Guid(5554256ad6f6adc4e89744c55b1122b0) Importer(815301076,1909f56bfc062723c751e8b465ee728b)  -> (artifact id: '3d6dc2e94897c7766a6fbb76d5faca61') in 0.027057 seconds
Number of updated asset objects reloaded before import = 0
Number of asset objects unloaded after import = 3
========================================================================
Received Import Request.
  Time since last request: 2.852158 seconds.
  path: Assets/karsiori/Sprites/GEM 8/GEM 8 - LIGHT GREEN - Spritesheet.png
  artifactKey: Guid(50430f5811353c44197d6514e7224284) Importer(815301076,1909f56bfc062723c751e8b465ee728b)
Start importing Assets/karsiori/Sprites/GEM 8/GEM 8 - LIGHT GREEN - Spritesheet.png using Guid(50430f5811353c44197d6514e7224284) Importer(815301076,1909f56bfc062723c751e8b465ee728b)  -> (artifact id: '5e8e6d937b193bce6e51db29bdd930c5') in 0.030510 seconds
Number of updated asset objects reloaded before import = 0
Number of asset objects unloaded after import = 3
========================================================================
Received Import Request.
  Time since last request: 0.000029 seconds.
  path: Assets/karsiori/Sprites/GEM 8/GEM 8 - PURPLE - Spritesheet.png
  artifactKey: Guid(7af503d78f9e1f94ba1fe357af557fb7) Importer(815301076,1909f56bfc062723c751e8b465ee728b)
Start importing Assets/karsiori/Sprites/GEM 8/GEM 8 - PURPLE - Spritesheet.png using Guid(7af503d78f9e1f94ba1fe357af557fb7) Importer(815301076,1909f56bfc062723c751e8b465ee728b)  -> (artifact id: 'b3e6782737f0ed207cadf37d92412073') in 0.025084 seconds
Number of updated asset objects reloaded before import = 0
Number of asset objects unloaded after import = 3
========================================================================
Received Import Request.
  Time since last request: 0.630838 seconds.
  path: Assets/karsiori/Sprites/GEM 8/LIGHT GREEN/GEM 8 - LIGHT GREEN - 0003.png
  artifactKey: Guid(b3abde421a6d58f448db7cf074e13c8a) Importer(815301076,1909f56bfc062723c751e8b465ee728b)
Start importing Assets/karsiori/Sprites/GEM 8/LIGHT GREEN/GEM 8 - LIGHT GREEN - 0003.png using Guid(b3abde421a6d58f448db7cf074e13c8a) Importer(815301076,1909f56bfc062723c751e8b465ee728b)  -> (artifact id: '1ab231b56f5181db88d7d7c6581be2e0') in 0.043493 seconds
Number of updated asset objects reloaded before import = 0
Number of asset objects unloaded after import = 3
========================================================================
Received Import Request.
  Time since last request: 0.000036 seconds.
  path: Assets/karsiori/Sprites/GEM 8/LIGHT GREEN/GEM 8 - LIGHT GREEN - 0005.png
  artifactKey: Guid(5e714bf4c25537142bd1935d4b955f46) Importer(815301076,1909f56bfc062723c751e8b465ee728b)
Start importing Assets/karsiori/Sprites/GEM 8/LIGHT GREEN/GEM 8 - LIGHT GREEN - 0005.png using Guid(5e714bf4c25537142bd1935d4b955f46) Importer(815301076,1909f56bfc062723c751e8b465ee728b)  -> (artifact id: 'f70db7dd068d907c822675977463ac53') in 0.030181 seconds
Number of updated asset objects reloaded before import = 0
Number of asset objects unloaded after import = 3
========================================================================
Received Import Request.
  Time since last request: 2.209292 seconds.
  path: Assets/karsiori/Sprites/GEM 8/RED/GEM 8 - RED - 0003.png
  artifactKey: Guid(c878e05f8cd289c4e93b11c1599f0b6d) Importer(815301076,1909f56bfc062723c751e8b465ee728b)
Start importing Assets/karsiori/Sprites/GEM 8/RED/GEM 8 - RED - 0003.png using Guid(c878e05f8cd289c4e93b11c1599f0b6d) Importer(815301076,1909f56bfc062723c751e8b465ee728b)  -> (artifact id: '69acf1b1b00033cd7436f63c75fdf634') in 0.028840 seconds
Number of updated asset objects reloaded before import = 0
Number of asset objects unloaded after import = 3
========================================================================
Received Import Request.
  Time since last request: 0.000031 seconds.
  path: Assets/karsiori/Sprites/GEM 8/RED/GEM 8 - RED - 0007.png
  artifactKey: Guid(cd57f2e0aabc8ed44be91f3a30d08309) Importer(815301076,1909f56bfc062723c751e8b465ee728b)
Start importing Assets/karsiori/Sprites/GEM 8/RED/GEM 8 - RED - 0007.png using Guid(cd57f2e0aabc8ed44be91f3a30d08309) Importer(815301076,1909f56bfc062723c751e8b465ee728b)  -> (artifact id: '6ff725f1153e6090958ff984eff6b208') in 0.025359 seconds
Number of updated asset objects reloaded before import = 0
Number of asset objects unloaded after import = 3
========================================================================
Received Import Request.
  Time since last request: 1.780757 seconds.
  path: Assets/karsiori/Sprites/GEM 8/TURQUOISE/GEM 8 - TURQUOISE - 0003.png
  artifactKey: Guid(60ed6296923de1646900b1fffe63d171) Importer(815301076,1909f56bfc062723c751e8b465ee728b)
Start importing Assets/karsiori/Sprites/GEM 8/TURQUOISE/GEM 8 - TURQUOISE - 0003.png using Guid(60ed6296923de1646900b1fffe63d171) Importer(815301076,1909f56bfc062723c751e8b465ee728b)  -> (artifact id: '6cbe70584c25c827ea1fb776fff3ad4b') in 0.022417 seconds
Number of updated asset objects reloaded before import = 0
Number of asset objects unloaded after import = 3
========================================================================
Received Import Request.
  Time since last request: 0.000021 seconds.
  path: Assets/karsiori/Sprites/GEM 8/TURQUOISE/GEM 8 - TURQUOISE - 0005.png
  artifactKey: Guid(1ff9341653b1fb14199c5db324cd55b8) Importer(815301076,1909f56bfc062723c751e8b465ee728b)
Start importing Assets/karsiori/Sprites/GEM 8/TURQUOISE/GEM 8 - TURQUOISE - 0005.png using Guid(1ff9341653b1fb14199c5db324cd55b8) Importer(815301076,1909f56bfc062723c751e8b465ee728b)  -> (artifact id: '06442e529b1d90a13e556454424da3f5') in 0.020208 seconds
Number of updated asset objects reloaded before import = 0
Number of asset objects unloaded after import = 3
========================================================================
Received Import Request.
  Time since last request: 3.079345 seconds.
  path: Assets/karsiori/Sprites/GEM 9/GEM 9 - LIGHT GREEN - Spritesheet.png
  artifactKey: Guid(b492f51e5685d1d49b073bf9db8d214b) Importer(815301076,1909f56bfc062723c751e8b465ee728b)
Start importing Assets/karsiori/Sprites/GEM 9/GEM 9 - LIGHT GREEN - Spritesheet.png using Guid(b492f51e5685d1d49b073bf9db8d214b) Importer(815301076,1909f56bfc062723c751e8b465ee728b)  -> (artifact id: 'ba2ad8bc55a0dd70a37ed688e6cc23e9') in 0.028840 seconds
Number of updated asset objects reloaded before import = 0
Number of asset objects unloaded after import = 3
========================================================================
Received Import Request.
  Time since last request: 0.000034 seconds.
  path: Assets/karsiori/Sprites/GEM 9/GEM 9 - PURPLE - Spritesheet.png
  artifactKey: Guid(e7f534e4427b10e4ca069ad0edbf7085) Importer(815301076,1909f56bfc062723c751e8b465ee728b)
Start importing Assets/karsiori/Sprites/GEM 9/GEM 9 - PURPLE - Spritesheet.png using Guid(e7f534e4427b10e4ca069ad0edbf7085) Importer(815301076,1909f56bfc062723c751e8b465ee728b)  -> (artifact id: 'eadb3ce998e2003e6f360887c04057ad') in 0.036657 seconds
Number of updated asset objects reloaded before import = 0
Number of asset objects unloaded after import = 3
========================================================================
Received Import Request.
  Time since last request: 1.004074 seconds.
  path: Assets/karsiori/Sprites/GEM 9/LILAC/GEM 9 - LILAC - 0003.png
  artifactKey: Guid(4a3ed145e1a5e944a85ff218da67b147) Importer(815301076,1909f56bfc062723c751e8b465ee728b)
Start importing Assets/karsiori/Sprites/GEM 9/LILAC/GEM 9 - LILAC - 0003.png using Guid(4a3ed145e1a5e944a85ff218da67b147) Importer(815301076,1909f56bfc062723c751e8b465ee728b)  -> (artifact id: '434d34b42bdd5967147ad66a20cef299') in 0.037889 seconds
Number of updated asset objects reloaded before import = 0
Number of asset objects unloaded after import = 3
========================================================================
Received Import Request.
  Time since last request: 0.000039 seconds.
  path: Assets/karsiori/Sprites/GEM 9/LILAC/GEM 9 - LILAC - 0006.png
  artifactKey: Guid(ffa53f74ad9d7c14382e98da0249925f) Importer(815301076,1909f56bfc062723c751e8b465ee728b)
Start importing Assets/karsiori/Sprites/GEM 9/LILAC/GEM 9 - LILAC - 0006.png using Guid(ffa53f74ad9d7c14382e98da0249925f) Importer(815301076,1909f56bfc062723c751e8b465ee728b)  -> (artifact id: 'cc0799e1612c0b17307dd53805e3d5a4') in 0.026655 seconds
Number of updated asset objects reloaded before import = 0
Number of asset objects unloaded after import = 3
========================================================================
Received Import Request.
  Time since last request: 7.410462 seconds.
  path: Assets/karsiori/Sprites/GEM 7/GOLD/GEM 7 - GOLD - 0003.png
  artifactKey: Guid(1721c41c859dba84cbe890166f2ca662) Importer(815301076,1909f56bfc062723c751e8b465ee728b)
Start importing Assets/karsiori/Sprites/GEM 7/GOLD/GEM 7 - GOLD - 0003.png using Guid(1721c41c859dba84cbe890166f2ca662) Importer(815301076,1909f56bfc062723c751e8b465ee728b)  -> (artifact id: '471fc5c6d72cf2ddf9f7bfa08e7af4e0') in 0.026932 seconds
Number of updated asset objects reloaded before import = 0
Number of asset objects unloaded after import = 3
========================================================================
Received Import Request.
  Time since last request: 0.000032 seconds.
  path: Assets/karsiori/Sprites/GEM 7/GOLD/GEM 7 - GOLD - 0014.png
  artifactKey: Guid(4f4729d7832254747b79aa255c4055fb) Importer(815301076,1909f56bfc062723c751e8b465ee728b)
Start importing Assets/karsiori/Sprites/GEM 7/GOLD/GEM 7 - GOLD - 0014.png using Guid(4f4729d7832254747b79aa255c4055fb) Importer(815301076,1909f56bfc062723c751e8b465ee728b)  -> (artifact id: 'a028d5a96fd6415e502cf631be8288e0') in 0.026338 seconds
Number of updated asset objects reloaded before import = 0
Number of asset objects unloaded after import = 3
========================================================================
Received Import Request.
  Time since last request: 0.000030 seconds.
  path: Assets/karsiori/Sprites/GEM 7/GOLD/GEM 7 - GOLD - 0008.png
  artifactKey: Guid(93d17820e14d82446af1d3ebb35875c3) Importer(815301076,1909f56bfc062723c751e8b465ee728b)
Start importing Assets/karsiori/Sprites/GEM 7/GOLD/GEM 7 - GOLD - 0008.png using Guid(93d17820e14d82446af1d3ebb35875c3) Importer(815301076,1909f56bfc062723c751e8b465ee728b)  -> (artifact id: '281947823d89d5b8e2441fa5e6781d81') in 0.025682 seconds
Number of updated asset objects reloaded before import = 0
Number of asset objects unloaded after import = 3
========================================================================
Received Import Request.
  Time since last request: 15.493044 seconds.
  path: Assets/karsiori/Sprites/GEM 8/GOLD/GEM 8 - GOLD - 0003.png
  artifactKey: Guid(eacec865320b72249a53ed98b42b82fb) Importer(815301076,1909f56bfc062723c751e8b465ee728b)
Start importing Assets/karsiori/Sprites/GEM 8/GOLD/GEM 8 - GOLD - 0003.png using Guid(eacec865320b72249a53ed98b42b82fb) Importer(815301076,1909f56bfc062723c751e8b465ee728b)  -> (artifact id: 'e5f340edcbe3d44f59f71333e6ac8fcc') in 0.028535 seconds
Number of updated asset objects reloaded before import = 0
Number of asset objects unloaded after import = 3
========================================================================
Received Import Request.
  Time since last request: 0.000450 seconds.
  path: Assets/karsiori/Sprites/GEM 8/GOLD/GEM 8 - GOLD - 0006.png
  artifactKey: Guid(04a1f4c5ed7955c42b714a16875e4fc7) Importer(815301076,1909f56bfc062723c751e8b465ee728b)
Start importing Assets/karsiori/Sprites/GEM 8/GOLD/GEM 8 - GOLD - 0006.png using Guid(04a1f4c5ed7955c42b714a16875e4fc7) Importer(815301076,1909f56bfc062723c751e8b465ee728b)  -> (artifact id: '69380752cbbf747445c4d68c8531eb34') in 0.025314 seconds
Number of updated asset objects reloaded before import = 0
Number of asset objects unloaded after import = 3
========================================================================
Received Import Request.
  Time since last request: 14.901364 seconds.
  path: Assets/karsiori/Sprites/GEM 9/GOLD/GEM 9 - GOLD - 0003.png
  artifactKey: Guid(a07e9720081cdc149bee62ff839d41b0) Importer(815301076,1909f56bfc062723c751e8b465ee728b)
Start importing Assets/karsiori/Sprites/GEM 9/GOLD/GEM 9 - GOLD - 0003.png using Guid(a07e9720081cdc149bee62ff839d41b0) Importer(815301076,1909f56bfc062723c751e8b465ee728b)  -> (artifact id: 'd5ee37ff154693524ccec98ac917e3f5') in 0.037872 seconds
Number of updated asset objects reloaded before import = 0
Number of asset objects unloaded after import = 3
========================================================================
Received Import Request.
  Time since last request: 0.000051 seconds.
  path: Assets/karsiori/Sprites/GEM 9/GOLD/GEM 9 - GOLD - 0005.png
  artifactKey: Guid(ab895af936eb9044588ebb61b9136ca8) Importer(815301076,1909f56bfc062723c751e8b465ee728b)
Start importing Assets/karsiori/Sprites/GEM 9/GOLD/GEM 9 - GOLD - 0005.png using Guid(ab895af936eb9044588ebb61b9136ca8) Importer(815301076,1909f56bfc062723c751e8b465ee728b)  -> (artifact id: '188fd24a47e8efc1c8defc34eed0ec3e') in 0.039194 seconds
Number of updated asset objects reloaded before import = 0
Number of asset objects unloaded after import = 3
========================================================================
Received Prepare
Begin MonoManager ReloadAssembly
Symbol file LoadedFromMemory is not a mono symbol file
- Loaded All Assemblies, in  0.714 seconds
Refreshing native plugins compatible for Editor in 13.37 ms, found 2 plugins.
Native extension for WindowsStandalone target not found
[Package Manager] Server::EnsureServerProcessIsRunning -- launch failed, reason: Unity was launched with the -noUpm command-line argument
[Package Manager] UpmClient::Send -- Unable to send message (not connected to UPM process).
[Package Manager] Cannot connect to Unity Package Manager local server
Mono: successfully reloaded assembly
- Finished resetting the current domain, in  1.649 seconds
Domain Reload Profiling: 2359ms
	BeginReloadAssembly (222ms)
		ExecutionOrderSort (0ms)
		DisableScriptedObjects (9ms)
		BackupInstance (0ms)
		ReleaseScriptingObjects (0ms)
		CreateAndSetChildDomain (51ms)
	RebuildCommonClasses (47ms)
	RebuildNativeTypeToScriptingClass (13ms)
	initialDomainReloadingComplete (53ms)
	LoadAllAssembliesAndSetupDomain (374ms)
		LoadAssemblies (477ms)
		RebuildTransferFunctionScriptingTraits (0ms)
		AnalyzeDomain (16ms)
			TypeCache.Refresh (9ms)
				TypeCache.ScanAssembly (0ms)
			ScanForSourceGeneratedMonoScriptInfo (0ms)
			ResolveRequiredComponents (5ms)
	FinalizeReload (1650ms)
		ReleaseScriptCaches (0ms)
		RebuildScriptCaches (0ms)
		SetupLoadedEditorAssemblies (996ms)
			LogAssemblyErrors (0ms)
			InitializePlatformSupportModulesInManaged (11ms)
			SetLoadedEditorAssemblies (9ms)
			RefreshPlugins (0ms)
			BeforeProcessingInitializeOnLoad (119ms)
			ProcessInitializeOnLoadAttributes (547ms)
			ProcessInitializeOnLoadMethodAttributes (298ms)
			AfterProcessingInitializeOnLoad (12ms)
			EditorAssembliesLoaded (1ms)
		ExecutionOrderSort2 (0ms)
		AwakeInstancesAfterBackupRestoration (13ms)
Refreshing native plugins compatible for Editor in 17.18 ms, found 2 plugins.
Preloading 0 native plugins for Editor in 0.00 ms.
Unloading 2543 Unused Serialized files (Serialized files now loaded: 0)
Unloading 56 unused Assets / (47.1 KB). Loaded Objects now: 3018.
Memory consumption went from 117.1 MB to 117.1 MB.
Total: 15.351600 ms (FindLiveObjects: 0.690800 ms CreateObjectMapping: 0.199200 ms MarkObjects: 14.273200 ms  DeleteObjects: 0.186300 ms)

Prepare: number of updated asset objects reloaded= 0
AssetImportParameters requested are different than current active one (requested -> active):
  custom:video-decoder-webm-vp8: 9c59270c3fd7afecdb556c50c9e8de78 -> 
  custom:SearchIndexIgnoredProperties: e643bd26f0fe6173181afceb89e7c659 -> 
  custom:container-demuxer-ogg: 62fdf1f143b41e24485cea50d1cbac27 -> 
  custom:AudioImporter_EditorPlatform: d09bf68614088b80899f8185d706f6e7 -> 
  custom:video-codec-MediaFoundation-h265: 746d11721c4dcdbdad8f713fa42b33f4 -> 
  custom:video-decoder-ogg-theora: a1e56fd34408186e4bbccfd4996cb3dc -> 
  custom:framework-win-MediaFoundation: 216162199b28c13a410421893ffa2e32 -> 
  custom:video-encoder-webm-vp8: eb34c28f22e8b96e1ab97ce403110664 -> 
  custom:audio-decoder-ogg-vorbis: bf7c407c2cedff20999df2af8eb42d56 -> 
  custom:CustomObjectIndexerAttribute: 9a22284fe3817be447336de3de66b15e -> 
  custom:container-demuxer-webm: 4f35f7cbe854078d1ac9338744f61a02 -> 
  custom:audio-encoder-webm-vorbis: bf7c407c2cedff20999df2af8eb42d56 -> 
  custom:container-muxer-webm: aa71ff27fc2769a1b78a27578f13a17b -> 
========================================================================
Received Import Request.
  Time since last request: 21.728091 seconds.
  path: Assets/karsiori/Sprites/GEM 7/LIGHT GREEN/GEM 7 - LIGHT GREEN - 0003.png
  artifactKey: Guid(0957a25c967b1804b8ce98486112b5e1) Importer(815301076,1909f56bfc062723c751e8b465ee728b)
Start importing Assets/karsiori/Sprites/GEM 7/LIGHT GREEN/GEM 7 - LIGHT GREEN - 0003.png using Guid(0957a25c967b1804b8ce98486112b5e1) Importer(815301076,1909f56bfc062723c751e8b465ee728b)  -> (artifact id: '4c592eb899c64f193a994ee1047f4467') in 0.108635 seconds
Number of updated asset objects reloaded before import = 0
Number of asset objects unloaded after import = 3
========================================================================
Received Import Request.
  Time since last request: 0.000023 seconds.
  path: Assets/karsiori/Sprites/GEM 7/LIGHT GREEN/GEM 7 - LIGHT GREEN - 0005.png
  artifactKey: Guid(3fdf5a7340aea23489fa3be75c3eb204) Importer(815301076,1909f56bfc062723c751e8b465ee728b)
Start importing Assets/karsiori/Sprites/GEM 7/LIGHT GREEN/GEM 7 - LIGHT GREEN - 0005.png using Guid(3fdf5a7340aea23489fa3be75c3eb204) Importer(815301076,1909f56bfc062723c751e8b465ee728b)  -> (artifact id: '9611a7a8ce862a1e3f22a72a6e405a78') in 0.032498 seconds
Number of updated asset objects reloaded before import = 0
Number of asset objects unloaded after import = 3
========================================================================
Received Import Request.
  Time since last request: 0.000046 seconds.
  path: Assets/karsiori/Sprites/GEM 7/LIGHT GREEN/GEM 7 - LIGHT GREEN - 0012.png
  artifactKey: Guid(18f0ed24acb35b64082756ad260a4d84) Importer(815301076,1909f56bfc062723c751e8b465ee728b)
Start importing Assets/karsiori/Sprites/GEM 7/LIGHT GREEN/GEM 7 - LIGHT GREEN - 0012.png using Guid(18f0ed24acb35b64082756ad260a4d84) Importer(815301076,1909f56bfc062723c751e8b465ee728b)  -> (artifact id: '90e735062f9bb9800944ed72a12ee7d2') in 0.019148 seconds
Number of updated asset objects reloaded before import = 0
Number of asset objects unloaded after import = 3
========================================================================
Received Import Request.
  Time since last request: 2.892153 seconds.
  path: Assets/karsiori/Sprites/GEM 7/DARK BLUE/GEM 7 - DARK BLUE - 0003.png
  artifactKey: Guid(12ced7895bed40746b05ccc28c62fbbf) Importer(815301076,1909f56bfc062723c751e8b465ee728b)
Start importing Assets/karsiori/Sprites/GEM 7/DARK BLUE/GEM 7 - DARK BLUE - 0003.png using Guid(12ced7895bed40746b05ccc28c62fbbf) Importer(815301076,1909f56bfc062723c751e8b465ee728b)  -> (artifact id: '7c6938cc964d68e73af7cef457617a36') in 0.027340 seconds
Number of updated asset objects reloaded before import = 0
Number of asset objects unloaded after import = 3
========================================================================
Received Import Request.
  Time since last request: 0.000056 seconds.
  path: Assets/karsiori/Sprites/GEM 7/DARK BLUE/GEM 7 - DARK BLUE - 0006.png
  artifactKey: Guid(e59bfd1704eecb241b835e698ee794b2) Importer(815301076,1909f56bfc062723c751e8b465ee728b)
Start importing Assets/karsiori/Sprites/GEM 7/DARK BLUE/GEM 7 - DARK BLUE - 0006.png using Guid(e59bfd1704eecb241b835e698ee794b2) Importer(815301076,1909f56bfc062723c751e8b465ee728b)  -> (artifact id: '6a22084ddf0982cd9e50beac21ccd41d') in 0.026287 seconds
Number of updated asset objects reloaded before import = 0
Number of asset objects unloaded after import = 3
========================================================================
Received Import Request.
  Time since last request: 0.001927 seconds.
  path: Assets/karsiori/Sprites/GEM 7/DARK BLUE/GEM 7 - DARK BLUE - 0005.png
  artifactKey: Guid(7b09854b7035d744f9282d4dc083b8e3) Importer(815301076,1909f56bfc062723c751e8b465ee728b)
Start importing Assets/karsiori/Sprites/GEM 7/DARK BLUE/GEM 7 - DARK BLUE - 0005.png using Guid(7b09854b7035d744f9282d4dc083b8e3) Importer(815301076,1909f56bfc062723c751e8b465ee728b)  -> (artifact id: 'db886931ce22814b9b8c983461c78548') in 0.031769 seconds
Number of updated asset objects reloaded before import = 0
Number of asset objects unloaded after import = 3
========================================================================
Received Import Request.
  Time since last request: 2.014697 seconds.
  path: Assets/karsiori/Sprites/GEM 10/GEM CLUSTER 10 - LIGHT GREEN - Spritesheet.png
  artifactKey: Guid(fd2de9816a9b4f54ba64ed3f77782a5c) Importer(815301076,1909f56bfc062723c751e8b465ee728b)
Start importing Assets/karsiori/Sprites/GEM 10/GEM CLUSTER 10 - LIGHT GREEN - Spritesheet.png using Guid(fd2de9816a9b4f54ba64ed3f77782a5c) Importer(815301076,1909f56bfc062723c751e8b465ee728b)  -> (artifact id: '8039e4ddbb1999728bc60594f9263e3a') in 0.025422 seconds
Number of updated asset objects reloaded before import = 0
Number of asset objects unloaded after import = 3
========================================================================
Received Import Request.
  Time since last request: 0.992728 seconds.
  path: Assets/karsiori/Sprites/GEM 10/GOLD/GEM CLUSTER 10 - GOLD - 0003.png
  artifactKey: Guid(6ae7c61e8d1237f41a01fc91e23008bd) Importer(815301076,1909f56bfc062723c751e8b465ee728b)
Start importing Assets/karsiori/Sprites/GEM 10/GOLD/GEM CLUSTER 10 - GOLD - 0003.png using Guid(6ae7c61e8d1237f41a01fc91e23008bd) Importer(815301076,1909f56bfc062723c751e8b465ee728b)  -> (artifact id: '0eff77053373f710b8abdbcbd95e98cd') in 0.038581 seconds
Number of updated asset objects reloaded before import = 0
Number of asset objects unloaded after import = 3
========================================================================
Received Import Request.
  Time since last request: 0.000431 seconds.
  path: Assets/karsiori/Sprites/GEM 10/GOLD/GEM CLUSTER 10 - GOLD - 0042.png
  artifactKey: Guid(2dd44b45989d18044bf3d7f93920610f) Importer(815301076,1909f56bfc062723c751e8b465ee728b)
Start importing Assets/karsiori/Sprites/GEM 10/GOLD/GEM CLUSTER 10 - GOLD - 0042.png using Guid(2dd44b45989d18044bf3d7f93920610f) Importer(815301076,1909f56bfc062723c751e8b465ee728b)  -> (artifact id: '5bc0b0d0da34f03a8a37814301d79d75') in 0.024450 seconds
Number of updated asset objects reloaded before import = 0
Number of asset objects unloaded after import = 3
========================================================================
Received Import Request.
  Time since last request: 0.000025 seconds.
  path: Assets/karsiori/Sprites/GEM 10/GOLD/GEM CLUSTER 10 - GOLD - 0066.png
  artifactKey: Guid(ccb221f9be8ba8540b2fbe7bb7cc38b7) Importer(815301076,1909f56bfc062723c751e8b465ee728b)
Start importing Assets/karsiori/Sprites/GEM 10/GOLD/GEM CLUSTER 10 - GOLD - 0066.png using Guid(ccb221f9be8ba8540b2fbe7bb7cc38b7) Importer(815301076,1909f56bfc062723c751e8b465ee728b)  -> (artifact id: '436e7c6aa02a74496692718bd028b391') in 0.023624 seconds
Number of updated asset objects reloaded before import = 0
Number of asset objects unloaded after import = 3
========================================================================
Received Import Request.
  Time since last request: 0.000022 seconds.
  path: Assets/karsiori/Sprites/GEM 10/GOLD/GEM CLUSTER 10 - GOLD - 0062.png
  artifactKey: Guid(be0f5a69568881b438051a74df493863) Importer(815301076,1909f56bfc062723c751e8b465ee728b)
Start importing Assets/karsiori/Sprites/GEM 10/GOLD/GEM CLUSTER 10 - GOLD - 0062.png using Guid(be0f5a69568881b438051a74df493863) Importer(815301076,1909f56bfc062723c751e8b465ee728b)  -> (artifact id: '6019816e2f324a6309dd61cd87aeb8a2') in 0.022069 seconds
Number of updated asset objects reloaded before import = 0
Number of asset objects unloaded after import = 3
========================================================================
Received Import Request.
  Time since last request: 0.000025 seconds.
  path: Assets/karsiori/Sprites/GEM 10/GOLD/GEM CLUSTER 10 - GOLD - 0019.png
  artifactKey: Guid(3cce62ce234424b42b8e5a4dec3c9a73) Importer(815301076,1909f56bfc062723c751e8b465ee728b)
Start importing Assets/karsiori/Sprites/GEM 10/GOLD/GEM CLUSTER 10 - GOLD - 0019.png using Guid(3cce62ce234424b42b8e5a4dec3c9a73) Importer(815301076,1909f56bfc062723c751e8b465ee728b)  -> (artifact id: 'd0f3b1a8b1a4d30cf5b751ab6ed65c46') in 0.022006 seconds
Number of updated asset objects reloaded before import = 0
Number of asset objects unloaded after import = 3
========================================================================
Received Import Request.
  Time since last request: 0.000068 seconds.
  path: Assets/karsiori/Sprites/GEM 10/GOLD/GEM CLUSTER 10 - GOLD - 0018.png
  artifactKey: Guid(2a649b9d22374ea43acdceb086294d06) Importer(815301076,1909f56bfc062723c751e8b465ee728b)
Start importing Assets/karsiori/Sprites/GEM 10/GOLD/GEM CLUSTER 10 - GOLD - 0018.png using Guid(2a649b9d22374ea43acdceb086294d06) Importer(815301076,1909f56bfc062723c751e8b465ee728b)  -> (artifact id: '0a4a1091eb20d35fc06b09b219bf8b24') in 0.018026 seconds
Number of updated asset objects reloaded before import = 0
Number of asset objects unloaded after import = 3
========================================================================
Received Import Request.
  Time since last request: 0.000022 seconds.
  path: Assets/karsiori/Sprites/GEM 10/GOLD/GEM CLUSTER 10 - GOLD - 0047.png
  artifactKey: Guid(aae16bd95e889fd42af84814ef27b67d) Importer(815301076,1909f56bfc062723c751e8b465ee728b)
Start importing Assets/karsiori/Sprites/GEM 10/GOLD/GEM CLUSTER 10 - GOLD - 0047.png using Guid(aae16bd95e889fd42af84814ef27b67d) Importer(815301076,1909f56bfc062723c751e8b465ee728b)  -> (artifact id: '05696a06af1d13bb22a01ca35242ce4d') in 0.017744 seconds
Number of updated asset objects reloaded before import = 0
Number of asset objects unloaded after import = 3
========================================================================
Received Import Request.
  Time since last request: 0.000208 seconds.
  path: Assets/karsiori/Sprites/GEM 10/GOLD/GEM CLUSTER 10 - GOLD - 0006.png
  artifactKey: Guid(d999101739d51b840bf343d2c7e35a01) Importer(815301076,1909f56bfc062723c751e8b465ee728b)
Start importing Assets/karsiori/Sprites/GEM 10/GOLD/GEM CLUSTER 10 - GOLD - 0006.png using Guid(d999101739d51b840bf343d2c7e35a01) Importer(815301076,1909f56bfc062723c751e8b465ee728b)  -> (artifact id: '2f0654332736cdd03fd9cf98c1a60160') in 0.020759 seconds
Number of updated asset objects reloaded before import = 0
Number of asset objects unloaded after import = 3
========================================================================
Received Import Request.
  Time since last request: 0.000020 seconds.
  path: Assets/karsiori/Sprites/GEM 10/GOLD/GEM CLUSTER 10 - GOLD - 0037.png
  artifactKey: Guid(820262460ca7ac44e8621d0e048a7299) Importer(815301076,1909f56bfc062723c751e8b465ee728b)
Start importing Assets/karsiori/Sprites/GEM 10/GOLD/GEM CLUSTER 10 - GOLD - 0037.png using Guid(820262460ca7ac44e8621d0e048a7299) Importer(815301076,1909f56bfc062723c751e8b465ee728b)  -> (artifact id: 'b2e0375d7d6deb7ae7e249244f66c917') in 0.019433 seconds
Number of updated asset objects reloaded before import = 0
Number of asset objects unloaded after import = 3
========================================================================
Received Import Request.
  Time since last request: 0.000020 seconds.
  path: Assets/karsiori/Sprites/GEM 10/GOLD/GEM CLUSTER 10 - GOLD - 0050.png
  artifactKey: Guid(6cef5b82b743bed498ec015404666e9e) Importer(815301076,1909f56bfc062723c751e8b465ee728b)
Start importing Assets/karsiori/Sprites/GEM 10/GOLD/GEM CLUSTER 10 - GOLD - 0050.png using Guid(6cef5b82b743bed498ec015404666e9e) Importer(815301076,1909f56bfc062723c751e8b465ee728b)  -> (artifact id: '1e76dd5ee77aecfd65527dd84113bf73') in 0.019852 seconds
Number of updated asset objects reloaded before import = 0
Number of asset objects unloaded after import = 3
========================================================================
Received Import Request.
  Time since last request: 0.000026 seconds.
  path: Assets/karsiori/Sprites/GEM 10/GOLD/GEM CLUSTER 10 - GOLD - 0059.png
  artifactKey: Guid(a036e83df4e647045a28089ad208dc4b) Importer(815301076,1909f56bfc062723c751e8b465ee728b)
Start importing Assets/karsiori/Sprites/GEM 10/GOLD/GEM CLUSTER 10 - GOLD - 0059.png using Guid(a036e83df4e647045a28089ad208dc4b) Importer(815301076,1909f56bfc062723c751e8b465ee728b)  -> (artifact id: '3f3b0dc9c288663f0af0e49a0a39052f') in 0.018518 seconds
Number of updated asset objects reloaded before import = 0
Number of asset objects unloaded after import = 3
========================================================================
Received Import Request.
  Time since last request: 0.000029 seconds.
  path: Assets/karsiori/Sprites/GEM 10/GOLD/GEM CLUSTER 10 - GOLD - 0051.png
  artifactKey: Guid(0a4ac31762bef8b48b00b9e4cbbdc25a) Importer(815301076,1909f56bfc062723c751e8b465ee728b)
Start importing Assets/karsiori/Sprites/GEM 10/GOLD/GEM CLUSTER 10 - GOLD - 0051.png using Guid(0a4ac31762bef8b48b00b9e4cbbdc25a) Importer(815301076,1909f56bfc062723c751e8b465ee728b)  -> (artifact id: 'd16feac85cc077e7da3e2171d0b67a31') in 0.016416 seconds
Number of updated asset objects reloaded before import = 0
Number of asset objects unloaded after import = 3
========================================================================
Received Import Request.
  Time since last request: 0.000032 seconds.
  path: Assets/karsiori/Sprites/GEM 10/GOLD/GEM CLUSTER 10 - GOLD - 0049.png
  artifactKey: Guid(fe5c79f62185eaf4183fb61ad8edb789) Importer(815301076,1909f56bfc062723c751e8b465ee728b)
Start importing Assets/karsiori/Sprites/GEM 10/GOLD/GEM CLUSTER 10 - GOLD - 0049.png using Guid(fe5c79f62185eaf4183fb61ad8edb789) Importer(815301076,1909f56bfc062723c751e8b465ee728b)  -> (artifact id: 'b547fa89b4e53e8607254695ab308c8a') in 0.018464 seconds
Number of updated asset objects reloaded before import = 0
Number of asset objects unloaded after import = 3
========================================================================
Received Import Request.
  Time since last request: 0.000039 seconds.
  path: Assets/karsiori/Sprites/GEM 10/GOLD/GEM CLUSTER 10 - GOLD - 0039.png
  artifactKey: Guid(e5f52b38b66560740a9d431222285f2e) Importer(815301076,1909f56bfc062723c751e8b465ee728b)
Start importing Assets/karsiori/Sprites/GEM 10/GOLD/GEM CLUSTER 10 - GOLD - 0039.png using Guid(e5f52b38b66560740a9d431222285f2e) Importer(815301076,1909f56bfc062723c751e8b465ee728b)  -> (artifact id: '915d35fc7f1bfc2059215f6e2a20da36') in 0.018370 seconds
Number of updated asset objects reloaded before import = 0
Number of asset objects unloaded after import = 3
========================================================================
Received Import Request.
  Time since last request: 0.000022 seconds.
  path: Assets/karsiori/Sprites/GEM 10/GOLD/GEM CLUSTER 10 - GOLD - 0078.png
  artifactKey: Guid(17fbb1a3d1f8e7e4fa0c59a602254330) Importer(815301076,1909f56bfc062723c751e8b465ee728b)
Start importing Assets/karsiori/Sprites/GEM 10/GOLD/GEM CLUSTER 10 - GOLD - 0078.png using Guid(17fbb1a3d1f8e7e4fa0c59a602254330) Importer(815301076,1909f56bfc062723c751e8b465ee728b)  -> (artifact id: '6ccdf733b33b859a6ad2b4cf38e231e2') in 0.019397 seconds
Number of updated asset objects reloaded before import = 0
Number of asset objects unloaded after import = 3
========================================================================
Received Prepare
Begin MonoManager ReloadAssembly
Symbol file LoadedFromMemory is not a mono symbol file
- Loaded All Assemblies, in  0.755 seconds
Refreshing native plugins compatible for Editor in 16.09 ms, found 2 plugins.
Native extension for WindowsStandalone target not found
[Package Manager] Server::EnsureServerProcessIsRunning -- launch failed, reason: Unity was launched with the -noUpm command-line argument
[Package Manager] UpmClient::Send -- Unable to send message (not connected to UPM process).
[Package Manager] Cannot connect to Unity Package Manager local server
Mono: successfully reloaded assembly
- Finished resetting the current domain, in  1.715 seconds
Domain Reload Profiling: 2464ms
	BeginReloadAssembly (242ms)
		ExecutionOrderSort (0ms)
		DisableScriptedObjects (12ms)
		BackupInstance (0ms)
		ReleaseScriptingObjects (0ms)
		CreateAndSetChildDomain (55ms)
	RebuildCommonClasses (55ms)
	RebuildNativeTypeToScriptingClass (25ms)
	initialDomainReloadingComplete (49ms)
	LoadAllAssembliesAndSetupDomain (378ms)
		LoadAssemblies (497ms)
		RebuildTransferFunctionScriptingTraits (0ms)
		AnalyzeDomain (15ms)
			TypeCache.Refresh (7ms)
				TypeCache.ScanAssembly (0ms)
			ScanForSourceGeneratedMonoScriptInfo (0ms)
			ResolveRequiredComponents (6ms)
	FinalizeReload (1716ms)
		ReleaseScriptCaches (0ms)
		RebuildScriptCaches (0ms)
		SetupLoadedEditorAssemblies (993ms)
			LogAssemblyErrors (0ms)
			InitializePlatformSupportModulesInManaged (12ms)
			SetLoadedEditorAssemblies (9ms)
			RefreshPlugins (0ms)
			BeforeProcessingInitializeOnLoad (121ms)
			ProcessInitializeOnLoadAttributes (529ms)
			ProcessInitializeOnLoadMethodAttributes (308ms)
			AfterProcessingInitializeOnLoad (13ms)
			EditorAssembliesLoaded (1ms)
		ExecutionOrderSort2 (0ms)
		AwakeInstancesAfterBackupRestoration (14ms)
Refreshing native plugins compatible for Editor in 12.98 ms, found 2 plugins.
Preloading 0 native plugins for Editor in 0.00 ms.
Unloading 2543 Unused Serialized files (Serialized files now loaded: 0)
Unloading 56 unused Assets / (47.1 KB). Loaded Objects now: 3024.
Memory consumption went from 119.1 MB to 119.1 MB.
Total: 9.787500 ms (FindLiveObjects: 0.304200 ms CreateObjectMapping: 0.105600 ms MarkObjects: 9.277500 ms  DeleteObjects: 0.098400 ms)

Prepare: number of updated asset objects reloaded= 0
AssetImportParameters requested are different than current active one (requested -> active):
  custom:video-decoder-webm-vp8: 9c59270c3fd7afecdb556c50c9e8de78 -> 
  custom:SearchIndexIgnoredProperties: e643bd26f0fe6173181afceb89e7c659 -> 
  custom:container-demuxer-ogg: 62fdf1f143b41e24485cea50d1cbac27 -> 
  custom:AudioImporter_EditorPlatform: d09bf68614088b80899f8185d706f6e7 -> 
  custom:video-codec-MediaFoundation-h265: 746d11721c4dcdbdad8f713fa42b33f4 -> 
  custom:video-decoder-ogg-theora: a1e56fd34408186e4bbccfd4996cb3dc -> 
  custom:framework-win-MediaFoundation: 216162199b28c13a410421893ffa2e32 -> 
  custom:video-encoder-webm-vp8: eb34c28f22e8b96e1ab97ce403110664 -> 
  custom:audio-decoder-ogg-vorbis: bf7c407c2cedff20999df2af8eb42d56 -> 
  custom:CustomObjectIndexerAttribute: 9a22284fe3817be447336de3de66b15e -> 
  custom:container-demuxer-webm: 4f35f7cbe854078d1ac9338744f61a02 -> 
  custom:audio-encoder-webm-vorbis: bf7c407c2cedff20999df2af8eb42d56 -> 
  custom:container-muxer-webm: aa71ff27fc2769a1b78a27578f13a17b -> 
Editor requested this worker to shutdown with reason: Scaling down because of idle timeout
TcpMessagingSession - receive error: operation aborted. errorcode: 995, details:  /   -       .
AssetImportWorker is now disconnected from the server
Process exiting
Exiting without the bug reporter. Application will terminate with return code 0