Using pre-set license
Built from '2022.3/staging' branch; Version is '2022.3.21f1 (bf09ca542b87) revision 12519882'; Using compiler version '192829333'; Build Type 'Release'
OS: 'Windows 11  (10.0.22631) 64bit Professional' Language: 'ru' Physical Memory: 15773 MB
BatchMode: 1, IsHumanControllingUs: 0, StartBugReporterOnCrash: 0, Is64bit: 1, IsPro: 1

COMMAND LINE ARGUMENTS:
C:\Unity\Editor\2022.3.21f1\Editor\Unity.exe
-adb2
-batchMode
-noUpm
-name
AssetImportWorker7
-projectPath
C:/Users/Andrei/Desktop/Unity_Projects/Ludum56/SlimeAdventure
-logFile
Logs/AssetImportWorker7.log
-srvPort
58831
Successfully changed project path to: C:/Users/Andrei/Desktop/Unity_Projects/Ludum56/SlimeAdventure
C:/Users/Andrei/Desktop/Unity_Projects/Ludum56/SlimeAdventure
[UnityMemory] Configuration Parameters - Can be set up in boot.config
    "memorysetup-bucket-allocator-granularity=16"
    "memorysetup-bucket-allocator-bucket-count=8"
    "memorysetup-bucket-allocator-block-size=33554432"
    "memorysetup-bucket-allocator-block-count=8"
    "memorysetup-main-allocator-block-size=16777216"
    "memorysetup-thread-allocator-block-size=16777216"
    "memorysetup-gfx-main-allocator-block-size=16777216"
    "memorysetup-gfx-thread-allocator-block-size=16777216"
    "memorysetup-cache-allocator-block-size=4194304"
    "memorysetup-typetree-allocator-block-size=2097152"
    "memorysetup-profiler-bucket-allocator-granularity=16"
    "memorysetup-profiler-bucket-allocator-bucket-count=8"
    "memorysetup-profiler-bucket-allocator-block-size=33554432"
    "memorysetup-profiler-bucket-allocator-block-count=8"
    "memorysetup-profiler-allocator-block-size=16777216"
    "memorysetup-profiler-editor-allocator-block-size=1048576"
    "memorysetup-temp-allocator-size-main=16777216"
    "memorysetup-job-temp-allocator-block-size=2097152"
    "memorysetup-job-temp-allocator-block-size-background=1048576"
    "memorysetup-job-temp-allocator-reduction-small-platforms=262144"
    "memorysetup-allocator-temp-initial-block-size-main=262144"
    "memorysetup-allocator-temp-initial-block-size-worker=262144"
    "memorysetup-temp-allocator-size-background-worker=32768"
    "memorysetup-temp-allocator-size-job-worker=262144"
    "memorysetup-temp-allocator-size-preload-manager=33554432"
    "memorysetup-temp-allocator-size-nav-mesh-worker=65536"
    "memorysetup-temp-allocator-size-audio-worker=65536"
    "memorysetup-temp-allocator-size-cloud-worker=32768"
    "memorysetup-temp-allocator-size-gi-baking-worker=262144"
    "memorysetup-temp-allocator-size-gfx=262144"
Player connection [16020] Host "[IP] 192.168.100.45 [Port] 0 [Flags] 2 [Guid] 3032259965 [EditorId] 3032259965 [Version] 1048832 [Id] WindowsEditor(7,DESKTOP-EQJJ33K) [Debug] 1 [PackageName] WindowsEditor [ProjectName] Editor" joined multi-casting on [225.0.0.222:54997]...

Player connection [16020] Host "[IP] 192.168.100.45 [Port] 0 [Flags] 2 [Guid] 3032259965 [EditorId] 3032259965 [Version] 1048832 [Id] WindowsEditor(7,DESKTOP-EQJJ33K) [Debug] 1 [PackageName] WindowsEditor [ProjectName] Editor" joined alternative multi-casting on [225.0.0.222:34997]...

[Physics::Module] Initialized MultithreadedJobDispatcher with 15 workers.
Refreshing native plugins compatible for Editor in 24.56 ms, found 2 plugins.
Preloading 0 native plugins for Editor in 0.00 ms.
Initialize engine version: 2022.3.21f1 (bf09ca542b87)
[Subsystems] Discovering subsystems at path C:/Unity/Editor/2022.3.21f1/Editor/Data/Resources/UnitySubsystems
[Subsystems] Discovering subsystems at path C:/Users/Andrei/Desktop/Unity_Projects/Ludum56/SlimeAdventure/Assets
GfxDevice: creating device client; threaded=0; jobified=0
Direct3D:
    Version:  Direct3D 11.0 [level 11.1]
    Renderer: AMD Radeon (TM) Graphics (ID=0x15e7)
    Vendor:   ATI
    VRAM:     7886 MB
    Driver:   31.0.12046.24001
Initialize mono
Mono path[0] = 'C:/Unity/Editor/2022.3.21f1/Editor/Data/Managed'
Mono path[1] = 'C:/Unity/Editor/2022.3.21f1/Editor/Data/MonoBleedingEdge/lib/mono/unityjit-win32'
Mono config path = 'C:/Unity/Editor/2022.3.21f1/Editor/Data/MonoBleedingEdge/etc'
Using monoOptions --debugger-agent=transport=dt_socket,embedding=1,server=y,suspend=n,address=127.0.0.1:56308
Begin MonoManager ReloadAssembly
Registering precompiled unity dll's ...
Register platform support module: C:/Unity/Editor/2022.3.21f1/Editor/Data/PlaybackEngines/WindowsStandaloneSupport/UnityEditor.WindowsStandalone.Extensions.dll
Registered in 0.005774 seconds.
- Loaded All Assemblies, in  0.473 seconds
Native extension for WindowsStandalone target not found
Mono: successfully reloaded assembly
- Finished resetting the current domain, in  0.447 seconds
Domain Reload Profiling: 918ms
	BeginReloadAssembly (150ms)
		ExecutionOrderSort (0ms)
		DisableScriptedObjects (0ms)
		BackupInstance (0ms)
		ReleaseScriptingObjects (0ms)
		CreateAndSetChildDomain (1ms)
	RebuildCommonClasses (46ms)
	RebuildNativeTypeToScriptingClass (13ms)
	initialDomainReloadingComplete (73ms)
	LoadAllAssembliesAndSetupDomain (189ms)
		LoadAssemblies (147ms)
		RebuildTransferFunctionScriptingTraits (0ms)
		AnalyzeDomain (187ms)
			TypeCache.Refresh (185ms)
				TypeCache.ScanAssembly (165ms)
			ScanForSourceGeneratedMonoScriptInfo (1ms)
			ResolveRequiredComponents (1ms)
	FinalizeReload (447ms)
		ReleaseScriptCaches (0ms)
		RebuildScriptCaches (0ms)
		SetupLoadedEditorAssemblies (356ms)
			LogAssemblyErrors (0ms)
			InitializePlatformSupportModulesInManaged (13ms)
			SetLoadedEditorAssemblies (11ms)
			RefreshPlugins (0ms)
			BeforeProcessingInitializeOnLoad (3ms)
			ProcessInitializeOnLoadAttributes (264ms)
			ProcessInitializeOnLoadMethodAttributes (64ms)
			AfterProcessingInitializeOnLoad (0ms)
			EditorAssembliesLoaded (0ms)
		ExecutionOrderSort2 (0ms)
		AwakeInstancesAfterBackupRestoration (0ms)
========================================================================
Worker process is ready to serve import requests
Begin MonoManager ReloadAssembly
Symbol file LoadedFromMemory is not a mono symbol file
- Loaded All Assemblies, in  0.876 seconds
Refreshing native plugins compatible for Editor in 14.20 ms, found 2 plugins.
Native extension for WindowsStandalone target not found
Package Manager log level set to [2]
[Package Manager] Server::EnsureServerProcessIsRunning -- launch failed, reason: Unity was launched with the -noUpm command-line argument
[Package Manager] UpmClient::Send -- Unable to send message (not connected to UPM process).
[Package Manager] Cannot connect to Unity Package Manager local server
Mono: successfully reloaded assembly
- Finished resetting the current domain, in  0.947 seconds
Domain Reload Profiling: 1819ms
	BeginReloadAssembly (210ms)
		ExecutionOrderSort (0ms)
		DisableScriptedObjects (7ms)
		BackupInstance (0ms)
		ReleaseScriptingObjects (0ms)
		CreateAndSetChildDomain (37ms)
	RebuildCommonClasses (60ms)
	RebuildNativeTypeToScriptingClass (19ms)
	initialDomainReloadingComplete (60ms)
	LoadAllAssembliesAndSetupDomain (523ms)
		LoadAssemblies (431ms)
		RebuildTransferFunctionScriptingTraits (0ms)
		AnalyzeDomain (210ms)
			TypeCache.Refresh (178ms)
				TypeCache.ScanAssembly (159ms)
			ScanForSourceGeneratedMonoScriptInfo (27ms)
			ResolveRequiredComponents (4ms)
	FinalizeReload (947ms)
		ReleaseScriptCaches (0ms)
		RebuildScriptCaches (0ms)
		SetupLoadedEditorAssemblies (750ms)
			LogAssemblyErrors (0ms)
			InitializePlatformSupportModulesInManaged (7ms)
			SetLoadedEditorAssemblies (5ms)
			RefreshPlugins (0ms)
			BeforeProcessingInitializeOnLoad (81ms)
			ProcessInitializeOnLoadAttributes (446ms)
			ProcessInitializeOnLoadMethodAttributes (204ms)
			AfterProcessingInitializeOnLoad (7ms)
			EditorAssembliesLoaded (0ms)
		ExecutionOrderSort2 (0ms)
		AwakeInstancesAfterBackupRestoration (8ms)
Launched and connected shader compiler UnityShaderCompiler.exe after 0.08 seconds
Refreshing native plugins compatible for Editor in 13.50 ms, found 2 plugins.
Preloading 0 native plugins for Editor in 0.00 ms.
Unloading 2550 Unused Serialized files (Serialized files now loaded: 0)
Unloading 67 unused Assets / (73.3 KB). Loaded Objects now: 2986.
Memory consumption went from 109.4 MB to 109.4 MB.
Total: 9.078200 ms (FindLiveObjects: 0.285900 ms CreateObjectMapping: 0.104900 ms MarkObjects: 8.505600 ms  DeleteObjects: 0.180000 ms)

AssetImportParameters requested are different than current active one (requested -> active):
  custom:video-decoder-webm-vp8: 9c59270c3fd7afecdb556c50c9e8de78 -> 
  custom:SearchIndexIgnoredProperties: e643bd26f0fe6173181afceb89e7c659 -> 
  custom:container-demuxer-ogg: 62fdf1f143b41e24485cea50d1cbac27 -> 
  custom:AudioImporter_EditorPlatform: d09bf68614088b80899f8185d706f6e7 -> 
  custom:video-codec-MediaFoundation-h265: 746d11721c4dcdbdad8f713fa42b33f4 -> 
  custom:video-decoder-ogg-theora: a1e56fd34408186e4bbccfd4996cb3dc -> 
  custom:framework-win-MediaFoundation: 216162199b28c13a410421893ffa2e32 -> 
  custom:video-encoder-webm-vp8: eb34c28f22e8b96e1ab97ce403110664 -> 
  custom:audio-decoder-ogg-vorbis: bf7c407c2cedff20999df2af8eb42d56 -> 
  custom:CustomObjectIndexerAttribute: 9a22284fe3817be447336de3de66b15e -> 
  custom:container-demuxer-webm: 4f35f7cbe854078d1ac9338744f61a02 -> 
  custom:audio-encoder-webm-vorbis: bf7c407c2cedff20999df2af8eb42d56 -> 
  custom:container-muxer-webm: aa71ff27fc2769a1b78a27578f13a17b -> 
========================================================================
Received Import Request.
  Time since last request: 273304.463379 seconds.
  path: Assets/JACrandomitempack/JACrandomitempack (3).png
  artifactKey: Guid(0f18325cd474abc4880ee6a888960df3) Importer(815301076,1909f56bfc062723c751e8b465ee728b)
Start importing Assets/JACrandomitempack/JACrandomitempack (3).png using Guid(0f18325cd474abc4880ee6a888960df3) Importer(815301076,1909f56bfc062723c751e8b465ee728b)  -> (artifact id: '3195aaa536154eca01301214d8bb9267') in 0.187438 seconds
Number of updated asset objects reloaded before import = 0
Number of asset objects unloaded after import = 3
========================================================================
Received Import Request.
  Time since last request: 0.000062 seconds.
  path: Assets/JACrandomitempack/JACrandomitempack (6).png
  artifactKey: Guid(4d1b3efa3aaffb4448cd43a53a22a661) Importer(815301076,1909f56bfc062723c751e8b465ee728b)
Start importing Assets/JACrandomitempack/JACrandomitempack (6).png using Guid(4d1b3efa3aaffb4448cd43a53a22a661) Importer(815301076,1909f56bfc062723c751e8b465ee728b)  -> (artifact id: '67355810bfab3d0986913e65d3bb68d4') in 0.026132 seconds
Number of updated asset objects reloaded before import = 0
Number of asset objects unloaded after import = 3
========================================================================
Received Import Request.
  Time since last request: 0.000047 seconds.
  path: Assets/JACrandomitempack/JACrandomitempack (34).png
  artifactKey: Guid(3ea3e42ee2761904b9d3c0dbceaf1ae6) Importer(815301076,1909f56bfc062723c751e8b465ee728b)
Start importing Assets/JACrandomitempack/JACrandomitempack (34).png using Guid(3ea3e42ee2761904b9d3c0dbceaf1ae6) Importer(815301076,1909f56bfc062723c751e8b465ee728b)  -> (artifact id: 'f0068aa2a19edf7dfa77b895825602e1') in 0.025413 seconds
Number of updated asset objects reloaded before import = 0
Number of asset objects unloaded after import = 3
========================================================================
Received Import Request.
  Time since last request: 0.000033 seconds.
  path: Assets/JACrandomitempack/JACrandomitempack (4).png
  artifactKey: Guid(05fdf53d8f1eb1b4ba5a1b893fd84861) Importer(815301076,1909f56bfc062723c751e8b465ee728b)
Start importing Assets/JACrandomitempack/JACrandomitempack (4).png using Guid(05fdf53d8f1eb1b4ba5a1b893fd84861) Importer(815301076,1909f56bfc062723c751e8b465ee728b)  -> (artifact id: '875c59a377df50149d667d81fb8750a3') in 0.028150 seconds
Number of updated asset objects reloaded before import = 0
Number of asset objects unloaded after import = 3
========================================================================
Received Import Request.
  Time since last request: 0.000035 seconds.
  path: Assets/JACrandomitempack/JACrandomitempack (15).png
  artifactKey: Guid(221b7066b147b5d4290a66bade2156ef) Importer(815301076,1909f56bfc062723c751e8b465ee728b)
Start importing Assets/JACrandomitempack/JACrandomitempack (15).png using Guid(221b7066b147b5d4290a66bade2156ef) Importer(815301076,1909f56bfc062723c751e8b465ee728b)  -> (artifact id: 'ce025737dc5f41ef61f1d65eb8586c4a') in 0.023675 seconds
Number of updated asset objects reloaded before import = 0
Number of asset objects unloaded after import = 3
========================================================================
Received Import Request.
  Time since last request: 0.000036 seconds.
  path: Assets/JACrandomitempack/JACrandomitempack (35).png
  artifactKey: Guid(bf1f297d29bb3294eaa57361d9cd3c4d) Importer(815301076,1909f56bfc062723c751e8b465ee728b)
Start importing Assets/JACrandomitempack/JACrandomitempack (35).png using Guid(bf1f297d29bb3294eaa57361d9cd3c4d) Importer(815301076,1909f56bfc062723c751e8b465ee728b)  -> (artifact id: 'c068f502a4c67ef52ac3263fb3988e1d') in 0.023552 seconds
Number of updated asset objects reloaded before import = 0
Number of asset objects unloaded after import = 3
========================================================================
Received Import Request.
  Time since last request: 0.000031 seconds.
  path: Assets/JACrandomitempack/JACrandomitempack (17).png
  artifactKey: Guid(446510380d4537543a1ce07c0eeb29c6) Importer(815301076,1909f56bfc062723c751e8b465ee728b)
Start importing Assets/JACrandomitempack/JACrandomitempack (17).png using Guid(446510380d4537543a1ce07c0eeb29c6) Importer(815301076,1909f56bfc062723c751e8b465ee728b)  -> (artifact id: '278b3c8bd3f4c53c2033764b0d2e0d50') in 0.023347 seconds
Number of updated asset objects reloaded before import = 0
Number of asset objects unloaded after import = 3
========================================================================
Received Import Request.
  Time since last request: 0.000024 seconds.
  path: Assets/JACrandomitempack/JACrandomitempack (45).png
  artifactKey: Guid(a3d7e4249276915439a84618056ba72d) Importer(815301076,1909f56bfc062723c751e8b465ee728b)
Start importing Assets/JACrandomitempack/JACrandomitempack (45).png using Guid(a3d7e4249276915439a84618056ba72d) Importer(815301076,1909f56bfc062723c751e8b465ee728b)  -> (artifact id: 'dcc1a476ce090fd5bea1ee905088e08d') in 0.018742 seconds
Number of updated asset objects reloaded before import = 0
Number of asset objects unloaded after import = 3
========================================================================
Received Import Request.
  Time since last request: 2.228798 seconds.
  path: Assets/JACrandomitempack/JACrandomitempack (52).png
  artifactKey: Guid(e13d96018e9c69e43872fa42dfac0868) Importer(815301076,1909f56bfc062723c751e8b465ee728b)
Start importing Assets/JACrandomitempack/JACrandomitempack (52).png using Guid(e13d96018e9c69e43872fa42dfac0868) Importer(815301076,1909f56bfc062723c751e8b465ee728b)  -> (artifact id: '1337be6bb817d5a00b046a01e389e9aa') in 0.040122 seconds
Number of updated asset objects reloaded before import = 0
Number of asset objects unloaded after import = 3
========================================================================
Received Import Request.
  Time since last request: 0.000023 seconds.
  path: Assets/JACrandomitempack/JACrandomitempack (53).png
  artifactKey: Guid(378fb6b4d81101c4bbec29f23cb3accc) Importer(815301076,1909f56bfc062723c751e8b465ee728b)
Start importing Assets/JACrandomitempack/JACrandomitempack (53).png using Guid(378fb6b4d81101c4bbec29f23cb3accc) Importer(815301076,1909f56bfc062723c751e8b465ee728b)  -> (artifact id: '920ffff0a92eb89216942f1509e4b36a') in 0.022688 seconds
Number of updated asset objects reloaded before import = 0
Number of asset objects unloaded after import = 3
========================================================================
Received Import Request.
  Time since last request: 22.436192 seconds.
  path: Assets/Platformer2 Assets/PNG/Items/platformPack_item005.png
  artifactKey: Guid(dcb4f7786553e3f4f956689d403e943f) Importer(815301076,1909f56bfc062723c751e8b465ee728b)
Start importing Assets/Platformer2 Assets/PNG/Items/platformPack_item005.png using Guid(dcb4f7786553e3f4f956689d403e943f) Importer(815301076,1909f56bfc062723c751e8b465ee728b)  -> (artifact id: '23553fa46624f5159637d0877df33b0e') in 0.051969 seconds
Number of updated asset objects reloaded before import = 0
Number of asset objects unloaded after import = 3
========================================================================
Received Import Request.
  Time since last request: 0.000030 seconds.
  path: Assets/Platformer2 Assets/PNG/Items/platformPack_item010.png
  artifactKey: Guid(0fc625a96b243904d843afa4c5de68ab) Importer(815301076,1909f56bfc062723c751e8b465ee728b)
Start importing Assets/Platformer2 Assets/PNG/Items/platformPack_item010.png using Guid(0fc625a96b243904d843afa4c5de68ab) Importer(815301076,1909f56bfc062723c751e8b465ee728b)  -> (artifact id: 'e5929afc89654c344914bbc0f325a340') in 0.023758 seconds
Number of updated asset objects reloaded before import = 0
Number of asset objects unloaded after import = 3
========================================================================
Received Import Request.
  Time since last request: 0.000051 seconds.
  path: Assets/Platformer2 Assets/PNG/Items/platformPack_item013.png
  artifactKey: Guid(d4bad65111d60b646a5584e7c91213f6) Importer(815301076,1909f56bfc062723c751e8b465ee728b)
Start importing Assets/Platformer2 Assets/PNG/Items/platformPack_item013.png using Guid(d4bad65111d60b646a5584e7c91213f6) Importer(815301076,1909f56bfc062723c751e8b465ee728b)  -> (artifact id: '6b9e436ea8fa64375908493336111559') in 0.020089 seconds
Number of updated asset objects reloaded before import = 0
Number of asset objects unloaded after import = 3
========================================================================
Received Import Request.
  Time since last request: 21.503395 seconds.
  path: Assets/Platformer2 Assets/PNG/Characters/platformChar_idle.png
  artifactKey: Guid(b75a346153e2dc84aa6bf8be685f17be) Importer(815301076,1909f56bfc062723c751e8b465ee728b)
Start importing Assets/Platformer2 Assets/PNG/Characters/platformChar_idle.png using Guid(b75a346153e2dc84aa6bf8be685f17be) Importer(815301076,1909f56bfc062723c751e8b465ee728b)  -> (artifact id: '249febd20d1a4c518bcc92260e750da5') in 0.044003 seconds
Number of updated asset objects reloaded before import = 0
Number of asset objects unloaded after import = 3
========================================================================
Received Import Request.
  Time since last request: 1.461620 seconds.
  path: Assets/Platformer2 Assets/PNG/Tiles/platformPack_tile005.png
  artifactKey: Guid(0d65e5f70f41d1c48b0c8e0c44b53d72) Importer(815301076,1909f56bfc062723c751e8b465ee728b)
Start importing Assets/Platformer2 Assets/PNG/Tiles/platformPack_tile005.png using Guid(0d65e5f70f41d1c48b0c8e0c44b53d72) Importer(815301076,1909f56bfc062723c751e8b465ee728b)  -> (artifact id: 'e7c2ee6278da11c597f8125638d64933') in 0.021965 seconds
Number of updated asset objects reloaded before import = 0
Number of asset objects unloaded after import = 3
========================================================================
Received Import Request.
  Time since last request: 0.000039 seconds.
  path: Assets/Platformer2 Assets/PNG/Tiles/platformPack_tile034.png
  artifactKey: Guid(2f74e88bfb70f9f4f9a5cd65fb5074a6) Importer(815301076,1909f56bfc062723c751e8b465ee728b)
Start importing Assets/Platformer2 Assets/PNG/Tiles/platformPack_tile034.png using Guid(2f74e88bfb70f9f4f9a5cd65fb5074a6) Importer(815301076,1909f56bfc062723c751e8b465ee728b)  -> (artifact id: '12f5bb223c3c90a5b146e909d7d10d84') in 0.027356 seconds
Number of updated asset objects reloaded before import = 0
Number of asset objects unloaded after import = 3
========================================================================
Received Import Request.
  Time since last request: 0.000034 seconds.
  path: Assets/Platformer2 Assets/PNG/Tiles/platformPack_tile028.png
  artifactKey: Guid(9457dc8afbab73a4eb722e4ce3c81c7b) Importer(815301076,1909f56bfc062723c751e8b465ee728b)
Start importing Assets/Platformer2 Assets/PNG/Tiles/platformPack_tile028.png using Guid(9457dc8afbab73a4eb722e4ce3c81c7b) Importer(815301076,1909f56bfc062723c751e8b465ee728b)  -> (artifact id: '52a031d47c96fa4a7b08e33acb6e61a5') in 0.025822 seconds
Number of updated asset objects reloaded before import = 0
Number of asset objects unloaded after import = 3
========================================================================
Received Import Request.
  Time since last request: 0.000031 seconds.
  path: Assets/Platformer2 Assets/PNG/Tiles/platformPack_tile032.png
  artifactKey: Guid(66871b62044326247966eb6c6143a5fa) Importer(815301076,1909f56bfc062723c751e8b465ee728b)
Start importing Assets/Platformer2 Assets/PNG/Tiles/platformPack_tile032.png using Guid(66871b62044326247966eb6c6143a5fa) Importer(815301076,1909f56bfc062723c751e8b465ee728b)  -> (artifact id: '2abdb31913103168d4339db1ae85a487') in 0.028528 seconds
Number of updated asset objects reloaded before import = 0
Number of asset objects unloaded after import = 3
========================================================================
Received Import Request.
  Time since last request: 0.000236 seconds.
  path: Assets/Platformer2 Assets/PNG/Tiles/platformPack_tile011.png
  artifactKey: Guid(8bf82cf183c19844a98ec532f1c53219) Importer(815301076,1909f56bfc062723c751e8b465ee728b)
Start importing Assets/Platformer2 Assets/PNG/Tiles/platformPack_tile011.png using Guid(8bf82cf183c19844a98ec532f1c53219) Importer(815301076,1909f56bfc062723c751e8b465ee728b)  -> (artifact id: '1849f9bd1930c1903595a1586ec57e43') in 0.027019 seconds
Number of updated asset objects reloaded before import = 0
Number of asset objects unloaded after import = 3
========================================================================
Received Import Request.
  Time since last request: 0.000029 seconds.
  path: Assets/Platformer2 Assets/PNG/Tiles/platformPack_tile013.png
  artifactKey: Guid(d77364a401929824d9360a9b6765e486) Importer(815301076,1909f56bfc062723c751e8b465ee728b)
Start importing Assets/Platformer2 Assets/PNG/Tiles/platformPack_tile013.png using Guid(d77364a401929824d9360a9b6765e486) Importer(815301076,1909f56bfc062723c751e8b465ee728b)  -> (artifact id: '4a7eaf427c1ba5eba4a052bcf40c367b') in 0.021254 seconds
Number of updated asset objects reloaded before import = 0
Number of asset objects unloaded after import = 3
========================================================================
Received Import Request.
  Time since last request: 0.000022 seconds.
  path: Assets/Platformer2 Assets/PNG/Tiles/platformPack_tile039.png
  artifactKey: Guid(e01d50aa06236d643a084041216339fe) Importer(815301076,1909f56bfc062723c751e8b465ee728b)
Start importing Assets/Platformer2 Assets/PNG/Tiles/platformPack_tile039.png using Guid(e01d50aa06236d643a084041216339fe) Importer(815301076,1909f56bfc062723c751e8b465ee728b)  -> (artifact id: '1c055ee2695cad9682f6261105cbc868') in 0.016995 seconds
Number of updated asset objects reloaded before import = 0
Number of asset objects unloaded after import = 3
========================================================================
Received Import Request.
  Time since last request: 0.000037 seconds.
  path: Assets/Platformer2 Assets/PNG/Tiles/platformPack_tile047.png
  artifactKey: Guid(25448b71218cbc64cbe24035acb2e154) Importer(815301076,1909f56bfc062723c751e8b465ee728b)
Start importing Assets/Platformer2 Assets/PNG/Tiles/platformPack_tile047.png using Guid(25448b71218cbc64cbe24035acb2e154) Importer(815301076,1909f56bfc062723c751e8b465ee728b)  -> (artifact id: '58b8df77225ee1adf168fcf0ffade737') in 0.018282 seconds
Number of updated asset objects reloaded before import = 0
Number of asset objects unloaded after import = 3
========================================================================
Received Import Request.
  Time since last request: 0.000020 seconds.
  path: Assets/Platformer2 Assets/PNG/Tiles/platformPack_tile024.png
  artifactKey: Guid(22a7e166f352644429c78f5f70e650d9) Importer(815301076,1909f56bfc062723c751e8b465ee728b)
Start importing Assets/Platformer2 Assets/PNG/Tiles/platformPack_tile024.png using Guid(22a7e166f352644429c78f5f70e650d9) Importer(815301076,1909f56bfc062723c751e8b465ee728b)  -> (artifact id: '2b67943d8cd1110e9d3c4ab6cfe36ac6') in 0.018630 seconds
Number of updated asset objects reloaded before import = 0
Number of asset objects unloaded after import = 3
========================================================================
Received Import Request.
  Time since last request: 0.000120 seconds.
  path: Assets/Platformer2 Assets/PNG/Tiles/platformPack_tile009.png
  artifactKey: Guid(aa9188f3315e373438abedc6dc7895f8) Importer(815301076,1909f56bfc062723c751e8b465ee728b)
Start importing Assets/Platformer2 Assets/PNG/Tiles/platformPack_tile009.png using Guid(aa9188f3315e373438abedc6dc7895f8) Importer(815301076,1909f56bfc062723c751e8b465ee728b)  -> (artifact id: '3e6acf705882b440fef3f4ffcaa487e3') in 0.018508 seconds
Number of updated asset objects reloaded before import = 0
Number of asset objects unloaded after import = 3
========================================================================
Received Import Request.
  Time since last request: 0.511944 seconds.
  path: Assets/Platformer2 Assets/PNG/Tiles/platformPack_tile054.png
  artifactKey: Guid(2f4b1981a832d5b428268062953fbdc7) Importer(815301076,1909f56bfc062723c751e8b465ee728b)
Start importing Assets/Platformer2 Assets/PNG/Tiles/platformPack_tile054.png using Guid(2f4b1981a832d5b428268062953fbdc7) Importer(815301076,1909f56bfc062723c751e8b465ee728b)  -> (artifact id: 'd3bdcf4c864c5d94a31bdbb896cfc585') in 0.056176 seconds
Number of updated asset objects reloaded before import = 0
Number of asset objects unloaded after import = 3
========================================================================
Received Import Request.
  Time since last request: 0.000280 seconds.
  path: Assets/Platformer2 Assets/PNG/Tiles/platformPack_tile057.png
  artifactKey: Guid(d98faafc6c2b20448bf957663ba59538) Importer(815301076,1909f56bfc062723c751e8b465ee728b)
Start importing Assets/Platformer2 Assets/PNG/Tiles/platformPack_tile057.png using Guid(d98faafc6c2b20448bf957663ba59538) Importer(815301076,1909f56bfc062723c751e8b465ee728b)  -> (artifact id: 'b586bdc17ee905b8da95a7bf3a00b930') in 0.044336 seconds
Number of updated asset objects reloaded before import = 0
Number of asset objects unloaded after import = 3
========================================================================
Received Import Request.
  Time since last request: 0.000041 seconds.
  path: Assets/Platformer2 Assets/PNG/Tiles/platformPack_tile059.png
  artifactKey: Guid(bdd1b6e73e01fd145bb520d13af688f0) Importer(815301076,1909f56bfc062723c751e8b465ee728b)
Start importing Assets/Platformer2 Assets/PNG/Tiles/platformPack_tile059.png using Guid(bdd1b6e73e01fd145bb520d13af688f0) Importer(815301076,1909f56bfc062723c751e8b465ee728b)  -> (artifact id: 'af45ce4c9cd10994a9374f5a2b2ec41b') in 0.020524 seconds
Number of updated asset objects reloaded before import = 0
Number of asset objects unloaded after import = 3
========================================================================
Received Import Request.
  Time since last request: 13.955491 seconds.
  path: Assets/Platformer Assets/PNG/Ground/Planet/planetCliff_right.png
  artifactKey: Guid(6da00a3f2353f5e41ad6ee19f4b5029d) Importer(815301076,1909f56bfc062723c751e8b465ee728b)
Start importing Assets/Platformer Assets/PNG/Ground/Planet/planetCliff_right.png using Guid(6da00a3f2353f5e41ad6ee19f4b5029d) Importer(815301076,1909f56bfc062723c751e8b465ee728b)  -> (artifact id: '7a1f21a2bd2d9fb0acc2dda37f0d1b1b') in 0.024285 seconds
Number of updated asset objects reloaded before import = 0
Number of asset objects unloaded after import = 3
========================================================================
Received Import Request.
  Time since last request: 0.000032 seconds.
  path: Assets/Platformer Assets/PNG/Ground/Planet/planetMid.png
  artifactKey: Guid(1eaa2162b211683448190754380c818c) Importer(815301076,1909f56bfc062723c751e8b465ee728b)
Start importing Assets/Platformer Assets/PNG/Ground/Planet/planetMid.png using Guid(1eaa2162b211683448190754380c818c) Importer(815301076,1909f56bfc062723c751e8b465ee728b)  -> (artifact id: 'af2b11983439ba7d586e0a82d1d946b9') in 0.022516 seconds
Number of updated asset objects reloaded before import = 0
Number of asset objects unloaded after import = 3
========================================================================
Received Import Request.
  Time since last request: 0.000021 seconds.
  path: Assets/Platformer Assets/PNG/Ground/Planet/planetHalf_mid.png
  artifactKey: Guid(5d38a5281f27e9a4694e64d1b0b216bd) Importer(815301076,1909f56bfc062723c751e8b465ee728b)
Start importing Assets/Platformer Assets/PNG/Ground/Planet/planetHalf_mid.png using Guid(5d38a5281f27e9a4694e64d1b0b216bd) Importer(815301076,1909f56bfc062723c751e8b465ee728b)  -> (artifact id: '80776db39ae79551e8810784c5621381') in 0.022690 seconds
Number of updated asset objects reloaded before import = 0
Number of asset objects unloaded after import = 3
========================================================================
Received Import Request.
  Time since last request: 0.000035 seconds.
  path: Assets/Platformer Assets/PNG/Ground/Planet/planetCliffAlt_right.png
  artifactKey: Guid(edf0aff2436f0164b89a922b8aa9c6dd) Importer(815301076,1909f56bfc062723c751e8b465ee728b)
Start importing Assets/Platformer Assets/PNG/Ground/Planet/planetCliffAlt_right.png using Guid(edf0aff2436f0164b89a922b8aa9c6dd) Importer(815301076,1909f56bfc062723c751e8b465ee728b)  -> (artifact id: 'ab3748e9f1e64fba15fc8825ed3cd61c') in 0.021697 seconds
Number of updated asset objects reloaded before import = 0
Number of asset objects unloaded after import = 3
========================================================================
Received Import Request.
  Time since last request: 2.450882 seconds.
  path: Assets/Platformer Assets/Spritesheets/spritesheet_items.png
  artifactKey: Guid(06d92f0b6bcded946b997cb34e86be58) Importer(815301076,1909f56bfc062723c751e8b465ee728b)
Start importing Assets/Platformer Assets/Spritesheets/spritesheet_items.png using Guid(06d92f0b6bcded946b997cb34e86be58) Importer(815301076,1909f56bfc062723c751e8b465ee728b)  -> (artifact id: 'a4d161910d8afcd0bcd2b064c99195c4') in 0.031246 seconds
Number of updated asset objects reloaded before import = 0
Number of asset objects unloaded after import = 3
========================================================================
Received Import Request.
  Time since last request: 0.000034 seconds.
  path: Assets/Platformer Assets/Spritesheets/spritesheet_players.png
  artifactKey: Guid(548fb0eeffa0df948aa7b88c6d1ce777) Importer(815301076,1909f56bfc062723c751e8b465ee728b)
Start importing Assets/Platformer Assets/Spritesheets/spritesheet_players.png using Guid(548fb0eeffa0df948aa7b88c6d1ce777) Importer(815301076,1909f56bfc062723c751e8b465ee728b)  -> (artifact id: '3caa769138fee81094d5aec5a16460c9') in 0.031890 seconds
Number of updated asset objects reloaded before import = 0
Number of asset objects unloaded after import = 3
========================================================================
Received Import Request.
  Time since last request: 20.144167 seconds.
  path: Assets/Knight Files/Effect & FireBalls/dashwind_05.png
  artifactKey: Guid(8cb1161cd4b52534ba2ec2922764d061) Importer(815301076,1909f56bfc062723c751e8b465ee728b)
Start importing Assets/Knight Files/Effect & FireBalls/dashwind_05.png using Guid(8cb1161cd4b52534ba2ec2922764d061) Importer(815301076,1909f56bfc062723c751e8b465ee728b)  -> (artifact id: '5ca3cc51f0a6cba261b038b94fdb4385') in 0.023639 seconds
Number of updated asset objects reloaded before import = 0
Number of asset objects unloaded after import = 3
========================================================================
Received Import Request.
  Time since last request: 0.000029 seconds.
  path: Assets/Knight Files/Effect & FireBalls/fireball_03.png
  artifactKey: Guid(f2700661ee7c30b4aa6e91848f4d4a30) Importer(815301076,1909f56bfc062723c751e8b465ee728b)
Start importing Assets/Knight Files/Effect & FireBalls/fireball_03.png using Guid(f2700661ee7c30b4aa6e91848f4d4a30) Importer(815301076,1909f56bfc062723c751e8b465ee728b)  -> (artifact id: 'd0b9a287a88e5c187de1dd96e373ac26') in 0.024583 seconds
Number of updated asset objects reloaded before import = 0
Number of asset objects unloaded after import = 3
========================================================================
Received Import Request.
  Time since last request: 0.000024 seconds.
  path: Assets/Knight Files/Effect & FireBalls/explosion_05.png
  artifactKey: Guid(82e10937dee60ac49aab93107e008888) Importer(815301076,1909f56bfc062723c751e8b465ee728b)
Start importing Assets/Knight Files/Effect & FireBalls/explosion_05.png using Guid(82e10937dee60ac49aab93107e008888) Importer(815301076,1909f56bfc062723c751e8b465ee728b)  -> (artifact id: '5268df59aa6f0e5ade26c0d725c5da31') in 0.022642 seconds
Number of updated asset objects reloaded before import = 0
Number of asset objects unloaded after import = 3
Editor requested this worker to shutdown with reason: Scaling down because of idle timeout
TcpMessagingSession - receive error: operation aborted. errorcode: 995, details: ќпераци€ ввода/вывода была прервана из-за завершени€ потока команд или по запросу приложени€.
AssetImportWorker is now disconnected from the server
Process exiting
Exiting without the bug reporter. Application will terminate with return code 0