Using pre-set license
Built from '2022.3/staging' branch; Version is '2022.3.21f1 (bf09ca542b87) revision 12519882'; Using compiler version '192829333'; Build Type 'Release'
OS: 'Windows 11  (10.0.22631) 64bit Professional' Language: 'ru' Physical Memory: 15773 MB
BatchMode: 1, IsHumanControllingUs: 0, StartBugReporterOnCrash: 0, Is64bit: 1, IsPro: 1

COMMAND LINE ARGUMENTS:
C:\Unity\Editor\2022.3.21f1\Editor\Unity.exe
-adb2
-batchMode
-noUpm
-name
AssetImportWorker16
-projectPath
C:/Users/Andrei/Desktop/Unity_Projects/Ludum56/SlimeAdventure
-logFile
Logs/AssetImportWorker16.log
-srvPort
58831
Successfully changed project path to: C:/Users/Andrei/Desktop/Unity_Projects/Ludum56/SlimeAdventure
C:/Users/Andrei/Desktop/Unity_Projects/Ludum56/SlimeAdventure
[UnityMemory] Configuration Parameters - Can be set up in boot.config
    "memorysetup-bucket-allocator-granularity=16"
    "memorysetup-bucket-allocator-bucket-count=8"
    "memorysetup-bucket-allocator-block-size=33554432"
    "memorysetup-bucket-allocator-block-count=8"
    "memorysetup-main-allocator-block-size=16777216"
    "memorysetup-thread-allocator-block-size=16777216"
    "memorysetup-gfx-main-allocator-block-size=16777216"
    "memorysetup-gfx-thread-allocator-block-size=16777216"
    "memorysetup-cache-allocator-block-size=4194304"
    "memorysetup-typetree-allocator-block-size=2097152"
    "memorysetup-profiler-bucket-allocator-granularity=16"
    "memorysetup-profiler-bucket-allocator-bucket-count=8"
    "memorysetup-profiler-bucket-allocator-block-size=33554432"
    "memorysetup-profiler-bucket-allocator-block-count=8"
    "memorysetup-profiler-allocator-block-size=16777216"
    "memorysetup-profiler-editor-allocator-block-size=1048576"
    "memorysetup-temp-allocator-size-main=16777216"
    "memorysetup-job-temp-allocator-block-size=2097152"
    "memorysetup-job-temp-allocator-block-size-background=1048576"
    "memorysetup-job-temp-allocator-reduction-small-platforms=262144"
    "memorysetup-allocator-temp-initial-block-size-main=262144"
    "memorysetup-allocator-temp-initial-block-size-worker=262144"
    "memorysetup-temp-allocator-size-background-worker=32768"
    "memorysetup-temp-allocator-size-job-worker=262144"
    "memorysetup-temp-allocator-size-preload-manager=33554432"
    "memorysetup-temp-allocator-size-nav-mesh-worker=65536"
    "memorysetup-temp-allocator-size-audio-worker=65536"
    "memorysetup-temp-allocator-size-cloud-worker=32768"
    "memorysetup-temp-allocator-size-gi-baking-worker=262144"
    "memorysetup-temp-allocator-size-gfx=262144"
Player connection [28008] Host "[IP] 192.168.100.45 [Port] 0 [Flags] 2 [Guid] 3051885156 [EditorId] 3051885156 [Version] 1048832 [Id] WindowsEditor(7,DESKTOP-EQJJ33K) [Debug] 1 [PackageName] WindowsEditor [ProjectName] Editor" joined multi-casting on [225.0.0.222:54997]...

Player connection [28008] Host "[IP] 192.168.100.45 [Port] 0 [Flags] 2 [Guid] 3051885156 [EditorId] 3051885156 [Version] 1048832 [Id] WindowsEditor(7,DESKTOP-EQJJ33K) [Debug] 1 [PackageName] WindowsEditor [ProjectName] Editor" joined alternative multi-casting on [225.0.0.222:34997]...

[Physics::Module] Initialized MultithreadedJobDispatcher with 15 workers.
Refreshing native plugins compatible for Editor in 23.60 ms, found 2 plugins.
Preloading 0 native plugins for Editor in 0.00 ms.
Initialize engine version: 2022.3.21f1 (bf09ca542b87)
[Subsystems] Discovering subsystems at path C:/Unity/Editor/2022.3.21f1/Editor/Data/Resources/UnitySubsystems
[Subsystems] Discovering subsystems at path C:/Users/Andrei/Desktop/Unity_Projects/Ludum56/SlimeAdventure/Assets
GfxDevice: creating device client; threaded=0; jobified=0
Direct3D:
    Version:  Direct3D 11.0 [level 11.1]
    Renderer: AMD Radeon (TM) Graphics (ID=0x15e7)
    Vendor:   ATI
    VRAM:     7886 MB
    Driver:   31.0.12046.24001
Initialize mono
Mono path[0] = 'C:/Unity/Editor/2022.3.21f1/Editor/Data/Managed'
Mono path[1] = 'C:/Unity/Editor/2022.3.21f1/Editor/Data/MonoBleedingEdge/lib/mono/unityjit-win32'
Mono config path = 'C:/Unity/Editor/2022.3.21f1/Editor/Data/MonoBleedingEdge/etc'
Using monoOptions --debugger-agent=transport=dt_socket,embedding=1,server=y,suspend=n,address=127.0.0.1:56332
Begin MonoManager ReloadAssembly
Registering precompiled unity dll's ...
Register platform support module: C:/Unity/Editor/2022.3.21f1/Editor/Data/PlaybackEngines/WindowsStandaloneSupport/UnityEditor.WindowsStandalone.Extensions.dll
Registered in 0.007660 seconds.
- Loaded All Assemblies, in  0.515 seconds
Native extension for WindowsStandalone target not found
Mono: successfully reloaded assembly
- Finished resetting the current domain, in  0.412 seconds
Domain Reload Profiling: 925ms
	BeginReloadAssembly (151ms)
		ExecutionOrderSort (0ms)
		DisableScriptedObjects (0ms)
		BackupInstance (0ms)
		ReleaseScriptingObjects (0ms)
		CreateAndSetChildDomain (1ms)
	RebuildCommonClasses (53ms)
	RebuildNativeTypeToScriptingClass (15ms)
	initialDomainReloadingComplete (83ms)
	LoadAllAssembliesAndSetupDomain (210ms)
		LoadAssemblies (149ms)
		RebuildTransferFunctionScriptingTraits (0ms)
		AnalyzeDomain (207ms)
			TypeCache.Refresh (205ms)
				TypeCache.ScanAssembly (187ms)
			ScanForSourceGeneratedMonoScriptInfo (1ms)
			ResolveRequiredComponents (1ms)
	FinalizeReload (413ms)
		ReleaseScriptCaches (0ms)
		RebuildScriptCaches (0ms)
		SetupLoadedEditorAssemblies (321ms)
			LogAssemblyErrors (0ms)
			InitializePlatformSupportModulesInManaged (12ms)
			SetLoadedEditorAssemblies (9ms)
			RefreshPlugins (0ms)
			BeforeProcessingInitializeOnLoad (3ms)
			ProcessInitializeOnLoadAttributes (227ms)
			ProcessInitializeOnLoadMethodAttributes (70ms)
			AfterProcessingInitializeOnLoad (0ms)
			EditorAssembliesLoaded (0ms)
		ExecutionOrderSort2 (0ms)
		AwakeInstancesAfterBackupRestoration (0ms)
========================================================================
Worker process is ready to serve import requests
Begin MonoManager ReloadAssembly
Symbol file LoadedFromMemory is not a mono symbol file
- Loaded All Assemblies, in  0.857 seconds
Refreshing native plugins compatible for Editor in 12.07 ms, found 2 plugins.
Native extension for WindowsStandalone target not found
Package Manager log level set to [2]
[Package Manager] Server::EnsureServerProcessIsRunning -- launch failed, reason: Unity was launched with the -noUpm command-line argument
[Package Manager] UpmClient::Send -- Unable to send message (not connected to UPM process).
[Package Manager] Cannot connect to Unity Package Manager local server
Mono: successfully reloaded assembly
- Finished resetting the current domain, in  0.941 seconds
Domain Reload Profiling: 1795ms
	BeginReloadAssembly (198ms)
		ExecutionOrderSort (0ms)
		DisableScriptedObjects (8ms)
		BackupInstance (0ms)
		ReleaseScriptingObjects (0ms)
		CreateAndSetChildDomain (27ms)
	RebuildCommonClasses (46ms)
	RebuildNativeTypeToScriptingClass (14ms)
	initialDomainReloadingComplete (60ms)
	LoadAllAssembliesAndSetupDomain (535ms)
		LoadAssemblies (445ms)
		RebuildTransferFunctionScriptingTraits (0ms)
		AnalyzeDomain (201ms)
			TypeCache.Refresh (168ms)
				TypeCache.ScanAssembly (148ms)
			ScanForSourceGeneratedMonoScriptInfo (28ms)
			ResolveRequiredComponents (4ms)
	FinalizeReload (941ms)
		ReleaseScriptCaches (0ms)
		RebuildScriptCaches (0ms)
		SetupLoadedEditorAssemblies (739ms)
			LogAssemblyErrors (0ms)
			InitializePlatformSupportModulesInManaged (8ms)
			SetLoadedEditorAssemblies (7ms)
			RefreshPlugins (0ms)
			BeforeProcessingInitializeOnLoad (82ms)
			ProcessInitializeOnLoadAttributes (429ms)
			ProcessInitializeOnLoadMethodAttributes (205ms)
			AfterProcessingInitializeOnLoad (8ms)
			EditorAssembliesLoaded (0ms)
		ExecutionOrderSort2 (0ms)
		AwakeInstancesAfterBackupRestoration (9ms)
Launched and connected shader compiler UnityShaderCompiler.exe after 0.09 seconds
Refreshing native plugins compatible for Editor in 14.99 ms, found 2 plugins.
Preloading 0 native plugins for Editor in 0.00 ms.
Unloading 2550 Unused Serialized files (Serialized files now loaded: 0)
Unloading 67 unused Assets / (72.9 KB). Loaded Objects now: 2986.
Memory consumption went from 111.9 MB to 111.8 MB.
Total: 9.075400 ms (FindLiveObjects: 0.277800 ms CreateObjectMapping: 0.099400 ms MarkObjects: 8.492300 ms  DeleteObjects: 0.204800 ms)

AssetImportParameters requested are different than current active one (requested -> active):
  custom:video-decoder-webm-vp8: 9c59270c3fd7afecdb556c50c9e8de78 -> 
  custom:SearchIndexIgnoredProperties: e643bd26f0fe6173181afceb89e7c659 -> 
  custom:container-demuxer-ogg: 62fdf1f143b41e24485cea50d1cbac27 -> 
  custom:AudioImporter_EditorPlatform: d09bf68614088b80899f8185d706f6e7 -> 
  custom:video-codec-MediaFoundation-h265: 746d11721c4dcdbdad8f713fa42b33f4 -> 
  custom:video-decoder-ogg-theora: a1e56fd34408186e4bbccfd4996cb3dc -> 
  custom:framework-win-MediaFoundation: 216162199b28c13a410421893ffa2e32 -> 
  custom:video-encoder-webm-vp8: eb34c28f22e8b96e1ab97ce403110664 -> 
  custom:audio-decoder-ogg-vorbis: bf7c407c2cedff20999df2af8eb42d56 -> 
  custom:CustomObjectIndexerAttribute: 9a22284fe3817be447336de3de66b15e -> 
  custom:container-demuxer-webm: 4f35f7cbe854078d1ac9338744f61a02 -> 
  custom:audio-encoder-webm-vorbis: bf7c407c2cedff20999df2af8eb42d56 -> 
  custom:container-muxer-webm: aa71ff27fc2769a1b78a27578f13a17b -> 
========================================================================
Received Import Request.
  Time since last request: 275943.438831 seconds.
  path: Assets/BayatGames/Free Platform Game Assets/Environments/New Details ( Update 1.9 )/8x/Flower-2.png
  artifactKey: Guid(d3e97dc46c3ce5243979b58db6d4921c) Importer(815301076,1909f56bfc062723c751e8b465ee728b)
Start importing Assets/BayatGames/Free Platform Game Assets/Environments/New Details ( Update 1.9 )/8x/Flower-2.png using Guid(d3e97dc46c3ce5243979b58db6d4921c) Importer(815301076,1909f56bfc062723c751e8b465ee728b)  -> (artifact id: 'f4ef3ee628d2e701c1d5796bb4e4d46e') in 0.159886 seconds
Number of updated asset objects reloaded before import = 0
Number of asset objects unloaded after import = 3
========================================================================
Received Import Request.
  Time since last request: 6.583488 seconds.
  path: Assets/BayatGames/Free Platform Game Assets/GUI ( Update 1.7 )/png/Iconic1024x1024.png
  artifactKey: Guid(9fb826f3ca5c937439ca036782864fa1) Importer(815301076,1909f56bfc062723c751e8b465ee728b)
Start importing Assets/BayatGames/Free Platform Game Assets/GUI ( Update 1.7 )/png/Iconic1024x1024.png using Guid(9fb826f3ca5c937439ca036782864fa1) Importer(815301076,1909f56bfc062723c751e8b465ee728b)  -> (artifact id: '821b763b41f42e0b393b79464b1ea912') in 0.033035 seconds
Number of updated asset objects reloaded before import = 0
Number of asset objects unloaded after import = 3
========================================================================
Received Import Request.
  Time since last request: 13.272021 seconds.
  path: Assets/BayatGames/Free Platform Game Assets/Tiles/2.5D Tiles/Autumn ( Update 1.9 )/128x128/GrassJoinHillLeft.png
  artifactKey: Guid(cb9fc43dea989eb4d851471841e2ae1c) Importer(815301076,1909f56bfc062723c751e8b465ee728b)
Start importing Assets/BayatGames/Free Platform Game Assets/Tiles/2.5D Tiles/Autumn ( Update 1.9 )/128x128/GrassJoinHillLeft.png using Guid(cb9fc43dea989eb4d851471841e2ae1c) Importer(815301076,1909f56bfc062723c751e8b465ee728b)  -> (artifact id: 'bfdd3604527282faa64c3675da955034') in 0.031288 seconds
Number of updated asset objects reloaded before import = 0
Number of asset objects unloaded after import = 3
========================================================================
Received Import Request.
  Time since last request: 0.000020 seconds.
  path: Assets/BayatGames/Free Platform Game Assets/Tiles/2.5D Tiles/Autumn ( Update 1.9 )/128x128/GrassJoinHillLeft2 WithDropShadow.png
  artifactKey: Guid(4b940381d8552924582425258ad83f2c) Importer(815301076,1909f56bfc062723c751e8b465ee728b)
Start importing Assets/BayatGames/Free Platform Game Assets/Tiles/2.5D Tiles/Autumn ( Update 1.9 )/128x128/GrassJoinHillLeft2 WithDropShadow.png using Guid(4b940381d8552924582425258ad83f2c) Importer(815301076,1909f56bfc062723c751e8b465ee728b)  -> (artifact id: 'aba57e418b9eb1abe5b09573569d7412') in 0.026536 seconds
Number of updated asset objects reloaded before import = 0
Number of asset objects unloaded after import = 3
========================================================================
Received Import Request.
  Time since last request: 0.000024 seconds.
  path: Assets/BayatGames/Free Platform Game Assets/Tiles/2.5D Tiles/Autumn ( Update 1.9 )/128x128/GrassLeft.png
  artifactKey: Guid(355ea20c28e2f8140b21fdb8ee93aa23) Importer(815301076,1909f56bfc062723c751e8b465ee728b)
Start importing Assets/BayatGames/Free Platform Game Assets/Tiles/2.5D Tiles/Autumn ( Update 1.9 )/128x128/GrassLeft.png using Guid(355ea20c28e2f8140b21fdb8ee93aa23) Importer(815301076,1909f56bfc062723c751e8b465ee728b)  -> (artifact id: '83eb7f2e6976ec098f1bafc7a41d62de') in 0.025402 seconds
Number of updated asset objects reloaded before import = 0
Number of asset objects unloaded after import = 3
========================================================================
Received Import Request.
  Time since last request: 0.000022 seconds.
  path: Assets/BayatGames/Free Platform Game Assets/Tiles/2.5D Tiles/Autumn ( Update 1.9 )/128x128/HillLeft2 WithDropShadow.png
  artifactKey: Guid(587dafbdcf74e8b42a10aca0851710cf) Importer(815301076,1909f56bfc062723c751e8b465ee728b)
Start importing Assets/BayatGames/Free Platform Game Assets/Tiles/2.5D Tiles/Autumn ( Update 1.9 )/128x128/HillLeft2 WithDropShadow.png using Guid(587dafbdcf74e8b42a10aca0851710cf) Importer(815301076,1909f56bfc062723c751e8b465ee728b)  -> (artifact id: 'eec641cacb281f096dea9f0b595a19fc') in 0.020316 seconds
Number of updated asset objects reloaded before import = 0
Number of asset objects unloaded after import = 3
========================================================================
Received Import Request.
  Time since last request: 0.000023 seconds.
  path: Assets/BayatGames/Free Platform Game Assets/Tiles/2.5D Tiles/Autumn ( Update 1.9 )/128x128/HillRight.png
  artifactKey: Guid(87cf39afd23202f4d9a176571e3d621c) Importer(815301076,1909f56bfc062723c751e8b465ee728b)
Start importing Assets/BayatGames/Free Platform Game Assets/Tiles/2.5D Tiles/Autumn ( Update 1.9 )/128x128/HillRight.png using Guid(87cf39afd23202f4d9a176571e3d621c) Importer(815301076,1909f56bfc062723c751e8b465ee728b)  -> (artifact id: 'cad2bb7cbba0ad4fa2306049789c95ec') in 0.019362 seconds
Number of updated asset objects reloaded before import = 0
Number of asset objects unloaded after import = 3
========================================================================
Received Import Request.
  Time since last request: 5.909383 seconds.
  path: Assets/BayatGames/Free Platform Game Assets/Water Animation/2.5D View/png/1x/image 5.png
  artifactKey: Guid(30bd945ebc1af7a4d89a10271cce64d3) Importer(815301076,1909f56bfc062723c751e8b465ee728b)
Start importing Assets/BayatGames/Free Platform Game Assets/Water Animation/2.5D View/png/1x/image 5.png using Guid(30bd945ebc1af7a4d89a10271cce64d3) Importer(815301076,1909f56bfc062723c751e8b465ee728b)  -> (artifact id: '6ae60c8855210c5a4f6910dd1437c3c4') in 0.036279 seconds
Number of updated asset objects reloaded before import = 0
Number of asset objects unloaded after import = 3
========================================================================
Received Import Request.
  Time since last request: 0.000024 seconds.
  path: Assets/BayatGames/Free Platform Game Assets/Water Animation/2.5D View/png/1x/image 6.png
  artifactKey: Guid(8c45f43c172269a43be0f7ae81c09c7b) Importer(815301076,1909f56bfc062723c751e8b465ee728b)
Start importing Assets/BayatGames/Free Platform Game Assets/Water Animation/2.5D View/png/1x/image 6.png using Guid(8c45f43c172269a43be0f7ae81c09c7b) Importer(815301076,1909f56bfc062723c751e8b465ee728b)  -> (artifact id: 'f7507ef8857df20f7a5d2380c4ab52cd') in 0.026255 seconds
Number of updated asset objects reloaded before import = 0
Number of asset objects unloaded after import = 3
========================================================================
Received Import Request.
  Time since last request: 0.000024 seconds.
  path: Assets/BayatGames/Free Platform Game Assets/Water Animation/2.5D View/png/1x/image 10.png
  artifactKey: Guid(3c3d0a551bf0a7a459898a395f5dd21c) Importer(815301076,1909f56bfc062723c751e8b465ee728b)
Start importing Assets/BayatGames/Free Platform Game Assets/Water Animation/2.5D View/png/1x/image 10.png using Guid(3c3d0a551bf0a7a459898a395f5dd21c) Importer(815301076,1909f56bfc062723c751e8b465ee728b)  -> (artifact id: '18d19e7844cd33f12747c9d9f36b7da0') in 0.023088 seconds
Number of updated asset objects reloaded before import = 0
Number of asset objects unloaded after import = 3
========================================================================
Received Import Request.
  Time since last request: 11.736606 seconds.
  path: Assets/BayatGames/Free Platform Game Assets/Environments/New Details ( Update 1.9 )/2x/Flower-2.png
  artifactKey: Guid(ec10fd6e05fb50c4783167418288578d) Importer(815301076,1909f56bfc062723c751e8b465ee728b)
Start importing Assets/BayatGames/Free Platform Game Assets/Environments/New Details ( Update 1.9 )/2x/Flower-2.png using Guid(ec10fd6e05fb50c4783167418288578d) Importer(815301076,1909f56bfc062723c751e8b465ee728b)  -> (artifact id: '4b71e9b0b889de0e87c1c5f63dc6e389') in 0.040204 seconds
Number of updated asset objects reloaded before import = 0
Number of asset objects unloaded after import = 3
========================================================================
Received Import Request.
  Time since last request: 40.091996 seconds.
  path: Assets/BayatGames/Free Platform Game Assets/Tiles/2.5D Tiles/Autumn ( Update 1.9 )/256x256/GrassJoinHillLeft.png
  artifactKey: Guid(4760b6de9d3d8834daeecfa60fa1bad4) Importer(815301076,1909f56bfc062723c751e8b465ee728b)
Start importing Assets/BayatGames/Free Platform Game Assets/Tiles/2.5D Tiles/Autumn ( Update 1.9 )/256x256/GrassJoinHillLeft.png using Guid(4760b6de9d3d8834daeecfa60fa1bad4) Importer(815301076,1909f56bfc062723c751e8b465ee728b)  -> (artifact id: '42c3dc451ac7cd8e2532087495a08595') in 0.036000 seconds
Number of updated asset objects reloaded before import = 0
Number of asset objects unloaded after import = 3
========================================================================
Received Import Request.
  Time since last request: 0.000035 seconds.
  path: Assets/BayatGames/Free Platform Game Assets/Tiles/2.5D Tiles/Autumn ( Update 1.9 )/256x256/HillRight2.png
  artifactKey: Guid(ba203a7b13b8b4843879db5caba04826) Importer(815301076,1909f56bfc062723c751e8b465ee728b)
Start importing Assets/BayatGames/Free Platform Game Assets/Tiles/2.5D Tiles/Autumn ( Update 1.9 )/256x256/HillRight2.png using Guid(ba203a7b13b8b4843879db5caba04826) Importer(815301076,1909f56bfc062723c751e8b465ee728b)  -> (artifact id: '69d97c165da9bf3b4e82cb457f0b5aab') in 0.022469 seconds
Number of updated asset objects reloaded before import = 0
Number of asset objects unloaded after import = 3
========================================================================
Received Import Request.
  Time since last request: 0.000022 seconds.
  path: Assets/BayatGames/Free Platform Game Assets/Tiles/2.5D Tiles/Autumn ( Update 1.9 )/256x256/GrassMid.png
  artifactKey: Guid(a4a8e7b2d8ef88c4da4b8d3aa96b65dc) Importer(815301076,1909f56bfc062723c751e8b465ee728b)
Start importing Assets/BayatGames/Free Platform Game Assets/Tiles/2.5D Tiles/Autumn ( Update 1.9 )/256x256/GrassMid.png using Guid(a4a8e7b2d8ef88c4da4b8d3aa96b65dc) Importer(815301076,1909f56bfc062723c751e8b465ee728b)  -> (artifact id: '483b53c97fb789b6ad39be64143937df') in 0.022169 seconds
Number of updated asset objects reloaded before import = 0
Number of asset objects unloaded after import = 3
========================================================================
Received Import Request.
  Time since last request: 0.000041 seconds.
  path: Assets/BayatGames/Free Platform Game Assets/Tiles/2.5D Tiles/Autumn ( Update 1.9 )/256x256/GrassLeft.png
  artifactKey: Guid(740b59af5c5caff49b91ea3ff23ae473) Importer(815301076,1909f56bfc062723c751e8b465ee728b)
Start importing Assets/BayatGames/Free Platform Game Assets/Tiles/2.5D Tiles/Autumn ( Update 1.9 )/256x256/GrassLeft.png using Guid(740b59af5c5caff49b91ea3ff23ae473) Importer(815301076,1909f56bfc062723c751e8b465ee728b)  -> (artifact id: '9f31cb85546f30f6e9c5df5f34cc4432') in 0.024728 seconds
Number of updated asset objects reloaded before import = 0
Number of asset objects unloaded after import = 3
========================================================================
Received Import Request.
  Time since last request: 0.000034 seconds.
  path: Assets/BayatGames/Free Platform Game Assets/Tiles/2.5D Tiles/Autumn ( Update 1.9 )/256x256/GrassJoinHillRight2&Left2.png
  artifactKey: Guid(8d7e6a8034450cb4aadd4858295cb2b9) Importer(815301076,1909f56bfc062723c751e8b465ee728b)
Start importing Assets/BayatGames/Free Platform Game Assets/Tiles/2.5D Tiles/Autumn ( Update 1.9 )/256x256/GrassJoinHillRight2&Left2.png using Guid(8d7e6a8034450cb4aadd4858295cb2b9) Importer(815301076,1909f56bfc062723c751e8b465ee728b)  -> (artifact id: 'c1bfe2c55e6c500a91ef7ca779d4400b') in 0.019951 seconds
Number of updated asset objects reloaded before import = 0
Number of asset objects unloaded after import = 3
========================================================================
Received Import Request.
  Time since last request: 8.291644 seconds.
  path: Assets/BayatGames/Free Platform Game Assets/Tiles/2.5D Tiles/Spring/png/128x128/column_up.png
  artifactKey: Guid(a5e452d9c123fca4ba97036b370efebe) Importer(815301076,1909f56bfc062723c751e8b465ee728b)
Start importing Assets/BayatGames/Free Platform Game Assets/Tiles/2.5D Tiles/Spring/png/128x128/column_up.png using Guid(a5e452d9c123fca4ba97036b370efebe) Importer(815301076,1909f56bfc062723c751e8b465ee728b)  -> (artifact id: 'f2a94d79026837517fb981072e0c5f7c') in 0.021312 seconds
Number of updated asset objects reloaded before import = 0
Number of asset objects unloaded after import = 3
========================================================================
Received Import Request.
  Time since last request: 0.000038 seconds.
  path: Assets/BayatGames/Free Platform Game Assets/Tiles/2.5D Tiles/Spring/png/128x128/DirtDown.png
  artifactKey: Guid(fe0fe4dd67749a34f8d9fef85e7c745c) Importer(815301076,1909f56bfc062723c751e8b465ee728b)
Start importing Assets/BayatGames/Free Platform Game Assets/Tiles/2.5D Tiles/Spring/png/128x128/DirtDown.png using Guid(fe0fe4dd67749a34f8d9fef85e7c745c) Importer(815301076,1909f56bfc062723c751e8b465ee728b)  -> (artifact id: 'bec1d910466b880b46af03d38ebdbac0') in 0.022855 seconds
Number of updated asset objects reloaded before import = 0
Number of asset objects unloaded after import = 3
========================================================================
Received Import Request.
  Time since last request: 0.000022 seconds.
  path: Assets/BayatGames/Free Platform Game Assets/Tiles/2.5D Tiles/Spring/png/128x128/GrassHillRight2_Down Shadow.png
  artifactKey: Guid(1d503eb707a935a4dad46869b6c33292) Importer(815301076,1909f56bfc062723c751e8b465ee728b)
Start importing Assets/BayatGames/Free Platform Game Assets/Tiles/2.5D Tiles/Spring/png/128x128/GrassHillRight2_Down Shadow.png using Guid(1d503eb707a935a4dad46869b6c33292) Importer(815301076,1909f56bfc062723c751e8b465ee728b)  -> (artifact id: '4a88f2168d1f3fa9713935186b5bef2c') in 0.022662 seconds
Number of updated asset objects reloaded before import = 0
Number of asset objects unloaded after import = 3
========================================================================
Received Import Request.
  Time since last request: 0.000023 seconds.
  path: Assets/BayatGames/Free Platform Game Assets/Tiles/2.5D Tiles/Spring/png/128x128/GrassHillRight2.png
  artifactKey: Guid(3e8f0396158959543bee68cf450ea04d) Importer(815301076,1909f56bfc062723c751e8b465ee728b)
Start importing Assets/BayatGames/Free Platform Game Assets/Tiles/2.5D Tiles/Spring/png/128x128/GrassHillRight2.png using Guid(3e8f0396158959543bee68cf450ea04d) Importer(815301076,1909f56bfc062723c751e8b465ee728b)  -> (artifact id: '4b28af2f1313d7775ddcbc4c0816246e') in 0.020689 seconds
Number of updated asset objects reloaded before import = 0
Number of asset objects unloaded after import = 3
========================================================================
Received Import Request.
  Time since last request: 0.000026 seconds.
  path: Assets/BayatGames/Free Platform Game Assets/Tiles/2.5D Tiles/Spring/png/128x128/GrassLeft.png
  artifactKey: Guid(7584d6bb868caee47b24d330c3c5b849) Importer(815301076,1909f56bfc062723c751e8b465ee728b)
Start importing Assets/BayatGames/Free Platform Game Assets/Tiles/2.5D Tiles/Spring/png/128x128/GrassLeft.png using Guid(7584d6bb868caee47b24d330c3c5b849) Importer(815301076,1909f56bfc062723c751e8b465ee728b)  -> (artifact id: '9c9cc1d1bbfa3f0e67617608ac2d5085') in 0.022454 seconds
Number of updated asset objects reloaded before import = 0
Number of asset objects unloaded after import = 3
========================================================================
Received Import Request.
  Time since last request: 0.000025 seconds.
  path: Assets/BayatGames/Free Platform Game Assets/Tiles/2.5D Tiles/Spring/png/128x128/GrassJoinHillLeft2.png
  artifactKey: Guid(3624a44ba6181aa47bef3868d26f9f4a) Importer(815301076,1909f56bfc062723c751e8b465ee728b)
Start importing Assets/BayatGames/Free Platform Game Assets/Tiles/2.5D Tiles/Spring/png/128x128/GrassJoinHillLeft2.png using Guid(3624a44ba6181aa47bef3868d26f9f4a) Importer(815301076,1909f56bfc062723c751e8b465ee728b)  -> (artifact id: '82b63464abb1cf781335a03dd1def50f') in 0.021021 seconds
Number of updated asset objects reloaded before import = 0
Number of asset objects unloaded after import = 3
========================================================================
Received Import Request.
  Time since last request: 0.000102 seconds.
  path: Assets/BayatGames/Free Platform Game Assets/Tiles/2.5D Tiles/Spring/png/128x128/GrassSample_2.png
  artifactKey: Guid(ed7de711c6ed45a419d9d0774ec2d651) Importer(815301076,1909f56bfc062723c751e8b465ee728b)
Start importing Assets/BayatGames/Free Platform Game Assets/Tiles/2.5D Tiles/Spring/png/128x128/GrassSample_2.png using Guid(ed7de711c6ed45a419d9d0774ec2d651) Importer(815301076,1909f56bfc062723c751e8b465ee728b)  -> (artifact id: 'a876d5ba529214c0a76aa4644cb472d5') in 0.022038 seconds
Number of updated asset objects reloaded before import = 0
Number of asset objects unloaded after import = 3
========================================================================
Received Import Request.
  Time since last request: 29.082116 seconds.
  path: Assets/Platformer Assets/PNG/Ground/Grass/grassCliff_right.png
  artifactKey: Guid(351cdb31e1d861b4db6f2d3203e269f1) Importer(815301076,1909f56bfc062723c751e8b465ee728b)
Start importing Assets/Platformer Assets/PNG/Ground/Grass/grassCliff_right.png using Guid(351cdb31e1d861b4db6f2d3203e269f1) Importer(815301076,1909f56bfc062723c751e8b465ee728b)  -> (artifact id: '87920e65bf736d3ded02703d331c4145') in 0.047600 seconds
Number of updated asset objects reloaded before import = 0
Number of asset objects unloaded after import = 3
========================================================================
Received Import Request.
  Time since last request: 0.000023 seconds.
  path: Assets/Platformer Assets/PNG/Ground/Grass/grassHalf_mid.png
  artifactKey: Guid(a9a07284ebe004148a26ef70e019d565) Importer(815301076,1909f56bfc062723c751e8b465ee728b)
Start importing Assets/Platformer Assets/PNG/Ground/Grass/grassHalf_mid.png using Guid(a9a07284ebe004148a26ef70e019d565) Importer(815301076,1909f56bfc062723c751e8b465ee728b)  -> (artifact id: '79ed462268770ae65f1884799c1d74d6') in 0.024024 seconds
Number of updated asset objects reloaded before import = 0
Number of asset objects unloaded after import = 3
========================================================================
Received Import Request.
  Time since last request: 0.000021 seconds.
  path: Assets/Platformer Assets/PNG/Ground/Grass/grassCorner_left.png
  artifactKey: Guid(ed96bd3c0181b3340a7297bbc27e7b43) Importer(815301076,1909f56bfc062723c751e8b465ee728b)
Start importing Assets/Platformer Assets/PNG/Ground/Grass/grassCorner_left.png using Guid(ed96bd3c0181b3340a7297bbc27e7b43) Importer(815301076,1909f56bfc062723c751e8b465ee728b)  -> (artifact id: '09e9f491b66b6b25a3a2d725fdf0e36a') in 0.028256 seconds
Number of updated asset objects reloaded before import = 0
Number of asset objects unloaded after import = 3
========================================================================
Received Import Request.
  Time since last request: 15.428928 seconds.
  path: Assets/BayatGames/Free Platform Game Assets/Water Animation/2.5D View/png/2x/image 5.png
  artifactKey: Guid(684c3b24ef0bbfa49806f460def9b3bf) Importer(815301076,1909f56bfc062723c751e8b465ee728b)
Start importing Assets/BayatGames/Free Platform Game Assets/Water Animation/2.5D View/png/2x/image 5.png using Guid(684c3b24ef0bbfa49806f460def9b3bf) Importer(815301076,1909f56bfc062723c751e8b465ee728b)  -> (artifact id: 'c59167db06ba550b584c46b3c031f752') in 0.024533 seconds
Number of updated asset objects reloaded before import = 0
Number of asset objects unloaded after import = 3
========================================================================
Received Import Request.
  Time since last request: 0.000051 seconds.
  path: Assets/BayatGames/Free Platform Game Assets/Water Animation/2.5D View/png/2x/image 16.png
  artifactKey: Guid(010f1c78dd9b71443b04f76c77f2691a) Importer(815301076,1909f56bfc062723c751e8b465ee728b)
Start importing Assets/BayatGames/Free Platform Game Assets/Water Animation/2.5D View/png/2x/image 16.png using Guid(010f1c78dd9b71443b04f76c77f2691a) Importer(815301076,1909f56bfc062723c751e8b465ee728b)  -> (artifact id: 'ee56ffa5e9fe213f03a5b720d81ddb54') in 0.021611 seconds
Number of updated asset objects reloaded before import = 0
Number of asset objects unloaded after import = 3
========================================================================
Received Import Request.
  Time since last request: 0.000024 seconds.
  path: Assets/BayatGames/Free Platform Game Assets/Water Animation/2.5D View/png/2x/image 10.png
  artifactKey: Guid(82d0546de9ee90748b20523f6d345293) Importer(815301076,1909f56bfc062723c751e8b465ee728b)
Start importing Assets/BayatGames/Free Platform Game Assets/Water Animation/2.5D View/png/2x/image 10.png using Guid(82d0546de9ee90748b20523f6d345293) Importer(815301076,1909f56bfc062723c751e8b465ee728b)  -> (artifact id: 'a67b9f258c1b934f09cea31c08024230') in 0.023139 seconds
Number of updated asset objects reloaded before import = 0
Number of asset objects unloaded after import = 3
========================================================================
Received Import Request.
  Time since last request: 3.468663 seconds.
  path: Assets/BayatGames/Free Platform Game Assets/Tiles/2.5D Tiles/Spring/png/256x256/column_up.png
  artifactKey: Guid(75713212eb3c98d44a192e2273fb1abd) Importer(815301076,1909f56bfc062723c751e8b465ee728b)
Start importing Assets/BayatGames/Free Platform Game Assets/Tiles/2.5D Tiles/Spring/png/256x256/column_up.png using Guid(75713212eb3c98d44a192e2273fb1abd) Importer(815301076,1909f56bfc062723c751e8b465ee728b)  -> (artifact id: 'ba2ffed9fb8e9ee4c5cb1b3b20f3320c') in 0.035292 seconds
Number of updated asset objects reloaded before import = 0
Number of asset objects unloaded after import = 3
========================================================================
Received Import Request.
  Time since last request: 0.000021 seconds.
  path: Assets/BayatGames/Free Platform Game Assets/Tiles/2.5D Tiles/Spring/png/256x256/GrassHillRight2.png
  artifactKey: Guid(df8cad076e2f3ef47951d4e3fe662550) Importer(815301076,1909f56bfc062723c751e8b465ee728b)
Start importing Assets/BayatGames/Free Platform Game Assets/Tiles/2.5D Tiles/Spring/png/256x256/GrassHillRight2.png using Guid(df8cad076e2f3ef47951d4e3fe662550) Importer(815301076,1909f56bfc062723c751e8b465ee728b)  -> (artifact id: '0c74d27d0b2ada02c714eec7c817f2dc') in 0.024749 seconds
Number of updated asset objects reloaded before import = 0
Number of asset objects unloaded after import = 3
========================================================================
Received Import Request.
  Time since last request: 0.000021 seconds.
  path: Assets/BayatGames/Free Platform Game Assets/Tiles/2.5D Tiles/Spring/png/256x256/GrassHillLeft.png
  artifactKey: Guid(4e1cce33c4b28e24cbf240cc2a64c5ba) Importer(815301076,1909f56bfc062723c751e8b465ee728b)
Start importing Assets/BayatGames/Free Platform Game Assets/Tiles/2.5D Tiles/Spring/png/256x256/GrassHillLeft.png using Guid(4e1cce33c4b28e24cbf240cc2a64c5ba) Importer(815301076,1909f56bfc062723c751e8b465ee728b)  -> (artifact id: 'afc8dfac7d664353a21bd8f3449a3659') in 0.019844 seconds
Number of updated asset objects reloaded before import = 0
Number of asset objects unloaded after import = 3
========================================================================
Received Import Request.
  Time since last request: 0.000022 seconds.
  path: Assets/BayatGames/Free Platform Game Assets/Tiles/2.5D Tiles/Spring/png/256x256/DirtLeft.png
  artifactKey: Guid(e4a2c61493bae5845872126740cd052b) Importer(815301076,1909f56bfc062723c751e8b465ee728b)
Start importing Assets/BayatGames/Free Platform Game Assets/Tiles/2.5D Tiles/Spring/png/256x256/DirtLeft.png using Guid(e4a2c61493bae5845872126740cd052b) Importer(815301076,1909f56bfc062723c751e8b465ee728b)  -> (artifact id: '898a259cdf626b2fcba9bebb390b0b31') in 0.022727 seconds
Number of updated asset objects reloaded before import = 0
Number of asset objects unloaded after import = 3
========================================================================
Received Import Request.
  Time since last request: 0.000027 seconds.
  path: Assets/BayatGames/Free Platform Game Assets/Tiles/2.5D Tiles/Spring/png/256x256/GrassJoinHillRight2.png
  artifactKey: Guid(e0c6d788f29ac6d46a1b32045d73b33b) Importer(815301076,1909f56bfc062723c751e8b465ee728b)
Start importing Assets/BayatGames/Free Platform Game Assets/Tiles/2.5D Tiles/Spring/png/256x256/GrassJoinHillRight2.png using Guid(e0c6d788f29ac6d46a1b32045d73b33b) Importer(815301076,1909f56bfc062723c751e8b465ee728b)  -> (artifact id: '98508c9c5cab5889da2b1b8bb0e0d038') in 0.022812 seconds
Number of updated asset objects reloaded before import = 0
Number of asset objects unloaded after import = 3
========================================================================
Received Import Request.
  Time since last request: 0.000021 seconds.
  path: Assets/BayatGames/Free Platform Game Assets/Tiles/2.5D Tiles/Spring/png/256x256/GrassJoinHillRight&Left.png
  artifactKey: Guid(25360da582ddb8549b7254b2b7cd5d8d) Importer(815301076,1909f56bfc062723c751e8b465ee728b)
Start importing Assets/BayatGames/Free Platform Game Assets/Tiles/2.5D Tiles/Spring/png/256x256/GrassJoinHillRight&Left.png using Guid(25360da582ddb8549b7254b2b7cd5d8d) Importer(815301076,1909f56bfc062723c751e8b465ee728b)  -> (artifact id: '969ef156c0e9220a295034c93ff10dab') in 0.020163 seconds
Number of updated asset objects reloaded before import = 0
Number of asset objects unloaded after import = 3
========================================================================
Received Import Request.
  Time since last request: 2.914913 seconds.
  path: Assets/BayatGames/Free Platform Game Assets/Tiles/2.5D Tiles/Spring/png/512x512/column_up.png
  artifactKey: Guid(bcee5f9dfde2e2b46a25ac3129b47408) Importer(815301076,1909f56bfc062723c751e8b465ee728b)
Start importing Assets/BayatGames/Free Platform Game Assets/Tiles/2.5D Tiles/Spring/png/512x512/column_up.png using Guid(bcee5f9dfde2e2b46a25ac3129b47408) Importer(815301076,1909f56bfc062723c751e8b465ee728b)  -> (artifact id: '7b334b5c3ee0089748133fb14d4cfaab') in 0.039369 seconds
Number of updated asset objects reloaded before import = 0
Number of asset objects unloaded after import = 3
========================================================================
Received Import Request.
  Time since last request: 0.000024 seconds.
  path: Assets/BayatGames/Free Platform Game Assets/Tiles/2.5D Tiles/Spring/png/512x512/DirtRightCorner.png
  artifactKey: Guid(ed937ea4880031f4db9d3bf5e2028630) Importer(815301076,1909f56bfc062723c751e8b465ee728b)
Start importing Assets/BayatGames/Free Platform Game Assets/Tiles/2.5D Tiles/Spring/png/512x512/DirtRightCorner.png using Guid(ed937ea4880031f4db9d3bf5e2028630) Importer(815301076,1909f56bfc062723c751e8b465ee728b)  -> (artifact id: '2992ef8ad939c376a19511ae78abdec3') in 0.023316 seconds
Number of updated asset objects reloaded before import = 0
Number of asset objects unloaded after import = 3
========================================================================
Received Import Request.
  Time since last request: 0.000038 seconds.
  path: Assets/BayatGames/Free Platform Game Assets/Tiles/2.5D Tiles/Spring/png/512x512/GrassJoinHillRight2&Left2.png
  artifactKey: Guid(ed2e7cc1b24585d4281e04efec03c257) Importer(815301076,1909f56bfc062723c751e8b465ee728b)
Start importing Assets/BayatGames/Free Platform Game Assets/Tiles/2.5D Tiles/Spring/png/512x512/GrassJoinHillRight2&Left2.png using Guid(ed2e7cc1b24585d4281e04efec03c257) Importer(815301076,1909f56bfc062723c751e8b465ee728b)  -> (artifact id: '7199cefa867782e126da6c0f7ac970e5') in 0.022765 seconds
Number of updated asset objects reloaded before import = 0
Number of asset objects unloaded after import = 3
========================================================================
Received Import Request.
  Time since last request: 0.000022 seconds.
  path: Assets/BayatGames/Free Platform Game Assets/Tiles/2.5D Tiles/Spring/png/512x512/Grass.png
  artifactKey: Guid(69273276e1c8ccb49b6732c3e9722868) Importer(815301076,1909f56bfc062723c751e8b465ee728b)
Start importing Assets/BayatGames/Free Platform Game Assets/Tiles/2.5D Tiles/Spring/png/512x512/Grass.png using Guid(69273276e1c8ccb49b6732c3e9722868) Importer(815301076,1909f56bfc062723c751e8b465ee728b)  -> (artifact id: '608cf08267acb258dd69cf4af15ac63b') in 0.022240 seconds
Number of updated asset objects reloaded before import = 0
Number of asset objects unloaded after import = 3
========================================================================
Received Import Request.
  Time since last request: 0.000025 seconds.
  path: Assets/BayatGames/Free Platform Game Assets/Tiles/2.5D Tiles/Spring/png/512x512/GrassJoinHillRight2.png
  artifactKey: Guid(0ac4a1b6f2f2a48489417aac28f01fcc) Importer(815301076,1909f56bfc062723c751e8b465ee728b)
Start importing Assets/BayatGames/Free Platform Game Assets/Tiles/2.5D Tiles/Spring/png/512x512/GrassJoinHillRight2.png using Guid(0ac4a1b6f2f2a48489417aac28f01fcc) Importer(815301076,1909f56bfc062723c751e8b465ee728b)  -> (artifact id: '42004c189f9484b29f45ee1f4a72fcad') in 0.022113 seconds
Number of updated asset objects reloaded before import = 0
Number of asset objects unloaded after import = 3
========================================================================
Received Import Request.
  Time since last request: 0.000025 seconds.
  path: Assets/BayatGames/Free Platform Game Assets/Tiles/2.5D Tiles/Spring/png/512x512/GrassJoinHillRight2_Downshadow.png
  artifactKey: Guid(35b587aa7e877ef4da9cc87577070eb0) Importer(815301076,1909f56bfc062723c751e8b465ee728b)
Start importing Assets/BayatGames/Free Platform Game Assets/Tiles/2.5D Tiles/Spring/png/512x512/GrassJoinHillRight2_Downshadow.png using Guid(35b587aa7e877ef4da9cc87577070eb0) Importer(815301076,1909f56bfc062723c751e8b465ee728b)  -> (artifact id: '273b20febfb7b1ee81768e492ef994cd') in 0.022833 seconds
Number of updated asset objects reloaded before import = 0
Number of asset objects unloaded after import = 3
Editor requested this worker to shutdown with reason: Scaling down because of idle timeout
TcpMessagingSession - receive error
AssetImportWorkerClient::OnTransportError - code=2 error=End of file
AssetImportWorker is now disconnected from the server
Process exiting
Exiting without the bug reporter. Application will terminate with return code 0