Using pre-set license
Built from '2022.3/staging' branch; Version is '2022.3.21f1 (bf09ca542b87) revision 12519882'; Using compiler version '192829333'; Build Type 'Release'
OS: 'Windows 11  (10.0.22631) 64bit Professional' Language: 'ru' Physical Memory: 15773 MB
BatchMode: 1, IsHumanControllingUs: 0, StartBugReporterOnCrash: 0, Is64bit: 1, IsPro: 1

COMMAND LINE ARGUMENTS:
C:\Unity\Editor\2022.3.21f1\Editor\Unity.exe
-adb2
-batchMode
-noUpm
-name
AssetImportWorker17
-projectPath
C:/Users/Andrei/Desktop/Unity_Projects/Ludum56/SlimeAdventure
-logFile
Logs/AssetImportWorker17.log
-srvPort
49226
Successfully changed project path to: C:/Users/Andrei/Desktop/Unity_Projects/Ludum56/SlimeAdventure
C:/Users/Andrei/Desktop/Unity_Projects/Ludum56/SlimeAdventure
[UnityMemory] Configuration Parameters - Can be set up in boot.config
    "memorysetup-bucket-allocator-granularity=16"
    "memorysetup-bucket-allocator-bucket-count=8"
    "memorysetup-bucket-allocator-block-size=33554432"
    "memorysetup-bucket-allocator-block-count=8"
    "memorysetup-main-allocator-block-size=16777216"
    "memorysetup-thread-allocator-block-size=16777216"
    "memorysetup-gfx-main-allocator-block-size=16777216"
    "memorysetup-gfx-thread-allocator-block-size=16777216"
    "memorysetup-cache-allocator-block-size=4194304"
    "memorysetup-typetree-allocator-block-size=2097152"
    "memorysetup-profiler-bucket-allocator-granularity=16"
    "memorysetup-profiler-bucket-allocator-bucket-count=8"
    "memorysetup-profiler-bucket-allocator-block-size=33554432"
    "memorysetup-profiler-bucket-allocator-block-count=8"
    "memorysetup-profiler-allocator-block-size=16777216"
    "memorysetup-profiler-editor-allocator-block-size=1048576"
    "memorysetup-temp-allocator-size-main=16777216"
    "memorysetup-job-temp-allocator-block-size=2097152"
    "memorysetup-job-temp-allocator-block-size-background=1048576"
    "memorysetup-job-temp-allocator-reduction-small-platforms=262144"
    "memorysetup-allocator-temp-initial-block-size-main=262144"
    "memorysetup-allocator-temp-initial-block-size-worker=262144"
    "memorysetup-temp-allocator-size-background-worker=32768"
    "memorysetup-temp-allocator-size-job-worker=262144"
    "memorysetup-temp-allocator-size-preload-manager=33554432"
    "memorysetup-temp-allocator-size-nav-mesh-worker=65536"
    "memorysetup-temp-allocator-size-audio-worker=65536"
    "memorysetup-temp-allocator-size-cloud-worker=32768"
    "memorysetup-temp-allocator-size-gi-baking-worker=262144"
    "memorysetup-temp-allocator-size-gfx=262144"
Player connection [20512] Host "[IP] 192.168.0.252 [Port] 0 [Flags] 2 [Guid] 361809517 [EditorId] 361809517 [Version] 1048832 [Id] WindowsEditor(7,DESKTOP-EQJJ33K) [Debug] 1 [PackageName] WindowsEditor [ProjectName] Editor" joined multi-casting on [225.0.0.222:54997]...

Player connection [20512] Host "[IP] 192.168.0.252 [Port] 0 [Flags] 2 [Guid] 361809517 [EditorId] 361809517 [Version] 1048832 [Id] WindowsEditor(7,DESKTOP-EQJJ33K) [Debug] 1 [PackageName] WindowsEditor [ProjectName] Editor" joined alternative multi-casting on [225.0.0.222:34997]...

[Physics::Module] Initialized MultithreadedJobDispatcher with 15 workers.
Refreshing native plugins compatible for Editor in 226.07 ms, found 2 plugins.
Preloading 0 native plugins for Editor in 0.00 ms.
Initialize engine version: 2022.3.21f1 (bf09ca542b87)
[Subsystems] Discovering subsystems at path C:/Unity/Editor/2022.3.21f1/Editor/Data/Resources/UnitySubsystems
[Subsystems] Discovering subsystems at path C:/Users/Andrei/Desktop/Unity_Projects/Ludum56/SlimeAdventure/Assets
GfxDevice: creating device client; threaded=0; jobified=0
Direct3D:
    Version:  Direct3D 11.0 [level 11.1]
    Renderer: AMD Radeon (TM) Graphics (ID=0x15e7)
    Vendor:   ATI
    VRAM:     7886 MB
    Driver:   31.0.12046.24001
Initialize mono
Mono path[0] = 'C:/Unity/Editor/2022.3.21f1/Editor/Data/Managed'
Mono path[1] = 'C:/Unity/Editor/2022.3.21f1/Editor/Data/MonoBleedingEdge/lib/mono/unityjit-win32'
Mono config path = 'C:/Unity/Editor/2022.3.21f1/Editor/Data/MonoBleedingEdge/etc'
Using monoOptions --debugger-agent=transport=dt_socket,embedding=1,server=y,suspend=n,address=127.0.0.1:56712
Begin MonoManager ReloadAssembly
Registering precompiled unity dll's ...
Register platform support module: C:/Unity/Editor/2022.3.21f1/Editor/Data/PlaybackEngines/WindowsStandaloneSupport/UnityEditor.WindowsStandalone.Extensions.dll
Registered in 0.006638 seconds.
- Loaded All Assemblies, in  0.981 seconds
Native extension for WindowsStandalone target not found
Mono: successfully reloaded assembly
- Finished resetting the current domain, in  0.366 seconds
Domain Reload Profiling: 1346ms
	BeginReloadAssembly (131ms)
		ExecutionOrderSort (0ms)
		DisableScriptedObjects (0ms)
		BackupInstance (0ms)
		ReleaseScriptingObjects (0ms)
		CreateAndSetChildDomain (1ms)
	RebuildCommonClasses (245ms)
	RebuildNativeTypeToScriptingClass (13ms)
	initialDomainReloadingComplete (72ms)
	LoadAllAssembliesAndSetupDomain (519ms)
		LoadAssemblies (129ms)
		RebuildTransferFunctionScriptingTraits (0ms)
		AnalyzeDomain (517ms)
			TypeCache.Refresh (515ms)
				TypeCache.ScanAssembly (500ms)
			ScanForSourceGeneratedMonoScriptInfo (0ms)
			ResolveRequiredComponents (1ms)
	FinalizeReload (367ms)
		ReleaseScriptCaches (0ms)
		RebuildScriptCaches (0ms)
		SetupLoadedEditorAssemblies (290ms)
			LogAssemblyErrors (0ms)
			InitializePlatformSupportModulesInManaged (11ms)
			SetLoadedEditorAssemblies (9ms)
			RefreshPlugins (0ms)
			BeforeProcessingInitializeOnLoad (3ms)
			ProcessInitializeOnLoadAttributes (193ms)
			ProcessInitializeOnLoadMethodAttributes (74ms)
			AfterProcessingInitializeOnLoad (0ms)
			EditorAssembliesLoaded (0ms)
		ExecutionOrderSort2 (0ms)
		AwakeInstancesAfterBackupRestoration (0ms)
========================================================================
Worker process is ready to serve import requests
Begin MonoManager ReloadAssembly
Symbol file LoadedFromMemory is not a mono symbol file
- Loaded All Assemblies, in  0.866 seconds
Refreshing native plugins compatible for Editor in 13.03 ms, found 2 plugins.
Native extension for WindowsStandalone target not found
Package Manager log level set to [2]
[Package Manager] Server::EnsureServerProcessIsRunning -- launch failed, reason: Unity was launched with the -noUpm command-line argument
[Package Manager] UpmClient::Send -- Unable to send message (not connected to UPM process).
[Package Manager] Cannot connect to Unity Package Manager local server
Mono: successfully reloaded assembly
- Finished resetting the current domain, in  0.915 seconds
Domain Reload Profiling: 1778ms
	BeginReloadAssembly (196ms)
		ExecutionOrderSort (0ms)
		DisableScriptedObjects (9ms)
		BackupInstance (0ms)
		ReleaseScriptingObjects (0ms)
		CreateAndSetChildDomain (28ms)
	RebuildCommonClasses (44ms)
	RebuildNativeTypeToScriptingClass (13ms)
	initialDomainReloadingComplete (56ms)
	LoadAllAssembliesAndSetupDomain (553ms)
		LoadAssemblies (395ms)
		RebuildTransferFunctionScriptingTraits (0ms)
		AnalyzeDomain (266ms)
			TypeCache.Refresh (240ms)
				TypeCache.ScanAssembly (137ms)
			ScanForSourceGeneratedMonoScriptInfo (22ms)
			ResolveRequiredComponents (4ms)
	FinalizeReload (915ms)
		ReleaseScriptCaches (0ms)
		RebuildScriptCaches (0ms)
		SetupLoadedEditorAssemblies (720ms)
			LogAssemblyErrors (0ms)
			InitializePlatformSupportModulesInManaged (7ms)
			SetLoadedEditorAssemblies (5ms)
			RefreshPlugins (0ms)
			BeforeProcessingInitializeOnLoad (78ms)
			ProcessInitializeOnLoadAttributes (413ms)
			ProcessInitializeOnLoadMethodAttributes (209ms)
			AfterProcessingInitializeOnLoad (8ms)
			EditorAssembliesLoaded (0ms)
		ExecutionOrderSort2 (0ms)
		AwakeInstancesAfterBackupRestoration (9ms)
Launched and connected shader compiler UnityShaderCompiler.exe after 0.12 seconds
Refreshing native plugins compatible for Editor in 15.97 ms, found 2 plugins.
Preloading 0 native plugins for Editor in 0.00 ms.
Unloading 2552 Unused Serialized files (Serialized files now loaded: 0)
Unloading 67 unused Assets / (73.0 KB). Loaded Objects now: 2988.
Memory consumption went from 112.5 MB to 112.4 MB.
Total: 9.935600 ms (FindLiveObjects: 0.291200 ms CreateObjectMapping: 0.129000 ms MarkObjects: 9.317300 ms  DeleteObjects: 0.196400 ms)

AssetImportParameters requested are different than current active one (requested -> active):
  custom:video-decoder-webm-vp8: 9c59270c3fd7afecdb556c50c9e8de78 -> 
  custom:SearchIndexIgnoredProperties: e643bd26f0fe6173181afceb89e7c659 -> 
  custom:container-demuxer-ogg: 62fdf1f143b41e24485cea50d1cbac27 -> 
  custom:AudioImporter_EditorPlatform: d09bf68614088b80899f8185d706f6e7 -> 
  custom:video-codec-MediaFoundation-h265: 746d11721c4dcdbdad8f713fa42b33f4 -> 
  custom:video-decoder-ogg-theora: a1e56fd34408186e4bbccfd4996cb3dc -> 
  custom:framework-win-MediaFoundation: 216162199b28c13a410421893ffa2e32 -> 
  custom:video-encoder-webm-vp8: eb34c28f22e8b96e1ab97ce403110664 -> 
  custom:audio-decoder-ogg-vorbis: bf7c407c2cedff20999df2af8eb42d56 -> 
  custom:CustomObjectIndexerAttribute: 9a22284fe3817be447336de3de66b15e -> 
  custom:container-demuxer-webm: 4f35f7cbe854078d1ac9338744f61a02 -> 
  custom:audio-encoder-webm-vorbis: bf7c407c2cedff20999df2af8eb42d56 -> 
  custom:container-muxer-webm: aa71ff27fc2769a1b78a27578f13a17b -> 
========================================================================
Received Import Request.
  Time since last request: 363640.241911 seconds.
  path: Assets/karsiori/Pixel Potion Pack - Animated/Sprites/Bubbly Brew Bottle/BROWN/Bubbly Brew Bottle - BROWN - Spritesheet.png
  artifactKey: Guid(9b1d85f3b9528ae498431fb83ddf290c) Importer(815301076,1909f56bfc062723c751e8b465ee728b)
Start importing Assets/karsiori/Pixel Potion Pack - Animated/Sprites/Bubbly Brew Bottle/BROWN/Bubbly Brew Bottle - BROWN - Spritesheet.png using Guid(9b1d85f3b9528ae498431fb83ddf290c) Importer(815301076,1909f56bfc062723c751e8b465ee728b)  -> (artifact id: '627cd4ac20f28fb05c842f8c8bd76d40') in 0.164919 seconds
Number of updated asset objects reloaded before import = 0
Number of asset objects unloaded after import = 3
========================================================================
Received Import Request.
  Time since last request: 17.946229 seconds.
  path: Assets/Cainos/Pixel Art Icon Pack - RPG/Texture/Equipment/Bag.png
  artifactKey: Guid(93dbc8f96dc6c00418ba8f1a8e8992e4) Importer(815301076,1909f56bfc062723c751e8b465ee728b)
Start importing Assets/Cainos/Pixel Art Icon Pack - RPG/Texture/Equipment/Bag.png using Guid(93dbc8f96dc6c00418ba8f1a8e8992e4) Importer(815301076,1909f56bfc062723c751e8b465ee728b)  -> (artifact id: 'd2e75d2aaa198ca8ecf88e154592dcd7') in 0.022514 seconds
Number of updated asset objects reloaded before import = 0
Number of asset objects unloaded after import = 3
========================================================================
Received Import Request.
  Time since last request: 0.000268 seconds.
  path: Assets/Cainos/Pixel Art Icon Pack - RPG/Texture/Equipment/Helm.png
  artifactKey: Guid(6509adb73ba1de04d898264b898cdf2e) Importer(815301076,1909f56bfc062723c751e8b465ee728b)
Start importing Assets/Cainos/Pixel Art Icon Pack - RPG/Texture/Equipment/Helm.png using Guid(6509adb73ba1de04d898264b898cdf2e) Importer(815301076,1909f56bfc062723c751e8b465ee728b)  -> (artifact id: '6192389a8c6e37805a4223e4d5523907') in 0.021734 seconds
Number of updated asset objects reloaded before import = 0
Number of asset objects unloaded after import = 3
========================================================================
Received Import Request.
  Time since last request: 0.000026 seconds.
  path: Assets/Cainos/Pixel Art Icon Pack - RPG/Texture/Equipment/Iron Helmet.png
  artifactKey: Guid(b227c6c1c35b36940b602110d9556b13) Importer(815301076,1909f56bfc062723c751e8b465ee728b)
Start importing Assets/Cainos/Pixel Art Icon Pack - RPG/Texture/Equipment/Iron Helmet.png using Guid(b227c6c1c35b36940b602110d9556b13) Importer(815301076,1909f56bfc062723c751e8b465ee728b)  -> (artifact id: 'b2d94c3ddfe79ff5c7a3c01c622bf233') in 0.020373 seconds
Number of updated asset objects reloaded before import = 0
Number of asset objects unloaded after import = 3
========================================================================
Received Import Request.
  Time since last request: 0.000029 seconds.
  path: Assets/Cainos/Pixel Art Icon Pack - RPG/Texture/Equipment/Leather Armor.png
  artifactKey: Guid(e37ee0b1cbe20c5458102626b95a6b7c) Importer(815301076,1909f56bfc062723c751e8b465ee728b)
Start importing Assets/Cainos/Pixel Art Icon Pack - RPG/Texture/Equipment/Leather Armor.png using Guid(e37ee0b1cbe20c5458102626b95a6b7c) Importer(815301076,1909f56bfc062723c751e8b465ee728b)  -> (artifact id: 'da8c9e08fe813d0222b41430f41df0e0') in 0.018595 seconds
Number of updated asset objects reloaded before import = 0
Number of asset objects unloaded after import = 3
========================================================================
Received Import Request.
  Time since last request: 0.017324 seconds.
  path: Assets/Cainos/Pixel Art Icon Pack - RPG/Texture/Equipment/Leather Helmet.png
  artifactKey: Guid(5ff9b869a12e70b4db7a137f84ed920b) Importer(815301076,1909f56bfc062723c751e8b465ee728b)
Start importing Assets/Cainos/Pixel Art Icon Pack - RPG/Texture/Equipment/Leather Helmet.png using Guid(5ff9b869a12e70b4db7a137f84ed920b) Importer(815301076,1909f56bfc062723c751e8b465ee728b)  -> (artifact id: '77311d5195582ed90a6b8362aef0a536') in 0.035456 seconds
Number of updated asset objects reloaded before import = 0
Number of asset objects unloaded after import = 3
========================================================================
Received Import Request.
  Time since last request: 0.000045 seconds.
  path: Assets/Cainos/Pixel Art Icon Pack - RPG/Texture/Equipment/Wizard Hat.png
  artifactKey: Guid(b28311bcbf17b47458fddc96553ce9c8) Importer(815301076,1909f56bfc062723c751e8b465ee728b)
Start importing Assets/Cainos/Pixel Art Icon Pack - RPG/Texture/Equipment/Wizard Hat.png using Guid(b28311bcbf17b47458fddc96553ce9c8) Importer(815301076,1909f56bfc062723c751e8b465ee728b)  -> (artifact id: '3a93ed9b95c7c034ec6c48e7b889d8b0') in 0.025730 seconds
Number of updated asset objects reloaded before import = 0
Number of asset objects unloaded after import = 3
========================================================================
Received Import Request.
  Time since last request: 110.848649 seconds.
  path: Assets/Cainos/Pixel Art Icon Pack - RPG/Texture/Equipment
  artifactKey: Guid(ac5f79a5df937a54fa4de58fc0571d1c) Importer(815301076,1909f56bfc062723c751e8b465ee728b)
Start importing Assets/Cainos/Pixel Art Icon Pack - RPG/Texture/Equipment using Guid(ac5f79a5df937a54fa4de58fc0571d1c) Importer(815301076,1909f56bfc062723c751e8b465ee728b)  -> (artifact id: '1c3dc0773fe30885de2e9b78d78c51bf') in 0.000781 seconds
Number of updated asset objects reloaded before import = 0
Number of asset objects unloaded after import = 0
========================================================================
Received Import Request.
  Time since last request: 29.366309 seconds.
  path: Assets/karsiori/Pixel Potion Pack - Animated/Animations/Big Vial
  artifactKey: Guid(04afca435f8867d4781efe8a5e6f501e) Importer(815301076,1909f56bfc062723c751e8b465ee728b)
Start importing Assets/karsiori/Pixel Potion Pack - Animated/Animations/Big Vial using Guid(04afca435f8867d4781efe8a5e6f501e) Importer(815301076,1909f56bfc062723c751e8b465ee728b)  -> (artifact id: '86b657864b6dea62f0bfc936342fd0d6') in 0.000689 seconds
Number of updated asset objects reloaded before import = 0
Number of asset objects unloaded after import = 0
========================================================================
Received Import Request.
  Time since last request: 4.994749 seconds.
  path: Assets/karsiori/Pixel Potion Pack - Animated/Sprites/Bubbly Brew Bottle Rising/BROWN
  artifactKey: Guid(8cdf2ce5b6d2b2d46a785bdc9c589ff8) Importer(815301076,1909f56bfc062723c751e8b465ee728b)
Start importing Assets/karsiori/Pixel Potion Pack - Animated/Sprites/Bubbly Brew Bottle Rising/BROWN using Guid(8cdf2ce5b6d2b2d46a785bdc9c589ff8) Importer(815301076,1909f56bfc062723c751e8b465ee728b)  -> (artifact id: '322a390b05ef584a7f938b6e919ac258') in 0.000886 seconds
Number of updated asset objects reloaded before import = 0
Number of asset objects unloaded after import = 0
========================================================================
Received Import Request.
  Time since last request: 0.056934 seconds.
  path: Assets/karsiori/Pixel Potion Pack - Animated/Sprites/Bubbly Brew Bottle Rising/BROWN/Bubbly Brew Bottle Rising - BROWN - Spritesheet.png
  artifactKey: Guid(07cc99c4cd3915d479cc2bb56e00a38f) Importer(815301076,1909f56bfc062723c751e8b465ee728b)
Start importing Assets/karsiori/Pixel Potion Pack - Animated/Sprites/Bubbly Brew Bottle Rising/BROWN/Bubbly Brew Bottle Rising - BROWN - Spritesheet.png using Guid(07cc99c4cd3915d479cc2bb56e00a38f) Importer(815301076,1909f56bfc062723c751e8b465ee728b)  -> (artifact id: 'd7658978e5deb2bf20d7635c35f88131') in 0.026373 seconds
Number of updated asset objects reloaded before import = 0
Number of asset objects unloaded after import = 3
========================================================================
Received Import Request.
  Time since last request: 0.816884 seconds.
  path: Assets/karsiori/Pixel Potion Pack - Animated/Sprites/Bubbly Brew Bottle Rising/BROWN/Sprites
  artifactKey: Guid(eb001bb428340534f878ffa8a8d5cbe1) Importer(815301076,1909f56bfc062723c751e8b465ee728b)
Start importing Assets/karsiori/Pixel Potion Pack - Animated/Sprites/Bubbly Brew Bottle Rising/BROWN/Sprites using Guid(eb001bb428340534f878ffa8a8d5cbe1) Importer(815301076,1909f56bfc062723c751e8b465ee728b)  -> (artifact id: '75e2cc1dcd58e273ddd4c80c165daad7') in 0.000849 seconds
Number of updated asset objects reloaded before import = 0
Number of asset objects unloaded after import = 0
========================================================================
Received Import Request.
  Time since last request: 0.072662 seconds.
  path: Assets/karsiori/Pixel Potion Pack - Animated/Sprites/Bubbly Brew Bottle Rising/BROWN/Sprites/Bubbly Brew Bottle Rising - BROWN - 0000.png
  artifactKey: Guid(3882ce01d1faa39498e70f59f7b20b35) Importer(815301076,1909f56bfc062723c751e8b465ee728b)
Start importing Assets/karsiori/Pixel Potion Pack - Animated/Sprites/Bubbly Brew Bottle Rising/BROWN/Sprites/Bubbly Brew Bottle Rising - BROWN - 0000.png using Guid(3882ce01d1faa39498e70f59f7b20b35) Importer(815301076,1909f56bfc062723c751e8b465ee728b)  -> (artifact id: '55875eaed8f1b3804af937c0d5056234') in 0.019909 seconds
Number of updated asset objects reloaded before import = 0
Number of asset objects unloaded after import = 3
========================================================================
Received Import Request.
  Time since last request: 0.000025 seconds.
  path: Assets/karsiori/Pixel Potion Pack - Animated/Sprites/Bubbly Brew Bottle Rising/BROWN/Sprites/Bubbly Brew Bottle Rising - BROWN - 0002.png
  artifactKey: Guid(68f24e5d4b24d3244aec005dd226ec11) Importer(815301076,1909f56bfc062723c751e8b465ee728b)
Start importing Assets/karsiori/Pixel Potion Pack - Animated/Sprites/Bubbly Brew Bottle Rising/BROWN/Sprites/Bubbly Brew Bottle Rising - BROWN - 0002.png using Guid(68f24e5d4b24d3244aec005dd226ec11) Importer(815301076,1909f56bfc062723c751e8b465ee728b)  -> (artifact id: 'e721a91fff0827bb7c8ae48ae9875fa6') in 0.018166 seconds
Number of updated asset objects reloaded before import = 0
Number of asset objects unloaded after import = 3
========================================================================
Received Import Request.
  Time since last request: 0.017568 seconds.
  path: Assets/karsiori/Pixel Potion Pack - Animated/Sprites/Bubbly Brew Bottle Rising/BROWN/Sprites/Bubbly Brew Bottle Rising - BROWN - 0004.png
  artifactKey: Guid(f07d30b923f86a940b41e74b237e27f0) Importer(815301076,1909f56bfc062723c751e8b465ee728b)
Start importing Assets/karsiori/Pixel Potion Pack - Animated/Sprites/Bubbly Brew Bottle Rising/BROWN/Sprites/Bubbly Brew Bottle Rising - BROWN - 0004.png using Guid(f07d30b923f86a940b41e74b237e27f0) Importer(815301076,1909f56bfc062723c751e8b465ee728b)  -> (artifact id: '4f92ecf6c0d93900c218051938bcd690') in 0.024623 seconds
Number of updated asset objects reloaded before import = 0
Number of asset objects unloaded after import = 3
========================================================================
Received Import Request.
  Time since last request: 0.000033 seconds.
  path: Assets/karsiori/Pixel Potion Pack - Animated/Sprites/Bubbly Brew Bottle Rising/BROWN/Sprites/Bubbly Brew Bottle Rising - BROWN - 0007.png
  artifactKey: Guid(d95b810680d981a419d76d9e59123363) Importer(815301076,1909f56bfc062723c751e8b465ee728b)
Start importing Assets/karsiori/Pixel Potion Pack - Animated/Sprites/Bubbly Brew Bottle Rising/BROWN/Sprites/Bubbly Brew Bottle Rising - BROWN - 0007.png using Guid(d95b810680d981a419d76d9e59123363) Importer(815301076,1909f56bfc062723c751e8b465ee728b)  -> (artifact id: 'f03f1ae3664f83b69563da218ee0061c') in 0.022187 seconds
Number of updated asset objects reloaded before import = 0
Number of asset objects unloaded after import = 3
========================================================================
Received Import Request.
  Time since last request: 0.008208 seconds.
  path: Assets/karsiori/Pixel Potion Pack - Animated/Sprites/Bubbly Brew Bottle Rising/BROWN/Sprites/Bubbly Brew Bottle Rising - BROWN - 0008.png
  artifactKey: Guid(03cc4834aba11094886351c1b59f23d2) Importer(815301076,1909f56bfc062723c751e8b465ee728b)
Start importing Assets/karsiori/Pixel Potion Pack - Animated/Sprites/Bubbly Brew Bottle Rising/BROWN/Sprites/Bubbly Brew Bottle Rising - BROWN - 0008.png using Guid(03cc4834aba11094886351c1b59f23d2) Importer(815301076,1909f56bfc062723c751e8b465ee728b)  -> (artifact id: '7d4244bc13d979f8ab098ff10f497d33') in 0.042758 seconds
Number of updated asset objects reloaded before import = 0
Number of asset objects unloaded after import = 3
========================================================================
Received Import Request.
  Time since last request: 0.009195 seconds.
  path: Assets/karsiori/Pixel Potion Pack - Animated/Sprites/Bubbly Brew Bottle Rising/BROWN/Sprites/Bubbly Brew Bottle Rising - BROWN - 0012.png
  artifactKey: Guid(1e8e9e551299579428cf2b07b2475f05) Importer(815301076,1909f56bfc062723c751e8b465ee728b)
Start importing Assets/karsiori/Pixel Potion Pack - Animated/Sprites/Bubbly Brew Bottle Rising/BROWN/Sprites/Bubbly Brew Bottle Rising - BROWN - 0012.png using Guid(1e8e9e551299579428cf2b07b2475f05) Importer(815301076,1909f56bfc062723c751e8b465ee728b)  -> (artifact id: 'ac414629f1812ee5dbc563d5cba84f48') in 0.026796 seconds
Number of updated asset objects reloaded before import = 0
Number of asset objects unloaded after import = 3
========================================================================
Received Import Request.
  Time since last request: 0.000032 seconds.
  path: Assets/karsiori/Pixel Potion Pack - Animated/Sprites/Bubbly Brew Bottle Rising/BROWN/Sprites/Bubbly Brew Bottle Rising - BROWN - 0003.png
  artifactKey: Guid(513092438aedf8b43a41236e828869ac) Importer(815301076,1909f56bfc062723c751e8b465ee728b)
Start importing Assets/karsiori/Pixel Potion Pack - Animated/Sprites/Bubbly Brew Bottle Rising/BROWN/Sprites/Bubbly Brew Bottle Rising - BROWN - 0003.png using Guid(513092438aedf8b43a41236e828869ac) Importer(815301076,1909f56bfc062723c751e8b465ee728b)  -> (artifact id: '8f40d887facfa9d46a20788234628733') in 0.022175 seconds
Number of updated asset objects reloaded before import = 0
Number of asset objects unloaded after import = 3
========================================================================
Received Import Request.
  Time since last request: 0.000031 seconds.
  path: Assets/karsiori/Pixel Potion Pack - Animated/Sprites/Bubbly Brew Bottle Rising/BROWN/Sprites/Bubbly Brew Bottle Rising - BROWN - 0016.png
  artifactKey: Guid(c51df0f2468dcee408ddc6c9e95a0c4f) Importer(815301076,1909f56bfc062723c751e8b465ee728b)
Start importing Assets/karsiori/Pixel Potion Pack - Animated/Sprites/Bubbly Brew Bottle Rising/BROWN/Sprites/Bubbly Brew Bottle Rising - BROWN - 0016.png using Guid(c51df0f2468dcee408ddc6c9e95a0c4f) Importer(815301076,1909f56bfc062723c751e8b465ee728b)  -> (artifact id: 'b573ad402e360c27ba9f37e96eea8194') in 0.023261 seconds
Number of updated asset objects reloaded before import = 0
Number of asset objects unloaded after import = 3
========================================================================
Received Import Request.
  Time since last request: 0.000033 seconds.
  path: Assets/karsiori/Pixel Potion Pack - Animated/Sprites/Bubbly Brew Bottle Rising/BROWN/Sprites/Bubbly Brew Bottle Rising - BROWN - 0014.png
  artifactKey: Guid(dcd9e12721630434cbdf6ed967087a84) Importer(815301076,1909f56bfc062723c751e8b465ee728b)
Start importing Assets/karsiori/Pixel Potion Pack - Animated/Sprites/Bubbly Brew Bottle Rising/BROWN/Sprites/Bubbly Brew Bottle Rising - BROWN - 0014.png using Guid(dcd9e12721630434cbdf6ed967087a84) Importer(815301076,1909f56bfc062723c751e8b465ee728b)  -> (artifact id: '406298a65331c01f9fa7ff90552e941a') in 0.020910 seconds
Number of updated asset objects reloaded before import = 0
Number of asset objects unloaded after import = 3
========================================================================
Received Import Request.
  Time since last request: 0.000551 seconds.
  path: Assets/karsiori/Pixel Potion Pack - Animated/Sprites/Bubbly Brew Bottle Rising/BROWN/Sprites/Bubbly Brew Bottle Rising - BROWN - 0021.png
  artifactKey: Guid(7f047641d14198e4e97e6cfbb7ae7a36) Importer(815301076,1909f56bfc062723c751e8b465ee728b)
Start importing Assets/karsiori/Pixel Potion Pack - Animated/Sprites/Bubbly Brew Bottle Rising/BROWN/Sprites/Bubbly Brew Bottle Rising - BROWN - 0021.png using Guid(7f047641d14198e4e97e6cfbb7ae7a36) Importer(815301076,1909f56bfc062723c751e8b465ee728b)  -> (artifact id: '85ce9c4db69dbe9a855f4a52eebcdc01') in 0.030563 seconds
Number of updated asset objects reloaded before import = 0
Number of asset objects unloaded after import = 3
========================================================================
Received Import Request.
  Time since last request: 0.000034 seconds.
  path: Assets/karsiori/Pixel Potion Pack - Animated/Sprites/Bubbly Brew Bottle Rising/BROWN/Sprites/Bubbly Brew Bottle Rising - BROWN - 0009.png
  artifactKey: Guid(09ea242bca99739458e8daeca5bef2f4) Importer(815301076,1909f56bfc062723c751e8b465ee728b)
Start importing Assets/karsiori/Pixel Potion Pack - Animated/Sprites/Bubbly Brew Bottle Rising/BROWN/Sprites/Bubbly Brew Bottle Rising - BROWN - 0009.png using Guid(09ea242bca99739458e8daeca5bef2f4) Importer(815301076,1909f56bfc062723c751e8b465ee728b)  -> (artifact id: 'b0cf6b79bc371ccdc0e7730fc402765a') in 0.031345 seconds
Number of updated asset objects reloaded before import = 0
Number of asset objects unloaded after import = 3
========================================================================
Received Import Request.
  Time since last request: 0.000036 seconds.
  path: Assets/karsiori/Pixel Potion Pack - Animated/Sprites/Bubbly Brew Bottle Rising/BROWN/Sprites/Bubbly Brew Bottle Rising - BROWN - 0011.png
  artifactKey: Guid(fae5066f207bd6845b41e26114f19cf1) Importer(815301076,1909f56bfc062723c751e8b465ee728b)
Start importing Assets/karsiori/Pixel Potion Pack - Animated/Sprites/Bubbly Brew Bottle Rising/BROWN/Sprites/Bubbly Brew Bottle Rising - BROWN - 0011.png using Guid(fae5066f207bd6845b41e26114f19cf1) Importer(815301076,1909f56bfc062723c751e8b465ee728b)  -> (artifact id: '0ba0feab08c93e115c596c44bfed15ff') in 0.032179 seconds
Number of updated asset objects reloaded before import = 0
Number of asset objects unloaded after import = 3
========================================================================
Received Import Request.
  Time since last request: 0.000070 seconds.
  path: Assets/karsiori/Pixel Potion Pack - Animated/Sprites/Bubbly Brew Bottle Rising/BROWN/Sprites/Bubbly Brew Bottle Rising - BROWN - 0017.png
  artifactKey: Guid(08279b4d0a0e0884ca5f287e2e779403) Importer(815301076,1909f56bfc062723c751e8b465ee728b)
Start importing Assets/karsiori/Pixel Potion Pack - Animated/Sprites/Bubbly Brew Bottle Rising/BROWN/Sprites/Bubbly Brew Bottle Rising - BROWN - 0017.png using Guid(08279b4d0a0e0884ca5f287e2e779403) Importer(815301076,1909f56bfc062723c751e8b465ee728b)  -> (artifact id: 'd9007c80a78beac05d6246f069e31c97') in 0.027549 seconds
Number of updated asset objects reloaded before import = 0
Number of asset objects unloaded after import = 3
========================================================================
Received Prepare
Begin MonoManager ReloadAssembly
Symbol file LoadedFromMemory is not a mono symbol file
- Loaded All Assemblies, in  0.755 seconds
Refreshing native plugins compatible for Editor in 14.33 ms, found 2 plugins.
Native extension for WindowsStandalone target not found
[Package Manager] Server::EnsureServerProcessIsRunning -- launch failed, reason: Unity was launched with the -noUpm command-line argument
[Package Manager] UpmClient::Send -- Unable to send message (not connected to UPM process).
[Package Manager] Cannot connect to Unity Package Manager local server
Mono: successfully reloaded assembly
- Finished resetting the current domain, in  1.708 seconds
Domain Reload Profiling: 2457ms
	BeginReloadAssembly (241ms)
		ExecutionOrderSort (0ms)
		DisableScriptedObjects (11ms)
		BackupInstance (0ms)
		ReleaseScriptingObjects (0ms)
		CreateAndSetChildDomain (59ms)
	RebuildCommonClasses (47ms)
	RebuildNativeTypeToScriptingClass (22ms)
	initialDomainReloadingComplete (54ms)
	LoadAllAssembliesAndSetupDomain (384ms)
		LoadAssemblies (501ms)
		RebuildTransferFunctionScriptingTraits (0ms)
		AnalyzeDomain (15ms)
			TypeCache.Refresh (9ms)
				TypeCache.ScanAssembly (0ms)
			ScanForSourceGeneratedMonoScriptInfo (0ms)
			ResolveRequiredComponents (5ms)
	FinalizeReload (1709ms)
		ReleaseScriptCaches (0ms)
		RebuildScriptCaches (0ms)
		SetupLoadedEditorAssemblies (1012ms)
			LogAssemblyErrors (0ms)
			InitializePlatformSupportModulesInManaged (11ms)
			SetLoadedEditorAssemblies (6ms)
			RefreshPlugins (0ms)
			BeforeProcessingInitializeOnLoad (122ms)
			ProcessInitializeOnLoadAttributes (547ms)
			ProcessInitializeOnLoadMethodAttributes (311ms)
			AfterProcessingInitializeOnLoad (13ms)
			EditorAssembliesLoaded (1ms)
		ExecutionOrderSort2 (0ms)
		AwakeInstancesAfterBackupRestoration (13ms)
Refreshing native plugins compatible for Editor in 16.10 ms, found 2 plugins.
Preloading 0 native plugins for Editor in 0.00 ms.
Unloading 2543 Unused Serialized files (Serialized files now loaded: 0)
Unloading 56 unused Assets / (47.1 KB). Loaded Objects now: 3005.
Memory consumption went from 116.8 MB to 116.8 MB.
Total: 17.341500 ms (FindLiveObjects: 0.535400 ms CreateObjectMapping: 0.144300 ms MarkObjects: 16.448700 ms  DeleteObjects: 0.210200 ms)

Prepare: number of updated asset objects reloaded= 0
AssetImportParameters requested are different than current active one (requested -> active):
  custom:video-decoder-webm-vp8: 9c59270c3fd7afecdb556c50c9e8de78 -> 
  custom:SearchIndexIgnoredProperties: e643bd26f0fe6173181afceb89e7c659 -> 
  custom:container-demuxer-ogg: 62fdf1f143b41e24485cea50d1cbac27 -> 
  custom:AudioImporter_EditorPlatform: d09bf68614088b80899f8185d706f6e7 -> 
  custom:video-codec-MediaFoundation-h265: 746d11721c4dcdbdad8f713fa42b33f4 -> 
  custom:video-decoder-ogg-theora: a1e56fd34408186e4bbccfd4996cb3dc -> 
  custom:framework-win-MediaFoundation: 216162199b28c13a410421893ffa2e32 -> 
  custom:video-encoder-webm-vp8: eb34c28f22e8b96e1ab97ce403110664 -> 
  custom:audio-decoder-ogg-vorbis: bf7c407c2cedff20999df2af8eb42d56 -> 
  custom:CustomObjectIndexerAttribute: 9a22284fe3817be447336de3de66b15e -> 
  custom:container-demuxer-webm: 4f35f7cbe854078d1ac9338744f61a02 -> 
  custom:audio-encoder-webm-vorbis: bf7c407c2cedff20999df2af8eb42d56 -> 
  custom:container-muxer-webm: aa71ff27fc2769a1b78a27578f13a17b -> 
Editor requested this worker to shutdown with reason: Scaling down because of idle timeout
TcpMessagingSession - receive error: operation aborted. errorcode: 995, details: ќпераци€ ввода/вывода была прервана из-за завершени€ потока команд или по запросу приложени€.
AssetImportWorker is now disconnected from the server
Process exiting
Exiting without the bug reporter. Application will terminate with return code 0