Using pre-set license
Built from '2022.3/staging' branch; Version is '2022.3.21f1 (bf09ca542b87) revision 12519882'; Using compiler version '192829333'; Build Type 'Release'
OS: 'Windows 11  (10.0.22631) 64bit Professional' Language: 'ru' Physical Memory: 15773 MB
BatchMode: 1, IsHumanControllingUs: 0, StartBugReporterOnCrash: 0, Is64bit: 1, IsPro: 1

COMMAND LINE ARGUMENTS:
C:\Unity\Editor\2022.3.21f1\Editor\Unity.exe
-adb2
-batchMode
-noUpm
-name
AssetImportWorker27
-projectPath
C:/Users/Andrei/Desktop/Unity_Projects/Ludum56/SlimeAdventure
-logFile
Logs/AssetImportWorker27.log
-srvPort
49226
Successfully changed project path to: C:/Users/Andrei/Desktop/Unity_Projects/Ludum56/SlimeAdventure
C:/Users/Andrei/Desktop/Unity_Projects/Ludum56/SlimeAdventure
[UnityMemory] Configuration Parameters - Can be set up in boot.config
    "memorysetup-bucket-allocator-granularity=16"
    "memorysetup-bucket-allocator-bucket-count=8"
    "memorysetup-bucket-allocator-block-size=33554432"
    "memorysetup-bucket-allocator-block-count=8"
    "memorysetup-main-allocator-block-size=16777216"
    "memorysetup-thread-allocator-block-size=16777216"
    "memorysetup-gfx-main-allocator-block-size=16777216"
    "memorysetup-gfx-thread-allocator-block-size=16777216"
    "memorysetup-cache-allocator-block-size=4194304"
    "memorysetup-typetree-allocator-block-size=2097152"
    "memorysetup-profiler-bucket-allocator-granularity=16"
    "memorysetup-profiler-bucket-allocator-bucket-count=8"
    "memorysetup-profiler-bucket-allocator-block-size=33554432"
    "memorysetup-profiler-bucket-allocator-block-count=8"
    "memorysetup-profiler-allocator-block-size=16777216"
    "memorysetup-profiler-editor-allocator-block-size=1048576"
    "memorysetup-temp-allocator-size-main=16777216"
    "memorysetup-job-temp-allocator-block-size=2097152"
    "memorysetup-job-temp-allocator-block-size-background=1048576"
    "memorysetup-job-temp-allocator-reduction-small-platforms=262144"
    "memorysetup-allocator-temp-initial-block-size-main=262144"
    "memorysetup-allocator-temp-initial-block-size-worker=262144"
    "memorysetup-temp-allocator-size-background-worker=32768"
    "memorysetup-temp-allocator-size-job-worker=262144"
    "memorysetup-temp-allocator-size-preload-manager=33554432"
    "memorysetup-temp-allocator-size-nav-mesh-worker=65536"
    "memorysetup-temp-allocator-size-audio-worker=65536"
    "memorysetup-temp-allocator-size-cloud-worker=32768"
    "memorysetup-temp-allocator-size-gi-baking-worker=262144"
    "memorysetup-temp-allocator-size-gfx=262144"
Player connection [35312] Host "[IP] 192.168.0.252 [Port] 0 [Flags] 2 [Guid] 3574619193 [EditorId] 3574619193 [Version] 1048832 [Id] WindowsEditor(7,DESKTOP-EQJJ33K) [Debug] 1 [PackageName] WindowsEditor [ProjectName] Editor" joined multi-casting on [225.0.0.222:54997]...

Player connection [35312] Host "[IP] 192.168.0.252 [Port] 0 [Flags] 2 [Guid] 3574619193 [EditorId] 3574619193 [Version] 1048832 [Id] WindowsEditor(7,DESKTOP-EQJJ33K) [Debug] 1 [PackageName] WindowsEditor [ProjectName] Editor" joined alternative multi-casting on [225.0.0.222:34997]...

[Physics::Module] Initialized MultithreadedJobDispatcher with 15 workers.
Refreshing native plugins compatible for Editor in 19.46 ms, found 2 plugins.
Preloading 0 native plugins for Editor in 0.00 ms.
Initialize engine version: 2022.3.21f1 (bf09ca542b87)
[Subsystems] Discovering subsystems at path C:/Unity/Editor/2022.3.21f1/Editor/Data/Resources/UnitySubsystems
[Subsystems] Discovering subsystems at path C:/Users/Andrei/Desktop/Unity_Projects/Ludum56/SlimeAdventure/Assets
GfxDevice: creating device client; threaded=0; jobified=0
Direct3D:
    Version:  Direct3D 11.0 [level 11.1]
    Renderer: AMD Radeon (TM) Graphics (ID=0x15e7)
    Vendor:   ATI
    VRAM:     7886 MB
    Driver:   31.0.12046.24001
Initialize mono
Mono path[0] = 'C:/Unity/Editor/2022.3.21f1/Editor/Data/Managed'
Mono path[1] = 'C:/Unity/Editor/2022.3.21f1/Editor/Data/MonoBleedingEdge/lib/mono/unityjit-win32'
Mono config path = 'C:/Unity/Editor/2022.3.21f1/Editor/Data/MonoBleedingEdge/etc'
Using monoOptions --debugger-agent=transport=dt_socket,embedding=1,server=y,suspend=n,address=127.0.0.1:56748
Begin MonoManager ReloadAssembly
Registering precompiled unity dll's ...
Register platform support module: C:/Unity/Editor/2022.3.21f1/Editor/Data/PlaybackEngines/WindowsStandaloneSupport/UnityEditor.WindowsStandalone.Extensions.dll
Registered in 0.007043 seconds.
- Loaded All Assemblies, in  0.518 seconds
Native extension for WindowsStandalone target not found
Mono: successfully reloaded assembly
- Finished resetting the current domain, in  0.420 seconds
Domain Reload Profiling: 936ms
	BeginReloadAssembly (173ms)
		ExecutionOrderSort (0ms)
		DisableScriptedObjects (0ms)
		BackupInstance (0ms)
		ReleaseScriptingObjects (0ms)
		CreateAndSetChildDomain (1ms)
	RebuildCommonClasses (50ms)
	RebuildNativeTypeToScriptingClass (13ms)
	initialDomainReloadingComplete (78ms)
	LoadAllAssembliesAndSetupDomain (202ms)
		LoadAssemblies (172ms)
		RebuildTransferFunctionScriptingTraits (0ms)
		AnalyzeDomain (199ms)
			TypeCache.Refresh (197ms)
				TypeCache.ScanAssembly (177ms)
			ScanForSourceGeneratedMonoScriptInfo (1ms)
			ResolveRequiredComponents (1ms)
	FinalizeReload (420ms)
		ReleaseScriptCaches (0ms)
		RebuildScriptCaches (0ms)
		SetupLoadedEditorAssemblies (332ms)
			LogAssemblyErrors (0ms)
			InitializePlatformSupportModulesInManaged (12ms)
			SetLoadedEditorAssemblies (11ms)
			RefreshPlugins (0ms)
			BeforeProcessingInitializeOnLoad (3ms)
			ProcessInitializeOnLoadAttributes (232ms)
			ProcessInitializeOnLoadMethodAttributes (74ms)
			AfterProcessingInitializeOnLoad (0ms)
			EditorAssembliesLoaded (0ms)
		ExecutionOrderSort2 (0ms)
		AwakeInstancesAfterBackupRestoration (0ms)
========================================================================
Worker process is ready to serve import requests
Begin MonoManager ReloadAssembly
Symbol file LoadedFromMemory is not a mono symbol file
- Loaded All Assemblies, in  0.955 seconds
Refreshing native plugins compatible for Editor in 21.10 ms, found 2 plugins.
Native extension for WindowsStandalone target not found
Package Manager log level set to [2]
[Package Manager] Server::EnsureServerProcessIsRunning -- launch failed, reason: Unity was launched with the -noUpm command-line argument
[Package Manager] UpmClient::Send -- Unable to send message (not connected to UPM process).
[Package Manager] Cannot connect to Unity Package Manager local server
Mono: successfully reloaded assembly
- Finished resetting the current domain, in  1.025 seconds
Domain Reload Profiling: 1975ms
	BeginReloadAssembly (222ms)
		ExecutionOrderSort (0ms)
		DisableScriptedObjects (12ms)
		BackupInstance (0ms)
		ReleaseScriptingObjects (0ms)
		CreateAndSetChildDomain (30ms)
	RebuildCommonClasses (68ms)
	RebuildNativeTypeToScriptingClass (20ms)
	initialDomainReloadingComplete (72ms)
	LoadAllAssembliesAndSetupDomain (566ms)
		LoadAssemblies (472ms)
		RebuildTransferFunctionScriptingTraits (0ms)
		AnalyzeDomain (216ms)
			TypeCache.Refresh (176ms)
				TypeCache.ScanAssembly (155ms)
			ScanForSourceGeneratedMonoScriptInfo (31ms)
			ResolveRequiredComponents (7ms)
	FinalizeReload (1026ms)
		ReleaseScriptCaches (0ms)
		RebuildScriptCaches (0ms)
		SetupLoadedEditorAssemblies (780ms)
			LogAssemblyErrors (0ms)
			InitializePlatformSupportModulesInManaged (8ms)
			SetLoadedEditorAssemblies (7ms)
			RefreshPlugins (0ms)
			BeforeProcessingInitializeOnLoad (82ms)
			ProcessInitializeOnLoadAttributes (455ms)
			ProcessInitializeOnLoadMethodAttributes (222ms)
			AfterProcessingInitializeOnLoad (7ms)
			EditorAssembliesLoaded (0ms)
		ExecutionOrderSort2 (0ms)
		AwakeInstancesAfterBackupRestoration (8ms)
Launched and connected shader compiler UnityShaderCompiler.exe after 0.07 seconds
Refreshing native plugins compatible for Editor in 13.27 ms, found 2 plugins.
Preloading 0 native plugins for Editor in 0.00 ms.
Unloading 2552 Unused Serialized files (Serialized files now loaded: 0)
Unloading 67 unused Assets / (72.9 KB). Loaded Objects now: 2988.
Memory consumption went from 112.5 MB to 112.4 MB.
Total: 9.213200 ms (FindLiveObjects: 0.311100 ms CreateObjectMapping: 0.150800 ms MarkObjects: 8.553500 ms  DeleteObjects: 0.196200 ms)

AssetImportParameters requested are different than current active one (requested -> active):
  custom:video-decoder-webm-vp8: 9c59270c3fd7afecdb556c50c9e8de78 -> 
  custom:SearchIndexIgnoredProperties: e643bd26f0fe6173181afceb89e7c659 -> 
  custom:container-demuxer-ogg: 62fdf1f143b41e24485cea50d1cbac27 -> 
  custom:AudioImporter_EditorPlatform: d09bf68614088b80899f8185d706f6e7 -> 
  custom:video-codec-MediaFoundation-h265: 746d11721c4dcdbdad8f713fa42b33f4 -> 
  custom:video-decoder-ogg-theora: a1e56fd34408186e4bbccfd4996cb3dc -> 
  custom:framework-win-MediaFoundation: 216162199b28c13a410421893ffa2e32 -> 
  custom:video-encoder-webm-vp8: eb34c28f22e8b96e1ab97ce403110664 -> 
  custom:audio-decoder-ogg-vorbis: bf7c407c2cedff20999df2af8eb42d56 -> 
  custom:CustomObjectIndexerAttribute: 9a22284fe3817be447336de3de66b15e -> 
  custom:container-demuxer-webm: 4f35f7cbe854078d1ac9338744f61a02 -> 
  custom:audio-encoder-webm-vorbis: bf7c407c2cedff20999df2af8eb42d56 -> 
  custom:container-muxer-webm: aa71ff27fc2769a1b78a27578f13a17b -> 
========================================================================
Received Import Request.
  Time since last request: 364375.952678 seconds.
  path: Assets/karsiori/Sprites/GEM 3/LIGHT GREEN/GEM 3 - LIGHT GREEN - 0004.png
  artifactKey: Guid(ae64e21afcc070a46bccd20cf8f2969e) Importer(815301076,1909f56bfc062723c751e8b465ee728b)
Start importing Assets/karsiori/Sprites/GEM 3/LIGHT GREEN/GEM 3 - LIGHT GREEN - 0004.png using Guid(ae64e21afcc070a46bccd20cf8f2969e) Importer(815301076,1909f56bfc062723c751e8b465ee728b)  -> (artifact id: 'ce3533e2b71876aa62284b437c23d668') in 0.191163 seconds
Number of updated asset objects reloaded before import = 0
Number of asset objects unloaded after import = 3
========================================================================
Received Import Request.
  Time since last request: 4.698215 seconds.
  path: Assets/karsiori/Sprites/GEM 1/GEM 1 - LILAC - Spritesheet.png
  artifactKey: Guid(2a89f2164c163ae4d9288b3b39ca1bb6) Importer(815301076,1909f56bfc062723c751e8b465ee728b)
Start importing Assets/karsiori/Sprites/GEM 1/GEM 1 - LILAC - Spritesheet.png using Guid(2a89f2164c163ae4d9288b3b39ca1bb6) Importer(815301076,1909f56bfc062723c751e8b465ee728b)  -> (artifact id: 'cfc1da22a7cae3fc0dd497c19abd4fa5') in 0.031319 seconds
Number of updated asset objects reloaded before import = 0
Number of asset objects unloaded after import = 3
========================================================================
Received Import Request.
  Time since last request: 1.260739 seconds.
  path: Assets/karsiori/Sprites/GEM 1/BLUE/GEM 1 - BLUE - 0004.png
  artifactKey: Guid(5d1606bbec1abec4f9a863ed253957cb) Importer(815301076,1909f56bfc062723c751e8b465ee728b)
Start importing Assets/karsiori/Sprites/GEM 1/BLUE/GEM 1 - BLUE - 0004.png using Guid(5d1606bbec1abec4f9a863ed253957cb) Importer(815301076,1909f56bfc062723c751e8b465ee728b)  -> (artifact id: '26df8f4985aa77215595b12c6c9258f2') in 0.025851 seconds
Number of updated asset objects reloaded before import = 0
Number of asset objects unloaded after import = 3
========================================================================
Received Import Request.
  Time since last request: 0.000034 seconds.
  path: Assets/karsiori/Sprites/GEM 1/BLUE/GEM 1 - BLUE - 0010.png
  artifactKey: Guid(6a3acf8937cd92d4eb4469e32feca8e2) Importer(815301076,1909f56bfc062723c751e8b465ee728b)
Start importing Assets/karsiori/Sprites/GEM 1/BLUE/GEM 1 - BLUE - 0010.png using Guid(6a3acf8937cd92d4eb4469e32feca8e2) Importer(815301076,1909f56bfc062723c751e8b465ee728b)  -> (artifact id: 'f08ea441e9f3a7b95e11a10dc92039a6') in 0.026477 seconds
Number of updated asset objects reloaded before import = 0
Number of asset objects unloaded after import = 3
========================================================================
Received Import Request.
  Time since last request: 2.999821 seconds.
  path: Assets/karsiori/Sprites/GEM 7/GEM 7 - LILAC - Spritesheet.png
  artifactKey: Guid(2267aa4607bba2f49a1c9852dfd57ce9) Importer(815301076,1909f56bfc062723c751e8b465ee728b)
Start importing Assets/karsiori/Sprites/GEM 7/GEM 7 - LILAC - Spritesheet.png using Guid(2267aa4607bba2f49a1c9852dfd57ce9) Importer(815301076,1909f56bfc062723c751e8b465ee728b)  -> (artifact id: '5e922415412695a393d0bea44c8f7d48') in 0.039272 seconds
Number of updated asset objects reloaded before import = 0
Number of asset objects unloaded after import = 3
========================================================================
Received Import Request.
  Time since last request: 0.584199 seconds.
  path: Assets/karsiori/Sprites/GEM 7/LILAC/GEM 7 - LILAC - 0004.png
  artifactKey: Guid(d4ab2d981def5394e8af7df21f44b712) Importer(815301076,1909f56bfc062723c751e8b465ee728b)
Start importing Assets/karsiori/Sprites/GEM 7/LILAC/GEM 7 - LILAC - 0004.png using Guid(d4ab2d981def5394e8af7df21f44b712) Importer(815301076,1909f56bfc062723c751e8b465ee728b)  -> (artifact id: '03c2d9eaaf5dde7f5d068915705de5ca') in 0.026605 seconds
Number of updated asset objects reloaded before import = 0
Number of asset objects unloaded after import = 3
========================================================================
Received Import Request.
  Time since last request: 0.000032 seconds.
  path: Assets/karsiori/Sprites/GEM 7/LILAC/GEM 7 - LILAC - 0006.png
  artifactKey: Guid(3d6b95ccbd7b21241a000ca06ed8c199) Importer(815301076,1909f56bfc062723c751e8b465ee728b)
Start importing Assets/karsiori/Sprites/GEM 7/LILAC/GEM 7 - LILAC - 0006.png using Guid(3d6b95ccbd7b21241a000ca06ed8c199) Importer(815301076,1909f56bfc062723c751e8b465ee728b)  -> (artifact id: '3e44ef47a43398ddb47c5635bcaa2a0c') in 0.030059 seconds
Number of updated asset objects reloaded before import = 0
Number of asset objects unloaded after import = 3
========================================================================
Received Import Request.
  Time since last request: 0.000655 seconds.
  path: Assets/karsiori/Sprites/GEM 7/LILAC/GEM 7 - LILAC - 0015.png
  artifactKey: Guid(83348b8cb2454b543b8df39af40b3be0) Importer(815301076,1909f56bfc062723c751e8b465ee728b)
Start importing Assets/karsiori/Sprites/GEM 7/LILAC/GEM 7 - LILAC - 0015.png using Guid(83348b8cb2454b543b8df39af40b3be0) Importer(815301076,1909f56bfc062723c751e8b465ee728b)  -> (artifact id: '8807b671c23ed15d57bc2b82a7139a61') in 0.037318 seconds
Number of updated asset objects reloaded before import = 0
Number of asset objects unloaded after import = 3
========================================================================
Received Import Request.
  Time since last request: 0.000036 seconds.
  path: Assets/karsiori/Sprites/GEM 7/LILAC/GEM 7 - LILAC - 0012.png
  artifactKey: Guid(5e4d328dd3016534aa4075f4b13b3277) Importer(815301076,1909f56bfc062723c751e8b465ee728b)
Start importing Assets/karsiori/Sprites/GEM 7/LILAC/GEM 7 - LILAC - 0012.png using Guid(5e4d328dd3016534aa4075f4b13b3277) Importer(815301076,1909f56bfc062723c751e8b465ee728b)  -> (artifact id: 'aaa724c36555be8687d0d5167953aed0') in 0.024165 seconds
Number of updated asset objects reloaded before import = 0
Number of asset objects unloaded after import = 3
========================================================================
Received Import Request.
  Time since last request: 2.303662 seconds.
  path: Assets/karsiori/Sprites/GEM 7/PURPLE/GEM 7 - PURPLE - 0004.png
  artifactKey: Guid(64c74bc497f9e2842bdb9832b9fd1156) Importer(815301076,1909f56bfc062723c751e8b465ee728b)
Start importing Assets/karsiori/Sprites/GEM 7/PURPLE/GEM 7 - PURPLE - 0004.png using Guid(64c74bc497f9e2842bdb9832b9fd1156) Importer(815301076,1909f56bfc062723c751e8b465ee728b)  -> (artifact id: '535b990aae132c94218da7ed131964c9') in 0.027866 seconds
Number of updated asset objects reloaded before import = 0
Number of asset objects unloaded after import = 3
========================================================================
Received Import Request.
  Time since last request: 0.000045 seconds.
  path: Assets/karsiori/Sprites/GEM 7/PURPLE/GEM 7 - PURPLE - 0008.png
  artifactKey: Guid(8b79e6507f7c96a4a8d21dc24b8bd05b) Importer(815301076,1909f56bfc062723c751e8b465ee728b)
Start importing Assets/karsiori/Sprites/GEM 7/PURPLE/GEM 7 - PURPLE - 0008.png using Guid(8b79e6507f7c96a4a8d21dc24b8bd05b) Importer(815301076,1909f56bfc062723c751e8b465ee728b)  -> (artifact id: '99265c6998e5ee66f62790a4bde96305') in 0.027615 seconds
Number of updated asset objects reloaded before import = 0
Number of asset objects unloaded after import = 3
========================================================================
Received Import Request.
  Time since last request: 0.000034 seconds.
  path: Assets/karsiori/Sprites/GEM 7/PURPLE/GEM 7 - PURPLE - 0013.png
  artifactKey: Guid(c1b7e1060a9f21949b6d5764e6b5770b) Importer(815301076,1909f56bfc062723c751e8b465ee728b)
Start importing Assets/karsiori/Sprites/GEM 7/PURPLE/GEM 7 - PURPLE - 0013.png using Guid(c1b7e1060a9f21949b6d5764e6b5770b) Importer(815301076,1909f56bfc062723c751e8b465ee728b)  -> (artifact id: '84f2c645c311374319c63d12d621fd80') in 0.026838 seconds
Number of updated asset objects reloaded before import = 0
Number of asset objects unloaded after import = 3
========================================================================
Received Import Request.
  Time since last request: 2.853846 seconds.
  path: Assets/karsiori/Sprites/GEM 8/GEM 8 - LILAC - Spritesheet.png
  artifactKey: Guid(3e570144783c89e409745987a4d329e1) Importer(815301076,1909f56bfc062723c751e8b465ee728b)
Start importing Assets/karsiori/Sprites/GEM 8/GEM 8 - LILAC - Spritesheet.png using Guid(3e570144783c89e409745987a4d329e1) Importer(815301076,1909f56bfc062723c751e8b465ee728b)  -> (artifact id: '489612d94052e732347e5b82581beb7f') in 0.032603 seconds
Number of updated asset objects reloaded before import = 0
Number of asset objects unloaded after import = 3
========================================================================
Received Import Request.
  Time since last request: 0.658417 seconds.
  path: Assets/karsiori/Sprites/GEM 8/LIGHT GREEN/GEM 8 - LIGHT GREEN - 0004.png
  artifactKey: Guid(829b3353ff3eeef418272eba9a9345a7) Importer(815301076,1909f56bfc062723c751e8b465ee728b)
Start importing Assets/karsiori/Sprites/GEM 8/LIGHT GREEN/GEM 8 - LIGHT GREEN - 0004.png using Guid(829b3353ff3eeef418272eba9a9345a7) Importer(815301076,1909f56bfc062723c751e8b465ee728b)  -> (artifact id: '3a4563bc2f935b723a0b239ed945cc6f') in 0.065873 seconds
Number of updated asset objects reloaded before import = 0
Number of asset objects unloaded after import = 3
========================================================================
Received Import Request.
  Time since last request: 0.000045 seconds.
  path: Assets/karsiori/Sprites/GEM 8/LIGHT GREEN/GEM 8 - LIGHT GREEN - 0006.png
  artifactKey: Guid(a37db5d5d1a1c1d4fa48e35b645e0fd5) Importer(815301076,1909f56bfc062723c751e8b465ee728b)
Start importing Assets/karsiori/Sprites/GEM 8/LIGHT GREEN/GEM 8 - LIGHT GREEN - 0006.png using Guid(a37db5d5d1a1c1d4fa48e35b645e0fd5) Importer(815301076,1909f56bfc062723c751e8b465ee728b)  -> (artifact id: '036ccbf61177e0a628399de7c66341f9') in 0.025530 seconds
Number of updated asset objects reloaded before import = 0
Number of asset objects unloaded after import = 3
========================================================================
Received Import Request.
  Time since last request: 2.191808 seconds.
  path: Assets/karsiori/Sprites/GEM 8/RED/GEM 8 - RED - 0004.png
  artifactKey: Guid(b408d102124526b4c82bc40baeedcdd2) Importer(815301076,1909f56bfc062723c751e8b465ee728b)
Start importing Assets/karsiori/Sprites/GEM 8/RED/GEM 8 - RED - 0004.png using Guid(b408d102124526b4c82bc40baeedcdd2) Importer(815301076,1909f56bfc062723c751e8b465ee728b)  -> (artifact id: '394523661dc5e57a2643f065aa7e4b63') in 0.028117 seconds
Number of updated asset objects reloaded before import = 0
Number of asset objects unloaded after import = 3
========================================================================
Received Import Request.
  Time since last request: 0.000059 seconds.
  path: Assets/karsiori/Sprites/GEM 8/RED/GEM 8 - RED - 0009.png
  artifactKey: Guid(ee0d997f576d01d4493f8180283c3bd3) Importer(815301076,1909f56bfc062723c751e8b465ee728b)
Start importing Assets/karsiori/Sprites/GEM 8/RED/GEM 8 - RED - 0009.png using Guid(ee0d997f576d01d4493f8180283c3bd3) Importer(815301076,1909f56bfc062723c751e8b465ee728b)  -> (artifact id: '9afd4e1dcbbbbe11f8e0b1ea8adacfc3') in 0.024457 seconds
Number of updated asset objects reloaded before import = 0
Number of asset objects unloaded after import = 3
========================================================================
Received Import Request.
  Time since last request: 1.782575 seconds.
  path: Assets/karsiori/Sprites/GEM 8/TURQUOISE/GEM 8 - TURQUOISE - 0004.png
  artifactKey: Guid(2c1a4514229fa8a4d8acc37ec3f85894) Importer(815301076,1909f56bfc062723c751e8b465ee728b)
Start importing Assets/karsiori/Sprites/GEM 8/TURQUOISE/GEM 8 - TURQUOISE - 0004.png using Guid(2c1a4514229fa8a4d8acc37ec3f85894) Importer(815301076,1909f56bfc062723c751e8b465ee728b)  -> (artifact id: 'f51b3c8d049fa60cebb56f4f5c3fdd9b') in 0.023792 seconds
Number of updated asset objects reloaded before import = 0
Number of asset objects unloaded after import = 3
========================================================================
Received Import Request.
  Time since last request: 0.000022 seconds.
  path: Assets/karsiori/Sprites/GEM 8/TURQUOISE/GEM 8 - TURQUOISE - 0008.png
  artifactKey: Guid(ba1ec2bfdcdb9e3409b93c10c720f27b) Importer(815301076,1909f56bfc062723c751e8b465ee728b)
Start importing Assets/karsiori/Sprites/GEM 8/TURQUOISE/GEM 8 - TURQUOISE - 0008.png using Guid(ba1ec2bfdcdb9e3409b93c10c720f27b) Importer(815301076,1909f56bfc062723c751e8b465ee728b)  -> (artifact id: '8ce21e3ea0170629a4a3ba78b452c82e') in 0.017936 seconds
Number of updated asset objects reloaded before import = 0
Number of asset objects unloaded after import = 3
========================================================================
Received Import Request.
  Time since last request: 3.079415 seconds.
  path: Assets/karsiori/Sprites/GEM 9/GEM 9 - LILAC - Spritesheet.png
  artifactKey: Guid(3ea980440d940544dbf64968ef787c48) Importer(815301076,1909f56bfc062723c751e8b465ee728b)
Start importing Assets/karsiori/Sprites/GEM 9/GEM 9 - LILAC - Spritesheet.png using Guid(3ea980440d940544dbf64968ef787c48) Importer(815301076,1909f56bfc062723c751e8b465ee728b)  -> (artifact id: '5ea08ee0a11c60b6db92af7a6565da3c') in 0.028748 seconds
Number of updated asset objects reloaded before import = 0
Number of asset objects unloaded after import = 3
========================================================================
Received Import Request.
  Time since last request: 1.042374 seconds.
  path: Assets/karsiori/Sprites/GEM 9/LILAC/GEM 9 - LILAC - 0004.png
  artifactKey: Guid(754ede0b2d5d47b438862f51c525f1d5) Importer(815301076,1909f56bfc062723c751e8b465ee728b)
Start importing Assets/karsiori/Sprites/GEM 9/LILAC/GEM 9 - LILAC - 0004.png using Guid(754ede0b2d5d47b438862f51c525f1d5) Importer(815301076,1909f56bfc062723c751e8b465ee728b)  -> (artifact id: '852895c9ed53344c49ff75b278877356') in 0.035840 seconds
Number of updated asset objects reloaded before import = 0
Number of asset objects unloaded after import = 3
========================================================================
Received Import Request.
  Time since last request: 0.000028 seconds.
  path: Assets/karsiori/Sprites/GEM 9/LILAC/GEM 9 - LILAC - 0005.png
  artifactKey: Guid(8d357dc819b9155498f022af49c55fc9) Importer(815301076,1909f56bfc062723c751e8b465ee728b)
Start importing Assets/karsiori/Sprites/GEM 9/LILAC/GEM 9 - LILAC - 0005.png using Guid(8d357dc819b9155498f022af49c55fc9) Importer(815301076,1909f56bfc062723c751e8b465ee728b)  -> (artifact id: 'a09bbd5c5c1a19ab4c07285fd140568b') in 0.026462 seconds
Number of updated asset objects reloaded before import = 0
Number of asset objects unloaded after import = 3
========================================================================
Received Import Request.
  Time since last request: 7.410796 seconds.
  path: Assets/karsiori/Sprites/GEM 7/GOLD/GEM 7 - GOLD - 0004.png
  artifactKey: Guid(d21c190379e05744b86272472dddb4e7) Importer(815301076,1909f56bfc062723c751e8b465ee728b)
Start importing Assets/karsiori/Sprites/GEM 7/GOLD/GEM 7 - GOLD - 0004.png using Guid(d21c190379e05744b86272472dddb4e7) Importer(815301076,1909f56bfc062723c751e8b465ee728b)  -> (artifact id: '9684a9e2d1ccb14afc0a5d625c4897ff') in 0.026597 seconds
Number of updated asset objects reloaded before import = 0
Number of asset objects unloaded after import = 3
========================================================================
Received Import Request.
  Time since last request: 0.000030 seconds.
  path: Assets/karsiori/Sprites/GEM 7/GOLD/GEM 7 - GOLD - 0012.png
  artifactKey: Guid(354870f243d2cb748907d8a8051c6ebc) Importer(815301076,1909f56bfc062723c751e8b465ee728b)
Start importing Assets/karsiori/Sprites/GEM 7/GOLD/GEM 7 - GOLD - 0012.png using Guid(354870f243d2cb748907d8a8051c6ebc) Importer(815301076,1909f56bfc062723c751e8b465ee728b)  -> (artifact id: '05c99010981173ac2d5661fea19d2619') in 0.024875 seconds
Number of updated asset objects reloaded before import = 0
Number of asset objects unloaded after import = 3
========================================================================
Received Import Request.
  Time since last request: 0.000026 seconds.
  path: Assets/karsiori/Sprites/GEM 7/GOLD/GEM 7 - GOLD - 0013.png
  artifactKey: Guid(43b74e3bb2216ba499abcd877d11e8b1) Importer(815301076,1909f56bfc062723c751e8b465ee728b)
Start importing Assets/karsiori/Sprites/GEM 7/GOLD/GEM 7 - GOLD - 0013.png using Guid(43b74e3bb2216ba499abcd877d11e8b1) Importer(815301076,1909f56bfc062723c751e8b465ee728b)  -> (artifact id: '6bea2c35529405a99cfb04b292b19337') in 0.026268 seconds
Number of updated asset objects reloaded before import = 0
Number of asset objects unloaded after import = 3
========================================================================
Received Import Request.
  Time since last request: 0.000046 seconds.
  path: Assets/karsiori/Sprites/GEM 7/GOLD/GEM 7 - GOLD - 0007.png
  artifactKey: Guid(bed1981c36bbf724cb0afe7854e2ee8d) Importer(815301076,1909f56bfc062723c751e8b465ee728b)
Start importing Assets/karsiori/Sprites/GEM 7/GOLD/GEM 7 - GOLD - 0007.png using Guid(bed1981c36bbf724cb0afe7854e2ee8d) Importer(815301076,1909f56bfc062723c751e8b465ee728b)  -> (artifact id: 'f609f0ce75441a12ec6ce4548996673a') in 0.025530 seconds
Number of updated asset objects reloaded before import = 0
Number of asset objects unloaded after import = 3
========================================================================
Received Import Request.
  Time since last request: 15.467371 seconds.
  path: Assets/karsiori/Sprites/GEM 8/GOLD/GEM 8 - GOLD - 0004.png
  artifactKey: Guid(6f240f5fc1475934799491152ba2ed32) Importer(815301076,1909f56bfc062723c751e8b465ee728b)
Start importing Assets/karsiori/Sprites/GEM 8/GOLD/GEM 8 - GOLD - 0004.png using Guid(6f240f5fc1475934799491152ba2ed32) Importer(815301076,1909f56bfc062723c751e8b465ee728b)  -> (artifact id: '7579b6c84741bf1e40627377a682d08c') in 0.026280 seconds
Number of updated asset objects reloaded before import = 0
Number of asset objects unloaded after import = 3
========================================================================
Received Import Request.
  Time since last request: 0.000035 seconds.
  path: Assets/karsiori/Sprites/GEM 8/GOLD/GEM 8 - GOLD - 0005.png
  artifactKey: Guid(f87d7e44969e6e148be87626cfca4aea) Importer(815301076,1909f56bfc062723c751e8b465ee728b)
Start importing Assets/karsiori/Sprites/GEM 8/GOLD/GEM 8 - GOLD - 0005.png using Guid(f87d7e44969e6e148be87626cfca4aea) Importer(815301076,1909f56bfc062723c751e8b465ee728b)  -> (artifact id: 'deadc6fee68b4aa94b783adc0108e10d') in 0.026429 seconds
Number of updated asset objects reloaded before import = 0
Number of asset objects unloaded after import = 3
========================================================================
Received Import Request.
  Time since last request: 14.902642 seconds.
  path: Assets/karsiori/Sprites/GEM 9/GOLD/GEM 9 - GOLD - 0004.png
  artifactKey: Guid(613668b3de9cbe940bcb7b9aa6a955ee) Importer(815301076,1909f56bfc062723c751e8b465ee728b)
Start importing Assets/karsiori/Sprites/GEM 9/GOLD/GEM 9 - GOLD - 0004.png using Guid(613668b3de9cbe940bcb7b9aa6a955ee) Importer(815301076,1909f56bfc062723c751e8b465ee728b)  -> (artifact id: 'e7be76192bfe1b603c371f8ea946b7a6') in 0.051234 seconds
Number of updated asset objects reloaded before import = 0
Number of asset objects unloaded after import = 3
========================================================================
Received Import Request.
  Time since last request: 0.000680 seconds.
  path: Assets/karsiori/Sprites/GEM 9/GOLD/GEM 9 - GOLD - 0007.png
  artifactKey: Guid(fd47fd6314a8fca4699462e9f086b935) Importer(815301076,1909f56bfc062723c751e8b465ee728b)
Start importing Assets/karsiori/Sprites/GEM 9/GOLD/GEM 9 - GOLD - 0007.png using Guid(fd47fd6314a8fca4699462e9f086b935) Importer(815301076,1909f56bfc062723c751e8b465ee728b)  -> (artifact id: 'b8d7089838e081c7828ed6fcd9f23e3a') in 0.034786 seconds
Number of updated asset objects reloaded before import = 0
Number of asset objects unloaded after import = 3
========================================================================
Received Prepare
Begin MonoManager ReloadAssembly
Symbol file LoadedFromMemory is not a mono symbol file
- Loaded All Assemblies, in  0.735 seconds
Refreshing native plugins compatible for Editor in 15.06 ms, found 2 plugins.
Native extension for WindowsStandalone target not found
[Package Manager] Server::EnsureServerProcessIsRunning -- launch failed, reason: Unity was launched with the -noUpm command-line argument
[Package Manager] UpmClient::Send -- Unable to send message (not connected to UPM process).
[Package Manager] Cannot connect to Unity Package Manager local server
Mono: successfully reloaded assembly
- Finished resetting the current domain, in  1.649 seconds
Domain Reload Profiling: 2377ms
	BeginReloadAssembly (237ms)
		ExecutionOrderSort (0ms)
		DisableScriptedObjects (8ms)
		BackupInstance (0ms)
		ReleaseScriptingObjects (0ms)
		CreateAndSetChildDomain (57ms)
	RebuildCommonClasses (47ms)
	RebuildNativeTypeToScriptingClass (24ms)
	initialDomainReloadingComplete (52ms)
	LoadAllAssembliesAndSetupDomain (369ms)
		LoadAssemblies (487ms)
		RebuildTransferFunctionScriptingTraits (0ms)
		AnalyzeDomain (12ms)
			TypeCache.Refresh (6ms)
				TypeCache.ScanAssembly (0ms)
			ScanForSourceGeneratedMonoScriptInfo (0ms)
			ResolveRequiredComponents (4ms)
	FinalizeReload (1649ms)
		ReleaseScriptCaches (0ms)
		RebuildScriptCaches (0ms)
		SetupLoadedEditorAssemblies (1001ms)
			LogAssemblyErrors (0ms)
			InitializePlatformSupportModulesInManaged (10ms)
			SetLoadedEditorAssemblies (10ms)
			RefreshPlugins (0ms)
			BeforeProcessingInitializeOnLoad (119ms)
			ProcessInitializeOnLoadAttributes (549ms)
			ProcessInitializeOnLoadMethodAttributes (304ms)
			AfterProcessingInitializeOnLoad (8ms)
			EditorAssembliesLoaded (1ms)
		ExecutionOrderSort2 (0ms)
		AwakeInstancesAfterBackupRestoration (14ms)
Refreshing native plugins compatible for Editor in 15.43 ms, found 2 plugins.
Preloading 0 native plugins for Editor in 0.00 ms.
Unloading 2543 Unused Serialized files (Serialized files now loaded: 0)
Unloading 56 unused Assets / (47.1 KB). Loaded Objects now: 3018.
Memory consumption went from 116.9 MB to 116.9 MB.
Total: 14.006500 ms (FindLiveObjects: 0.414100 ms CreateObjectMapping: 0.177900 ms MarkObjects: 13.234200 ms  DeleteObjects: 0.178500 ms)

Prepare: number of updated asset objects reloaded= 0
AssetImportParameters requested are different than current active one (requested -> active):
  custom:video-decoder-webm-vp8: 9c59270c3fd7afecdb556c50c9e8de78 -> 
  custom:SearchIndexIgnoredProperties: e643bd26f0fe6173181afceb89e7c659 -> 
  custom:container-demuxer-ogg: 62fdf1f143b41e24485cea50d1cbac27 -> 
  custom:AudioImporter_EditorPlatform: d09bf68614088b80899f8185d706f6e7 -> 
  custom:video-codec-MediaFoundation-h265: 746d11721c4dcdbdad8f713fa42b33f4 -> 
  custom:video-decoder-ogg-theora: a1e56fd34408186e4bbccfd4996cb3dc -> 
  custom:framework-win-MediaFoundation: 216162199b28c13a410421893ffa2e32 -> 
  custom:video-encoder-webm-vp8: eb34c28f22e8b96e1ab97ce403110664 -> 
  custom:audio-decoder-ogg-vorbis: bf7c407c2cedff20999df2af8eb42d56 -> 
  custom:CustomObjectIndexerAttribute: 9a22284fe3817be447336de3de66b15e -> 
  custom:container-demuxer-webm: 4f35f7cbe854078d1ac9338744f61a02 -> 
  custom:audio-encoder-webm-vorbis: bf7c407c2cedff20999df2af8eb42d56 -> 
  custom:container-muxer-webm: aa71ff27fc2769a1b78a27578f13a17b -> 
========================================================================
Received Import Request.
  Time since last request: 21.718033 seconds.
  path: Assets/karsiori/Sprites/GEM 7/LIGHT GREEN/GEM 7 - LIGHT GREEN - 0004.png
  artifactKey: Guid(c793a9587dd717245882ea66ea202544) Importer(815301076,1909f56bfc062723c751e8b465ee728b)
Start importing Assets/karsiori/Sprites/GEM 7/LIGHT GREEN/GEM 7 - LIGHT GREEN - 0004.png using Guid(c793a9587dd717245882ea66ea202544) Importer(815301076,1909f56bfc062723c751e8b465ee728b)  -> (artifact id: '099e828e94dc42879eb8a968344c1230') in 0.095640 seconds
Number of updated asset objects reloaded before import = 0
Number of asset objects unloaded after import = 3
========================================================================
Received Import Request.
  Time since last request: 0.000035 seconds.
  path: Assets/karsiori/Sprites/GEM 7/LIGHT GREEN/GEM 7 - LIGHT GREEN - 0013.png
  artifactKey: Guid(703bd3c972e0f19429bbac2c128018ed) Importer(815301076,1909f56bfc062723c751e8b465ee728b)
Start importing Assets/karsiori/Sprites/GEM 7/LIGHT GREEN/GEM 7 - LIGHT GREEN - 0013.png using Guid(703bd3c972e0f19429bbac2c128018ed) Importer(815301076,1909f56bfc062723c751e8b465ee728b)  -> (artifact id: 'bd905f429f55d770f2b401674d90127e') in 0.033289 seconds
Number of updated asset objects reloaded before import = 0
Number of asset objects unloaded after import = 3
========================================================================
Received Import Request.
  Time since last request: 0.000023 seconds.
  path: Assets/karsiori/Sprites/GEM 7/LIGHT GREEN/GEM 7 - LIGHT GREEN - 0015.png
  artifactKey: Guid(ea516842131e1eb4f8f33654b1527459) Importer(815301076,1909f56bfc062723c751e8b465ee728b)
Start importing Assets/karsiori/Sprites/GEM 7/LIGHT GREEN/GEM 7 - LIGHT GREEN - 0015.png using Guid(ea516842131e1eb4f8f33654b1527459) Importer(815301076,1909f56bfc062723c751e8b465ee728b)  -> (artifact id: 'c25adbcebb6e52fb2c4b6be0540f3db8') in 0.024883 seconds
Number of updated asset objects reloaded before import = 0
Number of asset objects unloaded after import = 3
========================================================================
Received Import Request.
  Time since last request: 2.898826 seconds.
  path: Assets/karsiori/Sprites/GEM 7/DARK BLUE/GEM 7 - DARK BLUE - 0004.png
  artifactKey: Guid(61c1bc8304c81f04294dd722e9692627) Importer(815301076,1909f56bfc062723c751e8b465ee728b)
Start importing Assets/karsiori/Sprites/GEM 7/DARK BLUE/GEM 7 - DARK BLUE - 0004.png using Guid(61c1bc8304c81f04294dd722e9692627) Importer(815301076,1909f56bfc062723c751e8b465ee728b)  -> (artifact id: 'c391cea5d7c0a540c987582ac90e3b4e') in 0.036439 seconds
Number of updated asset objects reloaded before import = 0
Number of asset objects unloaded after import = 3
========================================================================
Received Import Request.
  Time since last request: 0.000025 seconds.
  path: Assets/karsiori/Sprites/GEM 7/DARK BLUE/GEM 7 - DARK BLUE - 0009.png
  artifactKey: Guid(e693831899412824aac9a15c920419a6) Importer(815301076,1909f56bfc062723c751e8b465ee728b)
Start importing Assets/karsiori/Sprites/GEM 7/DARK BLUE/GEM 7 - DARK BLUE - 0009.png using Guid(e693831899412824aac9a15c920419a6) Importer(815301076,1909f56bfc062723c751e8b465ee728b)  -> (artifact id: 'f19b8ee9f5129af62cf194d4d3b50eeb') in 0.034115 seconds
Number of updated asset objects reloaded before import = 0
Number of asset objects unloaded after import = 3
========================================================================
Received Import Request.
  Time since last request: 0.000030 seconds.
  path: Assets/karsiori/Sprites/GEM 7/DARK BLUE/GEM 7 - DARK BLUE - 0015.png
  artifactKey: Guid(6aeed528cebbc9f40afedbeb31b95ae3) Importer(815301076,1909f56bfc062723c751e8b465ee728b)
Start importing Assets/karsiori/Sprites/GEM 7/DARK BLUE/GEM 7 - DARK BLUE - 0015.png using Guid(6aeed528cebbc9f40afedbeb31b95ae3) Importer(815301076,1909f56bfc062723c751e8b465ee728b)  -> (artifact id: '822e2112011c6ac9bc2efdc2658843c8') in 0.022460 seconds
Number of updated asset objects reloaded before import = 0
Number of asset objects unloaded after import = 3
========================================================================
Received Import Request.
  Time since last request: 2.009532 seconds.
  path: Assets/karsiori/Sprites/GEM 10/GEM CLUSTER 10 - LILAC - Spritesheet.png
  artifactKey: Guid(8b5ec59fb54049f4d9acf60075f554ad) Importer(815301076,1909f56bfc062723c751e8b465ee728b)
Start importing Assets/karsiori/Sprites/GEM 10/GEM CLUSTER 10 - LILAC - Spritesheet.png using Guid(8b5ec59fb54049f4d9acf60075f554ad) Importer(815301076,1909f56bfc062723c751e8b465ee728b)  -> (artifact id: '0da9a432ad234cee8a3f2d1d850ce9b2') in 0.023808 seconds
Number of updated asset objects reloaded before import = 0
Number of asset objects unloaded after import = 3
========================================================================
Received Import Request.
  Time since last request: 0.000022 seconds.
  path: Assets/karsiori/Sprites/GEM 10/GEM CLUSTER 10 - RED - Spritesheet.png
  artifactKey: Guid(39a03b5949980ac4e81802e5f6d6c94b) Importer(815301076,1909f56bfc062723c751e8b465ee728b)
Start importing Assets/karsiori/Sprites/GEM 10/GEM CLUSTER 10 - RED - Spritesheet.png using Guid(39a03b5949980ac4e81802e5f6d6c94b) Importer(815301076,1909f56bfc062723c751e8b465ee728b)  -> (artifact id: '3624f3c34c682e247911d6f1c522fd73') in 0.032107 seconds
Number of updated asset objects reloaded before import = 0
Number of asset objects unloaded after import = 3
========================================================================
Received Import Request.
  Time since last request: 0.961436 seconds.
  path: Assets/karsiori/Sprites/GEM 10/GOLD/GEM CLUSTER 10 - GOLD - 0004.png
  artifactKey: Guid(efc9408003ee2cc4982eb489c5f216d1) Importer(815301076,1909f56bfc062723c751e8b465ee728b)
Start importing Assets/karsiori/Sprites/GEM 10/GOLD/GEM CLUSTER 10 - GOLD - 0004.png using Guid(efc9408003ee2cc4982eb489c5f216d1) Importer(815301076,1909f56bfc062723c751e8b465ee728b)  -> (artifact id: '7a068d687e3b38620b97279eebcc10a2') in 0.024083 seconds
Number of updated asset objects reloaded before import = 0
Number of asset objects unloaded after import = 3
========================================================================
Received Import Request.
  Time since last request: 0.000022 seconds.
  path: Assets/karsiori/Sprites/GEM 10/GOLD/GEM CLUSTER 10 - GOLD - 0020.png
  artifactKey: Guid(db952e0743eb135439241400f432486f) Importer(815301076,1909f56bfc062723c751e8b465ee728b)
Start importing Assets/karsiori/Sprites/GEM 10/GOLD/GEM CLUSTER 10 - GOLD - 0020.png using Guid(db952e0743eb135439241400f432486f) Importer(815301076,1909f56bfc062723c751e8b465ee728b)  -> (artifact id: 'c510b784a26bdfea351b8619469b59e2') in 0.022116 seconds
Number of updated asset objects reloaded before import = 0
Number of asset objects unloaded after import = 3
========================================================================
Received Import Request.
  Time since last request: 0.000022 seconds.
  path: Assets/karsiori/Sprites/GEM 10/GOLD/GEM CLUSTER 10 - GOLD - 0052.png
  artifactKey: Guid(4a035961ea99c964c99f971adeb25641) Importer(815301076,1909f56bfc062723c751e8b465ee728b)
Start importing Assets/karsiori/Sprites/GEM 10/GOLD/GEM CLUSTER 10 - GOLD - 0052.png using Guid(4a035961ea99c964c99f971adeb25641) Importer(815301076,1909f56bfc062723c751e8b465ee728b)  -> (artifact id: 'a5f9439e3976772b4519598d80470d2f') in 0.019195 seconds
Number of updated asset objects reloaded before import = 0
Number of asset objects unloaded after import = 3
========================================================================
Received Import Request.
  Time since last request: 0.000023 seconds.
  path: Assets/karsiori/Sprites/GEM 10/GOLD/GEM CLUSTER 10 - GOLD - 0024.png
  artifactKey: Guid(3c7f958d1ff1e2b4fadbce94000cc014) Importer(815301076,1909f56bfc062723c751e8b465ee728b)
Start importing Assets/karsiori/Sprites/GEM 10/GOLD/GEM CLUSTER 10 - GOLD - 0024.png using Guid(3c7f958d1ff1e2b4fadbce94000cc014) Importer(815301076,1909f56bfc062723c751e8b465ee728b)  -> (artifact id: '40a45a292e621d361186df1b93b75d59') in 0.019621 seconds
Number of updated asset objects reloaded before import = 0
Number of asset objects unloaded after import = 3
========================================================================
Received Import Request.
  Time since last request: 0.000026 seconds.
  path: Assets/karsiori/Sprites/GEM 10/GOLD/GEM CLUSTER 10 - GOLD - 0076.png
  artifactKey: Guid(9e91cb315c210ff47847157dff0c7b7a) Importer(815301076,1909f56bfc062723c751e8b465ee728b)
Start importing Assets/karsiori/Sprites/GEM 10/GOLD/GEM CLUSTER 10 - GOLD - 0076.png using Guid(9e91cb315c210ff47847157dff0c7b7a) Importer(815301076,1909f56bfc062723c751e8b465ee728b)  -> (artifact id: '9aa39cab6fc7691825f409ebae81d6f5') in 0.019548 seconds
Number of updated asset objects reloaded before import = 0
Number of asset objects unloaded after import = 3
========================================================================
Received Import Request.
  Time since last request: 0.000193 seconds.
  path: Assets/karsiori/Sprites/GEM 10/GOLD/GEM CLUSTER 10 - GOLD - 0012.png
  artifactKey: Guid(ac2d85c8b63030e4d9cbde35e4a7a0e4) Importer(815301076,1909f56bfc062723c751e8b465ee728b)
Start importing Assets/karsiori/Sprites/GEM 10/GOLD/GEM CLUSTER 10 - GOLD - 0012.png using Guid(ac2d85c8b63030e4d9cbde35e4a7a0e4) Importer(815301076,1909f56bfc062723c751e8b465ee728b)  -> (artifact id: '03bdd15639ef3f4cb5cd494e7dbaefa2') in 0.023225 seconds
Number of updated asset objects reloaded before import = 0
Number of asset objects unloaded after import = 3
========================================================================
Received Import Request.
  Time since last request: 0.000020 seconds.
  path: Assets/karsiori/Sprites/GEM 10/GOLD/GEM CLUSTER 10 - GOLD - 0028.png
  artifactKey: Guid(505d271b3a705274cb9f95fb23477159) Importer(815301076,1909f56bfc062723c751e8b465ee728b)
Start importing Assets/karsiori/Sprites/GEM 10/GOLD/GEM CLUSTER 10 - GOLD - 0028.png using Guid(505d271b3a705274cb9f95fb23477159) Importer(815301076,1909f56bfc062723c751e8b465ee728b)  -> (artifact id: '577c76c3c572070b8f47f71b222ce80c') in 0.018310 seconds
Number of updated asset objects reloaded before import = 0
Number of asset objects unloaded after import = 3
========================================================================
Received Import Request.
  Time since last request: 0.000023 seconds.
  path: Assets/karsiori/Sprites/GEM 10/GOLD/GEM CLUSTER 10 - GOLD - 0031.png
  artifactKey: Guid(655bd29688fb2c443a0ae712927b7986) Importer(815301076,1909f56bfc062723c751e8b465ee728b)
Start importing Assets/karsiori/Sprites/GEM 10/GOLD/GEM CLUSTER 10 - GOLD - 0031.png using Guid(655bd29688fb2c443a0ae712927b7986) Importer(815301076,1909f56bfc062723c751e8b465ee728b)  -> (artifact id: 'eaa8abe05380d376cc9425aec6aedac2') in 0.018764 seconds
Number of updated asset objects reloaded before import = 0
Number of asset objects unloaded after import = 3
========================================================================
Received Import Request.
  Time since last request: 0.000021 seconds.
  path: Assets/karsiori/Sprites/GEM 10/GOLD/GEM CLUSTER 10 - GOLD - 0070.png
  artifactKey: Guid(d418dce222e482f4989394ca7d4dbe5b) Importer(815301076,1909f56bfc062723c751e8b465ee728b)
Start importing Assets/karsiori/Sprites/GEM 10/GOLD/GEM CLUSTER 10 - GOLD - 0070.png using Guid(d418dce222e482f4989394ca7d4dbe5b) Importer(815301076,1909f56bfc062723c751e8b465ee728b)  -> (artifact id: '27964c26562b950248e2a05d5c88c3ba') in 0.019773 seconds
Number of updated asset objects reloaded before import = 0
Number of asset objects unloaded after import = 3
========================================================================
Received Import Request.
  Time since last request: 0.000026 seconds.
  path: Assets/karsiori/Sprites/GEM 10/GOLD/GEM CLUSTER 10 - GOLD - 0043.png
  artifactKey: Guid(03ff055a2bbd5554eaf30830b13cd0b4) Importer(815301076,1909f56bfc062723c751e8b465ee728b)
Start importing Assets/karsiori/Sprites/GEM 10/GOLD/GEM CLUSTER 10 - GOLD - 0043.png using Guid(03ff055a2bbd5554eaf30830b13cd0b4) Importer(815301076,1909f56bfc062723c751e8b465ee728b)  -> (artifact id: 'c9f84613b3b7eed803a35e816d54b4ad') in 0.018860 seconds
Number of updated asset objects reloaded before import = 0
Number of asset objects unloaded after import = 3
========================================================================
Received Import Request.
  Time since last request: 0.000028 seconds.
  path: Assets/karsiori/Sprites/GEM 10/GOLD/GEM CLUSTER 10 - GOLD - 0067.png
  artifactKey: Guid(abfb11803537def44a9b7b74f2b1afce) Importer(815301076,1909f56bfc062723c751e8b465ee728b)
Start importing Assets/karsiori/Sprites/GEM 10/GOLD/GEM CLUSTER 10 - GOLD - 0067.png using Guid(abfb11803537def44a9b7b74f2b1afce) Importer(815301076,1909f56bfc062723c751e8b465ee728b)  -> (artifact id: '4770b4f9230b9947bcbfa6f8a62ce642') in 0.020196 seconds
Number of updated asset objects reloaded before import = 0
Number of asset objects unloaded after import = 3
========================================================================
Received Import Request.
  Time since last request: 0.000028 seconds.
  path: Assets/karsiori/Sprites/GEM 10/GOLD/GEM CLUSTER 10 - GOLD - 0060.png
  artifactKey: Guid(6fdd1505fdb33e84fad214c3ec6ad797) Importer(815301076,1909f56bfc062723c751e8b465ee728b)
Start importing Assets/karsiori/Sprites/GEM 10/GOLD/GEM CLUSTER 10 - GOLD - 0060.png using Guid(6fdd1505fdb33e84fad214c3ec6ad797) Importer(815301076,1909f56bfc062723c751e8b465ee728b)  -> (artifact id: '616b51c4b758ba99ea628c96c794e96b') in 0.017775 seconds
Number of updated asset objects reloaded before import = 0
Number of asset objects unloaded after import = 3
========================================================================
Received Import Request.
  Time since last request: 0.000025 seconds.
  path: Assets/karsiori/Sprites/GEM 10/GOLD/GEM CLUSTER 10 - GOLD - 0044.png
  artifactKey: Guid(06fb21540ce412442ad265941329235d) Importer(815301076,1909f56bfc062723c751e8b465ee728b)
Start importing Assets/karsiori/Sprites/GEM 10/GOLD/GEM CLUSTER 10 - GOLD - 0044.png using Guid(06fb21540ce412442ad265941329235d) Importer(815301076,1909f56bfc062723c751e8b465ee728b)  -> (artifact id: '46e494dde98c2f45c28ed203b0f326e1') in 0.017369 seconds
Number of updated asset objects reloaded before import = 0
Number of asset objects unloaded after import = 3
========================================================================
Received Import Request.
  Time since last request: 0.000042 seconds.
  path: Assets/karsiori/Sprites/GEM 10/GOLD/GEM CLUSTER 10 - GOLD - 0069.png
  artifactKey: Guid(e488cd7ee443be3408ec2cde5ecb9d48) Importer(815301076,1909f56bfc062723c751e8b465ee728b)
Start importing Assets/karsiori/Sprites/GEM 10/GOLD/GEM CLUSTER 10 - GOLD - 0069.png using Guid(e488cd7ee443be3408ec2cde5ecb9d48) Importer(815301076,1909f56bfc062723c751e8b465ee728b)  -> (artifact id: 'dfc61fd731b69751f3dfad99f3443389') in 0.018243 seconds
Number of updated asset objects reloaded before import = 0
Number of asset objects unloaded after import = 3
========================================================================
Received Import Request.
  Time since last request: 0.000022 seconds.
  path: Assets/karsiori/Sprites/GEM 10/GOLD/GEM CLUSTER 10 - GOLD - 0030.png
  artifactKey: Guid(639edb32f7ce5ae4dbbb173f551c603f) Importer(815301076,1909f56bfc062723c751e8b465ee728b)
Start importing Assets/karsiori/Sprites/GEM 10/GOLD/GEM CLUSTER 10 - GOLD - 0030.png using Guid(639edb32f7ce5ae4dbbb173f551c603f) Importer(815301076,1909f56bfc062723c751e8b465ee728b)  -> (artifact id: '78ac05c68292dd37d82efbded33cd328') in 0.017271 seconds
Number of updated asset objects reloaded before import = 0
Number of asset objects unloaded after import = 3
========================================================================
Received Import Request.
  Time since last request: 0.000050 seconds.
  path: Assets/karsiori/Sprites/GEM 10/GOLD/GEM CLUSTER 10 - GOLD - 0075.png
  artifactKey: Guid(ddffdba5251530a4c8511a28b46c8a8f) Importer(815301076,1909f56bfc062723c751e8b465ee728b)
Start importing Assets/karsiori/Sprites/GEM 10/GOLD/GEM CLUSTER 10 - GOLD - 0075.png using Guid(ddffdba5251530a4c8511a28b46c8a8f) Importer(815301076,1909f56bfc062723c751e8b465ee728b)  -> (artifact id: 'bde879b2bc13efb69e8bcb8cb22ee5fb') in 0.020158 seconds
Number of updated asset objects reloaded before import = 0
Number of asset objects unloaded after import = 3
========================================================================
Received Prepare
Begin MonoManager ReloadAssembly
Symbol file LoadedFromMemory is not a mono symbol file
- Loaded All Assemblies, in  0.734 seconds
Refreshing native plugins compatible for Editor in 18.11 ms, found 2 plugins.
Native extension for WindowsStandalone target not found
[Package Manager] Server::EnsureServerProcessIsRunning -- launch failed, reason: Unity was launched with the -noUpm command-line argument
[Package Manager] UpmClient::Send -- Unable to send message (not connected to UPM process).
[Package Manager] Cannot connect to Unity Package Manager local server
Mono: successfully reloaded assembly
- Finished resetting the current domain, in  1.671 seconds
Domain Reload Profiling: 2402ms
	BeginReloadAssembly (229ms)
		ExecutionOrderSort (0ms)
		DisableScriptedObjects (8ms)
		BackupInstance (0ms)
		ReleaseScriptingObjects (0ms)
		CreateAndSetChildDomain (60ms)
	RebuildCommonClasses (59ms)
	RebuildNativeTypeToScriptingClass (20ms)
	initialDomainReloadingComplete (42ms)
	LoadAllAssembliesAndSetupDomain (379ms)
		LoadAssemblies (480ms)
		RebuildTransferFunctionScriptingTraits (0ms)
		AnalyzeDomain (17ms)
			TypeCache.Refresh (7ms)
				TypeCache.ScanAssembly (0ms)
			ScanForSourceGeneratedMonoScriptInfo (0ms)
			ResolveRequiredComponents (8ms)
	FinalizeReload (1672ms)
		ReleaseScriptCaches (0ms)
		RebuildScriptCaches (0ms)
		SetupLoadedEditorAssemblies (977ms)
			LogAssemblyErrors (0ms)
			InitializePlatformSupportModulesInManaged (9ms)
			SetLoadedEditorAssemblies (8ms)
			RefreshPlugins (0ms)
			BeforeProcessingInitializeOnLoad (118ms)
			ProcessInitializeOnLoadAttributes (522ms)
			ProcessInitializeOnLoadMethodAttributes (306ms)
			AfterProcessingInitializeOnLoad (11ms)
			EditorAssembliesLoaded (1ms)
		ExecutionOrderSort2 (0ms)
		AwakeInstancesAfterBackupRestoration (15ms)
Refreshing native plugins compatible for Editor in 15.37 ms, found 2 plugins.
Preloading 0 native plugins for Editor in 0.00 ms.
Unloading 2543 Unused Serialized files (Serialized files now loaded: 0)
Unloading 56 unused Assets / (47.1 KB). Loaded Objects now: 3024.
Memory consumption went from 118.9 MB to 118.8 MB.
Total: 13.700100 ms (FindLiveObjects: 0.540700 ms CreateObjectMapping: 0.231500 ms MarkObjects: 12.737000 ms  DeleteObjects: 0.188600 ms)

Prepare: number of updated asset objects reloaded= 0
AssetImportParameters requested are different than current active one (requested -> active):
  custom:video-decoder-webm-vp8: 9c59270c3fd7afecdb556c50c9e8de78 -> 
  custom:SearchIndexIgnoredProperties: e643bd26f0fe6173181afceb89e7c659 -> 
  custom:container-demuxer-ogg: 62fdf1f143b41e24485cea50d1cbac27 -> 
  custom:AudioImporter_EditorPlatform: d09bf68614088b80899f8185d706f6e7 -> 
  custom:video-codec-MediaFoundation-h265: 746d11721c4dcdbdad8f713fa42b33f4 -> 
  custom:video-decoder-ogg-theora: a1e56fd34408186e4bbccfd4996cb3dc -> 
  custom:framework-win-MediaFoundation: 216162199b28c13a410421893ffa2e32 -> 
  custom:video-encoder-webm-vp8: eb34c28f22e8b96e1ab97ce403110664 -> 
  custom:audio-decoder-ogg-vorbis: bf7c407c2cedff20999df2af8eb42d56 -> 
  custom:CustomObjectIndexerAttribute: 9a22284fe3817be447336de3de66b15e -> 
  custom:container-demuxer-webm: 4f35f7cbe854078d1ac9338744f61a02 -> 
  custom:audio-encoder-webm-vorbis: bf7c407c2cedff20999df2af8eb42d56 -> 
  custom:container-muxer-webm: aa71ff27fc2769a1b78a27578f13a17b -> 
Editor requested this worker to shutdown with reason: Scaling down because of idle timeout
TcpMessagingSession - receive error: operation aborted. errorcode: 995, details:  /   -       .
AssetImportWorker is now disconnected from the server
Process exiting
Exiting without the bug reporter. Application will terminate with return code 0