Using pre-set license
Built from '2022.3/staging' branch; Version is '2022.3.21f1 (bf09ca542b87) revision 12519882'; Using compiler version '192829333'; Build Type 'Release'
OS: 'Windows 11  (10.0.22631) 64bit Professional' Language: 'ru' Physical Memory: 15773 MB
BatchMode: 1, IsHumanControllingUs: 0, StartBugReporterOnCrash: 0, Is64bit: 1, IsPro: 1

COMMAND LINE ARGUMENTS:
C:\Unity\Editor\2022.3.21f1\Editor\Unity.exe
-adb2
-batchMode
-noUpm
-name
AssetImportWorker4
-projectPath
C:/Users/Andrei/Desktop/Unity_Projects/Ludum56/SlimeAdventure
-logFile
Logs/AssetImportWorker4.log
-srvPort
49226
Successfully changed project path to: C:/Users/Andrei/Desktop/Unity_Projects/Ludum56/SlimeAdventure
C:/Users/Andrei/Desktop/Unity_Projects/Ludum56/SlimeAdventure
[UnityMemory] Configuration Parameters - Can be set up in boot.config
    "memorysetup-bucket-allocator-granularity=16"
    "memorysetup-bucket-allocator-bucket-count=8"
    "memorysetup-bucket-allocator-block-size=33554432"
    "memorysetup-bucket-allocator-block-count=8"
    "memorysetup-main-allocator-block-size=16777216"
    "memorysetup-thread-allocator-block-size=16777216"
    "memorysetup-gfx-main-allocator-block-size=16777216"
    "memorysetup-gfx-thread-allocator-block-size=16777216"
    "memorysetup-cache-allocator-block-size=4194304"
    "memorysetup-typetree-allocator-block-size=2097152"
    "memorysetup-profiler-bucket-allocator-granularity=16"
    "memorysetup-profiler-bucket-allocator-bucket-count=8"
    "memorysetup-profiler-bucket-allocator-block-size=33554432"
    "memorysetup-profiler-bucket-allocator-block-count=8"
    "memorysetup-profiler-allocator-block-size=16777216"
    "memorysetup-profiler-editor-allocator-block-size=1048576"
    "memorysetup-temp-allocator-size-main=16777216"
    "memorysetup-job-temp-allocator-block-size=2097152"
    "memorysetup-job-temp-allocator-block-size-background=1048576"
    "memorysetup-job-temp-allocator-reduction-small-platforms=262144"
    "memorysetup-allocator-temp-initial-block-size-main=262144"
    "memorysetup-allocator-temp-initial-block-size-worker=262144"
    "memorysetup-temp-allocator-size-background-worker=32768"
    "memorysetup-temp-allocator-size-job-worker=262144"
    "memorysetup-temp-allocator-size-preload-manager=33554432"
    "memorysetup-temp-allocator-size-nav-mesh-worker=65536"
    "memorysetup-temp-allocator-size-audio-worker=65536"
    "memorysetup-temp-allocator-size-cloud-worker=32768"
    "memorysetup-temp-allocator-size-gi-baking-worker=262144"
    "memorysetup-temp-allocator-size-gfx=262144"
Player connection [27780] Host "[IP] 192.168.0.252 [Port] 0 [Flags] 2 [Guid] 496725123 [EditorId] 496725123 [Version] 1048832 [Id] WindowsEditor(7,DESKTOP-EQJJ33K) [Debug] 1 [PackageName] WindowsEditor [ProjectName] Editor" joined multi-casting on [225.0.0.222:54997]...

Player connection [27780] Host "[IP] 192.168.0.252 [Port] 0 [Flags] 2 [Guid] 496725123 [EditorId] 496725123 [Version] 1048832 [Id] WindowsEditor(7,DESKTOP-EQJJ33K) [Debug] 1 [PackageName] WindowsEditor [ProjectName] Editor" joined alternative multi-casting on [225.0.0.222:34997]...

[Physics::Module] Initialized MultithreadedJobDispatcher with 15 workers.
Refreshing native plugins compatible for Editor in 22.24 ms, found 2 plugins.
Preloading 0 native plugins for Editor in 0.00 ms.
Initialize engine version: 2022.3.21f1 (bf09ca542b87)
[Subsystems] Discovering subsystems at path C:/Unity/Editor/2022.3.21f1/Editor/Data/Resources/UnitySubsystems
[Subsystems] Discovering subsystems at path C:/Users/Andrei/Desktop/Unity_Projects/Ludum56/SlimeAdventure/Assets
GfxDevice: creating device client; threaded=0; jobified=0
Direct3D:
    Version:  Direct3D 11.0 [level 11.1]
    Renderer: AMD Radeon (TM) Graphics (ID=0x15e7)
    Vendor:   ATI
    VRAM:     7886 MB
    Driver:   31.0.12046.24001
Initialize mono
Mono path[0] = 'C:/Unity/Editor/2022.3.21f1/Editor/Data/Managed'
Mono path[1] = 'C:/Unity/Editor/2022.3.21f1/Editor/Data/MonoBleedingEdge/lib/mono/unityjit-win32'
Mono config path = 'C:/Unity/Editor/2022.3.21f1/Editor/Data/MonoBleedingEdge/etc'
Using monoOptions --debugger-agent=transport=dt_socket,embedding=1,server=y,suspend=n,address=127.0.0.1:56376
Begin MonoManager ReloadAssembly
Registering precompiled unity dll's ...
Register platform support module: C:/Unity/Editor/2022.3.21f1/Editor/Data/PlaybackEngines/WindowsStandaloneSupport/UnityEditor.WindowsStandalone.Extensions.dll
Registered in 0.006233 seconds.
- Loaded All Assemblies, in  0.483 seconds
Native extension for WindowsStandalone target not found
Mono: successfully reloaded assembly
- Finished resetting the current domain, in  0.374 seconds
Domain Reload Profiling: 855ms
	BeginReloadAssembly (166ms)
		ExecutionOrderSort (0ms)
		DisableScriptedObjects (0ms)
		BackupInstance (0ms)
		ReleaseScriptingObjects (0ms)
		CreateAndSetChildDomain (1ms)
	RebuildCommonClasses (43ms)
	RebuildNativeTypeToScriptingClass (12ms)
	initialDomainReloadingComplete (70ms)
	LoadAllAssembliesAndSetupDomain (191ms)
		LoadAssemblies (163ms)
		RebuildTransferFunctionScriptingTraits (0ms)
		AnalyzeDomain (188ms)
			TypeCache.Refresh (186ms)
				TypeCache.ScanAssembly (171ms)
			ScanForSourceGeneratedMonoScriptInfo (1ms)
			ResolveRequiredComponents (1ms)
	FinalizeReload (375ms)
		ReleaseScriptCaches (0ms)
		RebuildScriptCaches (0ms)
		SetupLoadedEditorAssemblies (286ms)
			LogAssemblyErrors (0ms)
			InitializePlatformSupportModulesInManaged (11ms)
			SetLoadedEditorAssemblies (10ms)
			RefreshPlugins (0ms)
			BeforeProcessingInitializeOnLoad (3ms)
			ProcessInitializeOnLoadAttributes (199ms)
			ProcessInitializeOnLoadMethodAttributes (63ms)
			AfterProcessingInitializeOnLoad (0ms)
			EditorAssembliesLoaded (0ms)
		ExecutionOrderSort2 (0ms)
		AwakeInstancesAfterBackupRestoration (0ms)
========================================================================
Worker process is ready to serve import requests
Begin MonoManager ReloadAssembly
Symbol file LoadedFromMemory is not a mono symbol file
- Loaded All Assemblies, in  0.858 seconds
Refreshing native plugins compatible for Editor in 12.30 ms, found 2 plugins.
Native extension for WindowsStandalone target not found
Package Manager log level set to [2]
[Package Manager] Server::EnsureServerProcessIsRunning -- launch failed, reason: Unity was launched with the -noUpm command-line argument
[Package Manager] UpmClient::Send -- Unable to send message (not connected to UPM process).
[Package Manager] Cannot connect to Unity Package Manager local server
Mono: successfully reloaded assembly
- Finished resetting the current domain, in  0.879 seconds
Domain Reload Profiling: 1730ms
	BeginReloadAssembly (204ms)
		ExecutionOrderSort (0ms)
		DisableScriptedObjects (8ms)
		BackupInstance (0ms)
		ReleaseScriptingObjects (0ms)
		CreateAndSetChildDomain (26ms)
	RebuildCommonClasses (55ms)
	RebuildNativeTypeToScriptingClass (15ms)
	initialDomainReloadingComplete (66ms)
	LoadAllAssembliesAndSetupDomain (511ms)
		LoadAssemblies (438ms)
		RebuildTransferFunctionScriptingTraits (0ms)
		AnalyzeDomain (198ms)
			TypeCache.Refresh (163ms)
				TypeCache.ScanAssembly (136ms)
			ScanForSourceGeneratedMonoScriptInfo (30ms)
			ResolveRequiredComponents (4ms)
	FinalizeReload (880ms)
		ReleaseScriptCaches (0ms)
		RebuildScriptCaches (0ms)
		SetupLoadedEditorAssemblies (689ms)
			LogAssemblyErrors (0ms)
			InitializePlatformSupportModulesInManaged (7ms)
			SetLoadedEditorAssemblies (15ms)
			RefreshPlugins (0ms)
			BeforeProcessingInitializeOnLoad (77ms)
			ProcessInitializeOnLoadAttributes (386ms)
			ProcessInitializeOnLoadMethodAttributes (196ms)
			AfterProcessingInitializeOnLoad (7ms)
			EditorAssembliesLoaded (0ms)
		ExecutionOrderSort2 (0ms)
		AwakeInstancesAfterBackupRestoration (8ms)
Launched and connected shader compiler UnityShaderCompiler.exe after 0.07 seconds
Refreshing native plugins compatible for Editor in 12.16 ms, found 2 plugins.
Preloading 0 native plugins for Editor in 0.00 ms.
Unloading 2552 Unused Serialized files (Serialized files now loaded: 0)
Unloading 67 unused Assets / (72.9 KB). Loaded Objects now: 2988.
Memory consumption went from 112.4 MB to 112.3 MB.
Total: 8.618000 ms (FindLiveObjects: 0.240500 ms CreateObjectMapping: 0.109000 ms MarkObjects: 8.080200 ms  DeleteObjects: 0.187400 ms)

AssetImportParameters requested are different than current active one (requested -> active):
  custom:video-decoder-webm-vp8: 9c59270c3fd7afecdb556c50c9e8de78 -> 
  custom:SearchIndexIgnoredProperties: e643bd26f0fe6173181afceb89e7c659 -> 
  custom:container-demuxer-ogg: 62fdf1f143b41e24485cea50d1cbac27 -> 
  custom:AudioImporter_EditorPlatform: d09bf68614088b80899f8185d706f6e7 -> 
  custom:video-codec-MediaFoundation-h265: 746d11721c4dcdbdad8f713fa42b33f4 -> 
  custom:video-decoder-ogg-theora: a1e56fd34408186e4bbccfd4996cb3dc -> 
  custom:framework-win-MediaFoundation: 216162199b28c13a410421893ffa2e32 -> 
  custom:video-encoder-webm-vp8: eb34c28f22e8b96e1ab97ce403110664 -> 
  custom:audio-decoder-ogg-vorbis: bf7c407c2cedff20999df2af8eb42d56 -> 
  custom:CustomObjectIndexerAttribute: 9a22284fe3817be447336de3de66b15e -> 
  custom:container-demuxer-webm: 4f35f7cbe854078d1ac9338744f61a02 -> 
  custom:audio-encoder-webm-vorbis: bf7c407c2cedff20999df2af8eb42d56 -> 
  custom:container-muxer-webm: aa71ff27fc2769a1b78a27578f13a17b -> 
========================================================================
Received Import Request.
  Time since last request: 360644.384094 seconds.
  path: Assets/karsiori/Pixel Potion Pack - Animated/Sprites/Bubbly Brew Bottle
  artifactKey: Guid(f574dd9b5cbc88343bc114adf20c51f1) Importer(815301076,1909f56bfc062723c751e8b465ee728b)
Start importing Assets/karsiori/Pixel Potion Pack - Animated/Sprites/Bubbly Brew Bottle using Guid(f574dd9b5cbc88343bc114adf20c51f1) Importer(815301076,1909f56bfc062723c751e8b465ee728b)  -> (artifact id: '343df0e6d7ffe82a16b3c990e3dab3ba') in 0.007158 seconds
Number of updated asset objects reloaded before import = 0
Number of asset objects unloaded after import = 0
========================================================================
Received Import Request.
  Time since last request: 1.567357 seconds.
  path: Assets/karsiori/Pixel Potion Pack - Animated/Sprites/Bubbly Brew Bottle/BLUE
  artifactKey: Guid(df71f4ee895768a49ab6dfc30ee2317a) Importer(815301076,1909f56bfc062723c751e8b465ee728b)
Start importing Assets/karsiori/Pixel Potion Pack - Animated/Sprites/Bubbly Brew Bottle/BLUE using Guid(df71f4ee895768a49ab6dfc30ee2317a) Importer(815301076,1909f56bfc062723c751e8b465ee728b)  -> (artifact id: '554d8f289ea0d10d9fca1da3ab2799c6') in 0.000763 seconds
Number of updated asset objects reloaded before import = 0
Number of asset objects unloaded after import = 0
========================================================================
Received Import Request.
  Time since last request: 0.483993 seconds.
  path: Assets/karsiori/Pixel Potion Pack - Animated/Sprites/Bubbly Brew Bottle/BLUE/Bubbly Brew Bottle - BLUE - Spritesheet.png
  artifactKey: Guid(46360a771c6d2f1428fe9e0b8cfb1689) Importer(815301076,1909f56bfc062723c751e8b465ee728b)
Start importing Assets/karsiori/Pixel Potion Pack - Animated/Sprites/Bubbly Brew Bottle/BLUE/Bubbly Brew Bottle - BLUE - Spritesheet.png using Guid(46360a771c6d2f1428fe9e0b8cfb1689) Importer(815301076,1909f56bfc062723c751e8b465ee728b)  -> (artifact id: 'b2e84365e1930fc2f73f78690ffd126d') in 0.164250 seconds
Number of updated asset objects reloaded before import = 0
Number of asset objects unloaded after import = 3
========================================================================
Received Import Request.
  Time since last request: 0.929577 seconds.
  path: Assets/karsiori/Pixel Potion Pack - Animated/Sprites/Bubbly Brew Bottle/BLUE/Sprites/Bubbly Brew Bottle - BLUE - 0000.png
  artifactKey: Guid(04e301a8c22376b41a49cba8bb10df13) Importer(815301076,1909f56bfc062723c751e8b465ee728b)
Start importing Assets/karsiori/Pixel Potion Pack - Animated/Sprites/Bubbly Brew Bottle/BLUE/Sprites/Bubbly Brew Bottle - BLUE - 0000.png using Guid(04e301a8c22376b41a49cba8bb10df13) Importer(815301076,1909f56bfc062723c751e8b465ee728b)  -> (artifact id: 'a4af4cc604d1387b649f6b48c3f33308') in 0.047960 seconds
Number of updated asset objects reloaded before import = 0
Number of asset objects unloaded after import = 3
========================================================================
Received Import Request.
  Time since last request: 0.000461 seconds.
  path: Assets/karsiori/Pixel Potion Pack - Animated/Sprites/Bubbly Brew Bottle/BLUE/Sprites/Bubbly Brew Bottle - BLUE - 0005.png
  artifactKey: Guid(2a55c6e34f56d5346a5d572dbc441e22) Importer(815301076,1909f56bfc062723c751e8b465ee728b)
Start importing Assets/karsiori/Pixel Potion Pack - Animated/Sprites/Bubbly Brew Bottle/BLUE/Sprites/Bubbly Brew Bottle - BLUE - 0005.png using Guid(2a55c6e34f56d5346a5d572dbc441e22) Importer(815301076,1909f56bfc062723c751e8b465ee728b)  -> (artifact id: '5d12d59e12a300c2dfda8156d064ebd7') in 0.046870 seconds
Number of updated asset objects reloaded before import = 0
Number of asset objects unloaded after import = 3
========================================================================
Received Import Request.
  Time since last request: 9.512089 seconds.
  path: Assets/karsiori/Pixel Potion Pack - Animated/Sprites/Small Bottle
  artifactKey: Guid(2fd2d007499d3f44b8d5e4e4c3754e11) Importer(815301076,1909f56bfc062723c751e8b465ee728b)
Start importing Assets/karsiori/Pixel Potion Pack - Animated/Sprites/Small Bottle using Guid(2fd2d007499d3f44b8d5e4e4c3754e11) Importer(815301076,1909f56bfc062723c751e8b465ee728b)  -> (artifact id: '6b39253556b5867ddb21df5f60456f0c') in 0.000774 seconds
Number of updated asset objects reloaded before import = 0
Number of asset objects unloaded after import = 0
========================================================================
Received Import Request.
  Time since last request: 1.339074 seconds.
  path: Assets/karsiori/Pixel Potion Pack - Animated/Sprites/Small Bottle/GREEN
  artifactKey: Guid(8c91cfc377bae5a4590b422ef9c973ab) Importer(815301076,1909f56bfc062723c751e8b465ee728b)
Start importing Assets/karsiori/Pixel Potion Pack - Animated/Sprites/Small Bottle/GREEN using Guid(8c91cfc377bae5a4590b422ef9c973ab) Importer(815301076,1909f56bfc062723c751e8b465ee728b)  -> (artifact id: '44a100ec7e8cdec562e8f1965cdcf2d3') in 0.000980 seconds
Number of updated asset objects reloaded before import = 0
Number of asset objects unloaded after import = 0
========================================================================
Received Import Request.
  Time since last request: 0.276684 seconds.
  path: Assets/karsiori/Pixel Potion Pack - Animated/Sprites/Small Bottle/GREEN/Small Bottle - GREEN - Spritesheet.png
  artifactKey: Guid(0db50c00a81764c4990f65926a6dc266) Importer(815301076,1909f56bfc062723c751e8b465ee728b)
Start importing Assets/karsiori/Pixel Potion Pack - Animated/Sprites/Small Bottle/GREEN/Small Bottle - GREEN - Spritesheet.png using Guid(0db50c00a81764c4990f65926a6dc266) Importer(815301076,1909f56bfc062723c751e8b465ee728b)  -> (artifact id: '30465096d37a119b27b479262a682921') in 0.028391 seconds
Number of updated asset objects reloaded before import = 0
Number of asset objects unloaded after import = 3
========================================================================
Received Import Request.
  Time since last request: 5.508177 seconds.
  path: Assets/karsiori/Pixel Potion Pack - Animated/Sprites/Small Elixir
  artifactKey: Guid(cc6729b4c679ba14c88640edc7d5c6c4) Importer(815301076,1909f56bfc062723c751e8b465ee728b)
Start importing Assets/karsiori/Pixel Potion Pack - Animated/Sprites/Small Elixir using Guid(cc6729b4c679ba14c88640edc7d5c6c4) Importer(815301076,1909f56bfc062723c751e8b465ee728b)  -> (artifact id: '3cbc461265946645acde601a98b38f27') in 0.000843 seconds
Number of updated asset objects reloaded before import = 0
Number of asset objects unloaded after import = 0
========================================================================
Received Import Request.
  Time since last request: 2.270140 seconds.
  path: Assets/karsiori/Pixel Potion Pack - Animated/Sprites/Small Elixir/BLUE/Small Elixir - BLUE - Spritesheet.png
  artifactKey: Guid(91010841bb339274bb134f4c3cdc1b6c) Importer(815301076,1909f56bfc062723c751e8b465ee728b)
Start importing Assets/karsiori/Pixel Potion Pack - Animated/Sprites/Small Elixir/BLUE/Small Elixir - BLUE - Spritesheet.png using Guid(91010841bb339274bb134f4c3cdc1b6c) Importer(815301076,1909f56bfc062723c751e8b465ee728b)  -> (artifact id: '8be390276a950c8b43a1dce28dd4f9a7') in 0.036429 seconds
Number of updated asset objects reloaded before import = 0
Number of asset objects unloaded after import = 3
========================================================================
Received Import Request.
  Time since last request: 1.088259 seconds.
  path: Assets/karsiori/Pixel Potion Pack - Animated/Sprites/Small Elixir/BLUE/Sprites/Small Elixir - BLUE -0000.png
  artifactKey: Guid(63addf6c4310bd44db6caf336926a216) Importer(815301076,1909f56bfc062723c751e8b465ee728b)
Start importing Assets/karsiori/Pixel Potion Pack - Animated/Sprites/Small Elixir/BLUE/Sprites/Small Elixir - BLUE -0000.png using Guid(63addf6c4310bd44db6caf336926a216) Importer(815301076,1909f56bfc062723c751e8b465ee728b)  -> (artifact id: '3f883c17909862727979b07f3008fb54') in 0.040811 seconds
Number of updated asset objects reloaded before import = 0
Number of asset objects unloaded after import = 3
========================================================================
Received Import Request.
  Time since last request: 0.001938 seconds.
  path: Assets/karsiori/Pixel Potion Pack - Animated/Sprites/Small Elixir/BLUE/Sprites/Small Elixir - BLUE -0006.png
  artifactKey: Guid(b3e07cad64086144f8a81e01afcb5a61) Importer(815301076,1909f56bfc062723c751e8b465ee728b)
Start importing Assets/karsiori/Pixel Potion Pack - Animated/Sprites/Small Elixir/BLUE/Sprites/Small Elixir - BLUE -0006.png using Guid(b3e07cad64086144f8a81e01afcb5a61) Importer(815301076,1909f56bfc062723c751e8b465ee728b)  -> (artifact id: 'ea766f25082a50ae3f5705ab81fb99a1') in 0.026725 seconds
Number of updated asset objects reloaded before import = 0
Number of asset objects unloaded after import = 3
========================================================================
Received Import Request.
  Time since last request: 25.018378 seconds.
  path: Assets/karsiori/Pixel Potion Pack - Animated/Sprites/Small Elixir/RED/Small Elixir - RED - Spritesheet.png
  artifactKey: Guid(1e3b0b565a5e025498f53b008d084ed3) Importer(815301076,1909f56bfc062723c751e8b465ee728b)
Start importing Assets/karsiori/Pixel Potion Pack - Animated/Sprites/Small Elixir/RED/Small Elixir - RED - Spritesheet.png using Guid(1e3b0b565a5e025498f53b008d084ed3) Importer(815301076,1909f56bfc062723c751e8b465ee728b)  -> (artifact id: '3dc85d3d77c200ba1ad0f0b425dcf5c0') in 0.030491 seconds
Number of updated asset objects reloaded before import = 0
Number of asset objects unloaded after import = 3
========================================================================
Received Import Request.
  Time since last request: 1.478470 seconds.
  path: Assets/karsiori/Pixel Potion Pack - Animated/Sprites/Small Elixir/RED/Sprites/Small Elixir - RED - 0000.png
  artifactKey: Guid(bbfe610a77b84dc4eba5e7a4892679b5) Importer(815301076,1909f56bfc062723c751e8b465ee728b)
Start importing Assets/karsiori/Pixel Potion Pack - Animated/Sprites/Small Elixir/RED/Sprites/Small Elixir - RED - 0000.png using Guid(bbfe610a77b84dc4eba5e7a4892679b5) Importer(815301076,1909f56bfc062723c751e8b465ee728b)  -> (artifact id: '867e86c8dc145dd94477181bc983685d') in 0.040068 seconds
Number of updated asset objects reloaded before import = 0
Number of asset objects unloaded after import = 3
========================================================================
Received Import Request.
  Time since last request: 0.000498 seconds.
  path: Assets/karsiori/Pixel Potion Pack - Animated/Sprites/Small Elixir/RED/Sprites
  artifactKey: Guid(ce70d611a773ee74ca32291f7f1a7413) Importer(815301076,1909f56bfc062723c751e8b465ee728b)
Start importing Assets/karsiori/Pixel Potion Pack - Animated/Sprites/Small Elixir/RED/Sprites using Guid(ce70d611a773ee74ca32291f7f1a7413) Importer(815301076,1909f56bfc062723c751e8b465ee728b)  -> (artifact id: 'ef94ebfe259eb6ec05c0f10ff61892ca') in 0.001311 seconds
Number of updated asset objects reloaded before import = 0
Number of asset objects unloaded after import = 0
========================================================================
Received Import Request.
  Time since last request: 0.000020 seconds.
  path: Assets/karsiori/Pixel Potion Pack - Animated/Sprites/Small Elixir/RED/Sprites/Small Elixir - RED - 0006.png
  artifactKey: Guid(2923663440309114882cfef4758bd9ce) Importer(815301076,1909f56bfc062723c751e8b465ee728b)
Start importing Assets/karsiori/Pixel Potion Pack - Animated/Sprites/Small Elixir/RED/Sprites/Small Elixir - RED - 0006.png using Guid(2923663440309114882cfef4758bd9ce) Importer(815301076,1909f56bfc062723c751e8b465ee728b)  -> (artifact id: '4a9c8377a4331e121d8ff434d3651bde') in 0.042594 seconds
Number of updated asset objects reloaded before import = 0
Number of asset objects unloaded after import = 3
========================================================================
Received Import Request.
  Time since last request: 33.705899 seconds.
  path: Assets/karsiori/Pixel Potion Pack - Animated/Sprites/Small Elixir/GREEN/Small Elixir - GREEN -Spritesheet.png
  artifactKey: Guid(a6040e42d0ae63047b67ed95dfaa1c3e) Importer(815301076,1909f56bfc062723c751e8b465ee728b)
Start importing Assets/karsiori/Pixel Potion Pack - Animated/Sprites/Small Elixir/GREEN/Small Elixir - GREEN -Spritesheet.png using Guid(a6040e42d0ae63047b67ed95dfaa1c3e) Importer(815301076,1909f56bfc062723c751e8b465ee728b)  -> (artifact id: '2a222988c7462268c49683eceecb929e') in 0.025092 seconds
Number of updated asset objects reloaded before import = 0
Number of asset objects unloaded after import = 3
========================================================================
Received Import Request.
  Time since last request: 1.195534 seconds.
  path: Assets/karsiori/Pixel Potion Pack - Animated/Sprites/Small Elixir/GREEN/Sprites/Small Elixir - GREEN -0000.png
  artifactKey: Guid(1a51ad7b6253ddd41959dfec0acfcc19) Importer(815301076,1909f56bfc062723c751e8b465ee728b)
Start importing Assets/karsiori/Pixel Potion Pack - Animated/Sprites/Small Elixir/GREEN/Sprites/Small Elixir - GREEN -0000.png using Guid(1a51ad7b6253ddd41959dfec0acfcc19) Importer(815301076,1909f56bfc062723c751e8b465ee728b)  -> (artifact id: '48093dee7b8a60ce6e6072fb62c733b6') in 0.044498 seconds
Number of updated asset objects reloaded before import = 0
Number of asset objects unloaded after import = 3
========================================================================
Received Import Request.
  Time since last request: 0.001100 seconds.
  path: Assets/karsiori/Pixel Potion Pack - Animated/Sprites/Small Elixir/GREEN/Sprites
  artifactKey: Guid(8d5466b75fdd5a74299af68c4c558207) Importer(815301076,1909f56bfc062723c751e8b465ee728b)
Start importing Assets/karsiori/Pixel Potion Pack - Animated/Sprites/Small Elixir/GREEN/Sprites using Guid(8d5466b75fdd5a74299af68c4c558207) Importer(815301076,1909f56bfc062723c751e8b465ee728b)  -> (artifact id: '121e6e8083e586d04c045640fab50520') in 0.005365 seconds
Number of updated asset objects reloaded before import = 0
Number of asset objects unloaded after import = 0
========================================================================
Received Import Request.
  Time since last request: 26.634102 seconds.
  path: Assets/karsiori/Pixel Potion Pack - Animated/Sprites/Big Vial/BLUE/Big Vial - BLUE - Spritesheet.png
  artifactKey: Guid(3f468dd74b808d84bac162dd9df6363e) Importer(815301076,1909f56bfc062723c751e8b465ee728b)
Start importing Assets/karsiori/Pixel Potion Pack - Animated/Sprites/Big Vial/BLUE/Big Vial - BLUE - Spritesheet.png using Guid(3f468dd74b808d84bac162dd9df6363e) Importer(815301076,1909f56bfc062723c751e8b465ee728b)  -> (artifact id: '6be932d26892c27210ae78cbac0afe8d') in 0.030058 seconds
Number of updated asset objects reloaded before import = 0
Number of asset objects unloaded after import = 3
========================================================================
Received Import Request.
  Time since last request: 5.165083 seconds.
  path: Assets/karsiori/Pixel Potion Pack - Animated/Sprites/Big Vial/BLUE/Sprites
  artifactKey: Guid(683b01382edcbf34a8344f5c91822a00) Importer(815301076,1909f56bfc062723c751e8b465ee728b)
Start importing Assets/karsiori/Pixel Potion Pack - Animated/Sprites/Big Vial/BLUE/Sprites using Guid(683b01382edcbf34a8344f5c91822a00) Importer(815301076,1909f56bfc062723c751e8b465ee728b)  -> (artifact id: '6adf500f65d47a42dd60642c37154a23') in 0.001066 seconds
Number of updated asset objects reloaded before import = 0
Number of asset objects unloaded after import = 0
========================================================================
Received Import Request.
  Time since last request: 1.449332 seconds.
  path: Assets/karsiori/Pixel Potion Pack - Animated/Sprites/Big Vial/BLUE/Sprites/Big Vial - BLUE - 0000.png
  artifactKey: Guid(9922c4ab17421644b884af64dd24ca2e) Importer(815301076,1909f56bfc062723c751e8b465ee728b)
Start importing Assets/karsiori/Pixel Potion Pack - Animated/Sprites/Big Vial/BLUE/Sprites/Big Vial - BLUE - 0000.png using Guid(9922c4ab17421644b884af64dd24ca2e) Importer(815301076,1909f56bfc062723c751e8b465ee728b)  -> (artifact id: '8a2d821528a8878fa93e34adc9022817') in 0.056653 seconds
Number of updated asset objects reloaded before import = 0
Number of asset objects unloaded after import = 3
========================================================================
Received Import Request.
  Time since last request: 0.000498 seconds.
  path: Assets/karsiori/Pixel Potion Pack - Animated/Sprites/Big Vial/BLUE/Sprites/Big Vial - BLUE - 0007.png
  artifactKey: Guid(183584866a059f84e9edd0628d284214) Importer(815301076,1909f56bfc062723c751e8b465ee728b)
Start importing Assets/karsiori/Pixel Potion Pack - Animated/Sprites/Big Vial/BLUE/Sprites/Big Vial - BLUE - 0007.png using Guid(183584866a059f84e9edd0628d284214) Importer(815301076,1909f56bfc062723c751e8b465ee728b)  -> (artifact id: 'c498dd46237e633ea862f08199d2acf2') in 0.040545 seconds
Number of updated asset objects reloaded before import = 0
Number of asset objects unloaded after import = 3
========================================================================
Received Prepare
Begin MonoManager ReloadAssembly
Symbol file LoadedFromMemory is not a mono symbol file
- Loaded All Assemblies, in  0.749 seconds
Refreshing native plugins compatible for Editor in 15.03 ms, found 2 plugins.
Native extension for WindowsStandalone target not found
[Package Manager] Server::EnsureServerProcessIsRunning -- launch failed, reason: Unity was launched with the -noUpm command-line argument
[Package Manager] UpmClient::Send -- Unable to send message (not connected to UPM process).
[Package Manager] Cannot connect to Unity Package Manager local server
Mono: successfully reloaded assembly
- Finished resetting the current domain, in  1.705 seconds
Domain Reload Profiling: 2448ms
	BeginReloadAssembly (240ms)
		ExecutionOrderSort (0ms)
		DisableScriptedObjects (9ms)
		BackupInstance (0ms)
		ReleaseScriptingObjects (0ms)
		CreateAndSetChildDomain (50ms)
	RebuildCommonClasses (60ms)
	RebuildNativeTypeToScriptingClass (24ms)
	initialDomainReloadingComplete (52ms)
	LoadAllAssembliesAndSetupDomain (366ms)
		LoadAssemblies (489ms)
		RebuildTransferFunctionScriptingTraits (0ms)
		AnalyzeDomain (14ms)
			TypeCache.Refresh (9ms)
				TypeCache.ScanAssembly (0ms)
			ScanForSourceGeneratedMonoScriptInfo (0ms)
			ResolveRequiredComponents (4ms)
	FinalizeReload (1706ms)
		ReleaseScriptCaches (0ms)
		RebuildScriptCaches (0ms)
		SetupLoadedEditorAssemblies (1011ms)
			LogAssemblyErrors (0ms)
			InitializePlatformSupportModulesInManaged (10ms)
			SetLoadedEditorAssemblies (6ms)
			RefreshPlugins (0ms)
			BeforeProcessingInitializeOnLoad (118ms)
			ProcessInitializeOnLoadAttributes (561ms)
			ProcessInitializeOnLoadMethodAttributes (303ms)
			AfterProcessingInitializeOnLoad (12ms)
			EditorAssembliesLoaded (1ms)
		ExecutionOrderSort2 (0ms)
		AwakeInstancesAfterBackupRestoration (14ms)
Refreshing native plugins compatible for Editor in 15.54 ms, found 2 plugins.
Preloading 0 native plugins for Editor in 0.00 ms.
Unloading 2543 Unused Serialized files (Serialized files now loaded: 0)
Unloading 56 unused Assets / (47.1 KB). Loaded Objects now: 3010.
Memory consumption went from 116.7 MB to 116.7 MB.
Total: 14.777800 ms (FindLiveObjects: 0.818400 ms CreateObjectMapping: 0.173200 ms MarkObjects: 13.599600 ms  DeleteObjects: 0.184600 ms)

Prepare: number of updated asset objects reloaded= 0
AssetImportParameters requested are different than current active one (requested -> active):
  custom:video-decoder-webm-vp8: 9c59270c3fd7afecdb556c50c9e8de78 -> 
  custom:SearchIndexIgnoredProperties: e643bd26f0fe6173181afceb89e7c659 -> 
  custom:container-demuxer-ogg: 62fdf1f143b41e24485cea50d1cbac27 -> 
  custom:AudioImporter_EditorPlatform: d09bf68614088b80899f8185d706f6e7 -> 
  custom:video-codec-MediaFoundation-h265: 746d11721c4dcdbdad8f713fa42b33f4 -> 
  custom:video-decoder-ogg-theora: a1e56fd34408186e4bbccfd4996cb3dc -> 
  custom:framework-win-MediaFoundation: 216162199b28c13a410421893ffa2e32 -> 
  custom:video-encoder-webm-vp8: eb34c28f22e8b96e1ab97ce403110664 -> 
  custom:audio-decoder-ogg-vorbis: bf7c407c2cedff20999df2af8eb42d56 -> 
  custom:CustomObjectIndexerAttribute: 9a22284fe3817be447336de3de66b15e -> 
  custom:container-demuxer-webm: 4f35f7cbe854078d1ac9338744f61a02 -> 
  custom:audio-encoder-webm-vorbis: bf7c407c2cedff20999df2af8eb42d56 -> 
  custom:container-muxer-webm: aa71ff27fc2769a1b78a27578f13a17b -> 
Editor requested this worker to shutdown with reason: Scaling down because of idle timeout
TcpMessagingSession - receive error: operation aborted. errorcode: 995, details: ќпераци€ ввода/вывода была прервана из-за завершени€ потока команд или по запросу приложени€.
AssetImportWorker is now disconnected from the server
Process exiting
Exiting without the bug reporter. Application will terminate with return code 0