Using pre-set license
Built from '2022.3/staging' branch; Version is '2022.3.21f1 (bf09ca542b87) revision 12519882'; Using compiler version '192829333'; Build Type 'Release'
OS: 'Windows 11  (10.0.22631) 64bit Professional' Language: 'ru' Physical Memory: 15773 MB
BatchMode: 1, IsHumanControllingUs: 0, StartBugReporterOnCrash: 0, Is64bit: 1, IsPro: 1

COMMAND LINE ARGUMENTS:
C:\Unity\Editor\2022.3.21f1\Editor\Unity.exe
-adb2
-batchMode
-noUpm
-name
AssetImportWorker26
-projectPath
C:/Users/Andrei/Desktop/Unity_Projects/Ludum56/SlimeAdventure
-logFile
Logs/AssetImportWorker26.log
-srvPort
58831
Successfully changed project path to: C:/Users/Andrei/Desktop/Unity_Projects/Ludum56/SlimeAdventure
C:/Users/Andrei/Desktop/Unity_Projects/Ludum56/SlimeAdventure
[UnityMemory] Configuration Parameters - Can be set up in boot.config
    "memorysetup-bucket-allocator-granularity=16"
    "memorysetup-bucket-allocator-bucket-count=8"
    "memorysetup-bucket-allocator-block-size=33554432"
    "memorysetup-bucket-allocator-block-count=8"
    "memorysetup-main-allocator-block-size=16777216"
    "memorysetup-thread-allocator-block-size=16777216"
    "memorysetup-gfx-main-allocator-block-size=16777216"
    "memorysetup-gfx-thread-allocator-block-size=16777216"
    "memorysetup-cache-allocator-block-size=4194304"
    "memorysetup-typetree-allocator-block-size=2097152"
    "memorysetup-profiler-bucket-allocator-granularity=16"
    "memorysetup-profiler-bucket-allocator-bucket-count=8"
    "memorysetup-profiler-bucket-allocator-block-size=33554432"
    "memorysetup-profiler-bucket-allocator-block-count=8"
    "memorysetup-profiler-allocator-block-size=16777216"
    "memorysetup-profiler-editor-allocator-block-size=1048576"
    "memorysetup-temp-allocator-size-main=16777216"
    "memorysetup-job-temp-allocator-block-size=2097152"
    "memorysetup-job-temp-allocator-block-size-background=1048576"
    "memorysetup-job-temp-allocator-reduction-small-platforms=262144"
    "memorysetup-allocator-temp-initial-block-size-main=262144"
    "memorysetup-allocator-temp-initial-block-size-worker=262144"
    "memorysetup-temp-allocator-size-background-worker=32768"
    "memorysetup-temp-allocator-size-job-worker=262144"
    "memorysetup-temp-allocator-size-preload-manager=33554432"
    "memorysetup-temp-allocator-size-nav-mesh-worker=65536"
    "memorysetup-temp-allocator-size-audio-worker=65536"
    "memorysetup-temp-allocator-size-cloud-worker=32768"
    "memorysetup-temp-allocator-size-gi-baking-worker=262144"
    "memorysetup-temp-allocator-size-gfx=262144"
Player connection [30360] Host "[IP] 192.168.100.45 [Port] 0 [Flags] 2 [Guid] 4139136668 [EditorId] 4139136668 [Version] 1048832 [Id] WindowsEditor(7,DESKTOP-EQJJ33K) [Debug] 1 [PackageName] WindowsEditor [ProjectName] Editor" joined multi-casting on [225.0.0.222:54997]...

Player connection [30360] Host "[IP] 192.168.100.45 [Port] 0 [Flags] 2 [Guid] 4139136668 [EditorId] 4139136668 [Version] 1048832 [Id] WindowsEditor(7,DESKTOP-EQJJ33K) [Debug] 1 [PackageName] WindowsEditor [ProjectName] Editor" joined alternative multi-casting on [225.0.0.222:34997]...

[Physics::Module] Initialized MultithreadedJobDispatcher with 15 workers.
Refreshing native plugins compatible for Editor in 1576.40 ms, found 2 plugins.
Preloading 0 native plugins for Editor in 0.00 ms.
Initialize engine version: 2022.3.21f1 (bf09ca542b87)
[Subsystems] Discovering subsystems at path C:/Unity/Editor/2022.3.21f1/Editor/Data/Resources/UnitySubsystems
[Subsystems] Discovering subsystems at path C:/Users/Andrei/Desktop/Unity_Projects/Ludum56/SlimeAdventure/Assets
GfxDevice: creating device client; threaded=0; jobified=0
Direct3D:
    Version:  Direct3D 11.0 [level 11.1]
    Renderer: AMD Radeon (TM) Graphics (ID=0x15e7)
    Vendor:   ATI
    VRAM:     7886 MB
    Driver:   31.0.12046.24001
Initialize mono
Mono path[0] = 'C:/Unity/Editor/2022.3.21f1/Editor/Data/Managed'
Mono path[1] = 'C:/Unity/Editor/2022.3.21f1/Editor/Data/MonoBleedingEdge/lib/mono/unityjit-win32'
Mono config path = 'C:/Unity/Editor/2022.3.21f1/Editor/Data/MonoBleedingEdge/etc'
Using monoOptions --debugger-agent=transport=dt_socket,embedding=1,server=y,suspend=n,address=127.0.0.1:56616
Begin MonoManager ReloadAssembly
Registering precompiled unity dll's ...
Register platform support module: C:/Unity/Editor/2022.3.21f1/Editor/Data/PlaybackEngines/WindowsStandaloneSupport/UnityEditor.WindowsStandalone.Extensions.dll
Registered in 0.145768 seconds.
- Loaded All Assemblies, in  5.985 seconds
Native extension for WindowsStandalone target not found
Mono: successfully reloaded assembly
- Finished resetting the current domain, in  0.220 seconds
Domain Reload Profiling: 6204ms
	BeginReloadAssembly (4478ms)
		ExecutionOrderSort (0ms)
		DisableScriptedObjects (0ms)
		BackupInstance (0ms)
		ReleaseScriptingObjects (0ms)
		CreateAndSetChildDomain (1ms)
	RebuildCommonClasses (370ms)
	RebuildNativeTypeToScriptingClass (8ms)
	initialDomainReloadingComplete (185ms)
	LoadAllAssembliesAndSetupDomain (943ms)
		LoadAssemblies (4477ms)
		RebuildTransferFunctionScriptingTraits (0ms)
		AnalyzeDomain (942ms)
			TypeCache.Refresh (940ms)
				TypeCache.ScanAssembly (694ms)
			ScanForSourceGeneratedMonoScriptInfo (0ms)
			ResolveRequiredComponents (0ms)
	FinalizeReload (220ms)
		ReleaseScriptCaches (0ms)
		RebuildScriptCaches (0ms)
		SetupLoadedEditorAssemblies (173ms)
			LogAssemblyErrors (0ms)
			InitializePlatformSupportModulesInManaged (6ms)
			SetLoadedEditorAssemblies (6ms)
			RefreshPlugins (0ms)
			BeforeProcessingInitializeOnLoad (2ms)
			ProcessInitializeOnLoadAttributes (116ms)
			ProcessInitializeOnLoadMethodAttributes (43ms)
			AfterProcessingInitializeOnLoad (0ms)
			EditorAssembliesLoaded (0ms)
		ExecutionOrderSort2 (0ms)
		AwakeInstancesAfterBackupRestoration (0ms)
========================================================================
Worker process is ready to serve import requests
Begin MonoManager ReloadAssembly
Symbol file LoadedFromMemory is not a mono symbol file
- Loaded All Assemblies, in  7.348 seconds
Refreshing native plugins compatible for Editor in 7.19 ms, found 2 plugins.
Native extension for WindowsStandalone target not found
Package Manager log level set to [2]
[Package Manager] Server::EnsureServerProcessIsRunning -- launch failed, reason: Unity was launched with the -noUpm command-line argument
[Package Manager] UpmClient::Send -- Unable to send message (not connected to UPM process).
[Package Manager] Cannot connect to Unity Package Manager local server
Mono: successfully reloaded assembly
- Finished resetting the current domain, in  0.581 seconds
Domain Reload Profiling: 7926ms
	BeginReloadAssembly (119ms)
		ExecutionOrderSort (0ms)
		DisableScriptedObjects (4ms)
		BackupInstance (0ms)
		ReleaseScriptingObjects (0ms)
		CreateAndSetChildDomain (21ms)
	RebuildCommonClasses (26ms)
	RebuildNativeTypeToScriptingClass (8ms)
	initialDomainReloadingComplete (33ms)
	LoadAllAssembliesAndSetupDomain (7159ms)
		LoadAssemblies (6656ms)
		RebuildTransferFunctionScriptingTraits (0ms)
		AnalyzeDomain (570ms)
			TypeCache.Refresh (551ms)
				TypeCache.ScanAssembly (489ms)
			ScanForSourceGeneratedMonoScriptInfo (15ms)
			ResolveRequiredComponents (2ms)
	FinalizeReload (581ms)
		ReleaseScriptCaches (0ms)
		RebuildScriptCaches (0ms)
		SetupLoadedEditorAssemblies (470ms)
			LogAssemblyErrors (0ms)
			InitializePlatformSupportModulesInManaged (4ms)
			SetLoadedEditorAssemblies (3ms)
			RefreshPlugins (0ms)
			BeforeProcessingInitializeOnLoad (47ms)
			ProcessInitializeOnLoadAttributes (274ms)
			ProcessInitializeOnLoadMethodAttributes (136ms)
			AfterProcessingInitializeOnLoad (4ms)
			EditorAssembliesLoaded (0ms)
		ExecutionOrderSort2 (0ms)
		AwakeInstancesAfterBackupRestoration (6ms)
Launched and connected shader compiler UnityShaderCompiler.exe after 0.06 seconds
Refreshing native plugins compatible for Editor in 7.18 ms, found 2 plugins.
Preloading 0 native plugins for Editor in 0.00 ms.
Unloading 2550 Unused Serialized files (Serialized files now loaded: 0)
Unloading 67 unused Assets / (73.0 KB). Loaded Objects now: 2986.
Memory consumption went from 111.9 MB to 111.8 MB.
Total: 5.715700 ms (FindLiveObjects: 0.174100 ms CreateObjectMapping: 0.075800 ms MarkObjects: 5.318600 ms  DeleteObjects: 0.146000 ms)

AssetImportParameters requested are different than current active one (requested -> active):
  custom:video-decoder-webm-vp8: 9c59270c3fd7afecdb556c50c9e8de78 -> 
  custom:SearchIndexIgnoredProperties: e643bd26f0fe6173181afceb89e7c659 -> 
  custom:container-demuxer-ogg: 62fdf1f143b41e24485cea50d1cbac27 -> 
  custom:AudioImporter_EditorPlatform: d09bf68614088b80899f8185d706f6e7 -> 
  custom:video-codec-MediaFoundation-h265: 746d11721c4dcdbdad8f713fa42b33f4 -> 
  custom:video-decoder-ogg-theora: a1e56fd34408186e4bbccfd4996cb3dc -> 
  custom:framework-win-MediaFoundation: 216162199b28c13a410421893ffa2e32 -> 
  custom:video-encoder-webm-vp8: eb34c28f22e8b96e1ab97ce403110664 -> 
  custom:audio-decoder-ogg-vorbis: bf7c407c2cedff20999df2af8eb42d56 -> 
  custom:CustomObjectIndexerAttribute: 9a22284fe3817be447336de3de66b15e -> 
  custom:container-demuxer-webm: 4f35f7cbe854078d1ac9338744f61a02 -> 
  custom:audio-encoder-webm-vorbis: bf7c407c2cedff20999df2af8eb42d56 -> 
  custom:container-muxer-webm: aa71ff27fc2769a1b78a27578f13a17b -> 
========================================================================
Received Import Request.
  Time since last request: 337985.231874 seconds.
  path: Assets/BayatGames/Free Platform Game Assets/Tiles/2D Tiles ( Update 1.9 )/Autumn/256x256/GrassCliffMid.png
  artifactKey: Guid(f49938fd5e962834d80abcc368229c65) Importer(815301076,1909f56bfc062723c751e8b465ee728b)
Start importing Assets/BayatGames/Free Platform Game Assets/Tiles/2D Tiles ( Update 1.9 )/Autumn/256x256/GrassCliffMid.png using Guid(f49938fd5e962834d80abcc368229c65) Importer(815301076,1909f56bfc062723c751e8b465ee728b)  -> (artifact id: '06b1ef5c7fe175b76c0b0e4ee567aee9') in 0.096198 seconds
Number of updated asset objects reloaded before import = 0
Number of asset objects unloaded after import = 3
========================================================================
Received Import Request.
  Time since last request: 0.000022 seconds.
  path: Assets/BayatGames/Free Platform Game Assets/Tiles/2D Tiles ( Update 1.9 )/Autumn/256x256/GrassJoinHillRight2.png
  artifactKey: Guid(4a9cb17f4295c514592d7996bca929dc) Importer(815301076,1909f56bfc062723c751e8b465ee728b)
Start importing Assets/BayatGames/Free Platform Game Assets/Tiles/2D Tiles ( Update 1.9 )/Autumn/256x256/GrassJoinHillRight2.png using Guid(4a9cb17f4295c514592d7996bca929dc) Importer(815301076,1909f56bfc062723c751e8b465ee728b)  -> (artifact id: '37fcf827444e7d5df6e4ad83fe6bed55') in 0.012447 seconds
Number of updated asset objects reloaded before import = 0
Number of asset objects unloaded after import = 3
========================================================================
Received Import Request.
  Time since last request: 0.000017 seconds.
  path: Assets/BayatGames/Free Platform Game Assets/Tiles/2D Tiles ( Update 1.9 )/Autumn/256x256/GrassJoinHillRight.png
  artifactKey: Guid(086002ad15a2a5242a7bfbac33353fa9) Importer(815301076,1909f56bfc062723c751e8b465ee728b)
Start importing Assets/BayatGames/Free Platform Game Assets/Tiles/2D Tiles ( Update 1.9 )/Autumn/256x256/GrassJoinHillRight.png using Guid(086002ad15a2a5242a7bfbac33353fa9) Importer(815301076,1909f56bfc062723c751e8b465ee728b)  -> (artifact id: '22c24892c9485ba79828066b4215012a') in 0.018025 seconds
Number of updated asset objects reloaded before import = 0
Number of asset objects unloaded after import = 3
========================================================================
Received Import Request.
  Time since last request: 4.171057 seconds.
  path: Assets/BayatGames/Free Platform Game Assets/Tiles/2D Tiles ( Update 1.9 )/Spring/256x256/GrassCliffMid.png
  artifactKey: Guid(3508f1573909af1428b1c44c1ec34c3c) Importer(815301076,1909f56bfc062723c751e8b465ee728b)
Start importing Assets/BayatGames/Free Platform Game Assets/Tiles/2D Tiles ( Update 1.9 )/Spring/256x256/GrassCliffMid.png using Guid(3508f1573909af1428b1c44c1ec34c3c) Importer(815301076,1909f56bfc062723c751e8b465ee728b)  -> (artifact id: '92c2b87486421728fcd1c8fb316c2b1f') in 0.012479 seconds
Number of updated asset objects reloaded before import = 0
Number of asset objects unloaded after import = 3
========================================================================
Received Import Request.
  Time since last request: 0.032029 seconds.
  path: Assets/BayatGames/Free Platform Game Assets/Tiles/2D Tiles ( Update 1.9 )/Spring/256x256/GrassHillRight.png
  artifactKey: Guid(19dd3fac0d0a33f4f8b571941054e3f7) Importer(815301076,1909f56bfc062723c751e8b465ee728b)
Start importing Assets/BayatGames/Free Platform Game Assets/Tiles/2D Tiles ( Update 1.9 )/Spring/256x256/GrassHillRight.png using Guid(19dd3fac0d0a33f4f8b571941054e3f7) Importer(815301076,1909f56bfc062723c751e8b465ee728b)  -> (artifact id: '9454d7ce2758bc2cd29241f1b7b00e56') in 0.013601 seconds
Number of updated asset objects reloaded before import = 0
Number of asset objects unloaded after import = 3
========================================================================
Received Import Request.
  Time since last request: 0.004187 seconds.
  path: Assets/BayatGames/Free Platform Game Assets/Tiles/2D Tiles ( Update 1.9 )/Spring/256x256/GrassJoinHillLeft.png
  artifactKey: Guid(cfe4e5f21bb46a441b5fe85fa649b7cd) Importer(815301076,1909f56bfc062723c751e8b465ee728b)
Start importing Assets/BayatGames/Free Platform Game Assets/Tiles/2D Tiles ( Update 1.9 )/Spring/256x256/GrassJoinHillLeft.png using Guid(cfe4e5f21bb46a441b5fe85fa649b7cd) Importer(815301076,1909f56bfc062723c751e8b465ee728b)  -> (artifact id: '8565b7580514a4fc089efc89628820c3') in 0.011782 seconds
Number of updated asset objects reloaded before import = 0
Number of asset objects unloaded after import = 3
========================================================================
Received Import Request.
  Time since last request: 0.005759 seconds.
  path: Assets/BayatGames/Free Platform Game Assets/Tiles/2D Tiles ( Update 1.9 )/Spring/256x256/GrassJoinHillRight.png
  artifactKey: Guid(aef3744cdda296b4d98da1864f895442) Importer(815301076,1909f56bfc062723c751e8b465ee728b)
Start importing Assets/BayatGames/Free Platform Game Assets/Tiles/2D Tiles ( Update 1.9 )/Spring/256x256/GrassJoinHillRight.png using Guid(aef3744cdda296b4d98da1864f895442) Importer(815301076,1909f56bfc062723c751e8b465ee728b)  -> (artifact id: 'f6d1db7e7193ffaf05307d9035f1adb6') in 0.014740 seconds
Number of updated asset objects reloaded before import = 0
Number of asset objects unloaded after import = 3
========================================================================
Received Import Request.
  Time since last request: 0.000281 seconds.
  path: Assets/BayatGames/Free Platform Game Assets/Tiles/2D Tiles ( Update 1.9 )/Spring/256x256/GrassJoinHillRight2 DownShadow.png
  artifactKey: Guid(997e20906b83b364a8856dc9ff5ded04) Importer(815301076,1909f56bfc062723c751e8b465ee728b)
Start importing Assets/BayatGames/Free Platform Game Assets/Tiles/2D Tiles ( Update 1.9 )/Spring/256x256/GrassJoinHillRight2 DownShadow.png using Guid(997e20906b83b364a8856dc9ff5ded04) Importer(815301076,1909f56bfc062723c751e8b465ee728b)  -> (artifact id: '9bebefbbe55baf4191e3b825db7fc096') in 0.011635 seconds
Number of updated asset objects reloaded before import = 0
Number of asset objects unloaded after import = 3
========================================================================
Received Import Request.
  Time since last request: 0.005057 seconds.
  path: Assets/BayatGames/Free Platform Game Assets/Tiles/2D Tiles ( Update 1.9 )/Spring/256x256/GrassLeft.png
  artifactKey: Guid(5406f9bf740fe624fa198230efceebc4) Importer(815301076,1909f56bfc062723c751e8b465ee728b)
Start importing Assets/BayatGames/Free Platform Game Assets/Tiles/2D Tiles ( Update 1.9 )/Spring/256x256/GrassLeft.png using Guid(5406f9bf740fe624fa198230efceebc4) Importer(815301076,1909f56bfc062723c751e8b465ee728b)  -> (artifact id: 'a9492db6ce05307226c4bfffb352c6ff') in 0.017535 seconds
Number of updated asset objects reloaded before import = 0
Number of asset objects unloaded after import = 3
========================================================================
Received Import Request.
  Time since last request: 20.030528 seconds.
  path: Assets/BayatGames/Free Platform Game Assets/Tiles/2D Tiles ( Update 1.9 )/Spring/512x512/GrassCliffMid.png
  artifactKey: Guid(7a24f3066187aeb4bb2b7d3024a672bf) Importer(815301076,1909f56bfc062723c751e8b465ee728b)
Start importing Assets/BayatGames/Free Platform Game Assets/Tiles/2D Tiles ( Update 1.9 )/Spring/512x512/GrassCliffMid.png using Guid(7a24f3066187aeb4bb2b7d3024a672bf) Importer(815301076,1909f56bfc062723c751e8b465ee728b)  -> (artifact id: '025fddcc57fe6cb688e1698262af9c98') in 0.012936 seconds
Number of updated asset objects reloaded before import = 0
Number of asset objects unloaded after import = 3
========================================================================
Received Import Request.
  Time since last request: 0.025767 seconds.
  path: Assets/BayatGames/Free Platform Game Assets/Tiles/2D Tiles ( Update 1.9 )/Spring/512x512/GrassHillLeft2 DownShadow.png
  artifactKey: Guid(b33019b6cf651cf4abfaec45ffe44de5) Importer(815301076,1909f56bfc062723c751e8b465ee728b)
Start importing Assets/BayatGames/Free Platform Game Assets/Tiles/2D Tiles ( Update 1.9 )/Spring/512x512/GrassHillLeft2 DownShadow.png using Guid(b33019b6cf651cf4abfaec45ffe44de5) Importer(815301076,1909f56bfc062723c751e8b465ee728b)  -> (artifact id: '6cc75250d2a599e769447261961c36ff') in 0.012839 seconds
Number of updated asset objects reloaded before import = 0
Number of asset objects unloaded after import = 3
========================================================================
Received Import Request.
  Time since last request: 0.003902 seconds.
  path: Assets/BayatGames/Free Platform Game Assets/Tiles/2D Tiles ( Update 1.9 )/Spring/512x512/GrassHillRight2 DownShadow.png
  artifactKey: Guid(0a6568a3c44837a40aabdbb3d0d1d0be) Importer(815301076,1909f56bfc062723c751e8b465ee728b)
Start importing Assets/BayatGames/Free Platform Game Assets/Tiles/2D Tiles ( Update 1.9 )/Spring/512x512/GrassHillRight2 DownShadow.png using Guid(0a6568a3c44837a40aabdbb3d0d1d0be) Importer(815301076,1909f56bfc062723c751e8b465ee728b)  -> (artifact id: 'f0bf4e9cbcc014e62d1e9b15951902e4') in 0.012658 seconds
Number of updated asset objects reloaded before import = 0
Number of asset objects unloaded after import = 3
========================================================================
Received Import Request.
  Time since last request: 0.003388 seconds.
  path: Assets/BayatGames/Free Platform Game Assets/Tiles/2D Tiles ( Update 1.9 )/Spring/512x512/GrassJoinHillLeft2.png
  artifactKey: Guid(2b1eed1b2eabc714fbdf60d46138a1d9) Importer(815301076,1909f56bfc062723c751e8b465ee728b)
Start importing Assets/BayatGames/Free Platform Game Assets/Tiles/2D Tiles ( Update 1.9 )/Spring/512x512/GrassJoinHillLeft2.png using Guid(2b1eed1b2eabc714fbdf60d46138a1d9) Importer(815301076,1909f56bfc062723c751e8b465ee728b)  -> (artifact id: '3074ed0913e5ca0be53f22459e9de8d7') in 0.011382 seconds
Number of updated asset objects reloaded before import = 0
Number of asset objects unloaded after import = 3
========================================================================
Received Import Request.
  Time since last request: 0.005636 seconds.
  path: Assets/BayatGames/Free Platform Game Assets/Tiles/2D Tiles ( Update 1.9 )/Spring/512x512/GrassJoinHillRight2.png
  artifactKey: Guid(c2b907e7f225cab408a7186a47242495) Importer(815301076,1909f56bfc062723c751e8b465ee728b)
Start importing Assets/BayatGames/Free Platform Game Assets/Tiles/2D Tiles ( Update 1.9 )/Spring/512x512/GrassJoinHillRight2.png using Guid(c2b907e7f225cab408a7186a47242495) Importer(815301076,1909f56bfc062723c751e8b465ee728b)  -> (artifact id: '03fde20f85de642c030762e0b4e56867') in 0.012364 seconds
Number of updated asset objects reloaded before import = 0
Number of asset objects unloaded after import = 3
========================================================================
Received Import Request.
  Time since last request: 0.003804 seconds.
  path: Assets/BayatGames/Free Platform Game Assets/Tiles/2D Tiles ( Update 1.9 )/Spring/512x512/GrassJoinHillRight2&Left2 DownShadow.png
  artifactKey: Guid(3063ecdfe31430347916848748a320fe) Importer(815301076,1909f56bfc062723c751e8b465ee728b)
Start importing Assets/BayatGames/Free Platform Game Assets/Tiles/2D Tiles ( Update 1.9 )/Spring/512x512/GrassJoinHillRight2&Left2 DownShadow.png using Guid(3063ecdfe31430347916848748a320fe) Importer(815301076,1909f56bfc062723c751e8b465ee728b)  -> (artifact id: '816c2a0f84b9ac91308549dac8a5491a') in 0.013659 seconds
Number of updated asset objects reloaded before import = 0
Number of asset objects unloaded after import = 3
========================================================================
Received Import Request.
  Time since last request: 191.014133 seconds.
  path: Assets/Platformer Assets/PNG/Backgrounds/blue_grass.png
  artifactKey: Guid(1bab8c66e2d8948479ac3e2aebdd9dfe) Importer(815301076,1909f56bfc062723c751e8b465ee728b)
Start importing Assets/Platformer Assets/PNG/Backgrounds/blue_grass.png using Guid(1bab8c66e2d8948479ac3e2aebdd9dfe) Importer(815301076,1909f56bfc062723c751e8b465ee728b)  -> (artifact id: '6b0a66b3c969528a63474774ce923b3a') in 0.013571 seconds
Number of updated asset objects reloaded before import = 0
Number of asset objects unloaded after import = 3
========================================================================
Received Import Request.
  Time since last request: 0.000017 seconds.
  path: Assets/Platformer Assets/PNG/Backgrounds/colored_desert.png
  artifactKey: Guid(c4ba4cd2001ecbd41948fd38dfb6dd20) Importer(815301076,1909f56bfc062723c751e8b465ee728b)
Start importing Assets/Platformer Assets/PNG/Backgrounds/colored_desert.png using Guid(c4ba4cd2001ecbd41948fd38dfb6dd20) Importer(815301076,1909f56bfc062723c751e8b465ee728b)  -> (artifact id: 'ef227cb2ba685f07868185f766014ba4') in 0.011037 seconds
Number of updated asset objects reloaded before import = 0
Number of asset objects unloaded after import = 3
========================================================================
Received Import Request.
  Time since last request: 0.009076 seconds.
  path: Assets/Platformer Assets/PNG/Backgrounds/colored_grass.png
  artifactKey: Guid(b3f4da07aa73f3842a8e6487c167d042) Importer(815301076,1909f56bfc062723c751e8b465ee728b)
Start importing Assets/Platformer Assets/PNG/Backgrounds/colored_grass.png using Guid(b3f4da07aa73f3842a8e6487c167d042) Importer(815301076,1909f56bfc062723c751e8b465ee728b)  -> (artifact id: 'c588c2b48c8806e36bfe00bcdadd1eca') in 0.016770 seconds
Number of updated asset objects reloaded before import = 0
Number of asset objects unloaded after import = 3
========================================================================
Received Import Request.
  Time since last request: 0.000023 seconds.
  path: Assets/Platformer Assets/PNG/Backgrounds/colored_shroom.png
  artifactKey: Guid(f9071ff7bc9cc724ba9f6a4ab52b41fc) Importer(815301076,1909f56bfc062723c751e8b465ee728b)
Start importing Assets/Platformer Assets/PNG/Backgrounds/colored_shroom.png using Guid(f9071ff7bc9cc724ba9f6a4ab52b41fc) Importer(815301076,1909f56bfc062723c751e8b465ee728b)  -> (artifact id: 'f91be07a1d88a0a2e17a5745b0fdf792') in 0.023172 seconds
Number of updated asset objects reloaded before import = 0
Number of asset objects unloaded after import = 3
========================================================================
Received Import Request.
  Time since last request: 3.128007 seconds.
  path: Assets/Platformer Assets/PNG/HUD/hud2.png
  artifactKey: Guid(fff1c5ba23cb84047bd4950c65e3404e) Importer(815301076,1909f56bfc062723c751e8b465ee728b)
Start importing Assets/Platformer Assets/PNG/HUD/hud2.png using Guid(fff1c5ba23cb84047bd4950c65e3404e) Importer(815301076,1909f56bfc062723c751e8b465ee728b)  -> (artifact id: '5b30fe73b4efdfb231351ff1c472f161') in 0.011677 seconds
Number of updated asset objects reloaded before import = 0
Number of asset objects unloaded after import = 3
========================================================================
Received Import Request.
  Time since last request: 0.010471 seconds.
  path: Assets/Platformer Assets/PNG/HUD/hud4.png
  artifactKey: Guid(7443fdf6d52b9554e8123a599c2ed05a) Importer(815301076,1909f56bfc062723c751e8b465ee728b)
Start importing Assets/Platformer Assets/PNG/HUD/hud4.png using Guid(7443fdf6d52b9554e8123a599c2ed05a) Importer(815301076,1909f56bfc062723c751e8b465ee728b)  -> (artifact id: '7e70fba10a3cbf04d6c630a225ee7434') in 0.012981 seconds
Number of updated asset objects reloaded before import = 0
Number of asset objects unloaded after import = 3
========================================================================
Received Import Request.
  Time since last request: 0.000016 seconds.
  path: Assets/Platformer Assets/PNG/HUD/hud6.png
  artifactKey: Guid(2146fc1e0deee33499a62776829c4bda) Importer(815301076,1909f56bfc062723c751e8b465ee728b)
Start importing Assets/Platformer Assets/PNG/HUD/hud6.png using Guid(2146fc1e0deee33499a62776829c4bda) Importer(815301076,1909f56bfc062723c751e8b465ee728b)  -> (artifact id: '9aaac6d9ea008b9925429e8018466d6a') in 0.013017 seconds
Number of updated asset objects reloaded before import = 0
Number of asset objects unloaded after import = 3
========================================================================
Received Import Request.
  Time since last request: 0.000018 seconds.
  path: Assets/Platformer Assets/PNG/HUD/hud8.png
  artifactKey: Guid(3a2be4e304c5bb2448f69d87454ff39f) Importer(815301076,1909f56bfc062723c751e8b465ee728b)
Start importing Assets/Platformer Assets/PNG/HUD/hud8.png using Guid(3a2be4e304c5bb2448f69d87454ff39f) Importer(815301076,1909f56bfc062723c751e8b465ee728b)  -> (artifact id: '7b4f8b780be655cbc251167aa95acf44') in 0.012124 seconds
Number of updated asset objects reloaded before import = 0
Number of asset objects unloaded after import = 3
========================================================================
Received Import Request.
  Time since last request: 0.000018 seconds.
  path: Assets/Platformer Assets/PNG/HUD/hudHeart_empty.png
  artifactKey: Guid(b6cbcd9b77374934592c272697abfb67) Importer(815301076,1909f56bfc062723c751e8b465ee728b)
Start importing Assets/Platformer Assets/PNG/HUD/hudHeart_empty.png using Guid(b6cbcd9b77374934592c272697abfb67) Importer(815301076,1909f56bfc062723c751e8b465ee728b)  -> (artifact id: '7b30f20933cef5db06a15bd48e2d748d') in 0.012105 seconds
Number of updated asset objects reloaded before import = 0
Number of asset objects unloaded after import = 3
========================================================================
Received Import Request.
  Time since last request: 0.000017 seconds.
  path: Assets/Platformer Assets/PNG/HUD/hudCoin.png
  artifactKey: Guid(d33f763a2be262a4f9e054eeee540c55) Importer(815301076,1909f56bfc062723c751e8b465ee728b)
Start importing Assets/Platformer Assets/PNG/HUD/hudCoin.png using Guid(d33f763a2be262a4f9e054eeee540c55) Importer(815301076,1909f56bfc062723c751e8b465ee728b)  -> (artifact id: '045cbd9bf93a4999510dd01976241af4') in 0.012602 seconds
Number of updated asset objects reloaded before import = 0
Number of asset objects unloaded after import = 3
========================================================================
Received Import Request.
  Time since last request: 0.000021 seconds.
  path: Assets/Platformer Assets/PNG/HUD/hudJewel_green.png
  artifactKey: Guid(54edcf0249dcd164f932a8db250330c7) Importer(815301076,1909f56bfc062723c751e8b465ee728b)
Start importing Assets/Platformer Assets/PNG/HUD/hudJewel_green.png using Guid(54edcf0249dcd164f932a8db250330c7) Importer(815301076,1909f56bfc062723c751e8b465ee728b)  -> (artifact id: '03c268064c9cf38cc8c0f351344544c6') in 0.012542 seconds
Number of updated asset objects reloaded before import = 0
Number of asset objects unloaded after import = 3
========================================================================
Received Import Request.
  Time since last request: 0.000018 seconds.
  path: Assets/Platformer Assets/PNG/HUD/hudJewel_green_empty.png
  artifactKey: Guid(1d314bb40a9c73f49b5b7ab7cd789db7) Importer(815301076,1909f56bfc062723c751e8b465ee728b)
Start importing Assets/Platformer Assets/PNG/HUD/hudJewel_green_empty.png using Guid(1d314bb40a9c73f49b5b7ab7cd789db7) Importer(815301076,1909f56bfc062723c751e8b465ee728b)  -> (artifact id: '935db43e93da890289fd322337781ec2') in 0.013600 seconds
Number of updated asset objects reloaded before import = 0
Number of asset objects unloaded after import = 3
========================================================================
Received Import Request.
  Time since last request: 0.000019 seconds.
  path: Assets/Platformer Assets/PNG/HUD/hudJewel_yellow_empty.png
  artifactKey: Guid(25252550113dbfc4c9248884832b1cfd) Importer(815301076,1909f56bfc062723c751e8b465ee728b)
Start importing Assets/Platformer Assets/PNG/HUD/hudJewel_yellow_empty.png using Guid(25252550113dbfc4c9248884832b1cfd) Importer(815301076,1909f56bfc062723c751e8b465ee728b)  -> (artifact id: 'f8b49ce541bc1cf522fc8043903cf201') in 0.013730 seconds
Number of updated asset objects reloaded before import = 0
Number of asset objects unloaded after import = 3
========================================================================
Received Import Request.
  Time since last request: 0.000017 seconds.
  path: Assets/Platformer Assets/PNG/HUD/hudKey_green.png
  artifactKey: Guid(a11e1e0b8cc5e67448887bac0b96779a) Importer(815301076,1909f56bfc062723c751e8b465ee728b)
Start importing Assets/Platformer Assets/PNG/HUD/hudKey_green.png using Guid(a11e1e0b8cc5e67448887bac0b96779a) Importer(815301076,1909f56bfc062723c751e8b465ee728b)  -> (artifact id: '86964ec9b11a2293a222b61ff8580c26') in 0.015155 seconds
Number of updated asset objects reloaded before import = 0
Number of asset objects unloaded after import = 3
========================================================================
Received Import Request.
  Time since last request: 0.000020 seconds.
  path: Assets/Platformer Assets/PNG/HUD/hudKey_red_empty.png
  artifactKey: Guid(3b784e86e10d3154e9e195ede13311f4) Importer(815301076,1909f56bfc062723c751e8b465ee728b)
Start importing Assets/Platformer Assets/PNG/HUD/hudKey_red_empty.png using Guid(3b784e86e10d3154e9e195ede13311f4) Importer(815301076,1909f56bfc062723c751e8b465ee728b)  -> (artifact id: 'e369353ffd72a0b8365583eab73cdb50') in 0.012061 seconds
Number of updated asset objects reloaded before import = 0
Number of asset objects unloaded after import = 3
========================================================================
Received Import Request.
  Time since last request: 0.000018 seconds.
  path: Assets/Platformer Assets/PNG/HUD/hudKey_yellow_empty.png
  artifactKey: Guid(3d5ed84e1acf3ef4cb11507b4982e302) Importer(815301076,1909f56bfc062723c751e8b465ee728b)
Start importing Assets/Platformer Assets/PNG/HUD/hudKey_yellow_empty.png using Guid(3d5ed84e1acf3ef4cb11507b4982e302) Importer(815301076,1909f56bfc062723c751e8b465ee728b)  -> (artifact id: '0e2b4ae8af96549ed3674948e11becc3') in 0.011955 seconds
Number of updated asset objects reloaded before import = 0
Number of asset objects unloaded after import = 3
========================================================================
Received Import Request.
  Time since last request: 0.002803 seconds.
  path: Assets/Platformer Assets/PNG/HUD/hudPlayer_green.png
  artifactKey: Guid(a667bbb4dcec46d4f8be684065aaa573) Importer(815301076,1909f56bfc062723c751e8b465ee728b)
Start importing Assets/Platformer Assets/PNG/HUD/hudPlayer_green.png using Guid(a667bbb4dcec46d4f8be684065aaa573) Importer(815301076,1909f56bfc062723c751e8b465ee728b)  -> (artifact id: 'f86e6db75ede8c6747c3af322b626ec3') in 0.013300 seconds
Number of updated asset objects reloaded before import = 0
Number of asset objects unloaded after import = 3
========================================================================
Received Import Request.
  Time since last request: 0.001481 seconds.
  path: Assets/Platformer Assets/PNG/HUD/hudX.png
  artifactKey: Guid(c81968f402b69e646933d7fad6088e65) Importer(815301076,1909f56bfc062723c751e8b465ee728b)
Start importing Assets/Platformer Assets/PNG/HUD/hudX.png using Guid(c81968f402b69e646933d7fad6088e65) Importer(815301076,1909f56bfc062723c751e8b465ee728b)  -> (artifact id: '9a9c58a5ce5ebf46a44d98bbb86e5844') in 0.016464 seconds
Number of updated asset objects reloaded before import = 0
Number of asset objects unloaded after import = 3
========================================================================
Received Import Request.
  Time since last request: 12.997425 seconds.
  path: Assets/Platformer Assets/PNG/Players/128x256/Green/alienGreen_front.png
  artifactKey: Guid(97191318d5935834798e6a431038b139) Importer(815301076,1909f56bfc062723c751e8b465ee728b)
Start importing Assets/Platformer Assets/PNG/Players/128x256/Green/alienGreen_front.png using Guid(97191318d5935834798e6a431038b139) Importer(815301076,1909f56bfc062723c751e8b465ee728b)  -> (artifact id: '5e6222bf54f414a5462137985b42f266') in 0.014725 seconds
Number of updated asset objects reloaded before import = 0
Number of asset objects unloaded after import = 3
========================================================================
Received Import Request.
  Time since last request: 0.001147 seconds.
  path: Assets/Platformer Assets/PNG/Players/128x256/Green/alienGreen_stand.png
  artifactKey: Guid(c4cadf483bbc76045b3865b89948a3ba) Importer(815301076,1909f56bfc062723c751e8b465ee728b)
Start importing Assets/Platformer Assets/PNG/Players/128x256/Green/alienGreen_stand.png using Guid(c4cadf483bbc76045b3865b89948a3ba) Importer(815301076,1909f56bfc062723c751e8b465ee728b)  -> (artifact id: 'af09e1bac85eb20b741a8e4f48918657') in 0.011024 seconds
Number of updated asset objects reloaded before import = 0
Number of asset objects unloaded after import = 3
========================================================================
Received Import Request.
  Time since last request: 0.005146 seconds.
  path: Assets/Platformer Assets/PNG/Players/128x256/Green/alienGreen_walk1.png
  artifactKey: Guid(1ac94d1b5fe1b3e42a546cc954e11693) Importer(815301076,1909f56bfc062723c751e8b465ee728b)
Start importing Assets/Platformer Assets/PNG/Players/128x256/Green/alienGreen_walk1.png using Guid(1ac94d1b5fe1b3e42a546cc954e11693) Importer(815301076,1909f56bfc062723c751e8b465ee728b)  -> (artifact id: 'd05b6e980ef25c824a729b58a48b7cce') in 0.015122 seconds
Number of updated asset objects reloaded before import = 0
Number of asset objects unloaded after import = 3
========================================================================
Received Import Request.
  Time since last request: 26.259761 seconds.
  path: Assets/BayatGames/Free Platform Game Assets/Environments/Environments/png/All/2x/Asset 3.png
  artifactKey: Guid(ac1d70707f98a4f41b0ce181c25614ab) Importer(815301076,1909f56bfc062723c751e8b465ee728b)
Start importing Assets/BayatGames/Free Platform Game Assets/Environments/Environments/png/All/2x/Asset 3.png using Guid(ac1d70707f98a4f41b0ce181c25614ab) Importer(815301076,1909f56bfc062723c751e8b465ee728b)  -> (artifact id: '2de1d3fbac02fa2d2dd4d39d6f4d8f0f') in 0.013662 seconds
Number of updated asset objects reloaded before import = 0
Number of asset objects unloaded after import = 3
========================================================================
Received Import Request.
  Time since last request: 0.019090 seconds.
  path: Assets/BayatGames/Free Platform Game Assets/Environments/Environments/png/All/2x/Asset 7.png
  artifactKey: Guid(a48f3a17787d5f64aaa159674a5bd0bc) Importer(815301076,1909f56bfc062723c751e8b465ee728b)
Start importing Assets/BayatGames/Free Platform Game Assets/Environments/Environments/png/All/2x/Asset 7.png using Guid(a48f3a17787d5f64aaa159674a5bd0bc) Importer(815301076,1909f56bfc062723c751e8b465ee728b)  -> (artifact id: '5f47fa62ab928d78915dca232e6e4fb3') in 0.011032 seconds
Number of updated asset objects reloaded before import = 0
Number of asset objects unloaded after import = 3
========================================================================
Received Import Request.
  Time since last request: 0.005077 seconds.
  path: Assets/BayatGames/Free Platform Game Assets/Environments/Environments/png/All/2x/Asset 10.png
  artifactKey: Guid(1843a3e9b91c82b42b9ffb55ddedc4bd) Importer(815301076,1909f56bfc062723c751e8b465ee728b)
Start importing Assets/BayatGames/Free Platform Game Assets/Environments/Environments/png/All/2x/Asset 10.png using Guid(1843a3e9b91c82b42b9ffb55ddedc4bd) Importer(815301076,1909f56bfc062723c751e8b465ee728b)  -> (artifact id: '14d629269c6d817240a1750c5da3377f') in 0.012757 seconds
Number of updated asset objects reloaded before import = 0
Number of asset objects unloaded after import = 3
========================================================================
Received Import Request.
  Time since last request: 0.002469 seconds.
  path: Assets/BayatGames/Free Platform Game Assets/Environments/Environments/png/All/2x/Asset 13.png
  artifactKey: Guid(a09def66ddbd2154d8527411fec4cf32) Importer(815301076,1909f56bfc062723c751e8b465ee728b)
Start importing Assets/BayatGames/Free Platform Game Assets/Environments/Environments/png/All/2x/Asset 13.png using Guid(a09def66ddbd2154d8527411fec4cf32) Importer(815301076,1909f56bfc062723c751e8b465ee728b)  -> (artifact id: '9e27cdd9a6b6b09d1502530403daf5eb') in 0.010695 seconds
Number of updated asset objects reloaded before import = 0
Number of asset objects unloaded after import = 3
Editor requested this worker to shutdown with reason: Scaling down because of idle timeout
TcpMessagingSession - receive error: operation aborted. errorcode: 995, details: ќпераци€ ввода/вывода была прервана из-за завершени€ потока команд или по запросу приложени€.
AssetImportWorker is now disconnected from the server
Process exiting
Exiting without the bug reporter. Application will terminate with return code 0