Using pre-set license
Built from '2022.3/staging' branch; Version is '2022.3.21f1 (bf09ca542b87) revision 12519882'; Using compiler version '192829333'; Build Type 'Release'
OS: 'Windows 10  (10.0.19045) 64bit Professional' Language: 'ru' Physical Memory: 16084 MB
BatchMode: 1, IsHumanControllingUs: 0, StartBugReporterOnCrash: 0, Is64bit: 1, IsPro: 1

COMMAND LINE ARGUMENTS:
C:\Program Files\Unity\Hub\Editor\2022.3.21f1\Editor\Unity.exe
-adb2
-batchMode
-noUpm
-name
AssetImportWorker4
-projectPath
C:/Users/sqrd/Desktop/Ludum56/SlimeAdventure
-logFile
Logs/AssetImportWorker4.log
-srvPort
57828
Successfully changed project path to: C:/Users/sqrd/Desktop/Ludum56/SlimeAdventure
C:/Users/sqrd/Desktop/Ludum56/SlimeAdventure
[UnityMemory] Configuration Parameters - Can be set up in boot.config
    "memorysetup-bucket-allocator-granularity=16"
    "memorysetup-bucket-allocator-bucket-count=8"
    "memorysetup-bucket-allocator-block-size=33554432"
    "memorysetup-bucket-allocator-block-count=8"
    "memorysetup-main-allocator-block-size=16777216"
    "memorysetup-thread-allocator-block-size=16777216"
    "memorysetup-gfx-main-allocator-block-size=16777216"
    "memorysetup-gfx-thread-allocator-block-size=16777216"
    "memorysetup-cache-allocator-block-size=4194304"
    "memorysetup-typetree-allocator-block-size=2097152"
    "memorysetup-profiler-bucket-allocator-granularity=16"
    "memorysetup-profiler-bucket-allocator-bucket-count=8"
    "memorysetup-profiler-bucket-allocator-block-size=33554432"
    "memorysetup-profiler-bucket-allocator-block-count=8"
    "memorysetup-profiler-allocator-block-size=16777216"
    "memorysetup-profiler-editor-allocator-block-size=1048576"
    "memorysetup-temp-allocator-size-main=16777216"
    "memorysetup-job-temp-allocator-block-size=2097152"
    "memorysetup-job-temp-allocator-block-size-background=1048576"
    "memorysetup-job-temp-allocator-reduction-small-platforms=262144"
    "memorysetup-allocator-temp-initial-block-size-main=262144"
    "memorysetup-allocator-temp-initial-block-size-worker=262144"
    "memorysetup-temp-allocator-size-background-worker=32768"
    "memorysetup-temp-allocator-size-job-worker=262144"
    "memorysetup-temp-allocator-size-preload-manager=33554432"
    "memorysetup-temp-allocator-size-nav-mesh-worker=65536"
    "memorysetup-temp-allocator-size-audio-worker=65536"
    "memorysetup-temp-allocator-size-cloud-worker=32768"
    "memorysetup-temp-allocator-size-gi-baking-worker=262144"
    "memorysetup-temp-allocator-size-gfx=262144"
Player connection [26972] Host "[IP] 192.168.194.193 [Port] 0 [Flags] 2 [Guid] 1850468211 [EditorId] 1850468211 [Version] 1048832 [Id] WindowsEditor(7,DESKTOP-IEF1DPH) [Debug] 1 [PackageName] WindowsEditor [ProjectName] Editor" joined multi-casting on [225.0.0.222:54997]...

Player connection [26972] Host "[IP] 192.168.194.193 [Port] 0 [Flags] 2 [Guid] 1850468211 [EditorId] 1850468211 [Version] 1048832 [Id] WindowsEditor(7,DESKTOP-IEF1DPH) [Debug] 1 [PackageName] WindowsEditor [ProjectName] Editor" joined alternative multi-casting on [225.0.0.222:34997]...

[Physics::Module] Initialized MultithreadedJobDispatcher with 19 workers.
Refreshing native plugins compatible for Editor in 19.40 ms, found 2 plugins.
Preloading 0 native plugins for Editor in 0.00 ms.
Initialize engine version: 2022.3.21f1 (bf09ca542b87)
[Subsystems] Discovering subsystems at path C:/Program Files/Unity/Hub/Editor/2022.3.21f1/Editor/Data/Resources/UnitySubsystems
[Subsystems] Discovering subsystems at path C:/Users/sqrd/Desktop/Ludum56/SlimeAdventure/Assets
GfxDevice: creating device client; threaded=0; jobified=0
Direct3D:
    Version:  Direct3D 11.0 [level 11.1]
    Renderer: NVIDIA GeForce GTX 1650 with Max-Q Design (ID=0x1f9d)
    Vendor:   NVIDIA
    VRAM:     3937 MB
    Driver:   32.0.15.6081
Initialize mono
Mono path[0] = 'C:/Program Files/Unity/Hub/Editor/2022.3.21f1/Editor/Data/Managed'
Mono path[1] = 'C:/Program Files/Unity/Hub/Editor/2022.3.21f1/Editor/Data/MonoBleedingEdge/lib/mono/unityjit-win32'
Mono config path = 'C:/Program Files/Unity/Hub/Editor/2022.3.21f1/Editor/Data/MonoBleedingEdge/etc'
Using monoOptions --debugger-agent=transport=dt_socket,embedding=1,server=y,suspend=n,address=127.0.0.1:56888
Begin MonoManager ReloadAssembly
Registering precompiled unity dll's ...
Register platform support module: C:/Program Files/Unity/Hub/Editor/2022.3.21f1/Editor/Data/PlaybackEngines/WindowsStandaloneSupport/UnityEditor.WindowsStandalone.Extensions.dll
Registered in 0.009273 seconds.
- Loaded All Assemblies, in  0.370 seconds
Native extension for WindowsStandalone target not found
Mono: successfully reloaded assembly
- Finished resetting the current domain, in  0.288 seconds
Domain Reload Profiling: 656ms
	BeginReloadAssembly (116ms)
		ExecutionOrderSort (0ms)
		DisableScriptedObjects (0ms)
		BackupInstance (0ms)
		ReleaseScriptingObjects (0ms)
		CreateAndSetChildDomain (1ms)
	RebuildCommonClasses (34ms)
	RebuildNativeTypeToScriptingClass (12ms)
	initialDomainReloadingComplete (66ms)
	LoadAllAssembliesAndSetupDomain (140ms)
		LoadAssemblies (115ms)
		RebuildTransferFunctionScriptingTraits (0ms)
		AnalyzeDomain (138ms)
			TypeCache.Refresh (137ms)
				TypeCache.ScanAssembly (123ms)
			ScanForSourceGeneratedMonoScriptInfo (0ms)
			ResolveRequiredComponents (0ms)
	FinalizeReload (288ms)
		ReleaseScriptCaches (0ms)
		RebuildScriptCaches (0ms)
		SetupLoadedEditorAssemblies (225ms)
			LogAssemblyErrors (0ms)
			InitializePlatformSupportModulesInManaged (10ms)
			SetLoadedEditorAssemblies (8ms)
			RefreshPlugins (0ms)
			BeforeProcessingInitializeOnLoad (2ms)
			ProcessInitializeOnLoadAttributes (155ms)
			ProcessInitializeOnLoadMethodAttributes (50ms)
			AfterProcessingInitializeOnLoad (0ms)
			EditorAssembliesLoaded (0ms)
		ExecutionOrderSort2 (0ms)
		AwakeInstancesAfterBackupRestoration (0ms)
========================================================================
Worker process is ready to serve import requests
Begin MonoManager ReloadAssembly
Symbol file LoadedFromMemory is not a mono symbol file
- Loaded All Assemblies, in  0.623 seconds
Refreshing native plugins compatible for Editor in 8.47 ms, found 2 plugins.
Native extension for WindowsStandalone target not found
Package Manager log level set to [2]
[Package Manager] Server::EnsureServerProcessIsRunning -- launch failed, reason: Unity was launched with the -noUpm command-line argument
[Package Manager] UpmClient::Send -- Unable to send message (not connected to UPM process).
[Package Manager] Cannot connect to Unity Package Manager local server
Mono: successfully reloaded assembly
- Finished resetting the current domain, in  0.733 seconds
Domain Reload Profiling: 1353ms
	BeginReloadAssembly (150ms)
		ExecutionOrderSort (0ms)
		DisableScriptedObjects (6ms)
		BackupInstance (0ms)
		ReleaseScriptingObjects (0ms)
		CreateAndSetChildDomain (20ms)
	RebuildCommonClasses (32ms)
	RebuildNativeTypeToScriptingClass (11ms)
	initialDomainReloadingComplete (46ms)
	LoadAllAssembliesAndSetupDomain (380ms)
		LoadAssemblies (313ms)
		RebuildTransferFunctionScriptingTraits (0ms)
		AnalyzeDomain (150ms)
			TypeCache.Refresh (125ms)
				TypeCache.ScanAssembly (108ms)
			ScanForSourceGeneratedMonoScriptInfo (21ms)
			ResolveRequiredComponents (3ms)
	FinalizeReload (734ms)
		ReleaseScriptCaches (0ms)
		RebuildScriptCaches (0ms)
		SetupLoadedEditorAssemblies (574ms)
			LogAssemblyErrors (0ms)
			InitializePlatformSupportModulesInManaged (7ms)
			SetLoadedEditorAssemblies (4ms)
			RefreshPlugins (0ms)
			BeforeProcessingInitializeOnLoad (65ms)
			ProcessInitializeOnLoadAttributes (321ms)
			ProcessInitializeOnLoadMethodAttributes (168ms)
			AfterProcessingInitializeOnLoad (8ms)
			EditorAssembliesLoaded (0ms)
		ExecutionOrderSort2 (0ms)
		AwakeInstancesAfterBackupRestoration (8ms)
Launched and connected shader compiler UnityShaderCompiler.exe after 0.04 seconds
Refreshing native plugins compatible for Editor in 6.15 ms, found 2 plugins.
Preloading 0 native plugins for Editor in 0.00 ms.
Unloading 2550 Unused Serialized files (Serialized files now loaded: 0)
Unloading 67 unused Assets / (72.9 KB). Loaded Objects now: 2986.
Memory consumption went from 109.9 MB to 109.8 MB.
Total: 4.912300 ms (FindLiveObjects: 0.155200 ms CreateObjectMapping: 0.071500 ms MarkObjects: 4.507500 ms  DeleteObjects: 0.176700 ms)

AssetImportParameters requested are different than current active one (requested -> active):
  custom:video-decoder-webm-vp8: 9c59270c3fd7afecdb556c50c9e8de78 -> 
  custom:SearchIndexIgnoredProperties: e643bd26f0fe6173181afceb89e7c659 -> 
  custom:container-demuxer-ogg: 62fdf1f143b41e24485cea50d1cbac27 -> 
  custom:AudioImporter_EditorPlatform: d09bf68614088b80899f8185d706f6e7 -> 
  custom:video-decoder-ogg-theora: a1e56fd34408186e4bbccfd4996cb3dc -> 
  custom:framework-win-MediaFoundation: 216162199b28c13a410421893ffa2e32 -> 
  custom:video-encoder-webm-vp8: eb34c28f22e8b96e1ab97ce403110664 -> 
  custom:audio-decoder-ogg-vorbis: bf7c407c2cedff20999df2af8eb42d56 -> 
  custom:CustomObjectIndexerAttribute: 9a22284fe3817be447336de3de66b15e -> 
  custom:container-demuxer-webm: 4f35f7cbe854078d1ac9338744f61a02 -> 
  custom:audio-encoder-webm-vorbis: bf7c407c2cedff20999df2af8eb42d56 -> 
  custom:container-muxer-webm: aa71ff27fc2769a1b78a27578f13a17b -> 
========================================================================
Received Import Request.
  Time since last request: 311143.676183 seconds.
  path: Assets/Knight Files
  artifactKey: Guid(5eaeeefd08811764f80cc17918a5151a) Importer(815301076,1909f56bfc062723c751e8b465ee728b)
Start importing Assets/Knight Files using Guid(5eaeeefd08811764f80cc17918a5151a) Importer(815301076,1909f56bfc062723c751e8b465ee728b)  -> (artifact id: '18b8823525fab17cf2c123a56ecb9544') in 0.007649 seconds
Number of updated asset objects reloaded before import = 0
Number of asset objects unloaded after import = 0
========================================================================
Received Import Request.
  Time since last request: 1.208679 seconds.
  path: Assets/Knight Files/Effect & FireBalls
  artifactKey: Guid(a9983a7d122bde041af3fab9b4bf30e8) Importer(815301076,1909f56bfc062723c751e8b465ee728b)
Start importing Assets/Knight Files/Effect & FireBalls using Guid(a9983a7d122bde041af3fab9b4bf30e8) Importer(815301076,1909f56bfc062723c751e8b465ee728b)  -> (artifact id: '8c3ea59e69084a4e829740f74f22f721') in 0.000754 seconds
Number of updated asset objects reloaded before import = 0
Number of asset objects unloaded after import = 0
========================================================================
Received Import Request.
  Time since last request: 0.059622 seconds.
  path: Assets/Knight Files/Effect & FireBalls/dashwind_01.png
  artifactKey: Guid(ba8204987081496419081ce78d6917db) Importer(815301076,1909f56bfc062723c751e8b465ee728b)
Start importing Assets/Knight Files/Effect & FireBalls/dashwind_01.png using Guid(ba8204987081496419081ce78d6917db) Importer(815301076,1909f56bfc062723c751e8b465ee728b)  -> (artifact id: '68d9f6ce8a3e8ec60362ef552ca8b7f9') in 0.110217 seconds
Number of updated asset objects reloaded before import = 0
Number of asset objects unloaded after import = 3
========================================================================
Received Import Request.
  Time since last request: 0.000022 seconds.
  path: Assets/Knight Files/Effect & FireBalls/explosion_01.png
  artifactKey: Guid(293276643bb2ddd408d9145f15db23e2) Importer(815301076,1909f56bfc062723c751e8b465ee728b)
Start importing Assets/Knight Files/Effect & FireBalls/explosion_01.png using Guid(293276643bb2ddd408d9145f15db23e2) Importer(815301076,1909f56bfc062723c751e8b465ee728b)  -> (artifact id: 'ff354037940d8a73136cd3d157b7c964') in 0.032201 seconds
Number of updated asset objects reloaded before import = 0
Number of asset objects unloaded after import = 3
========================================================================
Received Import Request.
  Time since last request: 6.288449 seconds.
  path: Assets/Platformer2 Assets
  artifactKey: Guid(8148ef43602f1dc4186a28ee25c001fc) Importer(815301076,1909f56bfc062723c751e8b465ee728b)
Start importing Assets/Platformer2 Assets using Guid(8148ef43602f1dc4186a28ee25c001fc) Importer(815301076,1909f56bfc062723c751e8b465ee728b)  -> (artifact id: '23d8963afb7880dbbd1d3a83285c377f') in 0.000909 seconds
Number of updated asset objects reloaded before import = 0
Number of asset objects unloaded after import = 0
========================================================================
Received Import Request.
  Time since last request: 0.076391 seconds.
  path: Assets/Platformer2 Assets/Preview.png
  artifactKey: Guid(f73b7079d007b594d83afbaa5d3c69da) Importer(815301076,1909f56bfc062723c751e8b465ee728b)
Start importing Assets/Platformer2 Assets/Preview.png using Guid(f73b7079d007b594d83afbaa5d3c69da) Importer(815301076,1909f56bfc062723c751e8b465ee728b)  -> (artifact id: '3b00e002704461d45b51132793fc746f') in 0.037477 seconds
Number of updated asset objects reloaded before import = 0
Number of asset objects unloaded after import = 3
========================================================================
Received Import Request.
  Time since last request: 3.966713 seconds.
  path: Assets/Platformer2 Assets/License.txt
  artifactKey: Guid(3075e33859a54fb428aaf9164d4efe06) Importer(815301076,1909f56bfc062723c751e8b465ee728b)
Start importing Assets/Platformer2 Assets/License.txt using Guid(3075e33859a54fb428aaf9164d4efe06) Importer(815301076,1909f56bfc062723c751e8b465ee728b)  -> (artifact id: '7a39f7b6f8d9a7a2e5eb4665f8fea184') in 0.001123 seconds
Number of updated asset objects reloaded before import = 0
Number of asset objects unloaded after import = 1
========================================================================
Received Import Request.
  Time since last request: 66.870329 seconds.
  path: Assets/Platformer2 Assets/Vector
  artifactKey: Guid(6a6f58bb9adb89645aa04c3a3d9cda6c) Importer(815301076,1909f56bfc062723c751e8b465ee728b)
Start importing Assets/Platformer2 Assets/Vector using Guid(6a6f58bb9adb89645aa04c3a3d9cda6c) Importer(815301076,1909f56bfc062723c751e8b465ee728b)  -> (artifact id: '419791dee14c1b05b8c282bea243e984') in 0.000514 seconds
Number of updated asset objects reloaded before import = 0
Number of asset objects unloaded after import = 0
========================================================================
Received Import Request.
  Time since last request: 22.227788 seconds.
  path: Assets/Platformer2 Assets/PNG
  artifactKey: Guid(34885a4cdff7f754a800d0b2c1c4cc24) Importer(815301076,1909f56bfc062723c751e8b465ee728b)
Start importing Assets/Platformer2 Assets/PNG using Guid(34885a4cdff7f754a800d0b2c1c4cc24) Importer(815301076,1909f56bfc062723c751e8b465ee728b)  -> (artifact id: '3cc0da3b3285066a471a77fbf0235c53') in 0.000509 seconds
Number of updated asset objects reloaded before import = 0
Number of asset objects unloaded after import = 0
========================================================================
Received Import Request.
  Time since last request: 1.182891 seconds.
  path: Assets/Platformer2 Assets/PNG/Characters
  artifactKey: Guid(a9b73c97b45d43145bd41828aaccad40) Importer(815301076,1909f56bfc062723c751e8b465ee728b)
Start importing Assets/Platformer2 Assets/PNG/Characters using Guid(a9b73c97b45d43145bd41828aaccad40) Importer(815301076,1909f56bfc062723c751e8b465ee728b)  -> (artifact id: 'e2ab7e20d70fb9c2255e78a8b5b2280d') in 0.000781 seconds
Number of updated asset objects reloaded before import = 0
Number of asset objects unloaded after import = 0
========================================================================
Received Import Request.
  Time since last request: 0.092128 seconds.
  path: Assets/Platformer2 Assets/PNG/Characters/platformChar_climb1.png
  artifactKey: Guid(3ccd5f37d0950ee44a11f1b9478ba507) Importer(815301076,1909f56bfc062723c751e8b465ee728b)
Start importing Assets/Platformer2 Assets/PNG/Characters/platformChar_climb1.png using Guid(3ccd5f37d0950ee44a11f1b9478ba507) Importer(815301076,1909f56bfc062723c751e8b465ee728b)  -> (artifact id: '51c39df82728f4c303038f09b58dab3d') in 0.017076 seconds
Number of updated asset objects reloaded before import = 0
Number of asset objects unloaded after import = 3
========================================================================
Received Import Request.
  Time since last request: 0.000017 seconds.
  path: Assets/Platformer2 Assets/PNG/Characters/platformChar_duck.png
  artifactKey: Guid(ffc206fb30ecef2418df1459d499355e) Importer(815301076,1909f56bfc062723c751e8b465ee728b)
Start importing Assets/Platformer2 Assets/PNG/Characters/platformChar_duck.png using Guid(ffc206fb30ecef2418df1459d499355e) Importer(815301076,1909f56bfc062723c751e8b465ee728b)  -> (artifact id: 'b7e71480db65046bce7f5bc04cd8bd6c') in 0.014957 seconds
Number of updated asset objects reloaded before import = 0
Number of asset objects unloaded after import = 3
========================================================================
Received Import Request.
  Time since last request: 0.008010 seconds.
  path: Assets/Platformer2 Assets/PNG/Characters/platformChar_jump.png
  artifactKey: Guid(7a89bf5187eae29469fa4a5afc79f7a1) Importer(815301076,1909f56bfc062723c751e8b465ee728b)
Start importing Assets/Platformer2 Assets/PNG/Characters/platformChar_jump.png using Guid(7a89bf5187eae29469fa4a5afc79f7a1) Importer(815301076,1909f56bfc062723c751e8b465ee728b)  -> (artifact id: '33b31bae1d835ea869b5b4d314dabe84') in 0.019158 seconds
Number of updated asset objects reloaded before import = 0
Number of asset objects unloaded after import = 3
========================================================================
Received Import Request.
  Time since last request: 0.000018 seconds.
  path: Assets/Platformer2 Assets/PNG/Characters/platformChar_happy.png
  artifactKey: Guid(3f903629d18a2904e926ca2b18b78780) Importer(815301076,1909f56bfc062723c751e8b465ee728b)
Start importing Assets/Platformer2 Assets/PNG/Characters/platformChar_happy.png using Guid(3f903629d18a2904e926ca2b18b78780) Importer(815301076,1909f56bfc062723c751e8b465ee728b)  -> (artifact id: 'dda2a90d6864006cd6ffddcb16291927') in 0.022213 seconds
Number of updated asset objects reloaded before import = 0
Number of asset objects unloaded after import = 3
========================================================================
Received Import Request.
  Time since last request: 8.845368 seconds.
  path: Assets/Platformer Assets/Changes.png
  artifactKey: Guid(498d549a7ba48db48832d2072ac64795) Importer(815301076,1909f56bfc062723c751e8b465ee728b)
Start importing Assets/Platformer Assets/Changes.png using Guid(498d549a7ba48db48832d2072ac64795) Importer(815301076,1909f56bfc062723c751e8b465ee728b)  -> (artifact id: '8cae96fb438cf32e158b2545c30590de') in 0.021619 seconds
Number of updated asset objects reloaded before import = 0
Number of asset objects unloaded after import = 3
========================================================================
Received Import Request.
  Time since last request: 0.006586 seconds.
  path: Assets/Platformer Assets/Sample1.png
  artifactKey: Guid(e7dc282798ff1524bb22f6127c9dc7d5) Importer(815301076,1909f56bfc062723c751e8b465ee728b)
Start importing Assets/Platformer Assets/Sample1.png using Guid(e7dc282798ff1524bb22f6127c9dc7d5) Importer(815301076,1909f56bfc062723c751e8b465ee728b)  -> (artifact id: 'ea5eee8a7b0fd7e0c52ea0ef55e6b35d') in 0.029627 seconds
Number of updated asset objects reloaded before import = 0
Number of asset objects unloaded after import = 3
========================================================================
Received Prepare
Begin MonoManager ReloadAssembly
Symbol file LoadedFromMemory is not a mono symbol file
- Loaded All Assemblies, in  0.524 seconds
Refreshing native plugins compatible for Editor in 9.82 ms, found 2 plugins.
Native extension for WindowsStandalone target not found
[Package Manager] Server::EnsureServerProcessIsRunning -- launch failed, reason: Unity was launched with the -noUpm command-line argument
[Package Manager] UpmClient::Send -- Unable to send message (not connected to UPM process).
[Package Manager] Cannot connect to Unity Package Manager local server
Mono: successfully reloaded assembly
- Finished resetting the current domain, in  1.018 seconds
Domain Reload Profiling: 1537ms
	BeginReloadAssembly (164ms)
		ExecutionOrderSort (0ms)
		DisableScriptedObjects (7ms)
		BackupInstance (0ms)
		ReleaseScriptingObjects (0ms)
		CreateAndSetChildDomain (36ms)
	RebuildCommonClasses (34ms)
	RebuildNativeTypeToScriptingClass (12ms)
	initialDomainReloadingComplete (33ms)
	LoadAllAssembliesAndSetupDomain (276ms)
		LoadAssemblies (353ms)
		RebuildTransferFunctionScriptingTraits (0ms)
		AnalyzeDomain (12ms)
			TypeCache.Refresh (6ms)
				TypeCache.ScanAssembly (0ms)
			ScanForSourceGeneratedMonoScriptInfo (0ms)
			ResolveRequiredComponents (5ms)
	FinalizeReload (1018ms)
		ReleaseScriptCaches (0ms)
		RebuildScriptCaches (0ms)
		SetupLoadedEditorAssemblies (593ms)
			LogAssemblyErrors (0ms)
			InitializePlatformSupportModulesInManaged (9ms)
			SetLoadedEditorAssemblies (4ms)
			RefreshPlugins (0ms)
			BeforeProcessingInitializeOnLoad (70ms)
			ProcessInitializeOnLoadAttributes (330ms)
			ProcessInitializeOnLoadMethodAttributes (172ms)
			AfterProcessingInitializeOnLoad (8ms)
			EditorAssembliesLoaded (0ms)
		ExecutionOrderSort2 (0ms)
		AwakeInstancesAfterBackupRestoration (8ms)
Refreshing native plugins compatible for Editor in 11.57 ms, found 2 plugins.
Preloading 0 native plugins for Editor in 0.00 ms.
Unloading 2543 Unused Serialized files (Serialized files now loaded: 0)
Unloading 56 unused Assets / (47.0 KB). Loaded Objects now: 3001.
Memory consumption went from 115.1 MB to 115.0 MB.
Total: 6.346300 ms (FindLiveObjects: 0.220100 ms CreateObjectMapping: 0.066900 ms MarkObjects: 5.984800 ms  DeleteObjects: 0.073100 ms)

Prepare: number of updated asset objects reloaded= 0
AssetImportParameters requested are different than current active one (requested -> active):
  custom:video-decoder-webm-vp8: 9c59270c3fd7afecdb556c50c9e8de78 -> 
  custom:SearchIndexIgnoredProperties: e643bd26f0fe6173181afceb89e7c659 -> 
  custom:container-demuxer-ogg: 62fdf1f143b41e24485cea50d1cbac27 -> 
  custom:AudioImporter_EditorPlatform: d09bf68614088b80899f8185d706f6e7 -> 
  custom:video-decoder-ogg-theora: a1e56fd34408186e4bbccfd4996cb3dc -> 
  custom:framework-win-MediaFoundation: 216162199b28c13a410421893ffa2e32 -> 
  custom:video-encoder-webm-vp8: eb34c28f22e8b96e1ab97ce403110664 -> 
  custom:audio-decoder-ogg-vorbis: bf7c407c2cedff20999df2af8eb42d56 -> 
  custom:CustomObjectIndexerAttribute: 9a22284fe3817be447336de3de66b15e -> 
  custom:container-demuxer-webm: 4f35f7cbe854078d1ac9338744f61a02 -> 
  custom:audio-encoder-webm-vorbis: bf7c407c2cedff20999df2af8eb42d56 -> 
  custom:container-muxer-webm: aa71ff27fc2769a1b78a27578f13a17b -> 
========================================================================
Received Import Request.
  Time since last request: 57.870854 seconds.
  path: Assets/Fonts/kenpixel.ttf
  artifactKey: Guid(c2d786b017247b14182499967ea1f868) Importer(815301076,1909f56bfc062723c751e8b465ee728b)
Start importing Assets/Fonts/kenpixel.ttf using Guid(c2d786b017247b14182499967ea1f868) Importer(815301076,1909f56bfc062723c751e8b465ee728b)  -> (artifact id: '63c3be9a6fe4a33050fea01a3671d48f') in 0.109538 seconds
Number of updated asset objects reloaded before import = 0
Number of asset objects unloaded after import = 4
========================================================================
Received Import Request.
  Time since last request: 0.000021 seconds.
  path: Assets/Fonts/kenvector_future.ttf
  artifactKey: Guid(a4691c1e3ada949439e58264d9787e67) Importer(815301076,1909f56bfc062723c751e8b465ee728b)
Start importing Assets/Fonts/kenvector_future.ttf using Guid(a4691c1e3ada949439e58264d9787e67) Importer(815301076,1909f56bfc062723c751e8b465ee728b)  -> (artifact id: '1e802f72fff71189fcd286bb825d0626') in 0.010500 seconds
Number of updated asset objects reloaded before import = 0
Number of asset objects unloaded after import = 4
========================================================================
Received Import Request.
  Time since last request: 0.000015 seconds.
  path: Assets/Fonts/kenpixel_future_square.ttf
  artifactKey: Guid(987a29fab1ee01f4ea7feaf6c1f76d60) Importer(815301076,1909f56bfc062723c751e8b465ee728b)
Start importing Assets/Fonts/kenpixel_future_square.ttf using Guid(987a29fab1ee01f4ea7feaf6c1f76d60) Importer(815301076,1909f56bfc062723c751e8b465ee728b)  -> (artifact id: 'cd279cc37699bb3fede8579c7840c420') in 0.010199 seconds
Number of updated asset objects reloaded before import = 0
Number of asset objects unloaded after import = 4
========================================================================
Received Import Request.
  Time since last request: 0.000012 seconds.
  path: Assets/Fonts/kenpixel_high.ttf
  artifactKey: Guid(53536e328cbaa3f46bd64848ba0c0b7e) Importer(815301076,1909f56bfc062723c751e8b465ee728b)
Start importing Assets/Fonts/kenpixel_high.ttf using Guid(53536e328cbaa3f46bd64848ba0c0b7e) Importer(815301076,1909f56bfc062723c751e8b465ee728b)  -> (artifact id: 'db9724c6eb1f8de80cd17c5392e8dc40') in 0.012452 seconds
Number of updated asset objects reloaded before import = 0
Number of asset objects unloaded after import = 4
Editor requested this worker to shutdown with reason: Scaling down because of idle timeout
TcpMessagingSession - receive error: operation aborted. errorcode: 995, details: ќпераци€ ввода/вывода была прервана из-за завершени€ потока команд или по запросу приложени€.
AssetImportWorker is now disconnected from the server
Process exiting
Exiting without the bug reporter. Application will terminate with return code 0