Using pre-set license
Built from '2022.3/staging' branch; Version is '2022.3.21f1 (bf09ca542b87) revision 12519882'; Using compiler version '192829333'; Build Type 'Release'
OS: 'Windows 11  (10.0.22631) 64bit Professional' Language: 'ru' Physical Memory: 15773 MB
BatchMode: 1, IsHumanControllingUs: 0, StartBugReporterOnCrash: 0, Is64bit: 1, IsPro: 1

COMMAND LINE ARGUMENTS:
C:\Unity\Editor\2022.3.21f1\Editor\Unity.exe
-adb2
-batchMode
-noUpm
-name
AssetImportWorker19
-projectPath
C:/Users/Andrei/Desktop/Unity_Projects/Ludum56/SlimeAdventure
-logFile
Logs/AssetImportWorker19.log
-srvPort
49226
Successfully changed project path to: C:/Users/Andrei/Desktop/Unity_Projects/Ludum56/SlimeAdventure
C:/Users/Andrei/Desktop/Unity_Projects/Ludum56/SlimeAdventure
[UnityMemory] Configuration Parameters - Can be set up in boot.config
    "memorysetup-bucket-allocator-granularity=16"
    "memorysetup-bucket-allocator-bucket-count=8"
    "memorysetup-bucket-allocator-block-size=33554432"
    "memorysetup-bucket-allocator-block-count=8"
    "memorysetup-main-allocator-block-size=16777216"
    "memorysetup-thread-allocator-block-size=16777216"
    "memorysetup-gfx-main-allocator-block-size=16777216"
    "memorysetup-gfx-thread-allocator-block-size=16777216"
    "memorysetup-cache-allocator-block-size=4194304"
    "memorysetup-typetree-allocator-block-size=2097152"
    "memorysetup-profiler-bucket-allocator-granularity=16"
    "memorysetup-profiler-bucket-allocator-bucket-count=8"
    "memorysetup-profiler-bucket-allocator-block-size=33554432"
    "memorysetup-profiler-bucket-allocator-block-count=8"
    "memorysetup-profiler-allocator-block-size=16777216"
    "memorysetup-profiler-editor-allocator-block-size=1048576"
    "memorysetup-temp-allocator-size-main=16777216"
    "memorysetup-job-temp-allocator-block-size=2097152"
    "memorysetup-job-temp-allocator-block-size-background=1048576"
    "memorysetup-job-temp-allocator-reduction-small-platforms=262144"
    "memorysetup-allocator-temp-initial-block-size-main=262144"
    "memorysetup-allocator-temp-initial-block-size-worker=262144"
    "memorysetup-temp-allocator-size-background-worker=32768"
    "memorysetup-temp-allocator-size-job-worker=262144"
    "memorysetup-temp-allocator-size-preload-manager=33554432"
    "memorysetup-temp-allocator-size-nav-mesh-worker=65536"
    "memorysetup-temp-allocator-size-audio-worker=65536"
    "memorysetup-temp-allocator-size-cloud-worker=32768"
    "memorysetup-temp-allocator-size-gi-baking-worker=262144"
    "memorysetup-temp-allocator-size-gfx=262144"
Player connection [35232] Host "[IP] 192.168.0.252 [Port] 0 [Flags] 2 [Guid] 3868639684 [EditorId] 3868639684 [Version] 1048832 [Id] WindowsEditor(7,DESKTOP-EQJJ33K) [Debug] 1 [PackageName] WindowsEditor [ProjectName] Editor" joined multi-casting on [225.0.0.222:54997]...

Player connection [35232] Host "[IP] 192.168.0.252 [Port] 0 [Flags] 2 [Guid] 3868639684 [EditorId] 3868639684 [Version] 1048832 [Id] WindowsEditor(7,DESKTOP-EQJJ33K) [Debug] 1 [PackageName] WindowsEditor [ProjectName] Editor" joined alternative multi-casting on [225.0.0.222:34997]...

[Physics::Module] Initialized MultithreadedJobDispatcher with 15 workers.
Refreshing native plugins compatible for Editor in 21.87 ms, found 2 plugins.
Preloading 0 native plugins for Editor in 0.00 ms.
Initialize engine version: 2022.3.21f1 (bf09ca542b87)
[Subsystems] Discovering subsystems at path C:/Unity/Editor/2022.3.21f1/Editor/Data/Resources/UnitySubsystems
[Subsystems] Discovering subsystems at path C:/Users/Andrei/Desktop/Unity_Projects/Ludum56/SlimeAdventure/Assets
GfxDevice: creating device client; threaded=0; jobified=0
Direct3D:
    Version:  Direct3D 11.0 [level 11.1]
    Renderer: AMD Radeon (TM) Graphics (ID=0x15e7)
    Vendor:   ATI
    VRAM:     7886 MB
    Driver:   31.0.12046.24001
Initialize mono
Mono path[0] = 'C:/Unity/Editor/2022.3.21f1/Editor/Data/Managed'
Mono path[1] = 'C:/Unity/Editor/2022.3.21f1/Editor/Data/MonoBleedingEdge/lib/mono/unityjit-win32'
Mono config path = 'C:/Unity/Editor/2022.3.21f1/Editor/Data/MonoBleedingEdge/etc'
Using monoOptions --debugger-agent=transport=dt_socket,embedding=1,server=y,suspend=n,address=127.0.0.1:56224
Begin MonoManager ReloadAssembly
Registering precompiled unity dll's ...
Register platform support module: C:/Unity/Editor/2022.3.21f1/Editor/Data/PlaybackEngines/WindowsStandaloneSupport/UnityEditor.WindowsStandalone.Extensions.dll
Registered in 0.007517 seconds.
- Loaded All Assemblies, in  0.524 seconds
Native extension for WindowsStandalone target not found
Mono: successfully reloaded assembly
- Finished resetting the current domain, in  0.420 seconds
Domain Reload Profiling: 942ms
	BeginReloadAssembly (142ms)
		ExecutionOrderSort (0ms)
		DisableScriptedObjects (0ms)
		BackupInstance (0ms)
		ReleaseScriptingObjects (0ms)
		CreateAndSetChildDomain (1ms)
	RebuildCommonClasses (56ms)
	RebuildNativeTypeToScriptingClass (18ms)
	initialDomainReloadingComplete (77ms)
	LoadAllAssembliesAndSetupDomain (229ms)
		LoadAssemblies (140ms)
		RebuildTransferFunctionScriptingTraits (0ms)
		AnalyzeDomain (226ms)
			TypeCache.Refresh (224ms)
				TypeCache.ScanAssembly (202ms)
			ScanForSourceGeneratedMonoScriptInfo (1ms)
			ResolveRequiredComponents (1ms)
	FinalizeReload (420ms)
		ReleaseScriptCaches (0ms)
		RebuildScriptCaches (0ms)
		SetupLoadedEditorAssemblies (332ms)
			LogAssemblyErrors (0ms)
			InitializePlatformSupportModulesInManaged (13ms)
			SetLoadedEditorAssemblies (13ms)
			RefreshPlugins (0ms)
			BeforeProcessingInitializeOnLoad (3ms)
			ProcessInitializeOnLoadAttributes (218ms)
			ProcessInitializeOnLoadMethodAttributes (86ms)
			AfterProcessingInitializeOnLoad (0ms)
			EditorAssembliesLoaded (0ms)
		ExecutionOrderSort2 (0ms)
		AwakeInstancesAfterBackupRestoration (0ms)
========================================================================
Worker process is ready to serve import requests
Begin MonoManager ReloadAssembly
Symbol file LoadedFromMemory is not a mono symbol file
- Loaded All Assemblies, in  0.919 seconds
Refreshing native plugins compatible for Editor in 12.55 ms, found 2 plugins.
Native extension for WindowsStandalone target not found
Package Manager log level set to [2]
[Package Manager] Server::EnsureServerProcessIsRunning -- launch failed, reason: Unity was launched with the -noUpm command-line argument
[Package Manager] UpmClient::Send -- Unable to send message (not connected to UPM process).
[Package Manager] Cannot connect to Unity Package Manager local server
Mono: successfully reloaded assembly
- Finished resetting the current domain, in  1.028 seconds
Domain Reload Profiling: 1943ms
	BeginReloadAssembly (218ms)
		ExecutionOrderSort (0ms)
		DisableScriptedObjects (7ms)
		BackupInstance (0ms)
		ReleaseScriptingObjects (0ms)
		CreateAndSetChildDomain (30ms)
	RebuildCommonClasses (51ms)
	RebuildNativeTypeToScriptingClass (13ms)
	initialDomainReloadingComplete (56ms)
	LoadAllAssembliesAndSetupDomain (576ms)
		LoadAssemblies (503ms)
		RebuildTransferFunctionScriptingTraits (0ms)
		AnalyzeDomain (208ms)
			TypeCache.Refresh (175ms)
				TypeCache.ScanAssembly (147ms)
			ScanForSourceGeneratedMonoScriptInfo (27ms)
			ResolveRequiredComponents (4ms)
	FinalizeReload (1029ms)
		ReleaseScriptCaches (0ms)
		RebuildScriptCaches (0ms)
		SetupLoadedEditorAssemblies (844ms)
			LogAssemblyErrors (0ms)
			InitializePlatformSupportModulesInManaged (7ms)
			SetLoadedEditorAssemblies (6ms)
			RefreshPlugins (0ms)
			BeforeProcessingInitializeOnLoad (85ms)
			ProcessInitializeOnLoadAttributes (473ms)
			ProcessInitializeOnLoadMethodAttributes (263ms)
			AfterProcessingInitializeOnLoad (11ms)
			EditorAssembliesLoaded (0ms)
		ExecutionOrderSort2 (0ms)
		AwakeInstancesAfterBackupRestoration (9ms)
Launched and connected shader compiler UnityShaderCompiler.exe after 0.08 seconds
Refreshing native plugins compatible for Editor in 15.19 ms, found 2 plugins.
Preloading 0 native plugins for Editor in 0.00 ms.
Unloading 2552 Unused Serialized files (Serialized files now loaded: 0)
Unloading 67 unused Assets / (72.9 KB). Loaded Objects now: 2988.
Memory consumption went from 112.4 MB to 112.4 MB.
Total: 9.043900 ms (FindLiveObjects: 0.263800 ms CreateObjectMapping: 0.134400 ms MarkObjects: 8.448400 ms  DeleteObjects: 0.196200 ms)

AssetImportParameters requested are different than current active one (requested -> active):
  custom:video-decoder-webm-vp8: 9c59270c3fd7afecdb556c50c9e8de78 -> 
  custom:SearchIndexIgnoredProperties: e643bd26f0fe6173181afceb89e7c659 -> 
  custom:container-demuxer-ogg: 62fdf1f143b41e24485cea50d1cbac27 -> 
  custom:AudioImporter_EditorPlatform: d09bf68614088b80899f8185d706f6e7 -> 
  custom:video-codec-MediaFoundation-h265: 746d11721c4dcdbdad8f713fa42b33f4 -> 
  custom:video-decoder-ogg-theora: a1e56fd34408186e4bbccfd4996cb3dc -> 
  custom:framework-win-MediaFoundation: 216162199b28c13a410421893ffa2e32 -> 
  custom:video-encoder-webm-vp8: eb34c28f22e8b96e1ab97ce403110664 -> 
  custom:audio-decoder-ogg-vorbis: bf7c407c2cedff20999df2af8eb42d56 -> 
  custom:CustomObjectIndexerAttribute: 9a22284fe3817be447336de3de66b15e -> 
  custom:container-demuxer-webm: 4f35f7cbe854078d1ac9338744f61a02 -> 
  custom:audio-encoder-webm-vorbis: bf7c407c2cedff20999df2af8eb42d56 -> 
  custom:container-muxer-webm: aa71ff27fc2769a1b78a27578f13a17b -> 
========================================================================
Received Prepare
Begin MonoManager ReloadAssembly
Symbol file LoadedFromMemory is not a mono symbol file
- Loaded All Assemblies, in  0.754 seconds
Refreshing native plugins compatible for Editor in 16.48 ms, found 2 plugins.
Native extension for WindowsStandalone target not found
[Package Manager] Server::EnsureServerProcessIsRunning -- launch failed, reason: Unity was launched with the -noUpm command-line argument
[Package Manager] UpmClient::Send -- Unable to send message (not connected to UPM process).
[Package Manager] Cannot connect to Unity Package Manager local server
Mono: successfully reloaded assembly
- Finished resetting the current domain, in  1.711 seconds
Domain Reload Profiling: 2459ms
	BeginReloadAssembly (242ms)
		ExecutionOrderSort (0ms)
		DisableScriptedObjects (9ms)
		BackupInstance (0ms)
		ReleaseScriptingObjects (0ms)
		CreateAndSetChildDomain (54ms)
	RebuildCommonClasses (57ms)
	RebuildNativeTypeToScriptingClass (18ms)
	initialDomainReloadingComplete (46ms)
	LoadAllAssembliesAndSetupDomain (384ms)
		LoadAssemblies (504ms)
		RebuildTransferFunctionScriptingTraits (0ms)
		AnalyzeDomain (18ms)
			TypeCache.Refresh (8ms)
				TypeCache.ScanAssembly (0ms)
			ScanForSourceGeneratedMonoScriptInfo (0ms)
			ResolveRequiredComponents (8ms)
	FinalizeReload (1712ms)
		ReleaseScriptCaches (0ms)
		RebuildScriptCaches (0ms)
		SetupLoadedEditorAssemblies (1033ms)
			LogAssemblyErrors (0ms)
			InitializePlatformSupportModulesInManaged (11ms)
			SetLoadedEditorAssemblies (9ms)
			RefreshPlugins (0ms)
			BeforeProcessingInitializeOnLoad (120ms)
			ProcessInitializeOnLoadAttributes (566ms)
			ProcessInitializeOnLoadMethodAttributes (315ms)
			AfterProcessingInitializeOnLoad (11ms)
			EditorAssembliesLoaded (1ms)
		ExecutionOrderSort2 (0ms)
		AwakeInstancesAfterBackupRestoration (14ms)
Refreshing native plugins compatible for Editor in 15.30 ms, found 2 plugins.
Preloading 0 native plugins for Editor in 0.00 ms.
Unloading 2544 Unused Serialized files (Serialized files now loaded: 0)
Unloading 56 unused Assets / (47.1 KB). Loaded Objects now: 2991.
Memory consumption went from 112.6 MB to 112.6 MB.
Total: 13.751300 ms (FindLiveObjects: 0.537800 ms CreateObjectMapping: 0.132300 ms MarkObjects: 12.867400 ms  DeleteObjects: 0.209800 ms)

Prepare: number of updated asset objects reloaded= 0
AssetImportParameters requested are different than current active one (requested -> active):
  custom:video-decoder-webm-vp8: 9c59270c3fd7afecdb556c50c9e8de78 -> 
  custom:SearchIndexIgnoredProperties: e643bd26f0fe6173181afceb89e7c659 -> 
  custom:container-demuxer-ogg: 62fdf1f143b41e24485cea50d1cbac27 -> 
  custom:AudioImporter_EditorPlatform: d09bf68614088b80899f8185d706f6e7 -> 
  custom:video-codec-MediaFoundation-h265: 746d11721c4dcdbdad8f713fa42b33f4 -> 
  custom:video-decoder-ogg-theora: a1e56fd34408186e4bbccfd4996cb3dc -> 
  custom:framework-win-MediaFoundation: 216162199b28c13a410421893ffa2e32 -> 
  custom:video-encoder-webm-vp8: eb34c28f22e8b96e1ab97ce403110664 -> 
  custom:audio-decoder-ogg-vorbis: bf7c407c2cedff20999df2af8eb42d56 -> 
  custom:CustomObjectIndexerAttribute: 9a22284fe3817be447336de3de66b15e -> 
  custom:container-demuxer-webm: 4f35f7cbe854078d1ac9338744f61a02 -> 
  custom:audio-encoder-webm-vorbis: bf7c407c2cedff20999df2af8eb42d56 -> 
  custom:container-muxer-webm: aa71ff27fc2769a1b78a27578f13a17b -> 
========================================================================
Received Import Request.
  Time since last request: 363915.496073 seconds.
  path: Assets/karsiori/Pixel Potion Pack - Animated/Animations/Classic Jar
  artifactKey: Guid(43405e8fc7c381942a3353b67044868f) Importer(815301076,1909f56bfc062723c751e8b465ee728b)
Start importing Assets/karsiori/Pixel Potion Pack - Animated/Animations/Classic Jar using Guid(43405e8fc7c381942a3353b67044868f) Importer(815301076,1909f56bfc062723c751e8b465ee728b)  -> (artifact id: '6f809c114b6749be737e89aa64cfd370') in 0.003643 seconds
Number of updated asset objects reloaded before import = 0
Number of asset objects unloaded after import = 0
========================================================================
Received Import Request.
  Time since last request: 0.406915 seconds.
  path: Assets/karsiori/Pixel Potion Pack - Animated/Animations/Encased Potion
  artifactKey: Guid(6d2bd5d1cb177e145a399a3af0f9d9b2) Importer(815301076,1909f56bfc062723c751e8b465ee728b)
Start importing Assets/karsiori/Pixel Potion Pack - Animated/Animations/Encased Potion using Guid(6d2bd5d1cb177e145a399a3af0f9d9b2) Importer(815301076,1909f56bfc062723c751e8b465ee728b)  -> (artifact id: '1acfc465b8c5a10ccc53cc57d45b7525') in 0.000736 seconds
Number of updated asset objects reloaded before import = 0
Number of asset objects unloaded after import = 0
========================================================================
Received Import Request.
  Time since last request: 12.294761 seconds.
  path: Assets/karsiori/Pixel Potion Pack - Animated/Sprites/Large Bottle/PURPLE
  artifactKey: Guid(46776c96009f38c418b40cbd4f8e233c) Importer(815301076,1909f56bfc062723c751e8b465ee728b)
Start importing Assets/karsiori/Pixel Potion Pack - Animated/Sprites/Large Bottle/PURPLE using Guid(46776c96009f38c418b40cbd4f8e233c) Importer(815301076,1909f56bfc062723c751e8b465ee728b)  -> (artifact id: '63a19e516efbac5c98a47118c0d5509b') in 0.000849 seconds
Number of updated asset objects reloaded before import = 0
Number of asset objects unloaded after import = 0
========================================================================
Received Import Request.
  Time since last request: 0.078144 seconds.
  path: Assets/karsiori/Pixel Potion Pack - Animated/Sprites/Large Bottle/PURPLE/Large Bottle - PURPLE - Spritesheet.png
  artifactKey: Guid(8ae9888514e263b48919dda6b2c24ef2) Importer(815301076,1909f56bfc062723c751e8b465ee728b)
Start importing Assets/karsiori/Pixel Potion Pack - Animated/Sprites/Large Bottle/PURPLE/Large Bottle - PURPLE - Spritesheet.png using Guid(8ae9888514e263b48919dda6b2c24ef2) Importer(815301076,1909f56bfc062723c751e8b465ee728b)  -> (artifact id: 'b415de2294d735ee6e8684e4a2dc28af') in 0.153173 seconds
Number of updated asset objects reloaded before import = 0
Number of asset objects unloaded after import = 3
========================================================================
Received Import Request.
  Time since last request: 0.983593 seconds.
  path: Assets/karsiori/Pixel Potion Pack - Animated/Sprites/Large Bottle/PURPLE/Sprites
  artifactKey: Guid(ed5c5016593cafb419d06e88263547bb) Importer(815301076,1909f56bfc062723c751e8b465ee728b)
Start importing Assets/karsiori/Pixel Potion Pack - Animated/Sprites/Large Bottle/PURPLE/Sprites using Guid(ed5c5016593cafb419d06e88263547bb) Importer(815301076,1909f56bfc062723c751e8b465ee728b)  -> (artifact id: '2af4808100a13ec57e3190537750021f') in 0.000889 seconds
Number of updated asset objects reloaded before import = 0
Number of asset objects unloaded after import = 0
========================================================================
Received Import Request.
  Time since last request: 0.068018 seconds.
  path: Assets/karsiori/Pixel Potion Pack - Animated/Sprites/Large Bottle/PURPLE/Sprites/Large Bottle - PURPLE - 0000.png
  artifactKey: Guid(9ca6e5baf98d35e47bbddca29514b67d) Importer(815301076,1909f56bfc062723c751e8b465ee728b)
Start importing Assets/karsiori/Pixel Potion Pack - Animated/Sprites/Large Bottle/PURPLE/Sprites/Large Bottle - PURPLE - 0000.png using Guid(9ca6e5baf98d35e47bbddca29514b67d) Importer(815301076,1909f56bfc062723c751e8b465ee728b)  -> (artifact id: '31316c7311e1f00ec23df8e23e75461d') in 0.019277 seconds
Number of updated asset objects reloaded before import = 0
Number of asset objects unloaded after import = 3
========================================================================
Received Import Request.
  Time since last request: 0.000030 seconds.
  path: Assets/karsiori/Pixel Potion Pack - Animated/Sprites/Large Bottle/PURPLE/Sprites/Large Bottle - PURPLE - 0002.png
  artifactKey: Guid(fc4a496b1760566438b431e670495fea) Importer(815301076,1909f56bfc062723c751e8b465ee728b)
Start importing Assets/karsiori/Pixel Potion Pack - Animated/Sprites/Large Bottle/PURPLE/Sprites/Large Bottle - PURPLE - 0002.png using Guid(fc4a496b1760566438b431e670495fea) Importer(815301076,1909f56bfc062723c751e8b465ee728b)  -> (artifact id: 'b36fe4e1ae8bfbca7ec1c5883153bf22') in 0.020400 seconds
Number of updated asset objects reloaded before import = 0
Number of asset objects unloaded after import = 3
========================================================================
Received Import Request.
  Time since last request: 0.018601 seconds.
  path: Assets/karsiori/Pixel Potion Pack - Animated/Sprites/Large Bottle/PURPLE/Sprites/Large Bottle - PURPLE - 0005.png
  artifactKey: Guid(c8c10ae1a50f12b40af3d4b2a2221967) Importer(815301076,1909f56bfc062723c751e8b465ee728b)
Start importing Assets/karsiori/Pixel Potion Pack - Animated/Sprites/Large Bottle/PURPLE/Sprites/Large Bottle - PURPLE - 0005.png using Guid(c8c10ae1a50f12b40af3d4b2a2221967) Importer(815301076,1909f56bfc062723c751e8b465ee728b)  -> (artifact id: '8ae6a219cf2218e7d4359d1d586d09c3') in 0.020668 seconds
Number of updated asset objects reloaded before import = 0
Number of asset objects unloaded after import = 3
========================================================================
Received Import Request.
  Time since last request: 0.000027 seconds.
  path: Assets/karsiori/Pixel Potion Pack - Animated/Sprites/Large Bottle/PURPLE/Sprites/Large Bottle - PURPLE - 0007.png
  artifactKey: Guid(a5afbfecc1caf8044baa1e93cabdc09b) Importer(815301076,1909f56bfc062723c751e8b465ee728b)
Start importing Assets/karsiori/Pixel Potion Pack - Animated/Sprites/Large Bottle/PURPLE/Sprites/Large Bottle - PURPLE - 0007.png using Guid(a5afbfecc1caf8044baa1e93cabdc09b) Importer(815301076,1909f56bfc062723c751e8b465ee728b)  -> (artifact id: 'af9fe8d39dec9b1ffc4cf5c68587bc2f') in 0.020295 seconds
Number of updated asset objects reloaded before import = 0
Number of asset objects unloaded after import = 3
========================================================================
Received Import Request.
  Time since last request: 0.018026 seconds.
  path: Assets/karsiori/Pixel Potion Pack - Animated/Sprites/Large Bottle/PURPLE/Sprites/Large Bottle - PURPLE - 0009.png
  artifactKey: Guid(b532156f73c18d947ac43df10d45d6e4) Importer(815301076,1909f56bfc062723c751e8b465ee728b)
Start importing Assets/karsiori/Pixel Potion Pack - Animated/Sprites/Large Bottle/PURPLE/Sprites/Large Bottle - PURPLE - 0009.png using Guid(b532156f73c18d947ac43df10d45d6e4) Importer(815301076,1909f56bfc062723c751e8b465ee728b)  -> (artifact id: 'b2a57fd21ecdf1cb1d504a3e8eac66a9') in 0.024732 seconds
Number of updated asset objects reloaded before import = 0
Number of asset objects unloaded after import = 3
========================================================================
Received Import Request.
  Time since last request: 0.000032 seconds.
  path: Assets/karsiori/Pixel Potion Pack - Animated/Sprites/Large Bottle/PURPLE/Sprites/Large Bottle - PURPLE - 0010.png
  artifactKey: Guid(fcbc67e70a99da64c91de85b6a156281) Importer(815301076,1909f56bfc062723c751e8b465ee728b)
Start importing Assets/karsiori/Pixel Potion Pack - Animated/Sprites/Large Bottle/PURPLE/Sprites/Large Bottle - PURPLE - 0010.png using Guid(fcbc67e70a99da64c91de85b6a156281) Importer(815301076,1909f56bfc062723c751e8b465ee728b)  -> (artifact id: 'f9be376fa7324bd47465355dcdedc787') in 0.021855 seconds
Number of updated asset objects reloaded before import = 0
Number of asset objects unloaded after import = 3
========================================================================
Received Import Request.
  Time since last request: 0.006488 seconds.
  path: Assets/karsiori/Pixel Potion Pack - Animated/Sprites/Large Bottle/PURPLE/Sprites/Large Bottle - PURPLE - 0012.png
  artifactKey: Guid(c186901479ecdb648adb41b66303d22c) Importer(815301076,1909f56bfc062723c751e8b465ee728b)
Start importing Assets/karsiori/Pixel Potion Pack - Animated/Sprites/Large Bottle/PURPLE/Sprites/Large Bottle - PURPLE - 0012.png using Guid(c186901479ecdb648adb41b66303d22c) Importer(815301076,1909f56bfc062723c751e8b465ee728b)  -> (artifact id: 'c6443c4665c7c23384f14b5b75d3105c') in 0.031493 seconds
Number of updated asset objects reloaded before import = 0
Number of asset objects unloaded after import = 3
========================================================================
Received Import Request.
  Time since last request: 0.000039 seconds.
  path: Assets/karsiori/Pixel Potion Pack - Animated/Sprites/Large Bottle/PURPLE/Sprites/Large Bottle - PURPLE - 0004.png
  artifactKey: Guid(984bf75094ce00343aed6cafa0b180ae) Importer(815301076,1909f56bfc062723c751e8b465ee728b)
Start importing Assets/karsiori/Pixel Potion Pack - Animated/Sprites/Large Bottle/PURPLE/Sprites/Large Bottle - PURPLE - 0004.png using Guid(984bf75094ce00343aed6cafa0b180ae) Importer(815301076,1909f56bfc062723c751e8b465ee728b)  -> (artifact id: '1cc20a111f256b4d226d308249f08522') in 0.029573 seconds
Number of updated asset objects reloaded before import = 0
Number of asset objects unloaded after import = 3
========================================================================
Received Import Request.
  Time since last request: 0.000061 seconds.
  path: Assets/karsiori/Pixel Potion Pack - Animated/Sprites/Large Bottle/PURPLE/Sprites/Large Bottle - PURPLE - 0011.png
  artifactKey: Guid(35620555de7b3f940914eda5708fd7c8) Importer(815301076,1909f56bfc062723c751e8b465ee728b)
Start importing Assets/karsiori/Pixel Potion Pack - Animated/Sprites/Large Bottle/PURPLE/Sprites/Large Bottle - PURPLE - 0011.png using Guid(35620555de7b3f940914eda5708fd7c8) Importer(815301076,1909f56bfc062723c751e8b465ee728b)  -> (artifact id: 'd56e7ee01be192a8f2780077dbae11ab') in 0.032624 seconds
Number of updated asset objects reloaded before import = 0
Number of asset objects unloaded after import = 3
========================================================================
Received Import Request.
  Time since last request: 0.000046 seconds.
  path: Assets/karsiori/Pixel Potion Pack - Animated/Sprites/Large Bottle/PURPLE/Sprites/Large Bottle - PURPLE - 0003.png
  artifactKey: Guid(fca3bbe7215b6e6409f20cea3af4a339) Importer(815301076,1909f56bfc062723c751e8b465ee728b)
Start importing Assets/karsiori/Pixel Potion Pack - Animated/Sprites/Large Bottle/PURPLE/Sprites/Large Bottle - PURPLE - 0003.png using Guid(fca3bbe7215b6e6409f20cea3af4a339) Importer(815301076,1909f56bfc062723c751e8b465ee728b)  -> (artifact id: 'db1e3a2b606ada0572a62e8fe10a9299') in 0.029277 seconds
Number of updated asset objects reloaded before import = 0
Number of asset objects unloaded after import = 3
========================================================================
Received Import Request.
  Time since last request: 9.465525 seconds.
  path: Assets/karsiori/Pixel Potion Pack - Animated/Sprites/Round Potion/MAGENTA/Sprites/Round Potion - MAGENTA - 0003.png
  artifactKey: Guid(a8c8c8e37ef9b3249a0d54d06f794cba) Importer(815301076,1909f56bfc062723c751e8b465ee728b)
Start importing Assets/karsiori/Pixel Potion Pack - Animated/Sprites/Round Potion/MAGENTA/Sprites/Round Potion - MAGENTA - 0003.png using Guid(a8c8c8e37ef9b3249a0d54d06f794cba) Importer(815301076,1909f56bfc062723c751e8b465ee728b)  -> (artifact id: 'b4c6d4fa22f57d8ba395d5a446c8fcc7') in 0.031086 seconds
Number of updated asset objects reloaded before import = 0
Number of asset objects unloaded after import = 3
========================================================================
Received Import Request.
  Time since last request: 0.000415 seconds.
  path: Assets/karsiori/Pixel Potion Pack - Animated/Sprites/Round Potion/MAGENTA/Sprites/Round Potion - MAGENTA - 0006.png
  artifactKey: Guid(9e5e8f010f35dc84e99934499b8facba) Importer(815301076,1909f56bfc062723c751e8b465ee728b)
Start importing Assets/karsiori/Pixel Potion Pack - Animated/Sprites/Round Potion/MAGENTA/Sprites/Round Potion - MAGENTA - 0006.png using Guid(9e5e8f010f35dc84e99934499b8facba) Importer(815301076,1909f56bfc062723c751e8b465ee728b)  -> (artifact id: '8321a4a1cbb20e5b85355afb94b7aaf8') in 0.039149 seconds
Number of updated asset objects reloaded before import = 0
Number of asset objects unloaded after import = 3
========================================================================
Received Import Request.
  Time since last request: 0.000034 seconds.
  path: Assets/karsiori/Pixel Potion Pack - Animated/Sprites/Round Potion/MAGENTA/Sprites/Round Potion - MAGENTA - 0009.png
  artifactKey: Guid(9b53125cbf2ab6a4d9bc318a64598d98) Importer(815301076,1909f56bfc062723c751e8b465ee728b)
Start importing Assets/karsiori/Pixel Potion Pack - Animated/Sprites/Round Potion/MAGENTA/Sprites/Round Potion - MAGENTA - 0009.png using Guid(9b53125cbf2ab6a4d9bc318a64598d98) Importer(815301076,1909f56bfc062723c751e8b465ee728b)  -> (artifact id: '5d2d36887ca3a95aa1121545134e58b0') in 0.022457 seconds
Number of updated asset objects reloaded before import = 0
Number of asset objects unloaded after import = 3
========================================================================
Received Import Request.
  Time since last request: 0.000030 seconds.
  path: Assets/karsiori/Pixel Potion Pack - Animated/Sprites/Round Potion/MAGENTA/Sprites/Round Potion - MAGENTA - 0013.png
  artifactKey: Guid(d35dd0958648d364d8050969bcb878b3) Importer(815301076,1909f56bfc062723c751e8b465ee728b)
Start importing Assets/karsiori/Pixel Potion Pack - Animated/Sprites/Round Potion/MAGENTA/Sprites/Round Potion - MAGENTA - 0013.png using Guid(d35dd0958648d364d8050969bcb878b3) Importer(815301076,1909f56bfc062723c751e8b465ee728b)  -> (artifact id: '7b084baebb02e848d841820b351f526c') in 0.028862 seconds
Number of updated asset objects reloaded before import = 0
Number of asset objects unloaded after import = 3
Editor requested this worker to shutdown with reason: Scaling down because of idle timeout
TcpMessagingSession - receive error: operation aborted. errorcode: 995, details: ќпераци€ ввода/вывода была прервана из-за завершени€ потока команд или по запросу приложени€.
AssetImportWorker is now disconnected from the server
Process exiting
Exiting without the bug reporter. Application will terminate with return code 0