Using pre-set license
Built from '2022.3/staging' branch; Version is '2022.3.21f1 (bf09ca542b87) revision 12519882'; Using compiler version '192829333'; Build Type 'Release'
OS: 'Windows 11  (10.0.22631) 64bit Professional' Language: 'ru' Physical Memory: 15773 MB
BatchMode: 1, IsHumanControllingUs: 0, StartBugReporterOnCrash: 0, Is64bit: 1, IsPro: 1

COMMAND LINE ARGUMENTS:
C:\Unity\Editor\2022.3.21f1\Editor\Unity.exe
-adb2
-batchMode
-noUpm
-name
AssetImportWorker5
-projectPath
C:/Users/Andrei/Desktop/Unity_Projects/Ludum56/SlimeAdventure
-logFile
Logs/AssetImportWorker5.log
-srvPort
49226
Successfully changed project path to: C:/Users/Andrei/Desktop/Unity_Projects/Ludum56/SlimeAdventure
C:/Users/Andrei/Desktop/Unity_Projects/Ludum56/SlimeAdventure
[UnityMemory] Configuration Parameters - Can be set up in boot.config
    "memorysetup-bucket-allocator-granularity=16"
    "memorysetup-bucket-allocator-bucket-count=8"
    "memorysetup-bucket-allocator-block-size=33554432"
    "memorysetup-bucket-allocator-block-count=8"
    "memorysetup-main-allocator-block-size=16777216"
    "memorysetup-thread-allocator-block-size=16777216"
    "memorysetup-gfx-main-allocator-block-size=16777216"
    "memorysetup-gfx-thread-allocator-block-size=16777216"
    "memorysetup-cache-allocator-block-size=4194304"
    "memorysetup-typetree-allocator-block-size=2097152"
    "memorysetup-profiler-bucket-allocator-granularity=16"
    "memorysetup-profiler-bucket-allocator-bucket-count=8"
    "memorysetup-profiler-bucket-allocator-block-size=33554432"
    "memorysetup-profiler-bucket-allocator-block-count=8"
    "memorysetup-profiler-allocator-block-size=16777216"
    "memorysetup-profiler-editor-allocator-block-size=1048576"
    "memorysetup-temp-allocator-size-main=16777216"
    "memorysetup-job-temp-allocator-block-size=2097152"
    "memorysetup-job-temp-allocator-block-size-background=1048576"
    "memorysetup-job-temp-allocator-reduction-small-platforms=262144"
    "memorysetup-allocator-temp-initial-block-size-main=262144"
    "memorysetup-allocator-temp-initial-block-size-worker=262144"
    "memorysetup-temp-allocator-size-background-worker=32768"
    "memorysetup-temp-allocator-size-job-worker=262144"
    "memorysetup-temp-allocator-size-preload-manager=33554432"
    "memorysetup-temp-allocator-size-nav-mesh-worker=65536"
    "memorysetup-temp-allocator-size-audio-worker=65536"
    "memorysetup-temp-allocator-size-cloud-worker=32768"
    "memorysetup-temp-allocator-size-gi-baking-worker=262144"
    "memorysetup-temp-allocator-size-gfx=262144"
Player connection [32048] Host "[IP] 192.168.0.252 [Port] 0 [Flags] 2 [Guid] 2433852956 [EditorId] 2433852956 [Version] 1048832 [Id] WindowsEditor(7,DESKTOP-EQJJ33K) [Debug] 1 [PackageName] WindowsEditor [ProjectName] Editor" joined multi-casting on [225.0.0.222:54997]...

Player connection [32048] Host "[IP] 192.168.0.252 [Port] 0 [Flags] 2 [Guid] 2433852956 [EditorId] 2433852956 [Version] 1048832 [Id] WindowsEditor(7,DESKTOP-EQJJ33K) [Debug] 1 [PackageName] WindowsEditor [ProjectName] Editor" joined alternative multi-casting on [225.0.0.222:34997]...

[Physics::Module] Initialized MultithreadedJobDispatcher with 15 workers.
Refreshing native plugins compatible for Editor in 24.27 ms, found 2 plugins.
Preloading 0 native plugins for Editor in 0.00 ms.
Initialize engine version: 2022.3.21f1 (bf09ca542b87)
[Subsystems] Discovering subsystems at path C:/Unity/Editor/2022.3.21f1/Editor/Data/Resources/UnitySubsystems
[Subsystems] Discovering subsystems at path C:/Users/Andrei/Desktop/Unity_Projects/Ludum56/SlimeAdventure/Assets
GfxDevice: creating device client; threaded=0; jobified=0
Direct3D:
    Version:  Direct3D 11.0 [level 11.1]
    Renderer: AMD Radeon (TM) Graphics (ID=0x15e7)
    Vendor:   ATI
    VRAM:     7886 MB
    Driver:   31.0.12046.24001
Initialize mono
Mono path[0] = 'C:/Unity/Editor/2022.3.21f1/Editor/Data/Managed'
Mono path[1] = 'C:/Unity/Editor/2022.3.21f1/Editor/Data/MonoBleedingEdge/lib/mono/unityjit-win32'
Mono config path = 'C:/Unity/Editor/2022.3.21f1/Editor/Data/MonoBleedingEdge/etc'
Using monoOptions --debugger-agent=transport=dt_socket,embedding=1,server=y,suspend=n,address=127.0.0.1:56668
Begin MonoManager ReloadAssembly
Registering precompiled unity dll's ...
Register platform support module: C:/Unity/Editor/2022.3.21f1/Editor/Data/PlaybackEngines/WindowsStandaloneSupport/UnityEditor.WindowsStandalone.Extensions.dll
Registered in 0.008776 seconds.
- Loaded All Assemblies, in  0.473 seconds
Native extension for WindowsStandalone target not found
Mono: successfully reloaded assembly
- Finished resetting the current domain, in  0.411 seconds
Domain Reload Profiling: 881ms
	BeginReloadAssembly (145ms)
		ExecutionOrderSort (0ms)
		DisableScriptedObjects (0ms)
		BackupInstance (0ms)
		ReleaseScriptingObjects (0ms)
		CreateAndSetChildDomain (1ms)
	RebuildCommonClasses (46ms)
	RebuildNativeTypeToScriptingClass (13ms)
	initialDomainReloadingComplete (84ms)
	LoadAllAssembliesAndSetupDomain (182ms)
		LoadAssemblies (142ms)
		RebuildTransferFunctionScriptingTraits (0ms)
		AnalyzeDomain (179ms)
			TypeCache.Refresh (177ms)
				TypeCache.ScanAssembly (159ms)
			ScanForSourceGeneratedMonoScriptInfo (0ms)
			ResolveRequiredComponents (1ms)
	FinalizeReload (411ms)
		ReleaseScriptCaches (0ms)
		RebuildScriptCaches (0ms)
		SetupLoadedEditorAssemblies (324ms)
			LogAssemblyErrors (0ms)
			InitializePlatformSupportModulesInManaged (11ms)
			SetLoadedEditorAssemblies (11ms)
			RefreshPlugins (0ms)
			BeforeProcessingInitializeOnLoad (4ms)
			ProcessInitializeOnLoadAttributes (215ms)
			ProcessInitializeOnLoadMethodAttributes (83ms)
			AfterProcessingInitializeOnLoad (0ms)
			EditorAssembliesLoaded (0ms)
		ExecutionOrderSort2 (0ms)
		AwakeInstancesAfterBackupRestoration (0ms)
========================================================================
Worker process is ready to serve import requests
Begin MonoManager ReloadAssembly
Symbol file LoadedFromMemory is not a mono symbol file
- Loaded All Assemblies, in  0.898 seconds
Refreshing native plugins compatible for Editor in 13.02 ms, found 2 plugins.
Native extension for WindowsStandalone target not found
Package Manager log level set to [2]
[Package Manager] Server::EnsureServerProcessIsRunning -- launch failed, reason: Unity was launched with the -noUpm command-line argument
[Package Manager] UpmClient::Send -- Unable to send message (not connected to UPM process).
[Package Manager] Cannot connect to Unity Package Manager local server
Mono: successfully reloaded assembly
- Finished resetting the current domain, in  1.094 seconds
Domain Reload Profiling: 1989ms
	BeginReloadAssembly (201ms)
		ExecutionOrderSort (0ms)
		DisableScriptedObjects (7ms)
		BackupInstance (0ms)
		ReleaseScriptingObjects (0ms)
		CreateAndSetChildDomain (34ms)
	RebuildCommonClasses (47ms)
	RebuildNativeTypeToScriptingClass (12ms)
	initialDomainReloadingComplete (57ms)
	LoadAllAssembliesAndSetupDomain (576ms)
		LoadAssemblies (445ms)
		RebuildTransferFunctionScriptingTraits (0ms)
		AnalyzeDomain (245ms)
			TypeCache.Refresh (213ms)
				TypeCache.ScanAssembly (187ms)
			ScanForSourceGeneratedMonoScriptInfo (26ms)
			ResolveRequiredComponents (4ms)
	FinalizeReload (1094ms)
		ReleaseScriptCaches (0ms)
		RebuildScriptCaches (0ms)
		SetupLoadedEditorAssemblies (854ms)
			LogAssemblyErrors (0ms)
			InitializePlatformSupportModulesInManaged (8ms)
			SetLoadedEditorAssemblies (6ms)
			RefreshPlugins (0ms)
			BeforeProcessingInitializeOnLoad (91ms)
			ProcessInitializeOnLoadAttributes (483ms)
			ProcessInitializeOnLoadMethodAttributes (259ms)
			AfterProcessingInitializeOnLoad (8ms)
			EditorAssembliesLoaded (0ms)
		ExecutionOrderSort2 (0ms)
		AwakeInstancesAfterBackupRestoration (9ms)
Launched and connected shader compiler UnityShaderCompiler.exe after 0.08 seconds
Refreshing native plugins compatible for Editor in 12.74 ms, found 2 plugins.
Preloading 0 native plugins for Editor in 0.00 ms.
Unloading 2552 Unused Serialized files (Serialized files now loaded: 0)
Unloading 67 unused Assets / (73.0 KB). Loaded Objects now: 2988.
Memory consumption went from 112.4 MB to 112.4 MB.
Total: 9.350500 ms (FindLiveObjects: 0.265500 ms CreateObjectMapping: 0.149900 ms MarkObjects: 8.728800 ms  DeleteObjects: 0.204500 ms)

AssetImportParameters requested are different than current active one (requested -> active):
  custom:video-decoder-webm-vp8: 9c59270c3fd7afecdb556c50c9e8de78 -> 
  custom:SearchIndexIgnoredProperties: e643bd26f0fe6173181afceb89e7c659 -> 
  custom:container-demuxer-ogg: 62fdf1f143b41e24485cea50d1cbac27 -> 
  custom:AudioImporter_EditorPlatform: d09bf68614088b80899f8185d706f6e7 -> 
  custom:video-codec-MediaFoundation-h265: 746d11721c4dcdbdad8f713fa42b33f4 -> 
  custom:video-decoder-ogg-theora: a1e56fd34408186e4bbccfd4996cb3dc -> 
  custom:framework-win-MediaFoundation: 216162199b28c13a410421893ffa2e32 -> 
  custom:video-encoder-webm-vp8: eb34c28f22e8b96e1ab97ce403110664 -> 
  custom:audio-decoder-ogg-vorbis: bf7c407c2cedff20999df2af8eb42d56 -> 
  custom:CustomObjectIndexerAttribute: 9a22284fe3817be447336de3de66b15e -> 
  custom:container-demuxer-webm: 4f35f7cbe854078d1ac9338744f61a02 -> 
  custom:audio-encoder-webm-vorbis: bf7c407c2cedff20999df2af8eb42d56 -> 
  custom:container-muxer-webm: aa71ff27fc2769a1b78a27578f13a17b -> 
========================================================================
Received Import Request.
  Time since last request: 361049.945824 seconds.
  path: Assets/karsiori/Pixel Potion Pack - Animated/Sprites/Bubbly Brew Bottle Rising/GOLD/Sprites/Bubbly Brew Bottle Rising - GOLD - 0003.png
  artifactKey: Guid(ea5d0c4c39dd3ef4fa03a206e2bf1dfe) Importer(815301076,1909f56bfc062723c751e8b465ee728b)
Start importing Assets/karsiori/Pixel Potion Pack - Animated/Sprites/Bubbly Brew Bottle Rising/GOLD/Sprites/Bubbly Brew Bottle Rising - GOLD - 0003.png using Guid(ea5d0c4c39dd3ef4fa03a206e2bf1dfe) Importer(815301076,1909f56bfc062723c751e8b465ee728b)  -> (artifact id: '3f39a933cdd804b009ca05791f1a760f') in 0.161983 seconds
Number of updated asset objects reloaded before import = 0
Number of asset objects unloaded after import = 3
========================================================================
Received Import Request.
  Time since last request: 0.001072 seconds.
  path: Assets/karsiori/Pixel Potion Pack - Animated/Sprites/Bubbly Brew Bottle Rising/GOLD/Sprites/Bubbly Brew Bottle Rising - GOLD - 0018.png
  artifactKey: Guid(e8c3ef23a7d12fc46923a28a65ff179b) Importer(815301076,1909f56bfc062723c751e8b465ee728b)
Start importing Assets/karsiori/Pixel Potion Pack - Animated/Sprites/Bubbly Brew Bottle Rising/GOLD/Sprites/Bubbly Brew Bottle Rising - GOLD - 0018.png using Guid(e8c3ef23a7d12fc46923a28a65ff179b) Importer(815301076,1909f56bfc062723c751e8b465ee728b)  -> (artifact id: '14e40899c1b6fda5c4dec412aa0fd570') in 0.019562 seconds
Number of updated asset objects reloaded before import = 0
Number of asset objects unloaded after import = 3
========================================================================
Received Import Request.
  Time since last request: 5.071886 seconds.
  path: Assets/karsiori/Pixel Potion Pack - Animated/Sprites/Small Elixir/GOLD/Sprites/Small Elixir - GOLD - 0003.png
  artifactKey: Guid(73987fc7ea18a9e4199071da7d9a05dd) Importer(815301076,1909f56bfc062723c751e8b465ee728b)
Start importing Assets/karsiori/Pixel Potion Pack - Animated/Sprites/Small Elixir/GOLD/Sprites/Small Elixir - GOLD - 0003.png using Guid(73987fc7ea18a9e4199071da7d9a05dd) Importer(815301076,1909f56bfc062723c751e8b465ee728b)  -> (artifact id: '95c8c38fef37a2885a74bafb945e6d93') in 0.028446 seconds
Number of updated asset objects reloaded before import = 0
Number of asset objects unloaded after import = 3
========================================================================
Received Import Request.
  Time since last request: 13.774520 seconds.
  path: Assets/karsiori/Pixel Potion Pack - Animated/Sprites/Small Vial/PINK/Sprites/Small Vial - PINK - 0003.png
  artifactKey: Guid(a5609069cdf6a67468f2a95001c32f5e) Importer(815301076,1909f56bfc062723c751e8b465ee728b)
Start importing Assets/karsiori/Pixel Potion Pack - Animated/Sprites/Small Vial/PINK/Sprites/Small Vial - PINK - 0003.png using Guid(a5609069cdf6a67468f2a95001c32f5e) Importer(815301076,1909f56bfc062723c751e8b465ee728b)  -> (artifact id: '0416d92ff5e644cac4d432db4ca0e28d') in 0.028413 seconds
Number of updated asset objects reloaded before import = 0
Number of asset objects unloaded after import = 3
========================================================================
Received Import Request.
  Time since last request: 0.000028 seconds.
  path: Assets/karsiori/Pixel Potion Pack - Animated/Sprites/Small Vial/PINK/Sprites/Small Vial - PINK - 0007.png
  artifactKey: Guid(3de3e81283b43fe48b47a8b8bf99117f) Importer(815301076,1909f56bfc062723c751e8b465ee728b)
Start importing Assets/karsiori/Pixel Potion Pack - Animated/Sprites/Small Vial/PINK/Sprites/Small Vial - PINK - 0007.png using Guid(3de3e81283b43fe48b47a8b8bf99117f) Importer(815301076,1909f56bfc062723c751e8b465ee728b)  -> (artifact id: '7c99bd47b44a7a1cb0aeff5204dbd31e') in 0.025110 seconds
Number of updated asset objects reloaded before import = 0
Number of asset objects unloaded after import = 3
========================================================================
Received Import Request.
  Time since last request: 33.217785 seconds.
  path: Assets/karsiori/Pixel Potion Pack - Animated/Sprites/Small Vial/RED/Sprites/Small Vial - RED - 0003.png
  artifactKey: Guid(bf564e200fc23414b8cd7007ee197792) Importer(815301076,1909f56bfc062723c751e8b465ee728b)
Start importing Assets/karsiori/Pixel Potion Pack - Animated/Sprites/Small Vial/RED/Sprites/Small Vial - RED - 0003.png using Guid(bf564e200fc23414b8cd7007ee197792) Importer(815301076,1909f56bfc062723c751e8b465ee728b)  -> (artifact id: '416dfd4815c412743fc5200c2ff91296') in 0.059739 seconds
Number of updated asset objects reloaded before import = 0
Number of asset objects unloaded after import = 3
========================================================================
Received Import Request.
  Time since last request: 14.713334 seconds.
  path: Assets/karsiori/Pixel Potion Pack - Animated/Sprites/Small Vial/BLUE/Sprites/Small Vial - BLUE - 0003.png
  artifactKey: Guid(29a700a93d1c5844bb6db675e831a06f) Importer(815301076,1909f56bfc062723c751e8b465ee728b)
Start importing Assets/karsiori/Pixel Potion Pack - Animated/Sprites/Small Vial/BLUE/Sprites/Small Vial - BLUE - 0003.png using Guid(29a700a93d1c5844bb6db675e831a06f) Importer(815301076,1909f56bfc062723c751e8b465ee728b)  -> (artifact id: '6d45a9a91cf4cb2c893291eb4f8f4456') in 0.031876 seconds
Number of updated asset objects reloaded before import = 0
Number of asset objects unloaded after import = 3
========================================================================
Received Import Request.
  Time since last request: 0.000032 seconds.
  path: Assets/karsiori/Pixel Potion Pack - Animated/Sprites/Small Vial/BLUE/Sprites/Small Vial - BLUE - 0008.png
  artifactKey: Guid(07f319a1213c59f44900e20943818068) Importer(815301076,1909f56bfc062723c751e8b465ee728b)
Start importing Assets/karsiori/Pixel Potion Pack - Animated/Sprites/Small Vial/BLUE/Sprites/Small Vial - BLUE - 0008.png using Guid(07f319a1213c59f44900e20943818068) Importer(815301076,1909f56bfc062723c751e8b465ee728b)  -> (artifact id: 'f78d9f1383e7350e411fa79e29867cd6') in 0.037222 seconds
Number of updated asset objects reloaded before import = 0
Number of asset objects unloaded after import = 3
========================================================================
Received Import Request.
  Time since last request: 15.337727 seconds.
  path: Assets/karsiori/Pixel Potion Pack - Animated/Sprites/Small Vial/GREEN/Sprites/Small Vial - GREEN - 0003.png
  artifactKey: Guid(9d43a95927431b5469a2d14e5d730af8) Importer(815301076,1909f56bfc062723c751e8b465ee728b)
Start importing Assets/karsiori/Pixel Potion Pack - Animated/Sprites/Small Vial/GREEN/Sprites/Small Vial - GREEN - 0003.png using Guid(9d43a95927431b5469a2d14e5d730af8) Importer(815301076,1909f56bfc062723c751e8b465ee728b)  -> (artifact id: 'ca33c72935085d57913127263a95eb10') in 0.042347 seconds
Number of updated asset objects reloaded before import = 0
Number of asset objects unloaded after import = 3
========================================================================
Received Import Request.
  Time since last request: 0.000031 seconds.
  path: Assets/karsiori/Pixel Potion Pack - Animated/Sprites/Small Vial/GREEN/Sprites/Small Vial - GREEN - 0006.png
  artifactKey: Guid(6ad20f47a0c29204bbb892020def5671) Importer(815301076,1909f56bfc062723c751e8b465ee728b)
Start importing Assets/karsiori/Pixel Potion Pack - Animated/Sprites/Small Vial/GREEN/Sprites/Small Vial - GREEN - 0006.png using Guid(6ad20f47a0c29204bbb892020def5671) Importer(815301076,1909f56bfc062723c751e8b465ee728b)  -> (artifact id: 'b4a9a299aea28e12cb6bf1d6e69daa89') in 0.023751 seconds
Number of updated asset objects reloaded before import = 0
Number of asset objects unloaded after import = 3
========================================================================
Received Prepare
Begin MonoManager ReloadAssembly
Symbol file LoadedFromMemory is not a mono symbol file
- Loaded All Assemblies, in  0.756 seconds
Refreshing native plugins compatible for Editor in 13.38 ms, found 2 plugins.
Native extension for WindowsStandalone target not found
[Package Manager] Server::EnsureServerProcessIsRunning -- launch failed, reason: Unity was launched with the -noUpm command-line argument
[Package Manager] UpmClient::Send -- Unable to send message (not connected to UPM process).
[Package Manager] Cannot connect to Unity Package Manager local server
Mono: successfully reloaded assembly
- Finished resetting the current domain, in  1.654 seconds
Domain Reload Profiling: 2408ms
	BeginReloadAssembly (251ms)
		ExecutionOrderSort (0ms)
		DisableScriptedObjects (11ms)
		BackupInstance (0ms)
		ReleaseScriptingObjects (0ms)
		CreateAndSetChildDomain (60ms)
	RebuildCommonClasses (57ms)
	RebuildNativeTypeToScriptingClass (14ms)
	initialDomainReloadingComplete (41ms)
	LoadAllAssembliesAndSetupDomain (390ms)
		LoadAssemblies (517ms)
		RebuildTransferFunctionScriptingTraits (0ms)
		AnalyzeDomain (15ms)
			TypeCache.Refresh (9ms)
				TypeCache.ScanAssembly (0ms)
			ScanForSourceGeneratedMonoScriptInfo (0ms)
			ResolveRequiredComponents (4ms)
	FinalizeReload (1656ms)
		ReleaseScriptCaches (0ms)
		RebuildScriptCaches (0ms)
		SetupLoadedEditorAssemblies (1039ms)
			LogAssemblyErrors (0ms)
			InitializePlatformSupportModulesInManaged (11ms)
			SetLoadedEditorAssemblies (10ms)
			RefreshPlugins (0ms)
			BeforeProcessingInitializeOnLoad (129ms)
			ProcessInitializeOnLoadAttributes (566ms)
			ProcessInitializeOnLoadMethodAttributes (309ms)
			AfterProcessingInitializeOnLoad (13ms)
			EditorAssembliesLoaded (1ms)
		ExecutionOrderSort2 (0ms)
		AwakeInstancesAfterBackupRestoration (17ms)
Refreshing native plugins compatible for Editor in 15.61 ms, found 2 plugins.
Preloading 0 native plugins for Editor in 0.00 ms.
Unloading 2543 Unused Serialized files (Serialized files now loaded: 0)
Unloading 56 unused Assets / (47.1 KB). Loaded Objects now: 3002.
Memory consumption went from 116.8 MB to 116.7 MB.
Total: 15.928300 ms (FindLiveObjects: 0.322900 ms CreateObjectMapping: 0.149000 ms MarkObjects: 15.219200 ms  DeleteObjects: 0.235400 ms)

Prepare: number of updated asset objects reloaded= 0
AssetImportParameters requested are different than current active one (requested -> active):
  custom:video-decoder-webm-vp8: 9c59270c3fd7afecdb556c50c9e8de78 -> 
  custom:SearchIndexIgnoredProperties: e643bd26f0fe6173181afceb89e7c659 -> 
  custom:container-demuxer-ogg: 62fdf1f143b41e24485cea50d1cbac27 -> 
  custom:AudioImporter_EditorPlatform: d09bf68614088b80899f8185d706f6e7 -> 
  custom:video-codec-MediaFoundation-h265: 746d11721c4dcdbdad8f713fa42b33f4 -> 
  custom:video-decoder-ogg-theora: a1e56fd34408186e4bbccfd4996cb3dc -> 
  custom:framework-win-MediaFoundation: 216162199b28c13a410421893ffa2e32 -> 
  custom:video-encoder-webm-vp8: eb34c28f22e8b96e1ab97ce403110664 -> 
  custom:audio-decoder-ogg-vorbis: bf7c407c2cedff20999df2af8eb42d56 -> 
  custom:CustomObjectIndexerAttribute: 9a22284fe3817be447336de3de66b15e -> 
  custom:container-demuxer-webm: 4f35f7cbe854078d1ac9338744f61a02 -> 
  custom:audio-encoder-webm-vorbis: bf7c407c2cedff20999df2af8eb42d56 -> 
  custom:container-muxer-webm: aa71ff27fc2769a1b78a27578f13a17b -> 
========================================================================
Received Prepare
Begin MonoManager ReloadAssembly
Symbol file LoadedFromMemory is not a mono symbol file
- Loaded All Assemblies, in  0.745 seconds
Refreshing native plugins compatible for Editor in 17.90 ms, found 2 plugins.
Native extension for WindowsStandalone target not found
[Package Manager] Server::EnsureServerProcessIsRunning -- launch failed, reason: Unity was launched with the -noUpm command-line argument
[Package Manager] UpmClient::Send -- Unable to send message (not connected to UPM process).
[Package Manager] Cannot connect to Unity Package Manager local server
Mono: successfully reloaded assembly
- Finished resetting the current domain, in  1.758 seconds
Domain Reload Profiling: 2500ms
	BeginReloadAssembly (243ms)
		ExecutionOrderSort (0ms)
		DisableScriptedObjects (8ms)
		BackupInstance (0ms)
		ReleaseScriptingObjects (0ms)
		CreateAndSetChildDomain (59ms)
	RebuildCommonClasses (49ms)
	RebuildNativeTypeToScriptingClass (22ms)
	initialDomainReloadingComplete (54ms)
	LoadAllAssembliesAndSetupDomain (373ms)
		LoadAssemblies (499ms)
		RebuildTransferFunctionScriptingTraits (0ms)
		AnalyzeDomain (15ms)
			TypeCache.Refresh (8ms)
				TypeCache.ScanAssembly (0ms)
			ScanForSourceGeneratedMonoScriptInfo (0ms)
			ResolveRequiredComponents (5ms)
	FinalizeReload (1759ms)
		ReleaseScriptCaches (0ms)
		RebuildScriptCaches (0ms)
		SetupLoadedEditorAssemblies (1059ms)
			LogAssemblyErrors (0ms)
			InitializePlatformSupportModulesInManaged (10ms)
			SetLoadedEditorAssemblies (9ms)
			RefreshPlugins (0ms)
			BeforeProcessingInitializeOnLoad (128ms)
			ProcessInitializeOnLoadAttributes (570ms)
			ProcessInitializeOnLoadMethodAttributes (329ms)
			AfterProcessingInitializeOnLoad (12ms)
			EditorAssembliesLoaded (1ms)
		ExecutionOrderSort2 (0ms)
		AwakeInstancesAfterBackupRestoration (15ms)
Refreshing native plugins compatible for Editor in 17.56 ms, found 2 plugins.
Preloading 0 native plugins for Editor in 0.00 ms.
Unloading 2544 Unused Serialized files (Serialized files now loaded: 0)
Unloading 56 unused Assets / (47.1 KB). Loaded Objects now: 3005.
Memory consumption went from 118.9 MB to 118.9 MB.
Total: 15.759800 ms (FindLiveObjects: 0.427400 ms CreateObjectMapping: 0.151100 ms MarkObjects: 15.040600 ms  DeleteObjects: 0.139100 ms)

Prepare: number of updated asset objects reloaded= 0
AssetImportParameters requested are different than current active one (requested -> active):
  custom:video-decoder-webm-vp8: 9c59270c3fd7afecdb556c50c9e8de78 -> 
  custom:SearchIndexIgnoredProperties: e643bd26f0fe6173181afceb89e7c659 -> 
  custom:container-demuxer-ogg: 62fdf1f143b41e24485cea50d1cbac27 -> 
  custom:AudioImporter_EditorPlatform: d09bf68614088b80899f8185d706f6e7 -> 
  custom:video-codec-MediaFoundation-h265: 746d11721c4dcdbdad8f713fa42b33f4 -> 
  custom:video-decoder-ogg-theora: a1e56fd34408186e4bbccfd4996cb3dc -> 
  custom:framework-win-MediaFoundation: 216162199b28c13a410421893ffa2e32 -> 
  custom:video-encoder-webm-vp8: eb34c28f22e8b96e1ab97ce403110664 -> 
  custom:audio-decoder-ogg-vorbis: bf7c407c2cedff20999df2af8eb42d56 -> 
  custom:CustomObjectIndexerAttribute: 9a22284fe3817be447336de3de66b15e -> 
  custom:container-demuxer-webm: 4f35f7cbe854078d1ac9338744f61a02 -> 
  custom:audio-encoder-webm-vorbis: bf7c407c2cedff20999df2af8eb42d56 -> 
  custom:container-muxer-webm: aa71ff27fc2769a1b78a27578f13a17b -> 
========================================================================
Received Import Request.
  Time since last request: 71.990155 seconds.
  path: Assets/karsiori/Pixel Potion Pack - Animated/Sprites/Large Tonic/PINK/Sprites/Large Tonic - PINK - 0001.png
  artifactKey: Guid(bfb568720bd022c45b459bbd5e00ecbe) Importer(815301076,1909f56bfc062723c751e8b465ee728b)
Start importing Assets/karsiori/Pixel Potion Pack - Animated/Sprites/Large Tonic/PINK/Sprites/Large Tonic - PINK - 0001.png using Guid(bfb568720bd022c45b459bbd5e00ecbe) Importer(815301076,1909f56bfc062723c751e8b465ee728b)  -> (artifact id: '08e2f7b094cc958f0f929c926170e989') in 0.119345 seconds
Number of updated asset objects reloaded before import = 0
Number of asset objects unloaded after import = 3
========================================================================
Received Import Request.
  Time since last request: 0.000031 seconds.
  path: Assets/karsiori/Pixel Potion Pack - Animated/Sprites/Large Tonic/PINK/Sprites/Large Tonic - PINK - 0004.png
  artifactKey: Guid(a675ca08dbb6f2c448fe958fbd27b7b8) Importer(815301076,1909f56bfc062723c751e8b465ee728b)
Start importing Assets/karsiori/Pixel Potion Pack - Animated/Sprites/Large Tonic/PINK/Sprites/Large Tonic - PINK - 0004.png using Guid(a675ca08dbb6f2c448fe958fbd27b7b8) Importer(815301076,1909f56bfc062723c751e8b465ee728b)  -> (artifact id: '15c2238ea7ec07f2644c556c67164030') in 0.022310 seconds
Number of updated asset objects reloaded before import = 0
Number of asset objects unloaded after import = 3
========================================================================
Received Import Request.
  Time since last request: 0.000032 seconds.
  path: Assets/karsiori/Pixel Potion Pack - Animated/Sprites/Large Tonic/PINK/Sprites/Large Tonic - PINK - 0007.png
  artifactKey: Guid(7752b0c24251f734dadc9d9eea4517bc) Importer(815301076,1909f56bfc062723c751e8b465ee728b)
Start importing Assets/karsiori/Pixel Potion Pack - Animated/Sprites/Large Tonic/PINK/Sprites/Large Tonic - PINK - 0007.png using Guid(7752b0c24251f734dadc9d9eea4517bc) Importer(815301076,1909f56bfc062723c751e8b465ee728b)  -> (artifact id: 'b375911fb87008265d99c3509a8efa3d') in 0.021911 seconds
Number of updated asset objects reloaded before import = 0
Number of asset objects unloaded after import = 3
========================================================================
Received Import Request.
  Time since last request: 6.571125 seconds.
  path: Assets/karsiori/Pixel Potion Pack - Animated/Sprites/Large Jar/BLUE_GOLD/Sprites/Large Jar - BLUE_GOLD - 0003.png
  artifactKey: Guid(b1a0d19ec91d87c4580aecf2f183ba09) Importer(815301076,1909f56bfc062723c751e8b465ee728b)
Start importing Assets/karsiori/Pixel Potion Pack - Animated/Sprites/Large Jar/BLUE_GOLD/Sprites/Large Jar - BLUE_GOLD - 0003.png using Guid(b1a0d19ec91d87c4580aecf2f183ba09) Importer(815301076,1909f56bfc062723c751e8b465ee728b)  -> (artifact id: '4e0cef005e3ba7b69c4708085258d5f4') in 0.033022 seconds
Number of updated asset objects reloaded before import = 0
Number of asset objects unloaded after import = 3
========================================================================
Received Import Request.
  Time since last request: 0.000024 seconds.
  path: Assets/karsiori/Pixel Potion Pack - Animated/Sprites/Large Jar/BLUE_GOLD/Sprites/Large Jar - BLUE_GOLD - 0023.png
  artifactKey: Guid(39c1650588acc5f41a5df6e65a421385) Importer(815301076,1909f56bfc062723c751e8b465ee728b)
Start importing Assets/karsiori/Pixel Potion Pack - Animated/Sprites/Large Jar/BLUE_GOLD/Sprites/Large Jar - BLUE_GOLD - 0023.png using Guid(39c1650588acc5f41a5df6e65a421385) Importer(815301076,1909f56bfc062723c751e8b465ee728b)  -> (artifact id: '8dc79f533e39f02b98f5741a9eaba8bf') in 0.017252 seconds
Number of updated asset objects reloaded before import = 0
Number of asset objects unloaded after import = 3
========================================================================
Received Import Request.
  Time since last request: 0.000023 seconds.
  path: Assets/karsiori/Pixel Potion Pack - Animated/Sprites/Large Jar/BLUE_GOLD/Sprites/Large Jar - BLUE_GOLD - 0007.png
  artifactKey: Guid(7fde5fe191d669c43a1f78b69c3f7c12) Importer(815301076,1909f56bfc062723c751e8b465ee728b)
Start importing Assets/karsiori/Pixel Potion Pack - Animated/Sprites/Large Jar/BLUE_GOLD/Sprites/Large Jar - BLUE_GOLD - 0007.png using Guid(7fde5fe191d669c43a1f78b69c3f7c12) Importer(815301076,1909f56bfc062723c751e8b465ee728b)  -> (artifact id: '7ed1089ad98ee15686306fbbd33ecd45') in 0.018573 seconds
Number of updated asset objects reloaded before import = 0
Number of asset objects unloaded after import = 3
========================================================================
Received Import Request.
  Time since last request: 0.000039 seconds.
  path: Assets/karsiori/Pixel Potion Pack - Animated/Sprites/Large Jar/BLUE_GOLD/Sprites/Large Jar - BLUE_GOLD - 0011.png
  artifactKey: Guid(75029ed0e4413844185597fa64482be3) Importer(815301076,1909f56bfc062723c751e8b465ee728b)
Start importing Assets/karsiori/Pixel Potion Pack - Animated/Sprites/Large Jar/BLUE_GOLD/Sprites/Large Jar - BLUE_GOLD - 0011.png using Guid(75029ed0e4413844185597fa64482be3) Importer(815301076,1909f56bfc062723c751e8b465ee728b)  -> (artifact id: 'eac7bff935ed6704fc9efc9ea12fee2b') in 0.020655 seconds
Number of updated asset objects reloaded before import = 0
Number of asset objects unloaded after import = 3
========================================================================
Received Import Request.
  Time since last request: 0.000023 seconds.
  path: Assets/karsiori/Pixel Potion Pack - Animated/Sprites/Large Jar/BLUE_GOLD/Sprites/Large Jar - BLUE_GOLD - 0006.png
  artifactKey: Guid(3263469d193530f418beeeed8a8d3551) Importer(815301076,1909f56bfc062723c751e8b465ee728b)
Start importing Assets/karsiori/Pixel Potion Pack - Animated/Sprites/Large Jar/BLUE_GOLD/Sprites/Large Jar - BLUE_GOLD - 0006.png using Guid(3263469d193530f418beeeed8a8d3551) Importer(815301076,1909f56bfc062723c751e8b465ee728b)  -> (artifact id: '3c586bbf99d9f575c82919c49853637b') in 0.019576 seconds
Number of updated asset objects reloaded before import = 0
Number of asset objects unloaded after import = 3
========================================================================
Received Import Request.
  Time since last request: 0.000024 seconds.
  path: Assets/karsiori/Pixel Potion Pack - Animated/Sprites/Large Jar/BLUE_GOLD/Sprites/Large Jar - BLUE_GOLD - 0010.png
  artifactKey: Guid(7f3058281fb39524d9f9bc25f44832f8) Importer(815301076,1909f56bfc062723c751e8b465ee728b)
Start importing Assets/karsiori/Pixel Potion Pack - Animated/Sprites/Large Jar/BLUE_GOLD/Sprites/Large Jar - BLUE_GOLD - 0010.png using Guid(7f3058281fb39524d9f9bc25f44832f8) Importer(815301076,1909f56bfc062723c751e8b465ee728b)  -> (artifact id: '5761bfc28e1aceb3e768d087562903f7') in 0.020486 seconds
Number of updated asset objects reloaded before import = 0
Number of asset objects unloaded after import = 3
========================================================================
Received Import Request.
  Time since last request: 0.000024 seconds.
  path: Assets/karsiori/Pixel Potion Pack - Animated/Sprites/Large Jar/BLUE_GOLD/Sprites/Large Jar - BLUE_GOLD - 0015.png
  artifactKey: Guid(54d3afffea3bfd14a95f3766690a661c) Importer(815301076,1909f56bfc062723c751e8b465ee728b)
Start importing Assets/karsiori/Pixel Potion Pack - Animated/Sprites/Large Jar/BLUE_GOLD/Sprites/Large Jar - BLUE_GOLD - 0015.png using Guid(54d3afffea3bfd14a95f3766690a661c) Importer(815301076,1909f56bfc062723c751e8b465ee728b)  -> (artifact id: '0a6264cc719a6d6c2149d7432e12d589') in 0.020504 seconds
Number of updated asset objects reloaded before import = 0
Number of asset objects unloaded after import = 3
========================================================================
Received Import Request.
  Time since last request: 0.000024 seconds.
  path: Assets/karsiori/Pixel Potion Pack - Animated/Sprites/Large Jar/BLUE_GOLD/Sprites/Large Jar - BLUE_GOLD - 0019.png
  artifactKey: Guid(5e31a9fa313152448b2d43fd92064915) Importer(815301076,1909f56bfc062723c751e8b465ee728b)
Start importing Assets/karsiori/Pixel Potion Pack - Animated/Sprites/Large Jar/BLUE_GOLD/Sprites/Large Jar - BLUE_GOLD - 0019.png using Guid(5e31a9fa313152448b2d43fd92064915) Importer(815301076,1909f56bfc062723c751e8b465ee728b)  -> (artifact id: '82b3d4960df64b309dd26387ce30d5b0') in 0.024665 seconds
Number of updated asset objects reloaded before import = 0
Number of asset objects unloaded after import = 3
========================================================================
Received Import Request.
  Time since last request: 0.000031 seconds.
  path: Assets/karsiori/Pixel Potion Pack - Animated/Sprites/Large Jar/BLUE_GOLD/Sprites/Large Jar - BLUE_GOLD - 0022.png
  artifactKey: Guid(e1e74c27a0140b7499d07a36cb59ab37) Importer(815301076,1909f56bfc062723c751e8b465ee728b)
Start importing Assets/karsiori/Pixel Potion Pack - Animated/Sprites/Large Jar/BLUE_GOLD/Sprites/Large Jar - BLUE_GOLD - 0022.png using Guid(e1e74c27a0140b7499d07a36cb59ab37) Importer(815301076,1909f56bfc062723c751e8b465ee728b)  -> (artifact id: 'b5d8fc7615a8d4c19fafcf2eace6b5a2') in 0.019928 seconds
Number of updated asset objects reloaded before import = 0
Number of asset objects unloaded after import = 3
========================================================================
Received Import Request.
  Time since last request: 6.699261 seconds.
  path: Assets/karsiori/Pixel Potion Pack - Animated/Sprites/Large Bottle/GREEN/Sprites/Large Bottle - GREEN - 0003.png
  artifactKey: Guid(ce40fa48b3c9d014aa0de62058358c19) Importer(815301076,1909f56bfc062723c751e8b465ee728b)
Start importing Assets/karsiori/Pixel Potion Pack - Animated/Sprites/Large Bottle/GREEN/Sprites/Large Bottle - GREEN - 0003.png using Guid(ce40fa48b3c9d014aa0de62058358c19) Importer(815301076,1909f56bfc062723c751e8b465ee728b)  -> (artifact id: '541012c9c437fe4141364637e108fab7') in 0.032251 seconds
Number of updated asset objects reloaded before import = 0
Number of asset objects unloaded after import = 3
========================================================================
Received Import Request.
  Time since last request: 0.000034 seconds.
  path: Assets/karsiori/Pixel Potion Pack - Animated/Sprites/Large Bottle/GREEN/Sprites/Large Bottle - GREEN - 0010.png
  artifactKey: Guid(7abe23750bd07484b9ecfd892eee1208) Importer(815301076,1909f56bfc062723c751e8b465ee728b)
Start importing Assets/karsiori/Pixel Potion Pack - Animated/Sprites/Large Bottle/GREEN/Sprites/Large Bottle - GREEN - 0010.png using Guid(7abe23750bd07484b9ecfd892eee1208) Importer(815301076,1909f56bfc062723c751e8b465ee728b)  -> (artifact id: '12bcf86213c05505e545eca04200a79f') in 0.028557 seconds
Number of updated asset objects reloaded before import = 0
Number of asset objects unloaded after import = 3
========================================================================
Received Import Request.
  Time since last request: 0.000255 seconds.
  path: Assets/karsiori/Pixel Potion Pack - Animated/Sprites/Large Bottle/GREEN/Sprites/Large Bottle - GREEN - 0011.png
  artifactKey: Guid(7a44f26822cdc4f49bc83e1ff3d7a0cd) Importer(815301076,1909f56bfc062723c751e8b465ee728b)
Start importing Assets/karsiori/Pixel Potion Pack - Animated/Sprites/Large Bottle/GREEN/Sprites/Large Bottle - GREEN - 0011.png using Guid(7a44f26822cdc4f49bc83e1ff3d7a0cd) Importer(815301076,1909f56bfc062723c751e8b465ee728b)  -> (artifact id: '7b45f46e7c436715b0ef1f7b78588d80') in 0.031601 seconds
Number of updated asset objects reloaded before import = 0
Number of asset objects unloaded after import = 3
========================================================================
Received Import Request.
  Time since last request: 15.172027 seconds.
  path: Assets/karsiori/Pixel Potion Pack - Animated/Sprites/Classic Jar/BLACK/Sprites/Classic Jar - BLACK - 0003.png
  artifactKey: Guid(4a64c97a4d8e4a640b7bd5cb9466834d) Importer(815301076,1909f56bfc062723c751e8b465ee728b)
Start importing Assets/karsiori/Pixel Potion Pack - Animated/Sprites/Classic Jar/BLACK/Sprites/Classic Jar - BLACK - 0003.png using Guid(4a64c97a4d8e4a640b7bd5cb9466834d) Importer(815301076,1909f56bfc062723c751e8b465ee728b)  -> (artifact id: 'de406fa18441370c76611ed6103d43e6') in 0.087053 seconds
Number of updated asset objects reloaded before import = 0
Number of asset objects unloaded after import = 3
========================================================================
Received Import Request.
  Time since last request: 0.000084 seconds.
  path: Assets/karsiori/Pixel Potion Pack - Animated/Sprites/Classic Jar/BLACK/Sprites/Classic Jar - BLACK - 0006.png
  artifactKey: Guid(0757a4519365c71408b24fa4d20f99a2) Importer(815301076,1909f56bfc062723c751e8b465ee728b)
Start importing Assets/karsiori/Pixel Potion Pack - Animated/Sprites/Classic Jar/BLACK/Sprites/Classic Jar - BLACK - 0006.png using Guid(0757a4519365c71408b24fa4d20f99a2) Importer(815301076,1909f56bfc062723c751e8b465ee728b)  -> (artifact id: '34fe15f0289f360b71291c2b94fcd3d3') in 0.025948 seconds
Number of updated asset objects reloaded before import = 0
Number of asset objects unloaded after import = 3
========================================================================
Received Import Request.
  Time since last request: 4.909071 seconds.
  path: Assets/karsiori/Pixel Potion Pack - Animated/Sprites/Large Jar/GREEN/Sprites/Large Jar - GREEN - 0003.png
  artifactKey: Guid(f91c2a2276e29e14faf80214a02c0202) Importer(815301076,1909f56bfc062723c751e8b465ee728b)
Start importing Assets/karsiori/Pixel Potion Pack - Animated/Sprites/Large Jar/GREEN/Sprites/Large Jar - GREEN - 0003.png using Guid(f91c2a2276e29e14faf80214a02c0202) Importer(815301076,1909f56bfc062723c751e8b465ee728b)  -> (artifact id: '64414e24059e7011a168741dafc7d417') in 0.056851 seconds
Number of updated asset objects reloaded before import = 0
Number of asset objects unloaded after import = 3
========================================================================
Received Import Request.
  Time since last request: 0.000144 seconds.
  path: Assets/karsiori/Pixel Potion Pack - Animated/Sprites/Large Jar/GREEN/Sprites/Large Jar - GREEN - 0013.png
  artifactKey: Guid(6fcf1bf870a8c77459bc6a5a131ed3a2) Importer(815301076,1909f56bfc062723c751e8b465ee728b)
Start importing Assets/karsiori/Pixel Potion Pack - Animated/Sprites/Large Jar/GREEN/Sprites/Large Jar - GREEN - 0013.png using Guid(6fcf1bf870a8c77459bc6a5a131ed3a2) Importer(815301076,1909f56bfc062723c751e8b465ee728b)  -> (artifact id: '80e66ef1ba05737137b4cfabaa626553') in 0.030786 seconds
Number of updated asset objects reloaded before import = 0
Number of asset objects unloaded after import = 3
========================================================================
Received Import Request.
  Time since last request: 0.000085 seconds.
  path: Assets/karsiori/Pixel Potion Pack - Animated/Sprites/Large Jar/GREEN/Sprites/Large Jar - GREEN - 0006.png
  artifactKey: Guid(c2d6cf30095591e47bba48b91a874ead) Importer(815301076,1909f56bfc062723c751e8b465ee728b)
Start importing Assets/karsiori/Pixel Potion Pack - Animated/Sprites/Large Jar/GREEN/Sprites/Large Jar - GREEN - 0006.png using Guid(c2d6cf30095591e47bba48b91a874ead) Importer(815301076,1909f56bfc062723c751e8b465ee728b)  -> (artifact id: 'c3da3c22b4323b9d9b5d6d0bcbaa5c0f') in 0.031588 seconds
Number of updated asset objects reloaded before import = 0
Number of asset objects unloaded after import = 3
========================================================================
Received Import Request.
  Time since last request: 0.001056 seconds.
  path: Assets/karsiori/Pixel Potion Pack - Animated/Sprites/Large Jar/GREEN/Sprites/Large Jar - GREEN - 0014.png
  artifactKey: Guid(7c3f5f5c16b5f9d4a8940c2dc974329b) Importer(815301076,1909f56bfc062723c751e8b465ee728b)
Start importing Assets/karsiori/Pixel Potion Pack - Animated/Sprites/Large Jar/GREEN/Sprites/Large Jar - GREEN - 0014.png using Guid(7c3f5f5c16b5f9d4a8940c2dc974329b) Importer(815301076,1909f56bfc062723c751e8b465ee728b)  -> (artifact id: 'dc102f6069b77ca6db121afd70973192') in 0.031154 seconds
Number of updated asset objects reloaded before import = 0
Number of asset objects unloaded after import = 3
========================================================================
Received Import Request.
  Time since last request: 0.000030 seconds.
  path: Assets/karsiori/Pixel Potion Pack - Animated/Sprites/Large Jar/GREEN/Sprites/Large Jar - GREEN - 0007.png
  artifactKey: Guid(3c5326414bc165247b7bd44bef29ea80) Importer(815301076,1909f56bfc062723c751e8b465ee728b)
Start importing Assets/karsiori/Pixel Potion Pack - Animated/Sprites/Large Jar/GREEN/Sprites/Large Jar - GREEN - 0007.png using Guid(3c5326414bc165247b7bd44bef29ea80) Importer(815301076,1909f56bfc062723c751e8b465ee728b)  -> (artifact id: '1110f0071cd9b2fbb7d1678aa50bd637') in 0.023386 seconds
Number of updated asset objects reloaded before import = 0
Number of asset objects unloaded after import = 3
========================================================================
Received Import Request.
  Time since last request: 18.369644 seconds.
  path: Assets/karsiori/Pixel Potion Pack - Animated/Sprites/Big Vial/GREEN/Sprites/Big Vial - GREEN - 0003.png
  artifactKey: Guid(e3e7a60592ccc6f448b1f6ec0c2036d8) Importer(815301076,1909f56bfc062723c751e8b465ee728b)
Start importing Assets/karsiori/Pixel Potion Pack - Animated/Sprites/Big Vial/GREEN/Sprites/Big Vial - GREEN - 0003.png using Guid(e3e7a60592ccc6f448b1f6ec0c2036d8) Importer(815301076,1909f56bfc062723c751e8b465ee728b)  -> (artifact id: '9c71574ca27662ddc78f2b49774743f3') in 0.040609 seconds
Number of updated asset objects reloaded before import = 0
Number of asset objects unloaded after import = 3
========================================================================
Received Prepare
Begin MonoManager ReloadAssembly
Symbol file LoadedFromMemory is not a mono symbol file
- Loaded All Assemblies, in  0.652 seconds
Refreshing native plugins compatible for Editor in 14.96 ms, found 2 plugins.
Native extension for WindowsStandalone target not found
[Package Manager] Server::EnsureServerProcessIsRunning -- launch failed, reason: Unity was launched with the -noUpm command-line argument
[Package Manager] UpmClient::Send -- Unable to send message (not connected to UPM process).
[Package Manager] Cannot connect to Unity Package Manager local server
Mono: successfully reloaded assembly
- Finished resetting the current domain, in  1.657 seconds
Domain Reload Profiling: 2306ms
	BeginReloadAssembly (217ms)
		ExecutionOrderSort (0ms)
		DisableScriptedObjects (8ms)
		BackupInstance (0ms)
		ReleaseScriptingObjects (0ms)
		CreateAndSetChildDomain (52ms)
	RebuildCommonClasses (40ms)
	RebuildNativeTypeToScriptingClass (14ms)
	initialDomainReloadingComplete (36ms)
	LoadAllAssembliesAndSetupDomain (341ms)
		LoadAssemblies (448ms)
		RebuildTransferFunctionScriptingTraits (0ms)
		AnalyzeDomain (13ms)
			TypeCache.Refresh (7ms)
				TypeCache.ScanAssembly (0ms)
			ScanForSourceGeneratedMonoScriptInfo (0ms)
			ResolveRequiredComponents (4ms)
	FinalizeReload (1658ms)
		ReleaseScriptCaches (0ms)
		RebuildScriptCaches (0ms)
		SetupLoadedEditorAssemblies (1009ms)
			LogAssemblyErrors (0ms)
			InitializePlatformSupportModulesInManaged (10ms)
			SetLoadedEditorAssemblies (9ms)
			RefreshPlugins (0ms)
			BeforeProcessingInitializeOnLoad (115ms)
			ProcessInitializeOnLoadAttributes (543ms)
			ProcessInitializeOnLoadMethodAttributes (318ms)
			AfterProcessingInitializeOnLoad (14ms)
			EditorAssembliesLoaded (1ms)
		ExecutionOrderSort2 (0ms)
		AwakeInstancesAfterBackupRestoration (16ms)
Refreshing native plugins compatible for Editor in 16.04 ms, found 2 plugins.
Preloading 0 native plugins for Editor in 0.00 ms.
Unloading 2543 Unused Serialized files (Serialized files now loaded: 0)
Unloading 56 unused Assets / (47.1 KB). Loaded Objects now: 3021.
Memory consumption went from 120.7 MB to 120.7 MB.
Total: 15.454800 ms (FindLiveObjects: 0.769800 ms CreateObjectMapping: 0.314800 ms MarkObjects: 14.140600 ms  DeleteObjects: 0.226700 ms)

Prepare: number of updated asset objects reloaded= 0
AssetImportParameters requested are different than current active one (requested -> active):
  custom:video-decoder-webm-vp8: 9c59270c3fd7afecdb556c50c9e8de78 -> 
  custom:SearchIndexIgnoredProperties: e643bd26f0fe6173181afceb89e7c659 -> 
  custom:container-demuxer-ogg: 62fdf1f143b41e24485cea50d1cbac27 -> 
  custom:AudioImporter_EditorPlatform: d09bf68614088b80899f8185d706f6e7 -> 
  custom:video-codec-MediaFoundation-h265: 746d11721c4dcdbdad8f713fa42b33f4 -> 
  custom:video-decoder-ogg-theora: a1e56fd34408186e4bbccfd4996cb3dc -> 
  custom:framework-win-MediaFoundation: 216162199b28c13a410421893ffa2e32 -> 
  custom:video-encoder-webm-vp8: eb34c28f22e8b96e1ab97ce403110664 -> 
  custom:audio-decoder-ogg-vorbis: bf7c407c2cedff20999df2af8eb42d56 -> 
  custom:CustomObjectIndexerAttribute: 9a22284fe3817be447336de3de66b15e -> 
  custom:container-demuxer-webm: 4f35f7cbe854078d1ac9338744f61a02 -> 
  custom:audio-encoder-webm-vorbis: bf7c407c2cedff20999df2af8eb42d56 -> 
  custom:container-muxer-webm: aa71ff27fc2769a1b78a27578f13a17b -> 
========================================================================
Received Prepare
Begin MonoManager ReloadAssembly
Symbol file LoadedFromMemory is not a mono symbol file
- Loaded All Assemblies, in  0.706 seconds
Refreshing native plugins compatible for Editor in 17.11 ms, found 2 plugins.
Native extension for WindowsStandalone target not found
[Package Manager] Server::EnsureServerProcessIsRunning -- launch failed, reason: Unity was launched with the -noUpm command-line argument
[Package Manager] UpmClient::Send -- Unable to send message (not connected to UPM process).
[Package Manager] Cannot connect to Unity Package Manager local server
Mono: successfully reloaded assembly
- Finished resetting the current domain, in  1.698 seconds
Domain Reload Profiling: 2402ms
	BeginReloadAssembly (237ms)
		ExecutionOrderSort (0ms)
		DisableScriptedObjects (12ms)
		BackupInstance (0ms)
		ReleaseScriptingObjects (0ms)
		CreateAndSetChildDomain (51ms)
	RebuildCommonClasses (50ms)
	RebuildNativeTypeToScriptingClass (15ms)
	initialDomainReloadingComplete (49ms)
	LoadAllAssembliesAndSetupDomain (352ms)
		LoadAssemblies (469ms)
		RebuildTransferFunctionScriptingTraits (0ms)
		AnalyzeDomain (18ms)
			TypeCache.Refresh (12ms)
				TypeCache.ScanAssembly (0ms)
			ScanForSourceGeneratedMonoScriptInfo (0ms)
			ResolveRequiredComponents (5ms)
	FinalizeReload (1699ms)
		ReleaseScriptCaches (0ms)
		RebuildScriptCaches (0ms)
		SetupLoadedEditorAssemblies (1033ms)
			LogAssemblyErrors (0ms)
			InitializePlatformSupportModulesInManaged (11ms)
			SetLoadedEditorAssemblies (9ms)
			RefreshPlugins (0ms)
			BeforeProcessingInitializeOnLoad (115ms)
			ProcessInitializeOnLoadAttributes (567ms)
			ProcessInitializeOnLoadMethodAttributes (321ms)
			AfterProcessingInitializeOnLoad (10ms)
			EditorAssembliesLoaded (1ms)
		ExecutionOrderSort2 (0ms)
		AwakeInstancesAfterBackupRestoration (17ms)
Refreshing native plugins compatible for Editor in 19.48 ms, found 2 plugins.
Preloading 0 native plugins for Editor in 0.00 ms.
Unloading 2544 Unused Serialized files (Serialized files now loaded: 0)
Unloading 56 unused Assets / (47.1 KB). Loaded Objects now: 3024.
Memory consumption went from 122.9 MB to 122.9 MB.
Total: 16.505100 ms (FindLiveObjects: 0.402400 ms CreateObjectMapping: 0.117000 ms MarkObjects: 15.835300 ms  DeleteObjects: 0.148300 ms)

Prepare: number of updated asset objects reloaded= 0
AssetImportParameters requested are different than current active one (requested -> active):
  custom:video-decoder-webm-vp8: 9c59270c3fd7afecdb556c50c9e8de78 -> 
  custom:SearchIndexIgnoredProperties: e643bd26f0fe6173181afceb89e7c659 -> 
  custom:container-demuxer-ogg: 62fdf1f143b41e24485cea50d1cbac27 -> 
  custom:AudioImporter_EditorPlatform: d09bf68614088b80899f8185d706f6e7 -> 
  custom:video-codec-MediaFoundation-h265: 746d11721c4dcdbdad8f713fa42b33f4 -> 
  custom:video-decoder-ogg-theora: a1e56fd34408186e4bbccfd4996cb3dc -> 
  custom:framework-win-MediaFoundation: 216162199b28c13a410421893ffa2e32 -> 
  custom:video-encoder-webm-vp8: eb34c28f22e8b96e1ab97ce403110664 -> 
  custom:audio-decoder-ogg-vorbis: bf7c407c2cedff20999df2af8eb42d56 -> 
  custom:CustomObjectIndexerAttribute: 9a22284fe3817be447336de3de66b15e -> 
  custom:container-demuxer-webm: 4f35f7cbe854078d1ac9338744f61a02 -> 
  custom:audio-encoder-webm-vorbis: bf7c407c2cedff20999df2af8eb42d56 -> 
  custom:container-muxer-webm: aa71ff27fc2769a1b78a27578f13a17b -> 
Editor requested this worker to shutdown with reason: Scaling down because of idle timeout
TcpMessagingSession - receive error: operation aborted. errorcode: 995, details: ќпераци€ ввода/вывода была прервана из-за завершени€ потока команд или по запросу приложени€.
AssetImportWorker is now disconnected from the server
Process exiting
Exiting without the bug reporter. Application will terminate with return code 0